components/CustomMapView.tsx:106:15 - error TS2484: Export declaration conflicts with exported declaration of 'MapRoute'.

106 export type { MapRoute }
                  ~~~~~~~~

hooks/useDelivery.ts:498:77 - error TS2345: Argument of type 'import("/home/runner/workspace/mobile/hooks/useDelivery").VehicleRecommendationData' is not assignable to parameter of type 'import("/home/runner/workspace/mobile/types/models").VehicleRecommendationData'.
  Type 'VehicleRecommendationData' is missing the following properties from type 'VehicleRecommendationData': pickup_lat, pickup_lng, delivery_lat, delivery_lng, package_type

498       const recommendation = await DeliveryService.getVehicleRecommendation(data)
                                                                                ~~~~

screens/client/CreateDeliveryScreen.tsx:149:9 - error TS2554: Expected 2 arguments, but got 3.

149         {
            ~
150           pickup_lat: pickupLocation.latitude,
    ~~~~~~~~~~~~~~~~~~~~~~~~~~~~~~~~~~~~~~~~~~~~~~
... 
159           weatherConditions: weather?.condition
    ~~~~~~~~~~~~~~~~~~~~~~~~~~~~~~~~~~~~~~~~~~~~~~~
160         }
    ~~~~~~~~~

screens/client/CreateDeliveryScreen.tsx:154:25 - error TS2552: Cannot find name 'selectedPackageType'. Did you mean 'setPackageType'?

154           package_type: selectedPackageType,
                            ~~~~~~~~~~~~~~~~~~~

  screens/client/CreateDeliveryScreen.tsx:98:23
    98   const [packageType, setPackageType] = useState<string>('small')
                             ~~~~~~~~~~~~~~
    'setPackageType' is declared here.

screens/client/CreateDeliveryScreen.tsx:156:25 - error TS2304: Cannot find name 'packageSize'.

156           package_size: packageSize,
                            ~~~~~~~~~~~

screens/client/CreateDeliveryScreen.tsx:158:21 - error TS2448: Block-scoped variable 'distance' used before its declaration.

158           distance: distance,
                        ~~~~~~~~

  screens/client/CreateDeliveryScreen.tsx:146:13
    146       const distance = calculateDistance(
                    ~~~~~~~~
    'distance' is declared here.

screens/client/CreateDeliveryScreen.tsx:158:21 - error TS2454: Variable 'distance' is used before being assigned.

158           distance: distance,
                        ~~~~~~~~

screens/client/CreateDeliveryScreen.tsx:159:30 - error TS2552: Cannot find name 'weather'. Did you mean 'Feather'?

159           weatherConditions: weather?.condition
                                 ~~~~~~~

screens/client/CreateDeliveryScreen.tsx:250:7 - error TS2353: Object literal may only specify known properties, and 'pickup_commune' does not exist in type 'DeliveryCreateRequest'.

250       pickup_commune: extractCommune(pickupAddress),
          ~~~~~~~~~~~~~~

screens/client/CreateDeliveryScreen.tsx:253:7 - error TS1117: An object literal cannot have multiple properties with the same name.

253       delivery_commune: extractCommune(deliveryAddress),
          ~~~~~~~~~~~~~~~~

screens/client/CreateDeliveryScreen.tsx:279:43 - error TS2345: Argument of type 'DeliveryCreateRequest' is not assignable to parameter of type 'import("/home/runner/workspace/mobile/hooks/useDelivery").DeliveryCreateRequest'.
  Type 'DeliveryCreateRequest' is missing the following properties from type 'DeliveryCreateRequest': pickup_commune, delivery_commune

279       const result = await createDelivery(deliveryData)
                                              ~~~~~~~~~~~~

screens/client/EnhancedRateDeliveryScreen.tsx:232:11 - error TS2322: Type '"submit_rating"' is not assignable to type '"rating" | "delivery" | "bid" | "tracking" | "support_ticket" | "ticket_reply" | "register" | "profile_image" | "profile_update"'.

232           type: "submit_rating",
              ~~~~

  types/models.ts:202:3
    202   type: 'delivery' | 'bid' | 'tracking' | 'rating' | 'support_ticket' | 'ticket_reply' | 'register' | 'profile_image' | 'profile_update'
          ~~~~
    The expected type comes from property 'type' which is declared here on type 'Omit<PendingOperation, "id" | "timestamp">'

screens/client/EnhancedTrackDeliveryScreen.tsx:51:53 - error TS2345: Argument of type 'number' is not assignable to parameter of type 'string'.

51       const deliveryData = await getDeliveryDetails(Number(deliveryId))
                                                       ~~~~~~~~~~~~~~~~~~

screens/client/HomeScreen.tsx:141:36 - error TS2353: Object literal may only specify known properties, and 'limit' does not exist in type 'DeliveryFilters'.

141         getClientDeliveryHistory({ limit: 5 })
                                       ~~~~~

screens/client/HomeScreen.tsx:143:27 - error TS2345: Argument of type 'void' is not assignable to parameter of type 'SetStateAction<Delivery[]>'.

143       setActiveDeliveries(active)
                              ~~~~~~

screens/client/HomeScreen.tsx:144:27 - error TS2345: Argument of type 'void' is not assignable to parameter of type 'SetStateAction<Delivery[]>'.

144       setRecentDeliveries(recent)
                              ~~~~~~

screens/client/HomeScreen.tsx:258:18 - error TS2322: Type 'string' is not assignable to type '"link" | "search" | "image" | "menu" | "radio" | "code" | "map" | "filter" | "book" | "pause" | "mail" | "home" | "star" | "save" | "cloud" | "eye" | "camera" | "heart" | "download" | ... 267 more ... | undefined'.

258         <Feather name={service.icon} size={24} color="#FFFFFF" />
                     ~~~~

  node_modules/@expo/vector-icons/build/createIconSet.d.ts:17:5
    17     name: GLYPHS;
           ~~~~
    The expected type comes from property 'name' which is declared here on type 'IntrinsicAttributes & IntrinsicClassAttributes<Component<IconProps<"link" | "search" | "image" | "menu" | "radio" | "code" | "map" | "filter" | "book" | "pause" | "mail" | "home" | "star" | "save" | ... 271 more ... | "zoom-out">, {}, any>> & Pick<...> & InexactPartial<...> & InexactPartial<...>'

screens/client/MarketplaceScreen.tsx:20:3 - error TS1117: An object literal cannot have multiple properties with the same name.

20   name: merchantInfo.name,
     ~~~~

screens/client/MarketplaceScreen.tsx:23:3 - error TS2353: Object literal may only specify known properties, and 'commune' does not exist in type 'Merchant'.

23   commune: merchantInfo.commune,
     ~~~~~~~

screens/client/MarketplaceScreen.tsx:170:19 - error TS2339: Property 'delivery_time' does not exist on type 'Merchant'.

170             {item.delivery_time || 30} min
                      ~~~~~~~~~~~~~

screens/client/MerchantDetailsScreen.tsx:23:3 - error TS2353: Object literal may only specify known properties, and 'business_name' does not exist in type 'Merchant'.

23   business_name: merchantInfo.name,
     ~~~~~~~~~~~~~

screens/client/MerchantDetailsScreen.tsx:321:50 - error TS18048: 'merchant.rating' is possibly 'undefined'.

321                 <Text style={styles.ratingText}>{merchant.rating.toFixed(1)}</Text>
                                                     ~~~~~~~~~~~~~~~

screens/client/MerchantDetailsScreen.tsx:329:25 - error TS2339: Property 'delivery_time' does not exist on type 'Merchant'.

329               {merchant.delivery_time && (
                            ~~~~~~~~~~~~~

screens/client/MerchantDetailsScreen.tsx:332:63 - error TS2339: Property 'delivery_time' does not exist on type 'Merchant'.

332                   <Text style={styles.deliveryTime}>{merchant.delivery_time} min</Text>
                                                                  ~~~~~~~~~~~~~

screens/client/NotificationsScreen.tsx:177:32 - error TS2339: Property 'transaction_id' does not exist on type 'NotificationData'.

177         if (notification.data?.transaction_id) {
                                   ~~~~~~~~~~~~~~

screens/client/NotificationsScreen.tsx:275:17 - error TS2322: Type '"cog" | "bell" | "credit-card" | "truck-delivery" | "info" | "tag" | "alert-triangle" | "check-circle" | "x-circle" | "message-text"' is not assignable to type '"symbol" | "function" | "link" | "image" | "text" | "alert" | "menu" | "radio" | "timer" | "map" | "ellipse" | "filter" | "stop" | "close" | "book" | "pause" | "mail" | "home" | "laptop" | ... 6577 more ... | undefined'.
  Type '"info"' is not assignable to type '"symbol" | "function" | "link" | "image" | "text" | "alert" | "menu" | "radio" | "timer" | "map" | "ellipse" | "filter" | "stop" | "close" | "book" | "pause" | "mail" | "home" | "laptop" | ... 6577 more ... | undefined'.

275                 name={notificationIcon}
                    ~~~~

  node_modules/@expo/vector-icons/build/createIconSet.d.ts:17:5
    17     name: GLYPHS;
           ~~~~
    The expected type comes from property 'name' which is declared here on type 'IntrinsicAttributes & IntrinsicClassAttributes<Component<IconProps<"symbol" | "function" | "link" | "image" | "text" | "alert" | "menu" | "radio" | "timer" | "map" | "ellipse" | "filter" | "stop" | ... 6582 more ... | "blank">, {}, any>> & Pick<...> & InexactPartial<...> & InexactPartial<...>'

screens/client/OrdersScreen.tsx:204:17 - error TS2322: Type 'Element' is not assignable to type '((string | number | boolean | Value | AnimatedInterpolation<string | number> | WithAnimatedObject<ReactElement<any, string | JSXElementConstructor<any>>> | WithAnimatedObject<...> | WithAnimatedObject<...> | null) & (string | number)) | undefined'.
  Type 'ReactElement<any, any>' is not assignable to type 'WithAnimatedObject<ReactPortal> & number'.
    Property 'children' is missing in type 'ReactElement<any, any>' but required in type 'WithAnimatedObject<ReactPortal>'.

204                 <Ionicons name={statusIcon} size={12} color="white" />
                    ~~~~~~~~~~~~~~~~~~~~~~~~~~~~~~~~~~~~~~~~~~~~~~~~~~~~~~

  node_modules/@types/react/index.d.ts:192:9
    192         children: ReactNode;
                ~~~~~~~~
    'children' is declared here.
  node_modules/react-native/Libraries/Text/Text.d.ts:110:3
    110   children?: React.ReactNode;
          ~~~~~~~~
    The expected type comes from property 'children' which is declared here on type 'IntrinsicAttributes & AnimatedProps<TextProps & RefAttributes<Text>> & { visible?: boolean | undefined; ... 4 more ...; theme?: ThemeProp | undefined; }'

screens/client/OrdersScreen.tsx:204:27 - error TS2322: Type '"close-circle-outline" | "help-circle-outline" | "package-variant" | "check-circle-outline" | "check-all" | "clock-outline" | "truck-delivery-outline"' is not assignable to type '"link" | "search" | "image" | "text" | "alert" | "checkbox" | "menu" | "radio" | "timer" | "body" | "code" | "map" | "time" | "ellipse" | "filter" | "stop" | "close" | "book" | "pause" | ... 3662 more ... | undefined'.
  Type '"package-variant"' is not assignable to type '"link" | "search" | "image" | "text" | "alert" | "checkbox" | "menu" | "radio" | "timer" | "body" | "code" | "map" | "time" | "ellipse" | "filter" | "stop" | "close" | "book" | "pause" | ... 3662 more ... | undefined'.

204                 <Ionicons name={statusIcon} size={12} color="white" />
                              ~~~~

  node_modules/@expo/vector-icons/build/createIconSet.d.ts:17:5
    17     name: GLYPHS;
           ~~~~
    The expected type comes from property 'name' which is declared here on type 'IntrinsicAttributes & IntrinsicClassAttributes<Component<IconProps<"link" | "search" | "image" | "text" | "alert" | "checkbox" | "menu" | "radio" | "timer" | "body" | "code" | "map" | "time" | ... 3667 more ... | "md-woman-sharp">, {}, any>> & Pick<...> & InexactPartial<...> & InexactPartial<...>'

screens/client/OrdersScreen.tsx:261:25 - error TS2322: Type '"close-circle-outline" | "help-circle-outline" | "package-variant" | "check-circle-outline" | "check-all" | "clock-outline" | "truck-delivery-outline"' is not assignable to type '"link" | "search" | "image" | "text" | "alert" | "checkbox" | "menu" | "radio" | "timer" | "body" | "code" | "map" | "time" | "ellipse" | "filter" | "stop" | "close" | "book" | "pause" | ... 3662 more ... | undefined'.
  Type '"package-variant"' is not assignable to type '"link" | "search" | "image" | "text" | "alert" | "checkbox" | "menu" | "radio" | "timer" | "body" | "code" | "map" | "time" | "ellipse" | "filter" | "stop" | "close" | "book" | "pause" | ... 3662 more ... | undefined'.

261               <Ionicons name={statusIcon} size={18} color={statusColor} />
                            ~~~~

  node_modules/@expo/vector-icons/build/createIconSet.d.ts:17:5
    17     name: GLYPHS;
           ~~~~
    The expected type comes from property 'name' which is declared here on type 'IntrinsicAttributes & IntrinsicClassAttributes<Component<IconProps<"link" | "search" | "image" | "text" | "alert" | "checkbox" | "menu" | "radio" | "timer" | "body" | "code" | "map" | "time" | ... 3667 more ... | "md-woman-sharp">, {}, any>> & Pick<...> & InexactPartial<...> & InexactPartial<...>'

screens/client/RateDeliveryScreen.tsx:59:68 - error TS2345: Argument of type 'number' is not assignable to parameter of type 'string'.

59         const deliveryData = await DeliveryService.getDeliveryById(Number(deliveryId))
                                                                      ~~~~~~~~~~~~~~~~~~

screens/client/SmartMatchingScreen.tsx:53:67 - error TS2345: Argument of type 'number' is not assignable to parameter of type 'string'.

53       const response = await DeliveryService.getSuggestedCouriers(deliveryId)
                                                                     ~~~~~~~~~~

screens/client/SmartMatchingScreen.tsx:74:56 - error TS2345: Argument of type 'number' is not assignable to parameter of type 'string'.

74               await DeliveryService.autoAssignDelivery(deliveryId)
                                                          ~~~~~~~~~~

screens/client/SmartMatchingScreen.tsx:95:45 - error TS2322: Type 'number' is not assignable to type 'string'.

95       await DeliveryService.assignCourier({ delivery_id: deliveryId, courier_id: courierId })
                                               ~~~~~~~~~~~

  services/DeliveryService.ts:479:38
    479   static async assignCourier(data: { delivery_id: string; courier_id: string }): Promise<void> {
                                             ~~~~~~~~~~~
    The expected type comes from property 'delivery_id' which is declared here on type '{ delivery_id: string; courier_id: string; }'

screens/client/SmartMatchingScreen.tsx:95:70 - error TS2322: Type 'number' is not assignable to type 'string'.

95       await DeliveryService.assignCourier({ delivery_id: deliveryId, courier_id: courierId })
                                                                        ~~~~~~~~~~

  services/DeliveryService.ts:479:59
    479   static async assignCourier(data: { delivery_id: string; courier_id: string }): Promise<void> {
                                                                  ~~~~~~~~~~
    The expected type comes from property 'courier_id' which is declared here on type '{ delivery_id: string; courier_id: string; }'

screens/client/TrackDeliveryScreen.tsx:29:5 - error TS2353: Object literal may only specify known properties, and 'instructions' does not exist in type 'MapRoute'.

29     instructions: []
       ~~~~~~~~~~~~

screens/client/TrackDeliveryScreen.tsx:105:66 - error TS2322: Type 'string | number' is not assignable to type 'string'.
  Type 'number' is not assignable to type 'string'.

105             onPress: () => navigation.navigate("RateDelivery", { deliveryId }),
                                                                     ~~~~~~~~~~

  types/navigation.ts:46:19
    46   RateDelivery: { deliveryId: string };
                         ~~~~~~~~~~
    The expected type comes from property 'deliveryId' which is declared here on type '{ deliveryId: string; }'

screens/client/TrackDeliveryScreen.tsx:154:53 - error TS2345: Argument of type 'number' is not assignable to parameter of type 'string'.

154       const deliveryData = await getDeliveryDetails(Number(deliveryId))
                                                        ~~~~~~~~~~~~~~~~~~

screens/client/TrackDeliveryScreen.tsx:356:11 - error TS2322: Type '{ style: { position: "absolute"; left: 0; right: 0; top: 0; bottom: 0; }; initialRegion: { latitude: number; longitude: number; latitudeDelta: number; longitudeDelta: number; }; deliveries: Delivery[]; route: MapRoute | undefined; showsTraffic: boolean; }' is not assignable to type 'IntrinsicAttributes & CustomMapViewProps'.
  Property 'showsTraffic' does not exist on type 'IntrinsicAttributes & CustomMapViewProps'.

356           showsTraffic={true}
              ~~~~~~~~~~~~

screens/client/TransactionHistoryScreen.tsx:210:10 - error TS2552: Cannot find name 'SearchBar'. Did you mean 'Searchbar'?

210         <SearchBar
             ~~~~~~~~~

screens/courier/AddVehicleScreen.tsx:53:9 - error TS2353: Object literal may only specify known properties, and 'maxDistance' does not exist in type 'VehicleCreateRequest'.

53         maxDistance: formData.maxDistance ? parseFloat(formData.maxDistance) : undefined,
           ~~~~~~~~~~~

screens/courier/AddVehicleScreen.tsx:55:21 - error TS2367: This comparison appears to be unintentional because the types '"motorcycle"' and '"custom"' have no overlap.

55         customType: formData.type === 'custom' ? formData.customType : undefined,
                       ~~~~~~~~~~~~~~~~~~~~~~~~~~

screens/courier/AddVehicleScreen.tsx:102:12 - error TS2367: This comparison appears to be unintentional because the types '"motorcycle"' and '"custom"' have no overlap.

102           {formData.type === VehicleType.CUSTOM && (
               ~~~~~~~~~~~~~~~~~~~~~~~~~~~~~~~~~~~~

screens/courier/BidScreen.tsx:122:45 - error TS2345: Argument of type 'number' is not assignable to parameter of type 'string'.

122       const data = await getDeliveryDetails(Number(deliveryId))
                                                ~~~~~~~~~~~~~~~~~~

screens/courier/BidScreen.tsx:284:63 - error TS2345: Argument of type 'number | undefined' is not assignable to parameter of type 'number'.
  Type 'undefined' is not assignable to type 'number'.

284               <Text style={styles.deliveryPrice}>{formatPrice(delivery.final_price)} FCFA</Text>
                                                                  ~~~~~~~~~~~~~~~~~~~~

screens/courier/CollaborativeDeliveriesScreen.tsx:35:16 - error TS1345: An expression of type 'void' cannot be tested for truthiness.

35         data = result || []
                  ~~~~~~

screens/courier/CollaborativeDeliveriesScreen.tsx:38:16 - error TS1345: An expression of type 'void' cannot be tested for truthiness.

38         data = result || []
                  ~~~~~~

screens/courier/CollaborativeDeliveriesScreen.tsx:41:16 - error TS1345: An expression of type 'void' cannot be tested for truthiness.

41         data = result || []
                  ~~~~~~

screens/courier/CollaborativeDeliveriesScreen.tsx:44:16 - error TS1345: An expression of type 'void' cannot be tested for truthiness.

44         data = result || []
                  ~~~~~~

screens/courier/CourierProfileScreen.tsx:66:37 - error TS2551: Property 'averageRating' does not exist on type 'CourierStats'. Did you mean 'average_rating'?

66           <StarRating rating={stats.averageRating} size={20} />
                                       ~~~~~~~~~~~~~

  types/models.ts:337:3
    337   average_rating: number
          ~~~~~~~~~~~~~~
    'average_rating' is declared here.

screens/courier/CourierProfileScreen.tsx:67:50 - error TS2551: Property 'averageRating' does not exist on type 'CourierStats'. Did you mean 'average_rating'?

67           <Text style={styles.ratingText}>{stats.averageRating.toFixed(1)}</Text>
                                                    ~~~~~~~~~~~~~

  types/models.ts:337:3
    337   average_rating: number
          ~~~~~~~~~~~~~~
    'average_rating' is declared here.

screens/courier/CourierProfileScreen.tsx:116:14 - error TS18048: 'stats.badges' is possibly 'undefined'.

116             {stats.badges.map((badge: any) => (
                 ~~~~~~~~~~~~

screens/courier/CourierStatusScreen.tsx:54:30 - error TS2339: Property 'user_id' does not exist on type 'CourierProfile'.

54         user_id: profileData.user_id || 0,
                                ~~~~~~~

screens/courier/CourierStatusScreen.tsx:55:9 - error TS2783: 'full_name' is specified more than once, so this usage will be overwritten.

55         full_name: profileData.full_name || '',
           ~~~~~~~~~~~~~~~~~~~~~~~~~~~~~~~~~~~~~~

  screens/courier/CourierStatusScreen.tsx:63:9
    63         ...profileData
               ~~~~~~~~~~~~~~
    This spread always overwrites this property.

screens/courier/CourierStatusScreen.tsx:56:9 - error TS2783: 'phone' is specified more than once, so this usage will be overwritten.

56         phone: profileData.phone || '',
           ~~~~~~~~~~~~~~~~~~~~~~~~~~~~~~

  screens/courier/CourierStatusScreen.tsx:63:9
    63         ...profileData
               ~~~~~~~~~~~~~~
    This spread always overwrites this property.

screens/courier/CourierStatusScreen.tsx:58:9 - error TS2322: Type 'string' is not assignable to type 'VehicleType'.

58         vehicle_type: profileData.vehicle_type || 'motorcycle',
           ~~~~~~~~~~~~

  types/models.ts:326:3
    326   vehicle_type: VehicleType
          ~~~~~~~~~~~~
    The expected type comes from property 'vehicle_type' which is declared here on type 'CourierProfile'

screens/courier/CourierStatusScreen.tsx:60:35 - error TS2339: Property 'is_available' does not exist on type 'CourierProfile'.

60         is_available: profileData.is_available ?? true,
                                     ~~~~~~~~~~~~

screens/courier/CourierStatusScreen.tsx:61:9 - error TS2783: 'rating' is specified more than once, so this usage will be overwritten.

61         rating: profileData.rating || 0,
           ~~~~~~~~~~~~~~~~~~~~~~~~~~~~~~~

  screens/courier/CourierStatusScreen.tsx:63:9
    63         ...profileData
               ~~~~~~~~~~~~~~
    This spread always overwrites this property.

screens/courier/CourierStatusScreen.tsx:62:9 - error TS2783: 'total_deliveries' is specified more than once, so this usage will be overwritten.

62         total_deliveries: profileData.total_deliveries || 0,
           ~~~~~~~~~~~~~~~~~~~~~~~~~~~~~~~~~~~~~~~~~~~~~~~~~~~

  screens/courier/CourierStatusScreen.tsx:63:9
    63         ...profileData
               ~~~~~~~~~~~~~~
    This spread always overwrites this property.

screens/courier/CourierStatusScreen.tsx:66:35 - error TS2339: Property 'is_online' does not exist on type 'CourierProfile'.

66       setIsOnline(completeProfile.is_online)
                                     ~~~~~~~~~

screens/courier/DeliveryDetailsScreen.tsx:41:58 - error TS2345: Argument of type 'number' is not assignable to parameter of type 'string'.

41       const data = await DeliveryService.getDeliveryById(deliveryId)
                                                            ~~~~~~~~~~

screens/courier/DeliveryDetailsScreen.tsx:217:15 - error TS2322: Type '{ showDriverLocation: boolean; showRoute: boolean; initialRegion: { latitude: number; longitude: number; latitudeDelta: number; longitudeDelta: number; }; }' is not assignable to type 'IntrinsicAttributes & VTCStyleMapProps'.
  Property 'showDriverLocation' does not exist on type 'IntrinsicAttributes & VTCStyleMapProps'. Did you mean 'showUserLocation'?

217               showDriverLocation={true}
                  ~~~~~~~~~~~~~~~~~~

screens/courier/ExpressDeliveriesScreen.tsx:26:5 - error TS2339: Property 'refreshDeliveries' does not exist on type 'UseDeliveryReturn'.

26     refreshDeliveries,
       ~~~~~~~~~~~~~~~~~

screens/courier/ExpressDeliveriesScreen.tsx:27:5 - error TS2339: Property 'acceptDelivery' does not exist on type 'UseDeliveryReturn'.

27     acceptDelivery: acceptDeliveryFn,
       ~~~~~~~~~~~~~~

screens/courier/ExpressDeliveriesScreen.tsx:28:5 - error TS2339: Property 'startDelivery' does not exist on type 'UseDeliveryReturn'.

28     startDelivery: startDeliveryFn
       ~~~~~~~~~~~~~

screens/courier/ExpressDeliveriesScreen.tsx:39:13 - error TS2552: Cannot find name 'getExpressDeliveries'. Did you mean 'loadExpressDeliveries'?

39       await getExpressDeliveries({ status: filter })
               ~~~~~~~~~~~~~~~~~~~~

  screens/courier/ExpressDeliveriesScreen.tsx:37:9
    37   const loadExpressDeliveries = useCallback(async () => {
               ~~~~~~~~~~~~~~~~~~~~~
    'loadExpressDeliveries' is declared here.

screens/courier/ExpressDeliveriesScreen.tsx:43:15 - error TS2552: Cannot find name 'getExpressDeliveries'. Did you mean 'loadExpressDeliveries'?

43   }, [filter, getExpressDeliveries])
                 ~~~~~~~~~~~~~~~~~~~~

  screens/courier/ExpressDeliveriesScreen.tsx:37:9
    37   const loadExpressDeliveries = useCallback(async () => {
               ~~~~~~~~~~~~~~~~~~~~~
    'loadExpressDeliveries' is declared here.

screens/courier/GamificationScreen.tsx:43:9 - error TS2353: Object literal may only specify known properties, and 'totalEarnings' does not exist in type 'CourierStats | ((prevState: CourierStats | null) => CourierStats | null)'.

43         totalEarnings: 0,
           ~~~~~~~~~~~~~

screens/courier/GamificationScreen.tsx:55:22 - error TS2345: Argument of type 'Leaderboard[]' is not assignable to parameter of type 'SetStateAction<Leaderboard[]>'.
  Type 'import("/home/runner/workspace/mobile/services/GamificationService").Leaderboard[]' is not assignable to type 'import("/home/runner/workspace/mobile/types/models").Leaderboard[]'.
    Property 'deliveriescount' is missing in type 'import("/home/runner/workspace/mobile/services/GamificationService").Leaderboard' but required in type 'import("/home/runner/workspace/mobile/types/models").Leaderboard'.

55       setLeaderboard(leaderboardData)
                        ~~~~~~~~~~~~~~~

  types/models.ts:1342:3
    1342   deliveriescount: number
           ~~~~~~~~~~~~~~~
    'deliveriescount' is declared here.

screens/courier/GamificationScreen.tsx:176:57 - error TS2551: Property 'averageRating' does not exist on type 'CourierStats'. Did you mean 'average_rating'?

176                   <Text style={styles.statValue}>{stats.averageRating?.toFixed(1) || "N/A"}</Text>
                                                            ~~~~~~~~~~~~~

  types/models.ts:337:3
    337   average_rating: number
          ~~~~~~~~~~~~~~
    'average_rating' is declared here.

screens/courier/GamificationScreen.tsx:263:30 - error TS2551: Property 'deliveries_count' does not exist on type 'Leaderboard'. Did you mean 'deliveriescount'?

263                       {entry.deliveries_count} livraisons â€¢ {entry.points} pts
                                 ~~~~~~~~~~~~~~~~

  types/models.ts:1342:3
    1342   deliveriescount: number
           ~~~~~~~~~~~~~~~
    'deliveriescount' is declared here.

screens/courier/HomeScreen.tsx:16:31 - error TS2307: Cannot find module '../../navigation/CourierNavigator' or its corresponding type declarations.

16 import { useNavigation } from '../../navigation/CourierNavigator'
                                 ~~~~~~~~~~~~~~~~~~~~~~~~~~~~~~~~~~~

screens/courier/HomeScreen.tsx:37:34 - error TS2304: Cannot find name 'Delivery'.

37 interface ActiveDelivery extends Delivery {
                                    ~~~~~~~~

screens/courier/HomeScreen.tsx:90:30 - error TS2345: Argument of type 'AvailableDelivery[]' is not assignable to parameter of type 'SetStateAction<AvailableDelivery[]>'.
  Type 'import("/home/runner/workspace/mobile/types/models").AvailableDelivery[]' is not assignable to type 'AvailableDelivery[]'.
    Type 'import("/home/runner/workspace/mobile/types/models").AvailableDelivery' is not assignable to type 'AvailableDelivery'.
      Types of property 'package_weight' are incompatible.
        Type 'number | undefined' is not assignable to type 'number'.
          Type 'undefined' is not assignable to type 'number'.

90       setAvailableDeliveries(response || [])
                                ~~~~~~~~~~~~~~

screens/courier/HomeScreen.tsx:99:27 - error TS2345: Argument of type 'Delivery[]' is not assignable to parameter of type 'SetStateAction<ActiveDelivery[]>'.
  Type 'Delivery[]' is not assignable to type 'ActiveDelivery[]'.
    Property 'client_name' is missing in type 'Delivery' but required in type 'ActiveDelivery'.

99       setActiveDeliveries(response || [])
                             ~~~~~~~~~~~~~~

  screens/courier/HomeScreen.tsx:38:3
    38   client_name: string
         ~~~~~~~~~~~
    'client_name' is declared here.

screens/courier/HomeScreen.tsx:117:16 - error TS2345: Argument of type 'CourierStats' is not assignable to parameter of type 'SetStateAction<CourierStats>'.
  Type 'import("/home/runner/workspace/mobile/types/models").CourierStats' is not assignable to type 'CourierStats'.
    Types of property 'completed_today' are incompatible.
      Type 'number | undefined' is not assignable to type 'number'.
        Type 'undefined' is not assignable to type 'number'.

117       setStats(response || stats)
                   ~~~~~~~~~~~~~~~~~

screens/courier/HomeScreen.tsx:188:85 - error TS2339: Property 'id' does not exist on type 'ActiveDelivery'.

188       onPress={() => navigation.navigate('CourierTrackDelivery', { deliveryId: item.id })}
                                                                                        ~~

screens/courier/HomeScreen.tsx:192:56 - error TS2339: Property 'final_price' does not exist on type 'ActiveDelivery'.

192         <Text style={styles.activeDeliveryPrice}>{item.final_price.toFixed(0)} FCFA</Text>
                                                           ~~~~~~~~~~~

screens/courier/HomeScreen.tsx:199:19 - error TS2339: Property 'pickup_address' does not exist on type 'ActiveDelivery'.

199             {item.pickup_address}
                      ~~~~~~~~~~~~~~

screens/courier/HomeScreen.tsx:205:19 - error TS2339: Property 'delivery_address' does not exist on type 'ActiveDelivery'.

205             {item.delivery_address}
                      ~~~~~~~~~~~~~~~~

screens/courier/HomeScreen.tsx:212:48 - error TS2339: Property 'client_phone' does not exist on type 'ActiveDelivery'.

212         <Text style={styles.clientPhone}>{item.client_phone}</Text>
                                                   ~~~~~~~~~~~~

screens/courier/HomeScreen.tsx:218:89 - error TS2339: Property 'id' does not exist on type 'ActiveDelivery'.

218           onPress={() => navigation.navigate('CourierTrackDelivery', { deliveryId: item.id })}
                                                                                            ~~

screens/courier/HomeScreen.tsx:322:52 - error TS2339: Property 'id' does not exist on type 'ActiveDelivery'.

322             keyExtractor={(item) => `active-${item.id}`}
                                                       ~~


Found 82 errors in 23 files.

Errors  Files
     1  components/CustomMapView.tsx:106
     1  hooks/useDelivery.ts:498
     9  screens/client/CreateDeliveryScreen.tsx:149
     1  screens/client/EnhancedRateDeliveryScreen.tsx:232
     1  screens/client/EnhancedTrackDeliveryScreen.tsx:51
     4  screens/client/HomeScreen.tsx:141
     3  screens/client/MarketplaceScreen.tsx:20
     4  screens/client/MerchantDetailsScreen.tsx:23
     2  screens/client/NotificationsScreen.tsx:177
     3  screens/client/OrdersScreen.tsx:204
     1  screens/client/RateDeliveryScreen.tsx:59
     4  screens/client/SmartMatchingScreen.tsx:53
     4  screens/client/TrackDeliveryScreen.tsx:29
     1  screens/client/TransactionHistoryScreen.tsx:210
     3  screens/courier/AddVehicleScreen.tsx:53
     2  screens/courier/BidScreen.tsx:122
     4  screens/courier/CollaborativeDeliveriesScreen.tsx:35
     3  screens/courier/CourierProfileScreen.tsx:66
     8  screens/courier/CourierStatusScreen.tsx:54
     2  screens/courier/DeliveryDetailsScreen.tsx:41
     5  screens/courier/ExpressDeliveriesScreen.tsx:26
     4  screens/courier/GamificationScreen.tsx:43
    12  screens/courier/HomeScreen.tsx:16