~/workspace$ cd mobile/
~/workspace/mobile$ npx tsc
__tests__/components/VoiceAssistant.test.tsx:9:6 - error TS2339: Property 'mock' does not exist on type 'typeof import("/home/runner/workspace/mobile/node_modules/jest/build/index")'.

9 jest.mock("../../services/api", () => ({
       ~~~~

__tests__/components/VoiceAssistant.test.tsx:10:29 - error TS2339: Property 'fn' does not exist on type 'typeof import("/home/runner/workspace/mobile/node_modules/jest/build/index")'.

10   processVoiceCommand: jest.fn(() =>
                               ~~

__tests__/components/VoiceAssistant.test.tsx:24:18 - error TS2339: Property 'fn' does not exist on type 'typeof import("/home/runner/workspace/mobile/node_modules/jest/build/index")'.

24   navigate: jest.fn(),
                    ~~

__tests__/components/VoiceAssistant.test.tsx:29:10 - error TS2339: Property 'clearAllMocks' does not exist on type 'typeof import("/home/runner/workspace/mobile/node_modules/jest/build/index")'.

29     jest.clearAllMocks()
            ~~~~~~~~~~~~~

__tests__/components/VoiceAssistant.test.tsx:33:50 - error TS2322: Type '{ navigate: any; }' is not assignable to type 'NativeStackNavigationProp<RootStackParamList>'.
  Type '{ navigate: any; }' is missing the following properties from type 'Omit<NavigationHelpersCommon<RootStackParamList, StackNavigationState<RootStackParamList>>, "getParent">': dispatch, reset, goBack, isFocused, and 3 more.

33     const { getByRole } = render(<VoiceAssistant navigation={mockNavigation} />)
                                                    ~~~~~~~~~~

  components/VoiceAssistant.tsx:12:3
    12   navigation?: NativeStackNavigationProp<RootStackParamList>
         ~~~~~~~~~~
    The expected type comes from property 'navigation' which is declared here on type 'IntrinsicAttributes & VoiceAssistantProps'

__tests__/components/VoiceAssistant.test.tsx:41:61 - error TS2322: Type '{ navigate: any; }' is not assignable to type 'NativeStackNavigationProp<RootStackParamList>'.
  Type '{ navigate: any; }' is missing the following properties from type 'Omit<NavigationHelpersCommon<RootStackParamList, StackNavigationState<RootStackParamList>>, "getParent">': dispatch, reset, goBack, isFocused, and 3 more.

41     const { getByRole, getByText } = render(<VoiceAssistant navigation={mockNavigation} />)
                                                               ~~~~~~~~~~

  components/VoiceAssistant.tsx:12:3
    12   navigation?: NativeStackNavigationProp<RootStackParamList>
         ~~~~~~~~~~
    The expected type comes from property 'navigation' which is declared here on type 'IntrinsicAttributes & VoiceAssistantProps'

__tests__/components/VoiceAssistant.test.tsx:53:74 - error TS2322: Type '{ navigate: any; }' is not assignable to type 'NativeStackNavigationProp<RootStackParamList>'.
  Type '{ navigate: any; }' is missing the following properties from type 'Omit<NavigationHelpersCommon<RootStackParamList, StackNavigationState<RootStackParamList>>, "getParent">': dispatch, reset, goBack, isFocused, and 3 more.

53     const { getByRole, getByText, queryByText } = render(<VoiceAssistant navigation={mockNavigation} />)
                                                                            ~~~~~~~~~~

  components/VoiceAssistant.tsx:12:3
    12   navigation?: NativeStackNavigationProp<RootStackParamList>
         ~~~~~~~~~~
    The expected type comes from property 'navigation' which is declared here on type 'IntrinsicAttributes & VoiceAssistantProps'

__tests__/components/VoiceAssistant.test.tsx:72:73 - error TS2322: Type '{ navigate: any; }' is not assignable to type 'NativeStackNavigationProp<RootStackParamList>'.
  Type '{ navigate: any; }' is missing the following properties from type 'Omit<NavigationHelpersCommon<RootStackParamList, StackNavigationState<RootStackParamList>>, "getParent">': dispatch, reset, goBack, isFocused, and 3 more.

72     const { getByRole, getByText, findByText } = render(<VoiceAssistant navigation={mockNavigation} />)
                                                                           ~~~~~~~~~~

  components/VoiceAssistant.tsx:12:3
    12   navigation?: NativeStackNavigationProp<RootStackParamList>
         ~~~~~~~~~~
    The expected type comes from property 'navigation' which is declared here on type 'IntrinsicAttributes & VoiceAssistantProps'

__tests__/components/VoiceAssistant.test.tsx:113:33 - error TS2339: Property 'requireMock' does not exist on type 'typeof import("/home/runner/workspace/mobile/node_modules/jest/build/index")'.

113     const useNetworkMock = jest.requireMock("../../contexts/NetworkContext").useNetwork
                                    ~~~~~~~~~~~

__tests__/components/VoiceAssistant.test.tsx:119:73 - error TS2322: Type '{ navigate: any; }' is not assignable to type 'NativeStackNavigationProp<RootStackParamList>'.
  Type '{ navigate: any; }' is missing the following properties from type 'Omit<NavigationHelpersCommon<RootStackParamList, StackNavigationState<RootStackParamList>>, "getParent">': dispatch, reset, goBack, isFocused, and 3 more.

119     const { getByRole, getByText, findByText } = render(<VoiceAssistant navigation={mockNavigation} />)
                                                                            ~~~~~~~~~~

  components/VoiceAssistant.tsx:12:3
    12   navigation?: NativeStackNavigationProp<RootStackParamList>
         ~~~~~~~~~~
    The expected type comes from property 'navigation' which is declared here on type 'IntrinsicAttributes & VoiceAssistantProps'

__tests__/components/VoiceAssistant.test.tsx:134:74 - error TS2322: Type '{ navigate: any; }' is not assignable to type 'NativeStackNavigationProp<RootStackParamList>'.
  Type '{ navigate: any; }' is missing the following properties from type 'Omit<NavigationHelpersCommon<RootStackParamList, StackNavigationState<RootStackParamList>>, "getParent">': dispatch, reset, goBack, isFocused, and 3 more.

134     const { getByRole, getByText, queryByText } = render(<VoiceAssistant navigation={mockNavigation} />)
                                                                             ~~~~~~~~~~

  components/VoiceAssistant.tsx:12:3
    12   navigation?: NativeStackNavigationProp<RootStackParamList>
         ~~~~~~~~~~
    The expected type comes from property 'navigation' which is declared here on type 'IntrinsicAttributes & VoiceAssistantProps'

__tests__/contexts/NetworkContext.test.tsx:8:6 - error TS2339: Property 'mock' does not exist on type 'typeof import("/home/runner/workspace/mobile/node_modules/jest/build/index")'.

8 jest.mock("@react-native-community/netinfo", () => ({
       ~~~~

__tests__/contexts/NetworkContext.test.tsx:9:26 - error TS2339: Property 'fn' does not exist on type 'typeof import("/home/runner/workspace/mobile/node_modules/jest/build/index")'.

9   addEventListener: jest.fn(() => jest.fn()),
                           ~~

__tests__/contexts/NetworkContext.test.tsx:9:40 - error TS2339: Property 'fn' does not exist on type 'typeof import("/home/runner/workspace/mobile/node_modules/jest/build/index")'.

9   addEventListener: jest.fn(() => jest.fn()),
                                         ~~

__tests__/contexts/NetworkContext.test.tsx:10:15 - error TS2339: Property 'fn' does not exist on type 'typeof import("/home/runner/workspace/mobile/node_modules/jest/build/index")'.

10   fetch: jest.fn(() => Promise.resolve({ isConnected: true, isInternetReachable: true })),
                 ~~

__tests__/contexts/NetworkContext.test.tsx:14:20 - error TS7031: Binding element 'children' implicitly has an 'any' type.

14 const wrapper = ({ children }) => <NetworkProvider>{children}</NetworkProvider>
                      ~~~~~~~~

__tests__/contexts/NetworkContext.test.tsx:19:10 - error TS2339: Property 'clearAllMocks' does not exist on type 'typeof import("/home/runner/workspace/mobile/node_modules/jest/build/index")'.

19     jest.clearAllMocks()
            ~~~~~~~~~~~~~

__tests__/contexts/NetworkContext.test.tsx:34:27 - error TS2339: Property 'syncInProgress' does not exist on type 'NetworkContextType'.

34     expect(result.current.syncInProgress).toBe(false)
                             ~~~~~~~~~~~~~~

__tests__/contexts/NetworkContext.test.tsx:35:27 - error TS2339: Property 'lastSyncTime' does not exist on type 'NetworkContextType'.

35     expect(result.current.lastSyncTime).toBeNull()
                             ~~~~~~~~~~~~

__tests__/contexts/NetworkContext.test.tsx:77:9 - error TS2353: Object literal may only specify known properties, and 'timestamp' does not exist in type 'Omit<PendingOperation, "id" | "timestamp">'.

77         timestamp: new Date().toISOString(),
           ~~~~~~~~~

__tests__/contexts/NetworkContext.test.tsx:101:9 - error TS2353: Object literal may only specify known properties, and 'timestamp' does not exist in type 'Omit<PendingOperation, "id" | "timestamp">'.

101         timestamp: new Date().toISOString(),
            ~~~~~~~~~

__tests__/contexts/NetworkContext.test.tsx:110:38 - error TS2551: Property 'removePendingUpload' does not exist on type 'NetworkContextType'. Did you mean 'pendingUploads'?

110       const success = result.current.removePendingUpload(uploadId)
                                         ~~~~~~~~~~~~~~~~~~~

  contexts/NetworkContext.tsx:11:3
    11   pendingUploads: PendingOperation[]
         ~~~~~~~~~~~~~~
    'pendingUploads' is declared here.

__tests__/contexts/NetworkContext.test.tsx:132:9 - error TS2353: Object literal may only specify known properties, and 'timestamp' does not exist in type 'Omit<PendingOperation, "id" | "timestamp">'.

132         timestamp: new Date().toISOString(),
            ~~~~~~~~~

__tests__/contexts/NetworkContext.test.tsx:135:22 - error TS2551: Property 'addPendingDownload' does not exist on type 'NetworkContextType'. Did you mean 'pendingDownloads'?

135       result.current.addPendingDownload({
                         ~~~~~~~~~~~~~~~~~~

  contexts/NetworkContext.tsx:12:3
    12   pendingDownloads: PendingOperation[]
         ~~~~~~~~~~~~~~~~
    'pendingDownloads' is declared here.

__tests__/contexts/NetworkContext.test.tsx:148:44 - error TS2339: Property 'clearPendingData' does not exist on type 'NetworkContextType'.

148       const success = await result.current.clearPendingData()
                                               ~~~~~~~~~~~~~~~~

__tests__/contexts/NetworkContext.test.tsx:168:51 - error TS2339: Property 'mock' does not exist on type '(listener: NetInfoChangeHandler) => NetInfoSubscription'.

168     const mockListener = NetInfo.addEventListener.mock.calls[0][0]
                                                      ~~~~

components/AddressAutocomplete.tsx:342:11 - error TS2322: Type '(Address | { id: string; name: string; description: string; latitude: number; longitude: number; commune: string; type: string; })[]' is not assignable to type 'Address[]'.
  Type 'Address | { id: string; name: string; description: string; latitude: number; longitude: number; commune: string; type: string; }' is not assignable to type 'Address'.
    Type '{ id: string; name: string; description: string; latitude: number; longitude: number; commune: string; type: string; }' is not assignable to type 'Address'.
      Types of property 'type' are incompatible.
        Type 'string' is not assignable to type '"current_location" | "saved" | "recent" | "suggestion" | undefined'.

342     const combinedSuggestions: Address[] = [
              ~~~~~~~~~~~~~~~~~~~

components/DeliveryStatusBadge.tsx:4:23 - error TS2724: '"./FeatherIcon"' has no exported member named 'FeatherIconName'. Did you mean 'FeatherIcon'?

4 import FeatherIcon, { FeatherIconName } from "./FeatherIcon"
                        ~~~~~~~~~~~~~~~

  components/FeatherIcon.tsx:104:14
    104 export const FeatherIcon: React.FC<FeatherIconProps> = ({
                     ~~~~~~~~~~~
    'FeatherIcon' is declared here.

components/EnhancedMap.tsx:11:23 - error TS2724: '"./FeatherIcon"' has no exported member named 'FeatherIconName'. Did you mean 'FeatherIcon'?

11 import FeatherIcon, { FeatherIconName } from "./FeatherIcon"
                         ~~~~~~~~~~~~~~~

  components/FeatherIcon.tsx:104:14
    104 export const FeatherIcon: React.FC<FeatherIconProps> = ({
                     ~~~~~~~~~~~
    'FeatherIcon' is declared here.

components/EnhancedWeatherInfo.tsx:13:17 - error TS2724: '"./FeatherIcon"' has no exported member named 'FeatherIconName'. Did you mean 'FeatherIcon'?

13   import type { FeatherIconName } from "./FeatherIcon"
                   ~~~~~~~~~~~~~~~

  components/FeatherIcon.tsx:104:14
    104 export const FeatherIcon: React.FC<FeatherIconProps> = ({
                     ~~~~~~~~~~~
    'FeatherIcon' is declared here.

components/FeatherIcon.tsx:14:3 - error TS2820: Type '"package-outline"' is not assignable to type '"link" | "search" | "image" | "text" | "alert" | "checkbox" | "menu" | "radio" | "timer" | "body" | "code" | "map" | "time" | "ellipse" | "filter" | "stop" | "close" | "book" | "pause" | ... 3661 more ... | "md-woman-sharp"'. Did you mean '"cafe-outline"'?

14   'package': 'package-outline',
     ~~~~~~~~~

  components/FeatherIcon.tsx:12:18
    12 const iconMap: { [key: string]: keyof typeof Ionicons.glyphMap } = {
                        ~~~~~~~~~~~~~~~~~~~~~~~~~~~~~~~~~~~~~~~~~~~~~
    The expected type comes from this index signature.

components/FeatherIcon.tsx:84:3 - error TS2820: Type '"videocam-off-outline"' is not assignable to type '"link" | "search" | "image" | "text" | "alert" | "checkbox" | "menu" | "radio" | "timer" | "body" | "code" | "map" | "time" | "ellipse" | "filter" | "stop" | "close" | "book" | "pause" | ... 3661 more ... | "md-woman-sharp"'. Did you mean '"videocam-outline"'?

84   'video-off': 'videocam-off-outline',
     ~~~~~~~~~~~

  components/FeatherIcon.tsx:12:18
    12 const iconMap: { [key: string]: keyof typeof Ionicons.glyphMap } = {
                        ~~~~~~~~~~~~~~~~~~~~~~~~~~~~~~~~~~~~~~~~~~~~~
    The expected type comes from this index signature.

components/FeatherIcon.tsx:86:3 - error TS2820: Type '"bag-outline"' is not assignable to type '"link" | "search" | "image" | "text" | "alert" | "checkbox" | "menu" | "radio" | "timer" | "body" | "code" | "map" | "time" | "ellipse" | "filter" | "stop" | "close" | "book" | "pause" | ... 3661 more ... | "md-woman-sharp"'. Did you mean '"bug-outline"'?

86   'shopping-bag': 'bag-outline',
     ~~~~~~~~~~~~~~

  components/FeatherIcon.tsx:12:18
    12 const iconMap: { [key: string]: keyof typeof Ionicons.glyphMap } = {
                        ~~~~~~~~~~~~~~~~~~~~~~~~~~~~~~~~~~~~~~~~~~~~~
    The expected type comes from this index signature.

components/VTCStyleMap.tsx:442:44 - error TS2322: Type '8' is not assignable to type 'Elevation | undefined'.

442         <Surface style={styles.statusCard} elevation={8}>
                                               ~~~~~~~~~

  node_modules/react-native-paper/lib/typescript/components/Surface.d.ts:21:5
    21     elevation?: Elevation;
           ~~~~~~~~~
    The expected type comes from property 'elevation' which is declared here on type 'IntrinsicAttributes & Omit<Props, "ref"> & RefAttributes<View>'

components/VoiceAssistant.tsx:134:30 - error TS2769: No overload matches this call.
  Argument of type '["DeliveryHistory"]' is not assignable to parameter of type '[screen: "Login"] | [screen: "Login", params: undefined] | [screen: "Register"] | [screen: "Register", params: undefined] | [screen: "ForgotPassword"] | [screen: "ForgotPassword", params: undefined] | [screen: "VerifyOTP", params: { phoneNumber: string; isRegistration?: boolean | undefined; }] | ... 21 more ... | [s...'.
    Type '["DeliveryHistory"]' is not assignable to type '[screen: "Login"] | [screen: "Register"] | [screen: "ForgotPassword"] | [screen: "OTPLogin"] | [screen: "Onboarding"] | [screen: "ClientMain"] | [screen: "CourierMain"] | [screen: "Settings"] | [screen: "CreateDelivery"] | [screen: "PaymentMethods"] | [screen: ...] | [screen: ...]'.
      Type '["DeliveryHistory"]' is not assignable to type '[screen: "CommunityWallet"]'.
        Type '"DeliveryHistory"' is not assignable to type '"CommunityWallet"'.
  Overload 2 of 2, '(options: { key: string; params?: undefined; merge?: boolean | undefined; } | { name: "Login"; key?: string | undefined; params: undefined; merge?: boolean | undefined; } | { key: string; params?: undefined; merge?: boolean | undefined; } | ... 30 more ... | { ...; }): void | undefined', gave the following error.
    Argument of type 'string' is not assignable to parameter of type '{ key: string; params?: undefined; merge?: boolean | undefined; } | { name: "Login"; key?: string | undefined; params: undefined; merge?: boolean | undefined; } | { key: string; params?: undefined; merge?: boolean | undefined; } | ... 30 more ... | { ...; }'.

134         navigation?.navigate('DeliveryHistory')
                                 ~~~~~~~~~~~~~~~~~


components/VoiceAssistant.tsx:137:30 - error TS2769: No overload matches this call.
  Argument of type '["Profile"]' is not assignable to parameter of type '[screen: "Login"] | [screen: "Login", params: undefined] | [screen: "Register"] | [screen: "Register", params: undefined] | [screen: "ForgotPassword"] | [screen: "ForgotPassword", params: undefined] | [screen: "VerifyOTP", params: { phoneNumber: string; isRegistration?: boolean | undefined; }] | ... 21 more ... | [s...'.
    Type '["Profile"]' is not assignable to type '[screen: "Login"] | [screen: "Register"] | [screen: "ForgotPassword"] | [screen: "OTPLogin"] | [screen: "Onboarding"] | [screen: "ClientMain"] | [screen: "CourierMain"] | [screen: "Settings"] | [screen: "CreateDelivery"] | [screen: "PaymentMethods"] | [screen: ...] | [screen: ...]'.
      Type '["Profile"]' is not assignable to type '[screen: "CommunityWallet"]'.
        Type '"Profile"' is not assignable to type '"CommunityWallet"'.
  Overload 2 of 2, '(options: { key: string; params?: undefined; merge?: boolean | undefined; } | { name: "Login"; key?: string | undefined; params: undefined; merge?: boolean | undefined; } | { key: string; params?: undefined; merge?: boolean | undefined; } | ... 30 more ... | { ...; }): void | undefined', gave the following error.
    Argument of type 'string' is not assignable to parameter of type '{ key: string; params?: undefined; merge?: boolean | undefined; } | { name: "Login"; key?: string | undefined; params: undefined; merge?: boolean | undefined; } | { key: string; params?: undefined; merge?: boolean | undefined; } | ... 30 more ... | { ...; }'.

137         navigation?.navigate('Profile')
                                 ~~~~~~~~~


components/VoiceAssistant.tsx:140:30 - error TS2769: No overload matches this call.
  Argument of type '["Notifications"]' is not assignable to parameter of type '[screen: "Login"] | [screen: "Login", params: undefined] | [screen: "Register"] | [screen: "Register", params: undefined] | [screen: "ForgotPassword"] | [screen: "ForgotPassword", params: undefined] | [screen: "VerifyOTP", params: { phoneNumber: string; isRegistration?: boolean | undefined; }] | ... 21 more ... | [s...'.
    Type '["Notifications"]' is not assignable to type '[screen: "Login"] | [screen: "Register"] | [screen: "ForgotPassword"] | [screen: "OTPLogin"] | [screen: "Onboarding"] | [screen: "ClientMain"] | [screen: "CourierMain"] | [screen: "Settings"] | [screen: "CreateDelivery"] | [screen: "PaymentMethods"] | [screen: ...] | [screen: ...]'.
      Type '["Notifications"]' is not assignable to type '[screen: "CommunityWallet"]'.
        Type '"Notifications"' is not assignable to type '"CommunityWallet"'.
  Overload 2 of 2, '(options: { key: string; params?: undefined; merge?: boolean | undefined; } | { name: "Login"; key?: string | undefined; params: undefined; merge?: boolean | undefined; } | { key: string; params?: undefined; merge?: boolean | undefined; } | ... 30 more ... | { ...; }): void | undefined', gave the following error.
    Argument of type 'string' is not assignable to parameter of type '{ key: string; params?: undefined; merge?: boolean | undefined; } | { name: "Login"; key?: string | undefined; params: undefined; merge?: boolean | undefined; } | { key: string; params?: undefined; merge?: boolean | undefined; } | ... 30 more ... | { ...; }'.

140         navigation?.navigate('Notifications')
                                 ~~~~~~~~~~~~~~~


components/VoiceAssistant.tsx:143:30 - error TS2769: No overload matches this call.
  Argument of type '["Support"]' is not assignable to parameter of type '[screen: "Login"] | [screen: "Login", params: undefined] | [screen: "Register"] | [screen: "Register", params: undefined] | [screen: "ForgotPassword"] | [screen: "ForgotPassword", params: undefined] | [screen: "VerifyOTP", params: { phoneNumber: string; isRegistration?: boolean | undefined; }] | ... 21 more ... | [s...'.
    Type '["Support"]' is not assignable to type '[screen: "Login"] | [screen: "Register"] | [screen: "ForgotPassword"] | [screen: "OTPLogin"] | [screen: "Onboarding"] | [screen: "ClientMain"] | [screen: "CourierMain"] | [screen: "Settings"] | [screen: "CreateDelivery"] | [screen: "PaymentMethods"] | [screen: ...] | [screen: ...]'.
      Type '["Support"]' is not assignable to type '[screen: "CommunityWallet"]'.
        Type '"Support"' is not assignable to type '"CommunityWallet"'.
  Overload 2 of 2, '(options: { key: string; params?: undefined; merge?: boolean | undefined; } | { name: "Login"; key?: string | undefined; params: undefined; merge?: boolean | undefined; } | { key: string; params?: undefined; merge?: boolean | undefined; } | ... 30 more ... | { ...; }): void | undefined', gave the following error.
    Argument of type 'string' is not assignable to parameter of type '{ key: string; params?: undefined; merge?: boolean | undefined; } | { name: "Login"; key?: string | undefined; params: undefined; merge?: boolean | undefined; } | { key: string; params?: undefined; merge?: boolean | undefined; } | ... 30 more ... | { ...; }'.

143         navigation?.navigate('Support')
                                 ~~~~~~~~~


components/VoiceAssistant.tsx:146:30 - error TS2769: No overload matches this call.
  Argument of type '["ClientHome"]' is not assignable to parameter of type '[screen: "Login"] | [screen: "Login", params: undefined] | [screen: "Register"] | [screen: "Register", params: undefined] | [screen: "ForgotPassword"] | [screen: "ForgotPassword", params: undefined] | [screen: "VerifyOTP", params: { phoneNumber: string; isRegistration?: boolean | undefined; }] | ... 21 more ... | [s...'.
    Type '["ClientHome"]' is not assignable to type '[screen: "Login"] | [screen: "Register"] | [screen: "ForgotPassword"] | [screen: "OTPLogin"] | [screen: "Onboarding"] | [screen: "ClientMain"] | [screen: "CourierMain"] | [screen: "Settings"] | [screen: "CreateDelivery"] | [screen: "PaymentMethods"] | [screen: ...] | [screen: ...]'.
      Type '["ClientHome"]' is not assignable to type '[screen: "CommunityWallet"]'.
        Type '"ClientHome"' is not assignable to type '"CommunityWallet"'.
  Overload 2 of 2, '(options: { key: string; params?: undefined; merge?: boolean | undefined; } | { name: "Login"; key?: string | undefined; params: undefined; merge?: boolean | undefined; } | { key: string; params?: undefined; merge?: boolean | undefined; } | ... 30 more ... | { ...; }): void | undefined', gave the following error.
    Argument of type 'string' is not assignable to parameter of type '{ key: string; params?: undefined; merge?: boolean | undefined; } | { name: "Login"; key?: string | undefined; params: undefined; merge?: boolean | undefined; } | { key: string; params?: undefined; merge?: boolean | undefined; } | ... 30 more ... | { ...; }'.

146         navigation?.navigate('ClientHome')
                                 ~~~~~~~~~~~~


components/WeatherAlertModal.tsx:77:63 - error TS2322: Type '{ name: string; size: number; color: string; onPress: () => void; }' is not assignable to type 'IntrinsicAttributes & FeatherIconProps'.
  Property 'onPress' does not exist on type 'IntrinsicAttributes & FeatherIconProps'.

77               <FeatherIcon name="x" size={24} color="#757575" onPress={onDismiss} />
                                                                 ~~~~~~~

components/WeatherInfo.tsx:64:9 - error TS2322: Type 'WeatherCurrent | undefined' is not assignable to type 'WeatherCurrent'.
  Type 'undefined' is not assignable to type 'WeatherCurrent'.

64         current: apiData.current,
           ~~~~~~~

  components/WeatherInfo.tsx:32:3
    32   current: WeatherCurrent
         ~~~~~~~
    The expected type comes from property 'current' which is declared here on type 'WeatherData'

contexts/NotificationContext.tsx:57:9 - error TS2353: Object literal may only specify known properties, and 'user_id' does not exist in type 'Notification'.

57         user_id: user?.id || 0,
           ~~~~~~~

hooks/useAuth.ts:3:10 - error TS2459: Module '"../contexts/AuthContext"' declares 'AuthContext' locally, but it is not exported.

3 import { AuthContext } from '../contexts/AuthContext';
           ~~~~~~~~~~~

  contexts/AuthContext.tsx:25:7
    25 const AuthContext = createContext<AuthContextType>({
             ~~~~~~~~~~~
    'AuthContext' is declared here.

hooks/useAuth.ts:13:3 - error TS2740: Type '{}' is missing the following properties from type 'AuthContextType': user, isLoading, isAuthenticated, login, and 4 more.

13   return context;
     ~~~~~~

hooks/useDelivery.ts:111:9 - error TS2559: Type 'number' has no properties in common with type 'DeliveryFilters'.

111         filters?.limit || 20
            ~~~~~~~~~~~~~~~~~~~~

hooks/useDelivery.ts:178:24 - error TS2339: Property 'data' does not exist on type 'Bid[]'.

178         bids: response.data as Bid[],
                           ~~~~

hooks/useDelivery.ts:190:41 - error TS2339: Property 'createBid' does not exist on type 'typeof DeliveryService'.

190       const bid = await DeliveryService.createBid(bidData)
                                            ~~~~~~~~~

hooks/useDelivery.ts:222:29 - error TS2339: Property 'rejectBid' does not exist on type 'typeof DeliveryService'.

222       await DeliveryService.rejectBid(deliveryId, bidId, reason)
                                ~~~~~~~~~

hooks/useDelivery.ts:239:46 - error TS2551: Property 'getDeliveryDetails' does not exist on type 'typeof DeliveryService'. Did you mean 'getDeliveryBids'?

239       const tracking = await DeliveryService.getDeliveryDetails(id)
                                                 ~~~~~~~~~~~~~~~~~~

  services/DeliveryService.ts:153:16
    153   static async getDeliveryBids(deliveryId: string): Promise<Bid[]> {
                       ~~~~~~~~~~~~~~~
    'getDeliveryBids' is declared here.

hooks/useDelivery.ts:310:64 - error TS2345: Argument of type 'string' is not assignable to parameter of type 'number'.

310       await DeliveryService.assignCourierToExpress(deliveryId, courierId)
                                                                   ~~~~~~~~~

hooks/useDelivery.ts:497:9 - error TS2559: Type 'number' has no properties in common with type 'DeliveryFilters'.

497         filters?.limit || 20
            ~~~~~~~~~~~~~~~~~~~~

hooks/useDelivery.ts:533:5 - error TS2322: Type '(deliveryId: string, bidId: string, reason?: string) => Promise<void>' is not assignable to type '(deliveryId: string, bidId: number, reason?: string | undefined) => Promise<void>'.
  Types of parameters 'bidId' and 'bidId' are incompatible.
    Type 'number' is not assignable to type 'string'.

533     rejectBid,
        ~~~~~~~~~

  hooks/useDelivery.ts:49:3
    49   rejectBid: (deliveryId: string, bidId: number, reason?: string) => Promise<void>
         ~~~~~~~~~
    The expected type comes from property 'rejectBid' which is declared here on type 'UseDeliveryReturn'

hooks/useDelivery.ts:536:5 - error TS2322: Type '(id: string, status: DeliveryStatus) => Promise<void>' is not assignable to type '(id: string, status: string) => Promise<void>'.
  Types of parameters 'status' and 'status' are incompatible.
    Type 'string' is not assignable to type 'DeliveryStatus'.

536     updateDeliveryStatus,
        ~~~~~~~~~~~~~~~~~~~~

  hooks/useDelivery.ts:52:3
    52   updateDeliveryStatus: (id: string, status: string) => Promise<void>
         ~~~~~~~~~~~~~~~~~~~~
    The expected type comes from property 'updateDeliveryStatus' which is declared here on type 'UseDeliveryReturn'

hooks/useUser.ts:333:13 - error TS2740: Type '{ email_notifications: any; sms_notifications: any; push_notifications: any; promotion_alerts: any; whatsapp_enabled: any; }' is missing the following properties from type 'NotificationSettings': marketing_emails, promotional_notifications, security_alerts, push_enabled, and 4 more.

333       const notificationSettings: NotificationSettings = {
                ~~~~~~~~~~~~~~~~~~~~

hooks/useUser.ts:334:46 - error TS2339: Property 'email_notifications' does not exist on type 'NotificationSettings'.

334         email_notifications: serviceSettings.email_notifications || false,
                                                 ~~~~~~~~~~~~~~~~~~~

hooks/useUser.ts:335:44 - error TS2339: Property 'sms_notifications' does not exist on type 'NotificationSettings'.

335         sms_notifications: serviceSettings.sms_notifications || false,
                                               ~~~~~~~~~~~~~~~~~

hooks/useUser.ts:336:45 - error TS2339: Property 'push_notifications' does not exist on type 'NotificationSettings'.

336         push_notifications: serviceSettings.push_notifications || false,
                                                ~~~~~~~~~~~~~~~~~~

hooks/useUser.ts:337:43 - error TS2551: Property 'promotion_alerts' does not exist on type 'NotificationSettings'. Did you mean 'promotional_offers'?

337         promotion_alerts: serviceSettings.promotion_alerts || false,
                                              ~~~~~~~~~~~~~~~~

  services/NotificationService.ts:11:3
    11   promotional_offers: boolean
         ~~~~~~~~~~~~~~~~~~
    'promotional_offers' is declared here.

hooks/useUser.ts:338:43 - error TS2339: Property 'whatsapp_enabled' does not exist on type 'NotificationSettings'.

338         whatsapp_enabled: serviceSettings.whatsapp_enabled || false,
                                              ~~~~~~~~~~~~~~~~

hooks/useUser.ts:363:76 - error TS2559: Type '{ email_notifications: boolean | undefined; sms_notifications: boolean | undefined; push_notifications: boolean | undefined; promotion_alerts: boolean | undefined; whatsapp_enabled: boolean | undefined; }' has no properties in common with type 'Partial<NotificationSettings>'.

363       const success = await NotificationService.updateNotificationSettings(requestData);
                                                                               ~~~~~~~~~~~

hooks/useUser.ts:458:9 - error TS2353: Object literal may only specify known properties, and 'last_updated_epoch' does not exist in type 'Weather'.

458         last_updated_epoch: Date.now(),
            ~~~~~~~~~~~~~~~~~~

screens/NotificationSettingsScreen.tsx:16:5 - error TS2353: Object literal may only specify known properties, and 'email_notifications' does not exist in type 'NotificationSettings | (() => NotificationSettings)'.

16     email_notifications: true,
       ~~~~~~~~~~~~~~~~~~~

screens/NotificationSettingsScreen.tsx:97:37 - error TS2339: Property 'push_notifications' does not exist on type 'NotificationSettings'.

97             <Switch value={settings.push_notifications} onValueChange={() => handleToggle("push_notifications")} color="#FF6B00" />
                                       ~~~~~~~~~~~~~~~~~~

screens/NotificationSettingsScreen.tsx:97:91 - error TS2345: Argument of type '"push_notifications"' is not assignable to parameter of type 'keyof NotificationSettings'.

97             <Switch value={settings.push_notifications} onValueChange={() => handleToggle("push_notifications")} color="#FF6B00" />
                                                                                             ~~~~~~~~~~~~~~~~~~~~

screens/NotificationSettingsScreen.tsx:107:37 - error TS2339: Property 'sms_notifications' does not exist on type 'NotificationSettings'.

107             <Switch value={settings.sms_notifications} onValueChange={() => handleToggle("sms_notifications")} color="#FF6B00" />
                                        ~~~~~~~~~~~~~~~~~

screens/NotificationSettingsScreen.tsx:107:90 - error TS2345: Argument of type '"sms_notifications"' is not assignable to parameter of type 'keyof NotificationSettings'.

107             <Switch value={settings.sms_notifications} onValueChange={() => handleToggle("sms_notifications")} color="#FF6B00" />
                                                                                             ~~~~~~~~~~~~~~~~~~~

screens/NotificationSettingsScreen.tsx:119:49 - error TS2345: Argument of type '"whatsapp_enabled"' is not assignable to parameter of type 'keyof NotificationSettings'.

119               onValueChange={() => handleToggle("whatsapp_enabled")}
                                                    ~~~~~~~~~~~~~~~~~~

screens/NotificationSettingsScreen.tsx:132:31 - error TS2339: Property 'email_notifications' does not exist on type 'NotificationSettings'.

132               value={settings.email_notifications}
                                  ~~~~~~~~~~~~~~~~~~~

screens/NotificationSettingsScreen.tsx:133:49 - error TS2345: Argument of type '"email_notifications"' is not assignable to parameter of type 'keyof NotificationSettings'.

133               onValueChange={() => handleToggle("email_notifications")}
                                                    ~~~~~~~~~~~~~~~~~~~~~

screens/NotificationSettingsScreen.tsx:162:31 - error TS2551: Property 'promotion_alerts' does not exist on type 'NotificationSettings'. Did you mean 'promotional_offers'?

162               value={settings.promotion_alerts}
                                  ~~~~~~~~~~~~~~~~

  services/NotificationService.ts:11:3
    11   promotional_offers: boolean
         ~~~~~~~~~~~~~~~~~~
    'promotional_offers' is declared here.

screens/NotificationSettingsScreen.tsx:163:49 - error TS2345: Argument of type '"promotion_alerts"' is not assignable to parameter of type 'keyof NotificationSettings'.

163               onValueChange={() => handleToggle("promotion_alerts")}
                                                    ~~~~~~~~~~~~~~~~~~

screens/NotificationSettingsScreen.tsx:176:31 - error TS2339: Property 'push_notifications' does not exist on type 'NotificationSettings'.

176               value={settings.push_notifications}
                                  ~~~~~~~~~~~~~~~~~~

screens/NotificationSettingsScreen.tsx:177:49 - error TS2345: Argument of type '"push_notifications"' is not assignable to parameter of type 'keyof NotificationSettings'.

177               onValueChange={() => handleToggle("push_notifications")}
                                                    ~~~~~~~~~~~~~~~~~~~~

screens/NotificationsScreen.tsx:16:15 - error TS2724: '"../components/FeatherIcon"' has no exported member named 'FeatherIconName'. Did you mean 'FeatherIcon'?

16 import type { FeatherIconName } from '../components/FeatherIcon';
                 ~~~~~~~~~~~~~~~

  components/FeatherIcon.tsx:104:14
    104 export const FeatherIcon: React.FC<FeatherIconProps> = ({
                     ~~~~~~~~~~~
    'FeatherIcon' is declared here.

screens/NotificationsScreen.tsx:19:61 - error TS2344: Type '"Notifications"' does not satisfy the constraint 'keyof RootStackParamList'.

19   navigation: NativeStackNavigationProp<RootStackParamList, "Notifications">
                                                               ~~~~~~~~~~~~~~~

screens/NotificationsScreen.tsx:61:27 - error TS2345: Argument of type '["DeliveryDetails", { deliveryId: string; }]' is not assignable to parameter of type '[screen: "Login"] | [screen: "Login", params: undefined] | [screen: "Register"] | [screen: "Register", params: undefined] | [screen: "ForgotPassword"] | [screen: "ForgotPassword", params: undefined] | [screen: "VerifyOTP", params: { phoneNumber: string; isRegistration?: boolean | undefined; }] | ... 21 more ... | [s...'.
  Type '["DeliveryDetails", { deliveryId: string; }]' is not assignable to type '[screen: "TrackDelivery", params: { deliveryId: string; }] | [screen: "BidScreen", params: { deliveryId: string; }] | [screen: "CourierTrackDelivery", params: { deliveryId: string; }]'.
    Type '["DeliveryDetails", { deliveryId: string; }]' is not assignable to type '[screen: "CourierTrackDelivery", params: { deliveryId: string; }]'.
      Type at position 0 in source is not compatible with type at position 0 in target.
        Type '"DeliveryDetails"' is not assignable to type '"CourierTrackDelivery"'.

61       navigation.navigate("DeliveryDetails", { deliveryId })
                             ~~~~~~~~~~~~~~~~~~~~~~~~~~~~~~~~~

screens/NotificationsScreen.tsx:63:27 - error TS2345: Argument of type '["DeliveryDetails", { deliveryId: string; }]' is not assignable to parameter of type '[screen: "Login"] | [screen: "Login", params: undefined] | [screen: "Register"] | [screen: "Register", params: undefined] | [screen: "ForgotPassword"] | [screen: "ForgotPassword", params: undefined] | [screen: "VerifyOTP", params: { phoneNumber: string; isRegistration?: boolean | undefined; }] | ... 21 more ... | [s...'.
  Type '["DeliveryDetails", { deliveryId: string; }]' is not assignable to type '[screen: "TrackDelivery", params: { deliveryId: string; }] | [screen: "BidScreen", params: { deliveryId: string; }] | [screen: "CourierTrackDelivery", params: { deliveryId: string; }]'.
    Type '["DeliveryDetails", { deliveryId: string; }]' is not assignable to type '[screen: "CourierTrackDelivery", params: { deliveryId: string; }]'.
      Type at position 0 in source is not compatible with type at position 0 in target.
        Type '"DeliveryDetails"' is not assignable to type '"CourierTrackDelivery"'.

63       navigation.navigate("DeliveryDetails", { deliveryId })
                             ~~~~~~~~~~~~~~~~~~~~~~~~~~~~~~~~~

screens/NotificationsScreen.tsx:67:27 - error TS2345: Argument of type '["RateDelivery", { deliveryId: string; }]' is not assignable to parameter of type '[screen: "Login"] | [screen: "Login", params: undefined] | [screen: "Register"] | [screen: "Register", params: undefined] | [screen: "ForgotPassword"] | [screen: "ForgotPassword", params: undefined] | [screen: "VerifyOTP", params: { phoneNumber: string; isRegistration?: boolean | undefined; }] | ... 21 more ... | [s...'.
  Type '["RateDelivery", { deliveryId: string; }]' is not assignable to type '[screen: "TrackDelivery", params: { deliveryId: string; }] | [screen: "BidScreen", params: { deliveryId: string; }] | [screen: "CourierTrackDelivery", params: { deliveryId: string; }]'.
    Type '["RateDelivery", { deliveryId: string; }]' is not assignable to type '[screen: "CourierTrackDelivery", params: { deliveryId: string; }]'.
      Type at position 0 in source is not compatible with type at position 0 in target.
        Type '"RateDelivery"' is not assignable to type '"CourierTrackDelivery"'.

67       navigation.navigate("RateDelivery", {
                             ~~~~~~~~~~~~~~~~~
68         deliveryId,
   ~~~~~~~~~~~~~~~~~~~
69       })
   ~~~~~~~

screens/NotificationsScreen.tsx:136:74 - error TS2339: Property 'date' does not exist on type 'Notification'.

136           <Text style={styles.notificationTime}>{formatRelativeTime(item.date || new Date().toISOString())}</Text>
                                                                             ~~~~

screens/OfflineManagerScreen.tsx:253:54 - error TS2769: No overload matches this call.
  Argument of type '["StorageManagementScreen"]' is not assignable to parameter of type '[screen: "Login"] | [screen: "Login", params: undefined] | [screen: "Register"] | [screen: "Register", params: undefined] | [screen: "ForgotPassword"] | [screen: "ForgotPassword", params: undefined] | [screen: "VerifyOTP", params: { phoneNumber: string; isRegistration?: boolean | undefined; }] | ... 21 more ... | [s...'.
    Type '["StorageManagementScreen"]' is not assignable to type '[screen: "Login"] | [screen: "Register"] | [screen: "ForgotPassword"] | [screen: "OTPLogin"] | [screen: "Onboarding"] | [screen: "ClientMain"] | [screen: "CourierMain"] | [screen: "Settings"] | [screen: "CreateDelivery"] | [screen: "PaymentMethods"] | [screen: ...] | [screen: ...]'.
      Type '["StorageManagementScreen"]' is not assignable to type '[screen: "CommunityWallet"]'.
        Type '"StorageManagementScreen"' is not assignable to type '"CommunityWallet"'.
  Overload 2 of 2, '(options: { key: string; params?: undefined; merge?: boolean | undefined; } | { name: "Login"; key?: string | undefined; params: undefined; merge?: boolean | undefined; } | { key: string; params?: undefined; merge?: boolean | undefined; } | ... 30 more ... | { ...; }): void', gave the following error.
    Argument of type 'string' is not assignable to parameter of type '{ key: string; params?: undefined; merge?: boolean | undefined; } | { name: "Login"; key?: string | undefined; params: undefined; merge?: boolean | undefined; } | { key: string; params?: undefined; merge?: boolean | undefined; } | ... 30 more ... | { ...; }'.

253                   onPress={() => navigation.navigate("StorageManagementScreen")}
                                                         ~~~~~~~~~~~~~~~~~~~~~~~~~


screens/OfflineManagerScreen.tsx:272:37 - error TS2769: No overload matches this call.
  Argument of type '["AutoSyncSettingsScreen"]' is not assignable to parameter of type '[screen: "Login"] | [screen: "Login", params: undefined] | [screen: "Register"] | [screen: "Register", params: undefined] | [screen: "ForgotPassword"] | [screen: "ForgotPassword", params: undefined] | [screen: "VerifyOTP", params: { phoneNumber: string; isRegistration?: boolean | undefined; }] | ... 21 more ... | [s...'.
    Type '["AutoSyncSettingsScreen"]' is not assignable to type '[screen: "Login"] | [screen: "Register"] | [screen: "ForgotPassword"] | [screen: "OTPLogin"] | [screen: "Onboarding"] | [screen: "ClientMain"] | [screen: "CourierMain"] | [screen: "Settings"] | [screen: "CreateDelivery"] | [screen: "PaymentMethods"] | [screen: ...] | [screen: ...]'.
      Type '["AutoSyncSettingsScreen"]' is not assignable to type '[screen: "CommunityWallet"]'.
        Type '"AutoSyncSettingsScreen"' is not assignable to type '"CommunityWallet"'.
  Overload 2 of 2, '(options: { key: string; params?: undefined; merge?: boolean | undefined; } | { name: "Login"; key?: string | undefined; params: undefined; merge?: boolean | undefined; } | { key: string; params?: undefined; merge?: boolean | undefined; } | ... 30 more ... | { ...; }): void', gave the following error.
    Argument of type 'string' is not assignable to parameter of type '{ key: string; params?: undefined; merge?: boolean | undefined; } | { name: "Login"; key?: string | undefined; params: undefined; merge?: boolean | undefined; } | { key: string; params?: undefined; merge?: boolean | undefined; } | ... 30 more ... | { ...; }'.

272                 navigation.navigate("AutoSyncSettingsScreen")
                                        ~~~~~~~~~~~~~~~~~~~~~~~~


screens/OfflineManagerScreen.tsx:285:37 - error TS2769: No overload matches this call.
  Argument of type '["DataUsageSettingsScreen"]' is not assignable to parameter of type '[screen: "Login"] | [screen: "Login", params: undefined] | [screen: "Register"] | [screen: "Register", params: undefined] | [screen: "ForgotPassword"] | [screen: "ForgotPassword", params: undefined] | [screen: "VerifyOTP", params: { phoneNumber: string; isRegistration?: boolean | undefined; }] | ... 21 more ... | [s...'.
    Type '["DataUsageSettingsScreen"]' is not assignable to type '[screen: "Login"] | [screen: "Register"] | [screen: "ForgotPassword"] | [screen: "OTPLogin"] | [screen: "Onboarding"] | [screen: "ClientMain"] | [screen: "CourierMain"] | [screen: "Settings"] | [screen: "CreateDelivery"] | [screen: "PaymentMethods"] | [screen: ...] | [screen: ...]'.
      Type '["DataUsageSettingsScreen"]' is not assignable to type '[screen: "CommunityWallet"]'.
        Type '"DataUsageSettingsScreen"' is not assignable to type '"CommunityWallet"'.
  Overload 2 of 2, '(options: { key: string; params?: undefined; merge?: boolean | undefined; } | { name: "Login"; key?: string | undefined; params: undefined; merge?: boolean | undefined; } | { key: string; params?: undefined; merge?: boolean | undefined; } | ... 30 more ... | { ...; }): void', gave the following error.
    Argument of type 'string' is not assignable to parameter of type '{ key: string; params?: undefined; merge?: boolean | undefined; } | { name: "Login"; key?: string | undefined; params: undefined; merge?: boolean | undefined; } | { key: string; params?: undefined; merge?: boolean | undefined; } | ... 30 more ... | { ...; }'.

285                 navigation.navigate("DataUsageSettingsScreen")
                                        ~~~~~~~~~~~~~~~~~~~~~~~~~


screens/SettingsScreen.tsx:13:15 - error TS2305: Module '"../types/navigation"' has no exported member 'SettingsScreenNavigationProp'.

13 import type { SettingsScreenNavigationProp } from "../types/navigation"
                 ~~~~~~~~~~~~~~~~~~~~~~~~~~~~

screens/SupportScreen.tsx:35:61 - error TS2344: Type '"Support"' does not satisfy the constraint 'keyof RootStackParamList'.

35   navigation: NativeStackNavigationProp<RootStackParamList, "Support">
                                                               ~~~~~~~~~

screens/SupportScreen.tsx:103:18 - error TS2345: Argument of type 'SupportTicket[]' is not assignable to parameter of type 'SetStateAction<SupportTicket[]>'.
  Type 'import("/home/runner/workspace/mobile/services/api").SupportTicket[]' is not assignable to type 'SupportTicket[]'.
    Type 'SupportTicket' is missing the following properties from type 'SupportTicket': updated_at, messages

103       setTickets(ticketsData)
                     ~~~~~~~~~~~

screens/SupportScreen.tsx:154:26 - error TS2345: Argument of type '{ type: "support_ticket"; data: { subject: string; message: string; images: string[]; }; }' is not assignable to parameter of type 'Omit<PendingOperation, "id" | "timestamp">'.
  Property 'retries' is missing in type '{ type: "support_ticket"; data: { subject: string; message: string; images: string[]; }; }' but required in type 'Omit<PendingOperation, "id" | "timestamp">'.

154         addPendingUpload({
                             ~
155           type: "support_ticket",
    ~~~~~~~~~~~~~~~~~~~~~~~~~~~~~~~~~
... 
161 
    
162         })
    ~~~~~~~~~

  types/models.ts:175:3
    175   retries: number
          ~~~~~~~
    'retries' is declared here.

screens/SupportScreen.tsx:216:26 - error TS2345: Argument of type '{ type: "ticket_reply"; data: { ticketId: string; message: string; }; }' is not assignable to parameter of type 'Omit<PendingOperation, "id" | "timestamp">'.
  Property 'retries' is missing in type '{ type: "ticket_reply"; data: { ticketId: string; message: string; }; }' but required in type 'Omit<PendingOperation, "id" | "timestamp">'.

216         addPendingUpload({
                             ~
217           type: "ticket_reply",
    ~~~~~~~~~~~~~~~~~~~~~~~~~~~~~~~
... 
221           },
    ~~~~~~~~~~~~
222         })
    ~~~~~~~~~

  types/models.ts:175:3
    175   retries: number
          ~~~~~~~
    'retries' is declared here.

screens/VoiceAssistantScreen.tsx:178:59 - error TS2322: Type '"ClientTabs"' is not assignable to type 'keyof RootStackParamList'.

178       'Login', 'Register', 'VerifyOTP', 'ForgotPassword', 'ClientTabs', 'CourierTabs',
                                                              ~~~~~~~~~~~~

screens/VoiceAssistantScreen.tsx:178:73 - error TS2322: Type '"CourierTabs"' is not assignable to type 'keyof RootStackParamList'.

178       'Login', 'Register', 'VerifyOTP', 'ForgotPassword', 'ClientTabs', 'CourierTabs',
                                                                            ~~~~~~~~~~~~~

screens/VoiceAssistantScreen.tsx:179:7 - error TS2322: Type '"Home"' is not assignable to type 'keyof RootStackParamList'.

179       'Home', 'CreateDelivery', 'MerchantDetails', 'DeliveryDetails', 'Bids', 'TrackDelivery',
          ~~~~~~

screens/VoiceAssistantScreen.tsx:179:33 - error TS2322: Type '"MerchantDetails"' is not assignable to type 'keyof RootStackParamList'.

179       'Home', 'CreateDelivery', 'MerchantDetails', 'DeliveryDetails', 'Bids', 'TrackDelivery',
                                    ~~~~~~~~~~~~~~~~~

screens/VoiceAssistantScreen.tsx:179:52 - error TS2322: Type '"DeliveryDetails"' is not assignable to type 'keyof RootStackParamList'.

179       'Home', 'CreateDelivery', 'MerchantDetails', 'DeliveryDetails', 'Bids', 'TrackDelivery',
                                                       ~~~~~~~~~~~~~~~~~

screens/VoiceAssistantScreen.tsx:179:71 - error TS2322: Type '"Bids"' is not assignable to type 'keyof RootStackParamList'.

179       'Home', 'CreateDelivery', 'MerchantDetails', 'DeliveryDetails', 'Bids', 'TrackDelivery',
                                                                          ~~~~~~

screens/VoiceAssistantScreen.tsx:180:18 - error TS2820: Type '"RateDelivery"' is not assignable to type 'keyof RootStackParamList'. Did you mean '"CreateDelivery"'?

180       'Payment', 'RateDelivery', 'EnhancedRateDelivery', 'Bid', 'CourierTrackDelivery',
                     ~~~~~~~~~~~~~~

screens/VoiceAssistantScreen.tsx:180:34 - error TS2820: Type '"EnhancedRateDelivery"' is not assignable to type 'keyof RootStackParamList'. Did you mean '"CreateDelivery"'?

180       'Payment', 'RateDelivery', 'EnhancedRateDelivery', 'Bid', 'CourierTrackDelivery',
                                     ~~~~~~~~~~~~~~~~~~~~~~

screens/VoiceAssistantScreen.tsx:180:58 - error TS2322: Type '"Bid"' is not assignable to type 'keyof RootStackParamList'.

180       'Payment', 'RateDelivery', 'EnhancedRateDelivery', 'Bid', 'CourierTrackDelivery',
                                                             ~~~~~

screens/VoiceAssistantScreen.tsx:181:7 - error TS2322: Type '"CourierStatus"' is not assignable to type 'keyof RootStackParamList'.

181       'CourierStatus', 'CourierStats', 'CollaborativeDeliveries', 'CollaborativeDeliveryDetails',
          ~~~~~~~~~~~~~~~

screens/VoiceAssistantScreen.tsx:181:24 - error TS2322: Type '"CourierStats"' is not assignable to type 'keyof RootStackParamList'.

181       'CourierStatus', 'CourierStats', 'CollaborativeDeliveries', 'CollaborativeDeliveryDetails',
                           ~~~~~~~~~~~~~~

screens/VoiceAssistantScreen.tsx:181:40 - error TS2322: Type '"CollaborativeDeliveries"' is not assignable to type 'keyof RootStackParamList'.

181       'CourierStatus', 'CourierStats', 'CollaborativeDeliveries', 'CollaborativeDeliveryDetails',
                                           ~~~~~~~~~~~~~~~~~~~~~~~~~

screens/VoiceAssistantScreen.tsx:181:67 - error TS2322: Type '"CollaborativeDeliveryDetails"' is not assignable to type 'keyof RootStackParamList'.

181       'CourierStatus', 'CourierStats', 'CollaborativeDeliveries', 'CollaborativeDeliveryDetails',
                                                                      ~~~~~~~~~~~~~~~~~~~~~~~~~~~~~~

screens/VoiceAssistantScreen.tsx:182:7 - error TS2322: Type '"JoinCollaborativeDelivery"' is not assignable to type 'keyof RootStackParamList'.

182       'JoinCollaborativeDelivery', 'CollaborativeChat', 'Gamification', 'CommunityWallet',
          ~~~~~~~~~~~~~~~~~~~~~~~~~~~

screens/VoiceAssistantScreen.tsx:182:36 - error TS2322: Type '"CollaborativeChat"' is not assignable to type 'keyof RootStackParamList'.

182       'JoinCollaborativeDelivery', 'CollaborativeChat', 'Gamification', 'CommunityWallet',
                                       ~~~~~~~~~~~~~~~~~~~

screens/VoiceAssistantScreen.tsx:183:7 - error TS2322: Type '"VehicleManagement"' is not assignable to type 'keyof RootStackParamList'.

183       'VehicleManagement', 'CourierProfile', 'Notifications', 'Support', 'LanguageSettings',
          ~~~~~~~~~~~~~~~~~~~

screens/VoiceAssistantScreen.tsx:183:28 - error TS2322: Type '"CourierProfile"' is not assignable to type 'keyof RootStackParamList'.

183       'VehicleManagement', 'CourierProfile', 'Notifications', 'Support', 'LanguageSettings',
                               ~~~~~~~~~~~~~~~~

screens/VoiceAssistantScreen.tsx:183:46 - error TS2322: Type '"Notifications"' is not assignable to type 'keyof RootStackParamList'.

183       'VehicleManagement', 'CourierProfile', 'Notifications', 'Support', 'LanguageSettings',
                                                 ~~~~~~~~~~~~~~~

screens/VoiceAssistantScreen.tsx:183:63 - error TS2322: Type '"Support"' is not assignable to type 'keyof RootStackParamList'.

183       'VehicleManagement', 'CourierProfile', 'Notifications', 'Support', 'LanguageSettings',
                                                                  ~~~~~~~~~

screens/VoiceAssistantScreen.tsx:183:74 - error TS2322: Type '"LanguageSettings"' is not assignable to type 'keyof RootStackParamList'.

183       'VehicleManagement', 'CourierProfile', 'Notifications', 'Support', 'LanguageSettings',
                                                                             ~~~~~~~~~~~~~~~~~~

screens/VoiceAssistantScreen.tsx:184:7 - error TS2322: Type '"Main"' is not assignable to type 'keyof RootStackParamList'.

184       'Main', 'ClientHome', 'Marketplace', 'DeliveryHistory', 'Settings', 'CourierHome',
          ~~~~~~

screens/VoiceAssistantScreen.tsx:184:15 - error TS2322: Type '"ClientHome"' is not assignable to type 'keyof RootStackParamList'.

184       'Main', 'ClientHome', 'Marketplace', 'DeliveryHistory', 'Settings', 'CourierHome',
                  ~~~~~~~~~~~~

screens/VoiceAssistantScreen.tsx:184:29 - error TS2322: Type '"Marketplace"' is not assignable to type 'keyof RootStackParamList'.

184       'Main', 'ClientHome', 'Marketplace', 'DeliveryHistory', 'Settings', 'CourierHome',
                                ~~~~~~~~~~~~~

screens/VoiceAssistantScreen.tsx:184:44 - error TS2322: Type '"DeliveryHistory"' is not assignable to type 'keyof RootStackParamList'.

184       'Main', 'ClientHome', 'Marketplace', 'DeliveryHistory', 'Settings', 'CourierHome',
                                               ~~~~~~~~~~~~~~~~~

screens/VoiceAssistantScreen.tsx:184:75 - error TS2322: Type '"CourierHome"' is not assignable to type 'keyof RootStackParamList'.

184       'Main', 'ClientHome', 'Marketplace', 'DeliveryHistory', 'Settings', 'CourierHome',
                                                                              ~~~~~~~~~~~~~

screens/VoiceAssistantScreen.tsx:185:7 - error TS2820: Type '"CourierEarnings"' is not assignable to type 'keyof RootStackParamList'. Did you mean '"CourierMain"'?

185       'CourierEarnings', 'CourierDeliveryHistory', 'WebPayment', 'Cart', 'Profile',
          ~~~~~~~~~~~~~~~~~

screens/VoiceAssistantScreen.tsx:185:26 - error TS2322: Type '"CourierDeliveryHistory"' is not assignable to type 'keyof RootStackParamList'.

185       'CourierEarnings', 'CourierDeliveryHistory', 'WebPayment', 'Cart', 'Profile',
                             ~~~~~~~~~~~~~~~~~~~~~~~~

screens/VoiceAssistantScreen.tsx:185:52 - error TS2820: Type '"WebPayment"' is not assignable to type 'keyof RootStackParamList'. Did you mean '"Payment"'?

185       'CourierEarnings', 'CourierDeliveryHistory', 'WebPayment', 'Cart', 'Profile',
                                                       ~~~~~~~~~~~~

screens/VoiceAssistantScreen.tsx:185:66 - error TS2322: Type '"Cart"' is not assignable to type 'keyof RootStackParamList'.

185       'CourierEarnings', 'CourierDeliveryHistory', 'WebPayment', 'Cart', 'Profile',
                                                                     ~~~~~~

screens/VoiceAssistantScreen.tsx:185:74 - error TS2322: Type '"Profile"' is not assignable to type 'keyof RootStackParamList'.

185       'CourierEarnings', 'CourierDeliveryHistory', 'WebPayment', 'Cart', 'Profile',
                                                                             ~~~~~~~~~

screens/VoiceAssistantScreen.tsx:186:7 - error TS2322: Type '"NotificationSettings"' is not assignable to type 'keyof RootStackParamList'.

186       'NotificationSettings', 'SecuritySettings', 'ChangePassword', 'SecurityQuestions',
          ~~~~~~~~~~~~~~~~~~~~~~

screens/VoiceAssistantScreen.tsx:186:31 - error TS2322: Type '"SecuritySettings"' is not assignable to type 'keyof RootStackParamList'.

186       'NotificationSettings', 'SecuritySettings', 'ChangePassword', 'SecurityQuestions',
                                  ~~~~~~~~~~~~~~~~~~

screens/VoiceAssistantScreen.tsx:186:51 - error TS2322: Type '"ChangePassword"' is not assignable to type 'keyof RootStackParamList'.

186       'NotificationSettings', 'SecuritySettings', 'ChangePassword', 'SecurityQuestions',
                                                      ~~~~~~~~~~~~~~~~

screens/VoiceAssistantScreen.tsx:186:69 - error TS2322: Type '"SecurityQuestions"' is not assignable to type 'keyof RootStackParamList'.

186       'NotificationSettings', 'SecuritySettings', 'ChangePassword', 'SecurityQuestions',
                                                                        ~~~~~~~~~~~~~~~~~~~

screens/VoiceAssistantScreen.tsx:187:7 - error TS2322: Type '"StorageManagementScreen"' is not assignable to type 'keyof RootStackParamList'.

187       'StorageManagementScreen', 'AutoSyncSettingsScreen', 'DataUsageSettingsScreen',
          ~~~~~~~~~~~~~~~~~~~~~~~~~

screens/VoiceAssistantScreen.tsx:187:34 - error TS2322: Type '"AutoSyncSettingsScreen"' is not assignable to type 'keyof RootStackParamList'.

187       'StorageManagementScreen', 'AutoSyncSettingsScreen', 'DataUsageSettingsScreen',
                                     ~~~~~~~~~~~~~~~~~~~~~~~~

screens/VoiceAssistantScreen.tsx:187:60 - error TS2322: Type '"DataUsageSettingsScreen"' is not assignable to type 'keyof RootStackParamList'.

187       'StorageManagementScreen', 'AutoSyncSettingsScreen', 'DataUsageSettingsScreen',
                                                               ~~~~~~~~~~~~~~~~~~~~~~~~~

screens/VoiceAssistantScreen.tsx:188:7 - error TS2322: Type '"WeatherScreen"' is not assignable to type 'keyof RootStackParamList'.

188       'WeatherScreen', 'GamificationScreen', 'AvailableDeliveries'
          ~~~~~~~~~~~~~~~

screens/VoiceAssistantScreen.tsx:188:24 - error TS2820: Type '"GamificationScreen"' is not assignable to type 'keyof RootStackParamList'. Did you mean '"Gamification"'?

188       'WeatherScreen', 'GamificationScreen', 'AvailableDeliveries'
                           ~~~~~~~~~~~~~~~~~~~~

screens/VoiceAssistantScreen.tsx:188:46 - error TS2322: Type '"AvailableDeliveries"' is not assignable to type 'keyof RootStackParamList'.

188       'WeatherScreen', 'GamificationScreen', 'AvailableDeliveries'
                                                 ~~~~~~~~~~~~~~~~~~~~~

screens/VoiceAssistantScreen.tsx:203:14 - error TS2678: Type '"ClientTabs"' is not comparable to type 'keyof RootStackParamList'.

203         case 'ClientTabs':
                 ~~~~~~~~~~~~

screens/VoiceAssistantScreen.tsx:204:14 - error TS2678: Type '"CourierTabs"' is not comparable to type 'keyof RootStackParamList'.

204         case 'CourierTabs':
                 ~~~~~~~~~~~~~

screens/VoiceAssistantScreen.tsx:205:14 - error TS2678: Type '"Home"' is not comparable to type 'keyof RootStackParamList'.

205         case 'Home':
                 ~~~~~~

screens/VoiceAssistantScreen.tsx:207:14 - error TS2678: Type '"CourierStats"' is not comparable to type 'keyof RootStackParamList'.

207         case 'CourierStats':
                 ~~~~~~~~~~~~~~

screens/VoiceAssistantScreen.tsx:208:14 - error TS2678: Type '"CollaborativeDeliveries"' is not comparable to type 'keyof RootStackParamList'.

208         case 'CollaborativeDeliveries':
                 ~~~~~~~~~~~~~~~~~~~~~~~~~

screens/VoiceAssistantScreen.tsx:211:14 - error TS2678: Type '"VehicleManagement"' is not comparable to type 'keyof RootStackParamList'.

211         case 'VehicleManagement':
                 ~~~~~~~~~~~~~~~~~~~

screens/VoiceAssistantScreen.tsx:212:14 - error TS2678: Type '"Notifications"' is not comparable to type 'keyof RootStackParamList'.

212         case 'Notifications':
                 ~~~~~~~~~~~~~~~

screens/VoiceAssistantScreen.tsx:213:14 - error TS2678: Type '"Support"' is not comparable to type 'keyof RootStackParamList'.

213         case 'Support':
                 ~~~~~~~~~

screens/VoiceAssistantScreen.tsx:214:14 - error TS2678: Type '"LanguageSettings"' is not comparable to type 'keyof RootStackParamList'.

214         case 'LanguageSettings':
                 ~~~~~~~~~~~~~~~~~~

screens/VoiceAssistantScreen.tsx:215:14 - error TS2678: Type '"Main"' is not comparable to type 'keyof RootStackParamList'.

215         case 'Main':
                 ~~~~~~

screens/VoiceAssistantScreen.tsx:216:14 - error TS2678: Type '"ClientHome"' is not comparable to type 'keyof RootStackParamList'.

216         case 'ClientHome':
                 ~~~~~~~~~~~~

screens/VoiceAssistantScreen.tsx:217:14 - error TS2678: Type '"DeliveryHistory"' is not comparable to type 'keyof RootStackParamList'.

217         case 'DeliveryHistory':
                 ~~~~~~~~~~~~~~~~~

screens/VoiceAssistantScreen.tsx:219:14 - error TS2678: Type '"CourierHome"' is not comparable to type 'keyof RootStackParamList'.

219         case 'CourierHome':
                 ~~~~~~~~~~~~~

screens/VoiceAssistantScreen.tsx:220:14 - error TS2678: Type '"CourierEarnings"' is not comparable to type 'keyof RootStackParamList'.

220         case 'CourierEarnings':
                 ~~~~~~~~~~~~~~~~~

screens/VoiceAssistantScreen.tsx:221:14 - error TS2678: Type '"CourierDeliveryHistory"' is not comparable to type 'keyof RootStackParamList'.

221         case 'CourierDeliveryHistory':
                 ~~~~~~~~~~~~~~~~~~~~~~~~

screens/VoiceAssistantScreen.tsx:222:14 - error TS2678: Type '"Profile"' is not comparable to type 'keyof RootStackParamList'.

222         case 'Profile':
                 ~~~~~~~~~

screens/VoiceAssistantScreen.tsx:223:14 - error TS2678: Type '"NotificationSettings"' is not comparable to type 'keyof RootStackParamList'.

223         case 'NotificationSettings':
                 ~~~~~~~~~~~~~~~~~~~~~~

screens/VoiceAssistantScreen.tsx:224:14 - error TS2678: Type '"SecuritySettings"' is not comparable to type 'keyof RootStackParamList'.

224         case 'SecuritySettings':
                 ~~~~~~~~~~~~~~~~~~

screens/VoiceAssistantScreen.tsx:225:14 - error TS2678: Type '"ChangePassword"' is not comparable to type 'keyof RootStackParamList'.

225         case 'ChangePassword':
                 ~~~~~~~~~~~~~~~~

screens/VoiceAssistantScreen.tsx:226:14 - error TS2678: Type '"SecurityQuestions"' is not comparable to type 'keyof RootStackParamList'.

226         case 'SecurityQuestions':
                 ~~~~~~~~~~~~~~~~~~~

screens/VoiceAssistantScreen.tsx:227:14 - error TS2678: Type '"StorageManagementScreen"' is not comparable to type 'keyof RootStackParamList'.

227         case 'StorageManagementScreen':
                 ~~~~~~~~~~~~~~~~~~~~~~~~~

screens/VoiceAssistantScreen.tsx:228:14 - error TS2678: Type '"AutoSyncSettingsScreen"' is not comparable to type 'keyof RootStackParamList'.

228         case 'AutoSyncSettingsScreen':
                 ~~~~~~~~~~~~~~~~~~~~~~~~

screens/VoiceAssistantScreen.tsx:229:14 - error TS2678: Type '"DataUsageSettingsScreen"' is not comparable to type 'keyof RootStackParamList'.

229         case 'DataUsageSettingsScreen':
                 ~~~~~~~~~~~~~~~~~~~~~~~~~

screens/VoiceAssistantScreen.tsx:230:14 - error TS2678: Type '"GamificationScreen"' is not comparable to type 'keyof RootStackParamList'.

230         case 'GamificationScreen':
                 ~~~~~~~~~~~~~~~~~~~~

screens/VoiceAssistantScreen.tsx:231:14 - error TS2678: Type '"AvailableDeliveries"' is not comparable to type 'keyof RootStackParamList'.

231         case 'AvailableDeliveries':
                 ~~~~~~~~~~~~~~~~~~~~~

screens/VoiceAssistantScreen.tsx:234:14 - error TS2678: Type '"Marketplace"' is not comparable to type 'keyof RootStackParamList'.

234         case 'Marketplace':
                 ~~~~~~~~~~~~~

screens/VoiceAssistantScreen.tsx:241:14 - error TS2678: Type '"CourierStatus"' is not comparable to type 'keyof RootStackParamList'.

241         case 'CourierStatus':
                 ~~~~~~~~~~~~~~~

screens/VoiceAssistantScreen.tsx:253:14 - error TS2678: Type '"MerchantDetails"' is not comparable to type 'keyof RootStackParamList'.

253         case 'MerchantDetails':
                 ~~~~~~~~~~~~~~~~~

screens/VoiceAssistantScreen.tsx:258:14 - error TS2678: Type '"DeliveryDetails"' is not comparable to type 'keyof RootStackParamList'.

258         case 'DeliveryDetails':
                 ~~~~~~~~~~~~~~~~~

screens/VoiceAssistantScreen.tsx:259:14 - error TS2678: Type '"Bids"' is not comparable to type 'keyof RootStackParamList'.

259         case 'Bids':
                 ~~~~~~

screens/VoiceAssistantScreen.tsx:261:14 - error TS2678: Type '"Bid"' is not comparable to type 'keyof RootStackParamList'.

261         case 'Bid':
                 ~~~~~

screens/VoiceAssistantScreen.tsx:263:14 - error TS2678: Type '"JoinCollaborativeDelivery"' is not comparable to type 'keyof RootStackParamList'.

263         case 'JoinCollaborativeDelivery':
                 ~~~~~~~~~~~~~~~~~~~~~~~~~~~

screens/VoiceAssistantScreen.tsx:264:14 - error TS2678: Type '"CollaborativeChat"' is not comparable to type 'keyof RootStackParamList'.

264         case 'CollaborativeChat':
                 ~~~~~~~~~~~~~~~~~~~

screens/VoiceAssistantScreen.tsx:265:14 - error TS2678: Type '"RateDelivery"' is not comparable to type 'keyof RootStackParamList'.

265         case 'RateDelivery':
                 ~~~~~~~~~~~~~~

screens/VoiceAssistantScreen.tsx:266:14 - error TS2678: Type '"EnhancedRateDelivery"' is not comparable to type 'keyof RootStackParamList'.

266         case 'EnhancedRateDelivery':
                 ~~~~~~~~~~~~~~~~~~~~~~

screens/VoiceAssistantScreen.tsx:271:14 - error TS2678: Type '"CollaborativeDeliveryDetails"' is not comparable to type 'keyof RootStackParamList'.

271         case 'CollaborativeDeliveryDetails':
                 ~~~~~~~~~~~~~~~~~~~~~~~~~~~~~~

screens/VoiceAssistantScreen.tsx:281:14 - error TS2678: Type '"CourierProfile"' is not comparable to type 'keyof RootStackParamList'.

281         case 'CourierProfile':
                 ~~~~~~~~~~~~~~~~

screens/VoiceAssistantScreen.tsx:286:14 - error TS2678: Type '"WebPayment"' is not comparable to type 'keyof RootStackParamList'.

286         case 'WebPayment':
                 ~~~~~~~~~~~~

screens/VoiceAssistantScreen.tsx:291:14 - error TS2678: Type '"Cart"' is not comparable to type 'keyof RootStackParamList'.

291         case 'Cart':
                 ~~~~~~

screens/VoiceAssistantScreen.tsx:296:14 - error TS2678: Type '"WeatherScreen"' is not comparable to type 'keyof RootStackParamList'.

296         case 'WeatherScreen':
                 ~~~~~~~~~~~~~~~

screens/VoiceAssistantScreen.tsx:329:28 - error TS2345: Argument of type '"WeatherScreen"' is not assignable to parameter of type 'keyof RootStackParamList'.

329           navigateToScreen("WeatherScreen", { location: data?.location || "Abidjan" })
                               ~~~~~~~~~~~~~~~

screens/VoiceAssistantScreen.tsx:333:30 - error TS2345: Argument of type '"Marketplace"' is not assignable to parameter of type 'keyof RootStackParamList'.

333             navigateToScreen("Marketplace", { category: (data.params as { category?: string }).category })
                                 ~~~~~~~~~~~~~

screens/VoiceAssistantScreen.tsx:335:30 - error TS2345: Argument of type '"Marketplace"' is not assignable to parameter of type 'keyof RootStackParamList'.

335             navigateToScreen("Marketplace")
                                 ~~~~~~~~~~~~~

screens/VoiceAssistantScreen.tsx:339:28 - error TS2345: Argument of type '"CourierEarnings"' is not assignable to parameter of type 'keyof RootStackParamList'.

339           navigateToScreen("CourierEarnings")
                               ~~~~~~~~~~~~~~~~~

screens/VoiceAssistantScreen.tsx:343:28 - error TS2345: Argument of type '"CourierStatus"' is not assignable to parameter of type 'keyof RootStackParamList'.

343           navigateToScreen("CourierStatus", { initialStatus: action === "goOnline" })
                               ~~~~~~~~~~~~~~~

screens/auth/ClassicLoginScreen.tsx:18:61 - error TS2344: Type '"ClassicLogin"' does not satisfy the constraint 'keyof RootStackParamList'.

18   navigation: NativeStackNavigationProp<RootStackParamList, "ClassicLogin">
                                                               ~~~~~~~~~~~~~~

screens/auth/ForgotPasswordScreen.tsx:55:44 - error TS2353: Object literal may only specify known properties, and 'phone' does not exist in type '{ phoneNumber: string; isRegistration?: boolean | undefined; }'.

55         navigation.navigate("VerifyOTP", { phone: phone })
                                              ~~~~~

screens/auth/LoginScreen.tsx:111:50 - error TS2769: No overload matches this call.
  Argument of type '["ClassicLogin"]' is not assignable to parameter of type '[screen: "Login"] | [screen: "Login", params: undefined] | [screen: "Register"] | [screen: "Register", params: undefined] | [screen: "ForgotPassword"] | [screen: "ForgotPassword", params: undefined] | [screen: "VerifyOTP", params: { phoneNumber: string; isRegistration?: boolean | undefined; }] | ... 21 more ... | [s...'.
    Type '["ClassicLogin"]' is not assignable to type '[screen: "Login"] | [screen: "Register"] | [screen: "ForgotPassword"] | [screen: "OTPLogin"] | [screen: "Onboarding"] | [screen: "ClientMain"] | [screen: "CourierMain"] | [screen: "Settings"] | [screen: "CreateDelivery"] | [screen: "PaymentMethods"] | [screen: ...] | [screen: ...]'.
      Type '["ClassicLogin"]' is not assignable to type '[screen: "CommunityWallet"]'.
        Type '"ClassicLogin"' is not assignable to type '"CommunityWallet"'.
  Overload 2 of 2, '(options: { key: string; params?: undefined; merge?: boolean | undefined; } | { name: "Login"; key?: string | undefined; params: undefined; merge?: boolean | undefined; } | { key: string; params?: undefined; merge?: boolean | undefined; } | ... 30 more ... | { ...; }): void', gave the following error.
    Argument of type 'string' is not assignable to parameter of type '{ key: string; params?: undefined; merge?: boolean | undefined; } | { name: "Login"; key?: string | undefined; params: undefined; merge?: boolean | undefined; } | { key: string; params?: undefined; merge?: boolean | undefined; } | ... 30 more ... | { ...; }'.

111               onPress={() => navigation.navigate("ClassicLogin")}
                                                     ~~~~~~~~~~~~~~


screens/auth/OTPLoginScreen.tsx:148:22 - error TS2322: Type '"CourierTabs"' is not assignable to type 'keyof RootStackParamList'.

148           routes: [{ name: 'CourierTabs' }],
                         ~~~~

  node_modules/@react-navigation/routers/lib/typescript/src/types.d.ts:59:5
    59     name: RouteName;
           ~~~~
    The expected type comes from property 'name' which is declared here on type 'NavigationRoute<RootStackParamList, keyof RootStackParamList> | PartialRoute<Route<keyof RootStackParamList, object | undefined>>'

screens/auth/OTPLoginScreen.tsx:153:22 - error TS2322: Type '"ClientTabs"' is not assignable to type 'keyof RootStackParamList'.

153           routes: [{ name: 'ClientTabs' }],
                         ~~~~

  node_modules/@react-navigation/routers/lib/typescript/src/types.d.ts:59:5
    59     name: RouteName;
           ~~~~
    The expected type comes from property 'name' which is declared here on type 'NavigationRoute<RootStackParamList, keyof RootStackParamList> | PartialRoute<Route<keyof RootStackParamList, object | undefined>>'

screens/auth/RegisterScreen.tsx:157:22 - error TS2693: 'UserRole' only refers to a type, but is being used as a value here.

157         if (role === UserRole.COURIER && !licensePlate) {
                         ~~~~~~~~

screens/auth/RegisterScreen.tsx:209:18 - error TS2693: 'UserRole' only refers to a type, but is being used as a value here.

209     if (role === UserRole.COURIER && !licensePlate) {
                     ~~~~~~~~

screens/auth/RegisterScreen.tsx:263:20 - error TS2693: 'UserRole' only refers to a type, but is being used as a value here.

263       if (role === UserRole.COURIER) {
                       ~~~~~~~~

screens/auth/RegisterScreen.tsx:271:44 - error TS2353: Object literal may only specify known properties, and 'phone' does not exist in type '{ phoneNumber: string; isRegistration?: boolean | undefined; }'.

271         navigation.navigate("VerifyOTP", { phone })
                                               ~~~~~

screens/auth/RegisterScreen.tsx:274:26 - error TS2345: Argument of type '{ type: "register"; data: { full_name: string; phone: string; email?: string; password: string; role: UserRole; commune?: string; language_preference: LanguageCode; vehicle_type?: VehicleType; license_plate?: string; }; }' is not assignable to parameter of type 'Omit<PendingOperation, "id" | "timestamp">'.
  Property 'retries' is missing in type '{ type: "register"; data: { full_name: string; phone: string; email?: string; password: string; role: UserRole; commune?: string; language_preference: LanguageCode; vehicle_type?: VehicleType; license_plate?: string; }; }' but required in type 'Omit<PendingOperation, "id" | "timestamp">'.

274         addPendingUpload({
                             ~
275           type: "register",
    ~~~~~~~~~~~~~~~~~~~~~~~~~~~
276           data: userData,
    ~~~~~~~~~~~~~~~~~~~~~~~~~
277         })
    ~~~~~~~~~

  types/models.ts:175:3
    175   retries: number
          ~~~~~~~
    'retries' is declared here.

screens/auth/RegisterScreen.tsx:383:32 - error TS2693: 'UserRole' only refers to a type, but is being used as a value here.

383                       role === UserRole.COURIER && styles.roleButtonActive
                                   ~~~~~~~~

screens/auth/RegisterScreen.tsx:385:44 - error TS2693: 'UserRole' only refers to a type, but is being used as a value here.

385                     onPress={() => setRole(UserRole.COURIER)}
                                               ~~~~~~~~

screens/auth/RegisterScreen.tsx:392:45 - error TS2693: 'UserRole' only refers to a type, but is being used as a value here.

392                         iconColor={role === UserRole.COURIER ? "#FFFFFF" : "#FF6B00"}
                                                ~~~~~~~~

screens/auth/RegisterScreen.tsx:397:32 - error TS2693: 'UserRole' only refers to a type, but is being used as a value here.

397                       role === UserRole.COURIER && styles.roleButtonTextActive
                                   ~~~~~~~~

screens/auth/RegisterScreen.tsx:624:19 - error TS2693: 'UserRole' only refers to a type, but is being used as a value here.

624         {role === UserRole.COURIER && (
                      ~~~~~~~~

screens/auth/VerifyOTPScreen.tsx:39:11 - error TS2339: Property 'phone' does not exist on type 'Readonly<{ phoneNumber: string; isRegistration?: boolean | undefined; }>'.

39   const { phone } = route.params
             ~~~~~

screens/auth/VerifyOTPScreen.tsx:108:22 - error TS2322: Type '"ClientTabs"' is not assignable to type 'keyof RootStackParamList'.

108           routes: [{ name: "ClientTabs" }],
                         ~~~~

  node_modules/@react-navigation/routers/lib/typescript/src/types.d.ts:59:5
    59     name: RouteName;
           ~~~~
    The expected type comes from property 'name' which is declared here on type 'NavigationRoute<RootStackParamList, keyof RootStackParamList> | PartialRoute<Route<keyof RootStackParamList, object | undefined>>'

screens/client/ActiveOrderTrackingScreen.tsx:70:41 - error TS2345: Argument of type 'number' is not assignable to parameter of type 'string'.

70         DeliveryService.getDeliveryById(Number(deliveryId)),
                                           ~~~~~~~~~~~~~~~~~~

screens/client/ActiveOrderTrackingScreen.tsx:71:25 - error TS2339: Property 'getDeliveryStatusTimeline' does not exist on type 'typeof DeliveryService'.

71         DeliveryService.getDeliveryStatusTimeline(Number(deliveryId))
                           ~~~~~~~~~~~~~~~~~~~~~~~~~

screens/client/ActiveOrderTrackingScreen.tsx:205:46 - error TS2345: Argument of type '["RateDelivery", { deliveryId: string; }]' is not assignable to parameter of type '[screen: "Login"] | [screen: "Login", params: undefined] | [screen: "Register"] | [screen: "Register", params: undefined] | [screen: "ForgotPassword"] | [screen: "ForgotPassword", params: undefined] | [screen: "VerifyOTP", params: { phoneNumber: string; isRegistration?: boolean | undefined; }] | ... 21 more ... | [s...'.
  Type '["RateDelivery", { deliveryId: string; }]' is not assignable to type '[screen: "TrackDelivery", params: { deliveryId: string; }] | [screen: "BidScreen", params: { deliveryId: string; }] | [screen: "CourierTrackDelivery", params: { deliveryId: string; }]'.
    Type '["RateDelivery", { deliveryId: string; }]' is not assignable to type '[screen: "CourierTrackDelivery", params: { deliveryId: string; }]'.
      Type at position 0 in source is not compatible with type at position 0 in target.
        Type '"RateDelivery"' is not assignable to type '"CourierTrackDelivery"'.

205           onPress: () => navigation.navigate('RateDelivery', { deliveryId })
                                                 ~~~~~~~~~~~~~~~~~~~~~~~~~~~~~~

screens/client/ActiveOrderTrackingScreen.tsx:293:51 - error TS2339: Property 'avatar' does not exist on type 'Courier'.

293                   source={{ uri: delivery.courier.avatar || 'https://via.placeholder.com/50' }}
                                                      ~~~~~~

screens/client/ActiveOrderTrackingScreen.tsx:300:41 - error TS2339: Property 'average_rating' does not exist on type 'Courier'.

300                       {delivery.courier.average_rating?.toFixed(1) || 'N/A'}
                                            ~~~~~~~~~~~~~~

screens/client/ActiveOrderTrackingScreen.tsx:333:15 - error TS2322: Type '{ style: { position: "absolute"; left: 0; right: 0; top: 0; bottom: 0; }; pickupPoint: { latitude: number; longitude: number; title: string; description: string; }; deliveryPoint: { latitude: number; longitude: number; title: string; description: string; }; courierLocation: { ...; } | null; showRoute: boolean; showT...' is not assignable to type 'IntrinsicAttributes & VTCStyleMapProps'.
  Property 'pickupPoint' does not exist on type 'IntrinsicAttributes & VTCStyleMapProps'.

333               pickupPoint={{
                  ~~~~~~~~~~~

screens/client/ActiveOrderTrackingScreen.tsx:377:49 - error TS2554: Expected 1 arguments, but got 2.

377                     {formatDate(item.timestamp, 'short')}
                                                    ~~~~~~~

screens/client/ActiveOrderTrackingScreen.tsx:417:27 - error TS2339: Property 'is_fragile' does not exist on type 'Delivery'.

417                 {delivery.is_fragile && (
                              ~~~~~~~~~~

screens/client/AddFundsScreen.tsx:13:61 - error TS2344: Type '"AddFunds"' does not satisfy the constraint 'keyof RootStackParamList'.

13   navigation: NativeStackNavigationProp<RootStackParamList, 'AddFunds'>
                                                               ~~~~~~~~~~

screens/client/AddFundsScreen.tsx:43:44 - error TS2339: Property 'token' does not exist on type 'User'.

43           'Authorization': `Bearer ${user?.token}`,
                                              ~~~~~

screens/client/AddFundsScreen.tsx:87:44 - error TS2339: Property 'token' does not exist on type 'User'.

87           'Authorization': `Bearer ${user?.token}`,
                                              ~~~~~

screens/client/AddFundsScreen.tsx:100:31 - error TS2345: Argument of type '["WebPayment", { paymentUrl: any; transactionId: any; onComplete: (success: boolean) => void; }]' is not assignable to parameter of type '[screen: "Login"] | [screen: "Login", params: undefined] | [screen: "Register"] | [screen: "Register", params: undefined] | [screen: "ForgotPassword"] | [screen: "ForgotPassword", params: undefined] | [screen: "VerifyOTP", params: { phoneNumber: string; isRegistration?: boolean | undefined; }] | ... 21 more ... | [s...'.
  Type '["WebPayment", { paymentUrl: any; transactionId: any; onComplete: (success: boolean) => void; }]' is not assignable to type '[screen: "Login", params: undefined] | [screen: "Register", params: undefined] | [screen: "ForgotPassword", params: undefined] | [screen: "VerifyOTP", params: { phoneNumber: string; isRegistration?: boolean | undefined; }] | [screen: "OTPLogin", params: undefined] | ... 11 more ... | [screen: ...]'.
    Type '["WebPayment", { paymentUrl: any; transactionId: any; onComplete: (success: boolean) => void; }]' is not assignable to type '[screen: "CommunityWallet", params: undefined]'.
      Type at position 0 in source is not compatible with type at position 0 in target.
        Type '"WebPayment"' is not assignable to type '"CommunityWallet"'.

100           navigation.navigate('WebPayment', {
                                  ~~~~~~~~~~~~~~~
101             paymentUrl: data.payment_url,
    ~~~~~~~~~~~~~~~~~~~~~~~~~~~~~~~~~~~~~~~~~
... 
111             }
    ~~~~~~~~~~~~~
112           })
    ~~~~~~~~~~~

screens/client/AddFundsScreen.tsx:199:30 - error TS2322: Type 'string' is not assignable to type '"link" | "search" | "image" | "menu" | "radio" | "code" | "map" | "filter" | "book" | "pause" | "mail" | "home" | "star" | "save" | "cloud" | "eye" | "camera" | "heart" | "download" | ... 267 more ... | undefined'.

199                     <Feather name={method.icon} size={24} color="#FF6B00" />
                                 ~~~~

  node_modules/@expo/vector-icons/build/createIconSet.d.ts:17:5
    17     name: GLYPHS;
           ~~~~
    The expected type comes from property 'name' which is declared here on type 'IntrinsicAttributes & IntrinsicClassAttributes<Component<IconProps<"link" | "search" | "image" | "menu" | "radio" | "code" | "map" | "filter" | "book" | "pause" | "mail" | "home" | "star" | "save" | ... 271 more ... | "zoom-out">, {}, any>> & Pick<...> & InexactPartial<...> & InexactPartial<...>'

screens/client/BidsScreen.tsx:57:62 - error TS2345: Argument of type 'number' is not assignable to parameter of type 'string'.

57       const response = await DeliveryService.getDeliveryBids(deliveryId)
                                                                ~~~~~~~~~~

screens/client/BidsScreen.tsx:58:15 - error TS2345: Argument of type 'Bid[]' is not assignable to parameter of type 'SetStateAction<Bid[]>'.
  Type 'import("/home/runner/workspace/mobile/types/models").Bid[]' is not assignable to type 'Bid[]'.
    Type 'Bid' is missing the following properties from type 'Bid': amount, estimated_time

58       setBids(response)
                 ~~~~~~~~

screens/client/BidsScreen.tsx:84:47 - error TS2345: Argument of type 'number' is not assignable to parameter of type 'string'.

84               await DeliveryService.acceptBid(deliveryId, bidId)
                                                 ~~~~~~~~~~

screens/client/ComplaintsScreen.tsx:12:61 - error TS2344: Type '"ComplaintsScreen"' does not satisfy the constraint 'keyof RootStackParamList'.

12   navigation: NativeStackNavigationProp<RootStackParamList, 'ComplaintsScreen'>
                                                               ~~~~~~~~~~~~~~~~~~

screens/client/ComplaintsScreen.tsx:57:44 - error TS2339: Property 'token' does not exist on type 'User'.

57           'Authorization': `Bearer ${user?.token}`,
                                              ~~~~~

screens/client/ComplaintsScreen.tsx:81:44 - error TS2339: Property 'token' does not exist on type 'User'.

81           'Authorization': `Bearer ${user?.token}`,
                                              ~~~~~

screens/client/ComplaintsScreen.tsx:166:21 - error TS2322: Type 'string' is not assignable to type '"link" | "search" | "image" | "menu" | "radio" | "code" | "map" | "filter" | "book" | "pause" | "mail" | "home" | "star" | "save" | "cloud" | "eye" | "camera" | "heart" | "download" | ... 267 more ... | undefined'.

166                     name={complaintType.icon}
                        ~~~~

  node_modules/@expo/vector-icons/build/createIconSet.d.ts:17:5
    17     name: GLYPHS;
           ~~~~
    The expected type comes from property 'name' which is declared here on type 'IntrinsicAttributes & IntrinsicClassAttributes<Component<IconProps<"link" | "search" | "image" | "menu" | "radio" | "code" | "map" | "filter" | "book" | "pause" | "mail" | "home" | "star" | "save" | ... 271 more ... | "zoom-out">, {}, any>> & Pick<...> & InexactPartial<...> & InexactPartial<...>'

screens/client/ComplaintsScreen.tsx:277:21 - error TS2322: Type 'string' is not assignable to type '"link" | "search" | "image" | "menu" | "radio" | "code" | "map" | "filter" | "book" | "pause" | "mail" | "home" | "star" | "save" | "cloud" | "eye" | "camera" | "heart" | "download" | ... 267 more ... | undefined'.

277                     name={complaintTypes.find(t => t.key === complaint.type)?.icon || 'help-circle'}
                        ~~~~

  node_modules/@expo/vector-icons/build/createIconSet.d.ts:17:5
    17     name: GLYPHS;
           ~~~~
    The expected type comes from property 'name' which is declared here on type 'IntrinsicAttributes & IntrinsicClassAttributes<Component<IconProps<"link" | "search" | "image" | "menu" | "radio" | "code" | "map" | "filter" | "book" | "pause" | "mail" | "home" | "star" | "save" | ... 271 more ... | "zoom-out">, {}, any>> & Pick<...> & InexactPartial<...> & InexactPartial<...>'

screens/client/ComplaintsScreen.tsx:288:56 - error TS2345: Argument of type '["DeliveryDetails", { deliveryId: string; }]' is not assignable to parameter of type '[screen: "Login"] | [screen: "Login", params: undefined] | [screen: "Register"] | [screen: "Register", params: undefined] | [screen: "ForgotPassword"] | [screen: "ForgotPassword", params: undefined] | [screen: "VerifyOTP", params: { phoneNumber: string; isRegistration?: boolean | undefined; }] | ... 21 more ... | [s...'.
  Type '["DeliveryDetails", { deliveryId: string; }]' is not assignable to type '[screen: "TrackDelivery", params: { deliveryId: string; }] | [screen: "BidScreen", params: { deliveryId: string; }] | [screen: "CourierTrackDelivery", params: { deliveryId: string; }]'.
    Type '["DeliveryDetails", { deliveryId: string; }]' is not assignable to type '[screen: "CourierTrackDelivery", params: { deliveryId: string; }]'.
      Type at position 0 in source is not compatible with type at position 0 in target.
        Type '"DeliveryDetails"' is not assignable to type '"CourierTrackDelivery"'.

288                     onPress={() => navigation.navigate('DeliveryDetails', {
                                                           ~~~~~~~~~~~~~~~~~~~~
289                       deliveryId: complaint.delivery_id!.toString()
    ~~~~~~~~~~~~~~~~~~~~~~~~~~~~~~~~~~~~~~~~~~~~~~~~~~~~~~~~~~~~~~~~~~~
290                     })}
    ~~~~~~~~~~~~~~~~~~~~~

screens/client/CreateDeliveryScreen.tsx:35:8 - error TS2307: Cannot find module '../../types' or its corresponding type declarations.

35 } from '../../types'
          ~~~~~~~~~~~~~

screens/client/CreateDeliveryScreen.tsx:50:11 - error TS2339: Property 'getUserLocation' does not exist on type 'UseUserReturn'.

50   const { getUserLocation } = useUser()
             ~~~~~~~~~~~~~~~

screens/client/CreateDeliveryScreen.tsx:125:30 - error TS2345: Argument of type '{ pickup_address: string; delivery_address: string; pickup_lat: any; pickup_lng: any; delivery_lat: any; delivery_lng: any; package_type: string; distance: number; }' is not assignable to parameter of type 'Omit<DeliveryCreateRequest, "weather_conditions">'.
  Property 'proposed_price' is missing in type '{ pickup_address: string; delivery_address: string; pickup_lat: any; pickup_lng: any; delivery_lat: any; delivery_lng: any; package_type: string; distance: number; }' but required in type 'Omit<DeliveryCreateRequest, "weather_conditions">'.

125       await getPriceEstimate(estimateData)
                                 ~~~~~~~~~~~~

  types/models.ts:381:3
    381   proposed_price: number
          ~~~~~~~~~~~~~~
    'proposed_price' is declared here.

screens/client/CreateDeliveryScreen.tsx:160:45 - error TS2339: Property 'getWeatherData' does not exist on type 'typeof DeliveryService'.

160       const weather = await DeliveryService.getWeatherData(pickupLocation.latitude, pickupLocation.longitude)
                                                ~~~~~~~~~~~~~~

screens/client/CreateDeliveryScreen.tsx:188:12 - error TS7053: Element implicitly has an 'any' type because expression of type 'VehicleType' can't be used to index type '{ bicycle: string; motorcycle: string; scooter: string; car: string; van: string; truck: string; }'.

188     return names[type] || 'Vhicule'
               ~~~~~~~~~~~

screens/client/CreateDeliveryScreen.tsx:303:17 - error TS2322: Type '{ style: { flex: number; }; pickupPoint: { latitude: any; longitude: any; title: string; description: string; }; deliveryPoint: { latitude: any; longitude: any; title: string; description: string; }; showRoute: boolean; showTraffic: false; isInteractive: true; }' is not assignable to type 'IntrinsicAttributes & MapViewProps'.
  Property 'showRoute' does not exist on type 'IntrinsicAttributes & MapViewProps'.

303                 showRoute={true}
                    ~~~~~~~~~

screens/client/CreateDeliveryScreen.tsx:457:15 - error TS2322: Type '{ weather: { current: any; forecast: any; alerts: any; }; style: { marginBottom: number; }; }' is not assignable to type 'IntrinsicAttributes & WeatherInfoProps'.
  Property 'style' does not exist on type 'IntrinsicAttributes & WeatherInfoProps'.

457               style={styles.weatherInfo}
                  ~~~~~

screens/client/DeliveryDetailsScreen.tsx:20:56 - error TS2307: Cannot find module '../../types' or its corresponding type declarations.

20 import type { RootStackParamList, Delivery, Bid } from '../../types'
                                                          ~~~~~~~~~~~~~

screens/client/DeliveryHistoryScreen.tsx:240:50 - error TS2345: Argument of type 'string' is not assignable to parameter of type 'SetStateAction<"today" | "month" | "all" | "week">'.

240                     onPress={() => setDateFilter(option.value)}
                                                     ~~~~~~~~~~~~

screens/client/EnhancedRateDeliveryScreen.tsx:24:40 - error TS2344: Type '"EnhancedRateDelivery"' does not satisfy the constraint 'keyof RootStackParamList'.

24   route: RouteProp<RootStackParamList, "EnhancedRateDelivery">
                                          ~~~~~~~~~~~~~~~~~~~~~~

screens/client/EnhancedRateDeliveryScreen.tsx:25:61 - error TS2344: Type '"EnhancedRateDelivery"' does not satisfy the constraint 'keyof RootStackParamList'.

25   navigation: NativeStackNavigationProp<RootStackParamList, "EnhancedRateDelivery">
                                                               ~~~~~~~~~~~~~~~~~~~~~~

screens/client/EnhancedRateDeliveryScreen.tsx:29:11 - error TS2339: Property 'deliveryId' does not exist on type 'Readonly<unknown> | undefined'.

29   const { deliveryId } = route.params
             ~~~~~~~~~~

screens/client/EnhancedRateDeliveryScreen.tsx:81:16 - error TS2339: Property 'rating' does not exist on type 'Delivery'.

81       if (data.rating && typeof data.rating === 'object') {
                  ~~~~~~

screens/client/EnhancedRateDeliveryScreen.tsx:81:38 - error TS2339: Property 'rating' does not exist on type 'Delivery'.

81       if (data.rating && typeof data.rating === 'object') {
                                        ~~~~~~

screens/client/EnhancedRateDeliveryScreen.tsx:82:24 - error TS2339: Property 'rating' does not exist on type 'Delivery'.

82         setRating(data.rating.rating || 5)
                          ~~~~~~

screens/client/EnhancedRateDeliveryScreen.tsx:83:25 - error TS2339: Property 'rating' does not exist on type 'Delivery'.

83         setComment(data.rating.comment || "")
                           ~~~~~~

screens/client/EnhancedRateDeliveryScreen.tsx:87:48 - error TS2345: Argument of type '["DeliveryDetails", { deliveryId: any; }]' is not assignable to parameter of type '[screen: "Login"] | [screen: "Login", params: undefined] | [screen: "Register"] | [screen: "Register", params: undefined] | [screen: "ForgotPassword"] | [screen: "ForgotPassword", params: undefined] | [screen: "VerifyOTP", params: { phoneNumber: string; isRegistration?: boolean | undefined; }] | ... 21 more ... | [s...'.
  Type '["DeliveryDetails", { deliveryId: any; }]' is not assignable to type '[screen: "TrackDelivery", params: { deliveryId: string; }] | [screen: "BidScreen", params: { deliveryId: string; }] | [screen: "CourierTrackDelivery", params: { deliveryId: string; }]'.
    Type '["DeliveryDetails", { deliveryId: any; }]' is not assignable to type '[screen: "CourierTrackDelivery", params: { deliveryId: string; }]'.
      Type at position 0 in source is not compatible with type at position 0 in target.
        Type '"DeliveryDetails"' is not assignable to type '"CourierTrackDelivery"'.

87             onPress: () => navigation.navigate("DeliveryDetails", { deliveryId }),
                                                  ~~~~~~~~~~~~~~~~~~~~~~~~~~~~~~~~~

screens/client/EnhancedRateDeliveryScreen.tsx:225:48 - error TS2769: No overload matches this call.
  Argument of type '["ClientHome"]' is not assignable to parameter of type '[screen: "Login"] | [screen: "Login", params: undefined] | [screen: "Register"] | [screen: "Register", params: undefined] | [screen: "ForgotPassword"] | [screen: "ForgotPassword", params: undefined] | [screen: "VerifyOTP", params: { phoneNumber: string; isRegistration?: boolean | undefined; }] | ... 21 more ... | [s...'.
    Type '["ClientHome"]' is not assignable to type '[screen: "Login"] | [screen: "Register"] | [screen: "ForgotPassword"] | [screen: "OTPLogin"] | [screen: "Onboarding"] | [screen: "ClientMain"] | [screen: "CourierMain"] | [screen: "Settings"] | [screen: "CreateDelivery"] | [screen: "PaymentMethods"] | [screen: ...] | [screen: ...]'.
      Type '["ClientHome"]' is not assignable to type '[screen: "CommunityWallet"]'.
        Type '"ClientHome"' is not assignable to type '"CommunityWallet"'.
  Overload 2 of 2, '(options: { key: string; params?: undefined; merge?: boolean | undefined; } | { name: "Login"; key?: string | undefined; params: undefined; merge?: boolean | undefined; } | { key: string; params?: undefined; merge?: boolean | undefined; } | ... 30 more ... | { ...; }): void', gave the following error.
    Argument of type 'string' is not assignable to parameter of type '{ key: string; params?: undefined; merge?: boolean | undefined; } | { name: "Login"; key?: string | undefined; params: undefined; merge?: boolean | undefined; } | { key: string; params?: undefined; merge?: boolean | undefined; } | ... 30 more ... | { ...; }'.

225             onPress: () => navigation.navigate("ClientHome"),
                                                   ~~~~~~~~~~~~


screens/client/EnhancedRateDeliveryScreen.tsx:238:48 - error TS2769: No overload matches this call.
  Argument of type '["ClientHome"]' is not assignable to parameter of type '[screen: "Login"] | [screen: "Login", params: undefined] | [screen: "Register"] | [screen: "Register", params: undefined] | [screen: "ForgotPassword"] | [screen: "ForgotPassword", params: undefined] | [screen: "VerifyOTP", params: { phoneNumber: string; isRegistration?: boolean | undefined; }] | ... 21 more ... | [s...'.
    Type '["ClientHome"]' is not assignable to type '[screen: "Login"] | [screen: "Register"] | [screen: "ForgotPassword"] | [screen: "OTPLogin"] | [screen: "Onboarding"] | [screen: "ClientMain"] | [screen: "CourierMain"] | [screen: "Settings"] | [screen: "CreateDelivery"] | [screen: "PaymentMethods"] | [screen: ...] | [screen: ...]'.
      Type '["ClientHome"]' is not assignable to type '[screen: "CommunityWallet"]'.
        Type '"ClientHome"' is not assignable to type '"CommunityWallet"'.
  Overload 2 of 2, '(options: { key: string; params?: undefined; merge?: boolean | undefined; } | { name: "Login"; key?: string | undefined; params: undefined; merge?: boolean | undefined; } | { key: string; params?: undefined; merge?: boolean | undefined; } | ... 30 more ... | { ...; }): void', gave the following error.
    Argument of type 'string' is not assignable to parameter of type '{ key: string; params?: undefined; merge?: boolean | undefined; } | { name: "Login"; key?: string | undefined; params: undefined; merge?: boolean | undefined; } | { key: string; params?: undefined; merge?: boolean | undefined; } | ... 30 more ... | { ...; }'.

238             onPress: () => navigation.navigate("ClientHome"),
                                                   ~~~~~~~~~~~~


screens/client/EnhancedRateDeliveryScreen.tsx:258:44 - error TS2769: No overload matches this call.
  Argument of type '["ClientHome"]' is not assignable to parameter of type '[screen: "Login"] | [screen: "Login", params: undefined] | [screen: "Register"] | [screen: "Register", params: undefined] | [screen: "ForgotPassword"] | [screen: "ForgotPassword", params: undefined] | [screen: "VerifyOTP", params: { phoneNumber: string; isRegistration?: boolean | undefined; }] | ... 21 more ... | [s...'.
    Type '["ClientHome"]' is not assignable to type '[screen: "Login"] | [screen: "Register"] | [screen: "ForgotPassword"] | [screen: "OTPLogin"] | [screen: "Onboarding"] | [screen: "ClientMain"] | [screen: "CourierMain"] | [screen: "Settings"] | [screen: "CreateDelivery"] | [screen: "PaymentMethods"] | [screen: ...] | [screen: ...]'.
      Type '["ClientHome"]' is not assignable to type '[screen: "CommunityWallet"]'.
        Type '"ClientHome"' is not assignable to type '"CommunityWallet"'.
  Overload 2 of 2, '(options: { key: string; params?: undefined; merge?: boolean | undefined; } | { name: "Login"; key?: string | undefined; params: undefined; merge?: boolean | undefined; } | { key: string; params?: undefined; merge?: boolean | undefined; } | ... 30 more ... | { ...; }): void', gave the following error.
    Argument of type 'string' is not assignable to parameter of type '{ key: string; params?: undefined; merge?: boolean | undefined; } | { name: "Login"; key?: string | undefined; params: undefined; merge?: boolean | undefined; } | { key: string; params?: undefined; merge?: boolean | undefined; } | ... 30 more ... | { ...; }'.

258         onPress: () => navigation.navigate("ClientHome"),
                                               ~~~~~~~~~~~~


screens/client/EnhancedTrackDeliveryScreen.tsx:27:11 - error TS2339: Property 'getDeliveryDetails' does not exist on type 'UseDeliveryReturn'.

27   const { getDeliveryDetails } = useDelivery()
             ~~~~~~~~~~~~~~~~~~

screens/client/EnhancedTrackDeliveryScreen.tsx:93:13 - error TS2739: Type '{ pending: "searching"; accepted: "assigned"; picked_up: "pickup"; in_progress: "transit"; delivered: "delivered"; completed: "delivered"; cancelled: "cancelled"; bidding: "searching"; }' is missing the following properties from type 'Record<DeliveryStatus, "delivered" | "cancelled" | "pickup" | "searching" | "assigned" | "transit">': confirmed, in_transit, near_destination

93       const statusMapping: Record<DeliveryStatus, VTCDeliveryStatus['status']> = {
               ~~~~~~~~~~~~~

screens/client/EnhancedTrackDeliveryScreen.tsx:105:17 - error TS7053: Element implicitly has an 'any' type because expression of type 'any' can't be used to index type 'Record<DeliveryStatus, "delivered" | "cancelled" | "pickup" | "searching" | "assigned" | "transit">'.

105         status: statusMapping[deliveryData.status] || 'searching',
                    ~~~~~~~~~~~~~~~~~~~~~~~~~~~~~~~~~~

screens/client/EnhancedTrackDeliveryScreen.tsx:296:65 - error TS2345: Argument of type 'number | undefined' is not assignable to parameter of type 'number'.
  Type 'undefined' is not assignable to type 'number'.

296                     <Text style={styles.infoValue}>{formatPrice(delivery.proposed_price || delivery.final_price)}</Text>
                                                                    ~~~~~~~~~~~~~~~~~~~~~~~~~~~~~~~~~~~~~~~~~~~~~~~

screens/client/HomeScreen.tsx:29:10 - error TS2305: Module '"../../components"' has no exported member 'CustomMapView'.

29 import { CustomMapView } from '../../components'
            ~~~~~~~~~~~~~

screens/client/HomeScreen.tsx:42:61 - error TS2344: Type '"Home"' does not satisfy the constraint 'keyof RootStackParamList'.

42   navigation: NativeStackNavigationProp<RootStackParamList, 'Home'>
                                                               ~~~~~~

screens/client/HomeScreen.tsx:59:11 - error TS2339: Property 'getActiveDeliveries' does not exist on type 'UseDeliveryReturn'.

59   const { getActiveDeliveries, getClientDeliveryHistory } = useDelivery()
             ~~~~~~~~~~~~~~~~~~~

screens/client/HomeScreen.tsx:160:25 - error TS2345: Argument of type '["CreateDelivery", { serviceType: string; }]' is not assignable to parameter of type '[screen: "CreateDelivery"] | [screen: "CreateDelivery", params: undefined]'.
  Type '["CreateDelivery", { serviceType: string; }]' is not assignable to type '[screen: "CreateDelivery", params: undefined]'.
    Type at position 1 in source is not compatible with type at position 1 in target.
      Type '{ serviceType: string; }' is not assignable to type 'undefined'.

160     navigation.navigate('CreateDelivery', { serviceType })
                            ~~~~~~~~~~~~~~~~~~~~~~~~~~~~~~~~~

screens/client/HomeScreen.tsx:195:63 - error TS2322: Type 'number' is not assignable to type 'string'.

195         onPress={() => navigation.navigate('TrackDelivery', { deliveryId: Number(delivery.id) })}
                                                                  ~~~~~~~~~~

  types/navigation.ts:22:20
    22   TrackDelivery: { deliveryId: string };
                          ~~~~~~~~~~
    The expected type comes from property 'deliveryId' which is declared here on type '{ deliveryId: string; }'

screens/client/HomeScreen.tsx:239:69 - error TS2322: Type 'number' is not assignable to type 'string'.

239               onPress={() => navigation.navigate('TrackDelivery', { deliveryId: Number(delivery.id) })}
                                                                        ~~~~~~~~~~

  types/navigation.ts:22:20
    22   TrackDelivery: { deliveryId: string };
                          ~~~~~~~~~~
    The expected type comes from property 'deliveryId' which is declared here on type '{ deliveryId: string; }'

screens/client/HomeScreen.tsx:258:18 - error TS2322: Type 'string' is not assignable to type '"link" | "search" | "image" | "menu" | "radio" | "code" | "map" | "filter" | "book" | "pause" | "mail" | "home" | "star" | "save" | "cloud" | "eye" | "camera" | "heart" | "download" | ... 267 more ... | undefined'.

258         <Feather name={service.icon} size={24} color="#FFFFFF" />
                     ~~~~

  node_modules/@expo/vector-icons/build/createIconSet.d.ts:17:5
    17     name: GLYPHS;
           ~~~~
    The expected type comes from property 'name' which is declared here on type 'IntrinsicAttributes & IntrinsicClassAttributes<Component<IconProps<"link" | "search" | "image" | "menu" | "radio" | "code" | "map" | "filter" | "book" | "pause" | "mail" | "home" | "star" | "save" | ... 271 more ... | "zoom-out">, {}, any>> & Pick<...> & InexactPartial<...> & InexactPartial<...>'

screens/client/HomeScreen.tsx:276:42 - error TS2345: Argument of type '["DeliveryDetails", { deliveryId: string; }]' is not assignable to parameter of type '[screen: "Login"] | [screen: "Login", params: undefined] | [screen: "Register"] | [screen: "Register", params: undefined] | [screen: "ForgotPassword"] | [screen: "ForgotPassword", params: undefined] | [screen: "VerifyOTP", params: { phoneNumber: string; isRegistration?: boolean | undefined; }] | ... 21 more ... | [s...'.
  Type '["DeliveryDetails", { deliveryId: string; }]' is not assignable to type '[screen: "TrackDelivery", params: { deliveryId: string; }] | [screen: "BidScreen", params: { deliveryId: string; }] | [screen: "CourierTrackDelivery", params: { deliveryId: string; }]'.
    Type '["DeliveryDetails", { deliveryId: string; }]' is not assignable to type '[screen: "CourierTrackDelivery", params: { deliveryId: string; }]'.
      Type at position 0 in source is not compatible with type at position 0 in target.
        Type '"DeliveryDetails"' is not assignable to type '"CourierTrackDelivery"'.

276       onPress={() => navigation.navigate('DeliveryDetails', { deliveryId: delivery.id.toString() })}
                                             ~~~~~~~~~~~~~~~~~~~~~~~~~~~~~~~~~~~~~~~~~~~~~~~~~~~~~~~~~

screens/client/HomeScreen.tsx:281:21 - error TS2339: Property 'pickup_commune' does not exist on type 'Delivery'.

281           {delivery.pickup_commune}  {delivery.delivery_commune}
                        ~~~~~~~~~~~~~~

screens/client/HomeScreen.tsx:281:49 - error TS2339: Property 'delivery_commune' does not exist on type 'Delivery'.

281           {delivery.pickup_commune}  {delivery.delivery_commune}
                                                    ~~~~~~~~~~~~~~~~

screens/client/HomeScreen.tsx:311:64 - error TS2769: No overload matches this call.
  Argument of type '["Profile"]' is not assignable to parameter of type '[screen: "Login"] | [screen: "Login", params: undefined] | [screen: "Register"] | [screen: "Register", params: undefined] | [screen: "ForgotPassword"] | [screen: "ForgotPassword", params: undefined] | [screen: "VerifyOTP", params: { phoneNumber: string; isRegistration?: boolean | undefined; }] | ... 21 more ... | [s...'.
    Type '["Profile"]' is not assignable to type '[screen: "Login"] | [screen: "Register"] | [screen: "ForgotPassword"] | [screen: "OTPLogin"] | [screen: "Onboarding"] | [screen: "ClientMain"] | [screen: "CourierMain"] | [screen: "Settings"] | [screen: "CreateDelivery"] | [screen: "PaymentMethods"] | [screen: ...] | [screen: ...]'.
      Type '["Profile"]' is not assignable to type '[screen: "CommunityWallet"]'.
        Type '"Profile"' is not assignable to type '"CommunityWallet"'.
  Overload 2 of 2, '(options: { key: string; params?: undefined; merge?: boolean | undefined; } | { name: "Login"; key?: string | undefined; params: undefined; merge?: boolean | undefined; } | { key: string; params?: undefined; merge?: boolean | undefined; } | ... 30 more ... | { ...; }): void', gave the following error.
    Argument of type 'string' is not assignable to parameter of type '{ key: string; params?: undefined; merge?: boolean | undefined; } | { name: "Login"; key?: string | undefined; params: undefined; merge?: boolean | undefined; } | { key: string; params?: undefined; merge?: boolean | undefined; } | ... 30 more ... | { ...; }'.

311           <TouchableOpacity onPress={() => navigation.navigate('Profile')}>
                                                                   ~~~~~~~~~


screens/client/HomeScreen.tsx:336:48 - error TS2769: No overload matches this call.
  Argument of type '["Notifications"]' is not assignable to parameter of type '[screen: "Login"] | [screen: "Login", params: undefined] | [screen: "Register"] | [screen: "Register", params: undefined] | [screen: "ForgotPassword"] | [screen: "ForgotPassword", params: undefined] | [screen: "VerifyOTP", params: { phoneNumber: string; isRegistration?: boolean | undefined; }] | ... 21 more ... | [s...'.
    Type '["Notifications"]' is not assignable to type '[screen: "Login"] | [screen: "Register"] | [screen: "ForgotPassword"] | [screen: "OTPLogin"] | [screen: "Onboarding"] | [screen: "ClientMain"] | [screen: "CourierMain"] | [screen: "Settings"] | [screen: "CreateDelivery"] | [screen: "PaymentMethods"] | [screen: ...] | [screen: ...]'.
      Type '["Notifications"]' is not assignable to type '[screen: "CommunityWallet"]'.
        Type '"Notifications"' is not assignable to type '"CommunityWallet"'.
  Overload 2 of 2, '(options: { key: string; params?: undefined; merge?: boolean | undefined; } | { name: "Login"; key?: string | undefined; params: undefined; merge?: boolean | undefined; } | { key: string; params?: undefined; merge?: boolean | undefined; } | ... 30 more ... | { ...; }): void', gave the following error.
    Argument of type 'string' is not assignable to parameter of type '{ key: string; params?: undefined; merge?: boolean | undefined; } | { name: "Login"; key?: string | undefined; params: undefined; merge?: boolean | undefined; } | { key: string; params?: undefined; merge?: boolean | undefined; } | ... 30 more ... | { ...; }'.

336             onPress={() => navigation.navigate('Notifications')}
                                                   ~~~~~~~~~~~~~~~


screens/client/HomeScreen.tsx:361:56 - error TS2345: Argument of type '["CreateDelivery", { searchQuery: string; }]' is not assignable to parameter of type '[screen: "CreateDelivery"] | [screen: "CreateDelivery", params: undefined]'.
  Type '["CreateDelivery", { searchQuery: string; }]' is not assignable to type '[screen: "CreateDelivery", params: undefined]'.
    Type at position 1 in source is not compatible with type at position 1 in target.
      Type '{ searchQuery: string; }' is not assignable to type 'undefined'.

361             onSubmitEditing={() => navigation.navigate('CreateDelivery', { searchQuery })}
                                                           ~~~~~~~~~~~~~~~~~~~~~~~~~~~~~~~~~

screens/client/HomeScreen.tsx:410:68 - error TS2769: No overload matches this call.
  Argument of type '["DeliveryHistory"]' is not assignable to parameter of type '[screen: "Login"] | [screen: "Login", params: undefined] | [screen: "Register"] | [screen: "Register", params: undefined] | [screen: "ForgotPassword"] | [screen: "ForgotPassword", params: undefined] | [screen: "VerifyOTP", params: { phoneNumber: string; isRegistration?: boolean | undefined; }] | ... 21 more ... | [s...'.
    Type '["DeliveryHistory"]' is not assignable to type '[screen: "Login"] | [screen: "Register"] | [screen: "ForgotPassword"] | [screen: "OTPLogin"] | [screen: "Onboarding"] | [screen: "ClientMain"] | [screen: "CourierMain"] | [screen: "Settings"] | [screen: "CreateDelivery"] | [screen: "PaymentMethods"] | [screen: ...] | [screen: ...]'.
      Type '["DeliveryHistory"]' is not assignable to type '[screen: "CommunityWallet"]'.
        Type '"DeliveryHistory"' is not assignable to type '"CommunityWallet"'.
  Overload 2 of 2, '(options: { key: string; params?: undefined; merge?: boolean | undefined; } | { name: "Login"; key?: string | undefined; params: undefined; merge?: boolean | undefined; } | { key: string; params?: undefined; merge?: boolean | undefined; } | ... 30 more ... | { ...; }): void', gave the following error.
    Argument of type 'string' is not assignable to parameter of type '{ key: string; params?: undefined; merge?: boolean | undefined; } | { name: "Login"; key?: string | undefined; params: undefined; merge?: boolean | undefined; } | { key: string; params?: undefined; merge?: boolean | undefined; } | ... 30 more ... | { ...; }'.

410               <TouchableOpacity onPress={() => navigation.navigate('DeliveryHistory')}>
                                                                       ~~~~~~~~~~~~~~~~~


screens/client/HomeScreen.tsx:426:50 - error TS2769: No overload matches this call.
  Argument of type '["Wallet"]' is not assignable to parameter of type '[screen: "Login"] | [screen: "Login", params: undefined] | [screen: "Register"] | [screen: "Register", params: undefined] | [screen: "ForgotPassword"] | [screen: "ForgotPassword", params: undefined] | [screen: "VerifyOTP", params: { phoneNumber: string; isRegistration?: boolean | undefined; }] | ... 21 more ... | [s...'.
    Type '["Wallet"]' is not assignable to type '[screen: "Login"] | [screen: "Register"] | [screen: "ForgotPassword"] | [screen: "OTPLogin"] | [screen: "Onboarding"] | [screen: "ClientMain"] | [screen: "CourierMain"] | [screen: "Settings"] | [screen: "CreateDelivery"] | [screen: "PaymentMethods"] | [screen: ...] | [screen: ...]'.
      Type '["Wallet"]' is not assignable to type '[screen: "CommunityWallet"]'.
        Type '"Wallet"' is not assignable to type '"CommunityWallet"'.
  Overload 2 of 2, '(options: { key: string; params?: undefined; merge?: boolean | undefined; } | { name: "Login"; key?: string | undefined; params: undefined; merge?: boolean | undefined; } | { key: string; params?: undefined; merge?: boolean | undefined; } | ... 30 more ... | { ...; }): void', gave the following error.
    Argument of type 'string' is not assignable to parameter of type '{ key: string; params?: undefined; merge?: boolean | undefined; } | { name: "Login"; key?: string | undefined; params: undefined; merge?: boolean | undefined; } | { key: string; params?: undefined; merge?: boolean | undefined; } | ... 30 more ... | { ...; }'.

426               onPress={() => navigation.navigate('Wallet')}
                                                     ~~~~~~~~


screens/client/HomeScreen.tsx:436:50 - error TS2769: No overload matches this call.
  Argument of type '["DeliveryHistory"]' is not assignable to parameter of type '[screen: "Login"] | [screen: "Login", params: undefined] | [screen: "Register"] | [screen: "Register", params: undefined] | [screen: "ForgotPassword"] | [screen: "ForgotPassword", params: undefined] | [screen: "VerifyOTP", params: { phoneNumber: string; isRegistration?: boolean | undefined; }] | ... 21 more ... | [s...'.
    Type '["DeliveryHistory"]' is not assignable to type '[screen: "Login"] | [screen: "Register"] | [screen: "ForgotPassword"] | [screen: "OTPLogin"] | [screen: "Onboarding"] | [screen: "ClientMain"] | [screen: "CourierMain"] | [screen: "Settings"] | [screen: "CreateDelivery"] | [screen: "PaymentMethods"] | [screen: ...] | [screen: ...]'.
      Type '["DeliveryHistory"]' is not assignable to type '[screen: "CommunityWallet"]'.
        Type '"DeliveryHistory"' is not assignable to type '"CommunityWallet"'.
  Overload 2 of 2, '(options: { key: string; params?: undefined; merge?: boolean | undefined; } | { name: "Login"; key?: string | undefined; params: undefined; merge?: boolean | undefined; } | { key: string; params?: undefined; merge?: boolean | undefined; } | ... 30 more ... | { ...; }): void', gave the following error.
    Argument of type 'string' is not assignable to parameter of type '{ key: string; params?: undefined; merge?: boolean | undefined; } | { name: "Login"; key?: string | undefined; params: undefined; merge?: boolean | undefined; } | { key: string; params?: undefined; merge?: boolean | undefined; } | ... 30 more ... | { ...; }'.

436               onPress={() => navigation.navigate('DeliveryHistory')}
                                                     ~~~~~~~~~~~~~~~~~


screens/client/HomeScreen.tsx:446:50 - error TS2769: No overload matches this call.
  Argument of type '["Support"]' is not assignable to parameter of type '[screen: "Login"] | [screen: "Login", params: undefined] | [screen: "Register"] | [screen: "Register", params: undefined] | [screen: "ForgotPassword"] | [screen: "ForgotPassword", params: undefined] | [screen: "VerifyOTP", params: { phoneNumber: string; isRegistration?: boolean | undefined; }] | ... 21 more ... | [s...'.
    Type '["Support"]' is not assignable to type '[screen: "Login"] | [screen: "Register"] | [screen: "ForgotPassword"] | [screen: "OTPLogin"] | [screen: "Onboarding"] | [screen: "ClientMain"] | [screen: "CourierMain"] | [screen: "Settings"] | [screen: "CreateDelivery"] | [screen: "PaymentMethods"] | [screen: ...] | [screen: ...]'.
      Type '["Support"]' is not assignable to type '[screen: "CommunityWallet"]'.
        Type '"Support"' is not assignable to type '"CommunityWallet"'.
  Overload 2 of 2, '(options: { key: string; params?: undefined; merge?: boolean | undefined; } | { name: "Login"; key?: string | undefined; params: undefined; merge?: boolean | undefined; } | { key: string; params?: undefined; merge?: boolean | undefined; } | ... 30 more ... | { ...; }): void', gave the following error.
    Argument of type 'string' is not assignable to parameter of type '{ key: string; params?: undefined; merge?: boolean | undefined; } | { name: "Login"; key?: string | undefined; params: undefined; merge?: boolean | undefined; } | { key: string; params?: undefined; merge?: boolean | undefined; } | ... 30 more ... | { ...; }'.

446               onPress={() => navigation.navigate('Support')}
                                                     ~~~~~~~~~


screens/client/KYCVerificationScreen.tsx:37:61 - error TS2344: Type '"Settings" | "Profile"' does not satisfy the constraint 'keyof RootStackParamList'.
  Type '"Profile"' is not assignable to type 'keyof RootStackParamList'.

37   navigation: NativeStackNavigationProp<RootStackParamList, 'Profile' | 'Settings'>
                                                               ~~~~~~~~~~~~~~~~~~~~~~

screens/client/MarketplaceScreen.tsx:30:3 - error TS2322: Type 'string | undefined' is not assignable to type 'string'.
  Type 'undefined' is not assignable to type 'string'.

30   phone: merchantInfo.phone,
     ~~~~~

  types/models.ts:232:3
    232   phone: string
          ~~~~~
    The expected type comes from property 'phone' which is declared here on type 'Merchant'

screens/client/MarketplaceScreen.tsx:38:3 - error TS2322: Type 'string' is not assignable to type 'number'.

38   delivery_time: '30'
     ~~~~~~~~~~~~~

  types/models.ts:238:3
    238   delivery_time?: number
          ~~~~~~~~~~~~~
    The expected type comes from property 'delivery_time' which is declared here on type 'Merchant'

screens/client/MarketplaceScreen.tsx:42:61 - error TS2344: Type '"Marketplace"' does not satisfy the constraint 'keyof RootStackParamList'.

42   navigation: NativeStackNavigationProp<RootStackParamList, "Marketplace">
                                                               ~~~~~~~~~~~~~

screens/client/MarketplaceScreen.tsx:94:70 - error TS18048: 'merchant.description' is possibly 'undefined'.

94         (merchant) => merchant.name.toLowerCase().includes(query) || merchant.description.toLowerCase().includes(query),
                                                                        ~~~~~~~~~~~~~~~~~~~~

screens/client/MarketplaceScreen.tsx:100:48 - error TS18048: 'merchant.categories' is possibly 'undefined'.

100       filtered = filtered.filter((merchant) => merchant.categories.includes(selectedCategory))
                                                   ~~~~~~~~~~~~~~~~~~~

screens/client/MarketplaceScreen.tsx:105:57 - error TS2339: Property 'commune' does not exist on type 'Merchant'.

105       filtered = filtered.filter((merchant) => merchant.commune === selectedCommune)
                                                            ~~~~~~~

screens/client/MarketplaceScreen.tsx:146:74 - error TS2345: Argument of type '["MerchantDetails", { merchantId: string; }]' is not assignable to parameter of type '[screen: "Login"] | [screen: "Login", params: undefined] | [screen: "Register"] | [screen: "Register", params: undefined] | [screen: "ForgotPassword"] | [screen: "ForgotPassword", params: undefined] | [screen: "VerifyOTP", params: { phoneNumber: string; isRegistration?: boolean | undefined; }] | ... 21 more ... | [s...'.
  Type '["MerchantDetails", { merchantId: string; }]' is not assignable to type '[screen: "Login", params: undefined] | [screen: "Register", params: undefined] | [screen: "ForgotPassword", params: undefined] | [screen: "VerifyOTP", params: { phoneNumber: string; isRegistration?: boolean | undefined; }] | [screen: "OTPLogin", params: undefined] | ... 11 more ... | [screen: ...]'.
    Type '["MerchantDetails", { merchantId: string; }]' is not assignable to type '[screen: "CommunityWallet", params: undefined]'.
      Type at position 0 in source is not compatible with type at position 0 in target.
        Type '"MerchantDetails"' is not assignable to type '"CommunityWallet"'.

146     <Card style={styles.merchantCard} onPress={() => navigation.navigate("MerchantDetails", { merchantId: item.id.toString() })}>
                                                                             ~~~~~~~~~~~~~~~~~~~~~~~~~~~~~~~~~~~~~~~~~~~~~~~~~~~~~

screens/client/MarketplaceScreen.tsx:157:46 - error TS18048: 'item.rating' is possibly 'undefined'.

157             <Text style={styles.ratingText}>{item.rating.toFixed(1)}</Text>
                                                 ~~~~~~~~~~~

screens/client/MarketplaceScreen.tsx:166:50 - error TS2339: Property 'commune' does not exist on type 'Merchant'.

166           <Chip style={styles.communeChip}>{item.commune}</Chip>
                                                     ~~~~~~~

screens/client/MerchantDetailsScreen.tsx:33:3 - error TS2322: Type 'string | undefined' is not assignable to type 'string'.
  Type 'undefined' is not assignable to type 'string'.

33   phone: merchantInfo.phone,
     ~~~~~

  types/models.ts:232:3
    232   phone: string
          ~~~~~
    The expected type comes from property 'phone' which is declared here on type 'Merchant'

screens/client/MerchantDetailsScreen.tsx:41:3 - error TS2322: Type 'string' is not assignable to type 'number'.

41   delivery_time: '30'
     ~~~~~~~~~~~~~

  types/models.ts:238:3
    238   delivery_time?: number
          ~~~~~~~~~~~~~
    The expected type comes from property 'delivery_time' which is declared here on type 'Merchant'

screens/client/MerchantDetailsScreen.tsx:72:40 - error TS2344: Type '"MerchantDetails"' does not satisfy the constraint 'keyof RootStackParamList'.

72   route: RouteProp<RootStackParamList, "MerchantDetails">
                                          ~~~~~~~~~~~~~~~~~

screens/client/MerchantDetailsScreen.tsx:73:61 - error TS2344: Type '"MerchantDetails"' does not satisfy the constraint 'keyof RootStackParamList'.

73   navigation: NativeStackNavigationProp<RootStackParamList, "MerchantDetails">
                                                               ~~~~~~~~~~~~~~~~~

screens/client/MerchantDetailsScreen.tsx:82:11 - error TS2339: Property 'merchantId' does not exist on type 'Readonly<unknown> | undefined'.

82   const { merchantId } = route.params
             ~~~~~~~~~~

screens/client/MerchantDetailsScreen.tsx:181:25 - error TS2345: Argument of type '["Cart", { merchantId: any; }]' is not assignable to parameter of type '[screen: "Login"] | [screen: "Login", params: undefined] | [screen: "Register"] | [screen: "Register", params: undefined] | [screen: "ForgotPassword"] | [screen: "ForgotPassword", params: undefined] | [screen: "VerifyOTP", params: { phoneNumber: string; isRegistration?: boolean | undefined; }] | ... 21 more ... | [s...'.
  Type '["Cart", { merchantId: any; }]' is not assignable to type '[screen: "Login", params: undefined] | [screen: "Register", params: undefined] | [screen: "ForgotPassword", params: undefined] | [screen: "VerifyOTP", params: { phoneNumber: string; isRegistration?: boolean | undefined; }] | [screen: "OTPLogin", params: undefined] | ... 11 more ... | [screen: ...]'.
    Type '["Cart", { merchantId: any; }]' is not assignable to type '[screen: "CommunityWallet", params: undefined]'.
      Type at position 0 in source is not compatible with type at position 0 in target.
        Type '"Cart"' is not assignable to type '"CommunityWallet"'.

181     navigation.navigate("Cart", { merchantId })
                            ~~~~~~~~~~~~~~~~~~~~~~

screens/client/MerchantDetailsScreen.tsx:321:50 - error TS18048: 'merchant.rating' is possibly 'undefined'.

321                 <Text style={styles.ratingText}>{merchant.rating.toFixed(1)}</Text>
                                                     ~~~~~~~~~~~~~~~

screens/client/MerchantDetailsScreen.tsx:327:27 - error TS2339: Property 'commune' does not exist on type 'Merchant'.

327                 {merchant.commune}
                              ~~~~~~~

screens/client/NotificationsScreen.tsx:38:39 - error TS2339: Property 'markAsRead' does not exist on type 'NotificationContextType'.

38   const { notifications, unreadCount, markAsRead, markAllAsRead } = useNotifications()
                                         ~~~~~~~~~~

screens/client/NotificationsScreen.tsx:38:51 - error TS2339: Property 'markAllAsRead' does not exist on type 'NotificationContextType'.

38   const { notifications, unreadCount, markAsRead, markAllAsRead } = useNotifications()
                                                     ~~~~~~~~~~~~~

screens/client/NotificationsScreen.tsx:96:64 - error TS2339: Property 'is_read' does not exist on type 'Notification'.

96       filtered = filtered.filter(notification => !notification.is_read)
                                                                  ~~~~~~~

screens/client/NotificationsScreen.tsx:139:23 - error TS2339: Property 'is_read' does not exist on type 'Notification'.

139     if (!notification.is_read) {
                          ~~~~~~~

screens/client/NotificationsScreen.tsx:152:31 - error TS2769: No overload matches this call.
  Argument of type '["TransactionHistory"]' is not assignable to parameter of type '[screen: "Login"] | [screen: "Login", params: undefined] | [screen: "Register"] | [screen: "Register", params: undefined] | [screen: "ForgotPassword"] | [screen: "ForgotPassword", params: undefined] | [screen: "VerifyOTP", params: { phoneNumber: string; isRegistration?: boolean | undefined; }] | ... 21 more ... | [s...'.
    Type '["TransactionHistory"]' is not assignable to type '[screen: "Login"] | [screen: "Register"] | [screen: "ForgotPassword"] | [screen: "OTPLogin"] | [screen: "Onboarding"] | [screen: "ClientMain"] | [screen: "CourierMain"] | [screen: "Settings"] | [screen: "CreateDelivery"] | [screen: "PaymentMethods"] | [screen: ...] | [screen: ...]'.
      Type '["TransactionHistory"]' is not assignable to type '[screen: "CommunityWallet"]'.
        Type '"TransactionHistory"' is not assignable to type '"CommunityWallet"'.
  Overload 2 of 2, '(options: { key: string; params?: undefined; merge?: boolean | undefined; } | { name: "Login"; key?: string | undefined; params: undefined; merge?: boolean | undefined; } | { key: string; params?: undefined; merge?: boolean | undefined; } | ... 30 more ... | { ...; }): void', gave the following error.
    Argument of type 'string' is not assignable to parameter of type '{ key: string; params?: undefined; merge?: boolean | undefined; } | { name: "Login"; key?: string | undefined; params: undefined; merge?: boolean | undefined; } | { key: string; params?: undefined; merge?: boolean | undefined; } | ... 30 more ... | { ...; }'.

152           navigation.navigate('TransactionHistory')
                                  ~~~~~~~~~~~~~~~~~~~~


screens/client/NotificationsScreen.tsx:173:52 - error TS2345: Argument of type 'number' is not assignable to parameter of type 'string'.

173       await NotificationService.deleteNotification(notificationId)
                                                       ~~~~~~~~~~~~~~

screens/client/NotificationsScreen.tsx:218:54 - error TS2345: Argument of type 'string' is not assignable to parameter of type 'number'.

218         renderRightActions={() => renderRightActions(item.id)}
                                                         ~~~~~~~

screens/client/NotificationsScreen.tsx:224:19 - error TS2339: Property 'is_read' does not exist on type 'Notification'.

224             !item.is_read && styles.unreadCard,
                      ~~~~~~~

screens/client/NotificationsScreen.tsx:244:20 - error TS2339: Property 'is_read' does not exist on type 'Notification'.

244             {!item.is_read && <View style={styles.unreadIndicator} />}
                       ~~~~~~~

screens/client/NotificationsScreen.tsx:258:51 - error TS2339: Property 'is_read' does not exist on type 'Notification'.

258                 <Text style={[styles.title, !item.is_read && styles.unreadTitle]}>
                                                      ~~~~~~~

screens/client/NotificationsScreen.tsx:262:29 - error TS2769: No overload matches this call.
  Overload 1 of 4, '(value: string | number | Date): Date', gave the following error.
    Argument of type 'string | undefined' is not assignable to parameter of type 'string | number | Date'.
      Type 'undefined' is not assignable to type 'string | number | Date'.
  Overload 2 of 4, '(value: string | number): Date', gave the following error.
    Argument of type 'string | undefined' is not assignable to parameter of type 'string | number'.
      Type 'undefined' is not assignable to type 'string | number'.

262                   {new Date(item.created_at).toLocaleDateString('fr-FR', {
                                ~~~~~~~~~~~~~~~


screens/client/NotificationsScreen.tsx:407:11 - error TS2322: Type '{ image: any; title: string; subtitle: string; }' is not assignable to type 'IntrinsicAttributes & EmptyStateProps'.
  Property 'image' does not exist on type 'IntrinsicAttributes & EmptyStateProps'.

407           image={require('../../assets/empty-states/no-notifications.png')}
              ~~~~~

screens/client/OrdersScreen.tsx:160:46 - error TS2322: Type 'number' is not assignable to type 'string'.

160       navigation.navigate('TrackDelivery', { deliveryId: order.id })
                                                 ~~~~~~~~~~

  types/navigation.ts:22:20
    22   TrackDelivery: { deliveryId: string };
                          ~~~~~~~~~~
    The expected type comes from property 'deliveryId' which is declared here on type '{ deliveryId: string; }'

screens/client/OrdersScreen.tsx:162:27 - error TS2345: Argument of type '["DeliveryDetails", { deliveryId: number; }]' is not assignable to parameter of type '[screen: "Login"] | [screen: "Login", params: undefined] | [screen: "Register"] | [screen: "Register", params: undefined] | [screen: "ForgotPassword"] | [screen: "ForgotPassword", params: undefined] | [screen: "VerifyOTP", params: { phoneNumber: string; isRegistration?: boolean | undefined; }] | ... 21 more ... | [s...'.
  Type '["DeliveryDetails", { deliveryId: number; }]' is not assignable to type '[screen: "Login", params: undefined] | [screen: "Register", params: undefined] | [screen: "ForgotPassword", params: undefined] | [screen: "VerifyOTP", params: { phoneNumber: string; isRegistration?: boolean | undefined; }] | [screen: "OTPLogin", params: undefined] | ... 11 more ... | [screen: ...]'.
    Type '["DeliveryDetails", { deliveryId: number; }]' is not assignable to type '[screen: "CommunityWallet", params: undefined]'.
      Type at position 0 in source is not compatible with type at position 0 in target.
        Type '"DeliveryDetails"' is not assignable to type '"CommunityWallet"'.

162       navigation.navigate('DeliveryDetails', { deliveryId: order.id })
                              ~~~~~~~~~~~~~~~~~~~~~~~~~~~~~~~~~~~~~~~~~~~

screens/client/OrdersScreen.tsx:204:17 - error TS2322: Type 'Element' is not assignable to type '((string | number | boolean | Value | AnimatedInterpolation<string | number> | WithAnimatedObject<ReactElement<any, string | JSXElementConstructor<any>>> | WithAnimatedObject<...> | WithAnimatedObject<...> | null) & (string | number)) | undefined'.
  Type 'ReactElement<any, any>' is not assignable to type 'WithAnimatedObject<ReactPortal> & number'.
    Property 'children' is missing in type 'ReactElement<any, any>' but required in type 'WithAnimatedObject<ReactPortal>'.

204                 <Ionicons name={statusIcon} size={12} color="white" />
                    ~~~~~~~~~~~~~~~~~~~~~~~~~~~~~~~~~~~~~~~~~~~~~~~~~~~~~~

  node_modules/@types/react/index.d.ts:192:9
    192         children: ReactNode;
                ~~~~~~~~
    'children' is declared here.
  node_modules/react-native/Libraries/Text/Text.d.ts:110:3
    110   children?: React.ReactNode;
          ~~~~~~~~
    The expected type comes from property 'children' which is declared here on type 'IntrinsicAttributes & AnimatedProps<TextProps & RefAttributes<Text>> & { visible?: boolean | undefined; ... 4 more ...; theme?: ThemeProp | undefined; }'

screens/client/OrdersScreen.tsx:204:27 - error TS2322: Type '"close-circle-outline" | "help-circle-outline" | "check-circle-outline" | "check-all" | "clock-outline" | "package-variant" | "truck-delivery-outline"' is not assignable to type '"link" | "search" | "image" | "text" | "alert" | "checkbox" | "menu" | "radio" | "timer" | "body" | "code" | "map" | "time" | "ellipse" | "filter" | "stop" | "close" | "book" | "pause" | ... 3662 more ... | undefined'.
  Type '"check-circle-outline"' is not assignable to type '"link" | "search" | "image" | "text" | "alert" | "checkbox" | "menu" | "radio" | "timer" | "body" | "code" | "map" | "time" | "ellipse" | "filter" | "stop" | "close" | "book" | "pause" | ... 3662 more ... | undefined'. Did you mean '"checkmark-circle-outline"'?

204                 <Ionicons name={statusIcon} size={12} color="white" />
                              ~~~~

  node_modules/@expo/vector-icons/build/createIconSet.d.ts:17:5
    17     name: GLYPHS;
           ~~~~
    The expected type comes from property 'name' which is declared here on type 'IntrinsicAttributes & IntrinsicClassAttributes<Component<IconProps<"link" | "search" | "image" | "text" | "alert" | "checkbox" | "menu" | "radio" | "timer" | "body" | "code" | "map" | "time" | ... 3667 more ... | "md-woman-sharp">, {}, any>> & Pick<...> & InexactPartial<...> & InexactPartial<...>'

screens/client/OrdersScreen.tsx:261:25 - error TS2322: Type '"close-circle-outline" | "help-circle-outline" | "check-circle-outline" | "check-all" | "clock-outline" | "package-variant" | "truck-delivery-outline"' is not assignable to type '"link" | "search" | "image" | "text" | "alert" | "checkbox" | "menu" | "radio" | "timer" | "body" | "code" | "map" | "time" | "ellipse" | "filter" | "stop" | "close" | "book" | "pause" | ... 3662 more ... | undefined'.
  Type '"check-circle-outline"' is not assignable to type '"link" | "search" | "image" | "text" | "alert" | "checkbox" | "menu" | "radio" | "timer" | "body" | "code" | "map" | "time" | "ellipse" | "filter" | "stop" | "close" | "book" | "pause" | ... 3662 more ... | undefined'. Did you mean '"checkmark-circle-outline"'?

261               <Ionicons name={statusIcon} size={18} color={statusColor} />
                            ~~~~

  node_modules/@expo/vector-icons/build/createIconSet.d.ts:17:5
    17     name: GLYPHS;
           ~~~~
    The expected type comes from property 'name' which is declared here on type 'IntrinsicAttributes & IntrinsicClassAttributes<Component<IconProps<"link" | "search" | "image" | "text" | "alert" | "checkbox" | "menu" | "radio" | "timer" | "body" | "code" | "map" | "time" | ... 3667 more ... | "md-woman-sharp">, {}, any>> & Pick<...> & InexactPartial<...> & InexactPartial<...>'

screens/client/OrdersScreen.tsx:273:71 - error TS2322: Type 'number' is not assignable to type 'string'.

273                 onPress={() => navigation.navigate('TrackDelivery', { deliveryId: item.id })}
                                                                          ~~~~~~~~~~

  types/navigation.ts:22:20
    22   TrackDelivery: { deliveryId: string };
                          ~~~~~~~~~~
    The expected type comes from property 'deliveryId' which is declared here on type '{ deliveryId: string; }'

screens/client/OrdersScreen.tsx:386:11 - error TS2322: Type '{ image: any; title: string; subtitle: string; actionText: string; onAction: () => Promise<void>; }' is not assignable to type 'IntrinsicAttributes & EmptyStateProps'.
  Property 'image' does not exist on type 'IntrinsicAttributes & EmptyStateProps'.

386           image={require('../../assets/empty-states/no-deliveries.png')}
              ~~~~~

screens/client/PaymentScreen.tsx:65:41 - error TS2448: Block-scoped variable 'formatPrice' used before its declaration.

65       description: `Solde disponible: ${formatPrice(walletBalance)} FCFA`
                                           ~~~~~~~~~~~

  screens/client/PaymentScreen.tsx:91:9
    91   const formatPrice = (price: number) => {
               ~~~~~~~~~~~
    'formatPrice' is declared here.

screens/client/PaymentScreen.tsx:65:41 - error TS2454: Variable 'formatPrice' is used before being assigned.

65       description: `Solde disponible: ${formatPrice(walletBalance)} FCFA`
                                           ~~~~~~~~~~~

screens/client/RateDeliveryScreen.tsx:59:68 - error TS2345: Argument of type 'number' is not assignable to parameter of type 'string'.

59         const deliveryData = await DeliveryService.getDeliveryById(Number(deliveryId))
                                                                      ~~~~~~~~~~~~~~~~~~

screens/client/RateDeliveryScreen.tsx:93:29 - error TS2339: Property 'clientConfirmDelivery' does not exist on type 'typeof DeliveryService'.

93       await DeliveryService.clientConfirmDelivery(Number(deliveryId), rating, comment || undefined)
                               ~~~~~~~~~~~~~~~~~~~~~

screens/client/RateDeliveryScreen.tsx:104:28 - error TS2322: Type '"ClientHome"' is not assignable to type 'keyof RootParamList'.

104                 routes: [{ name: 'ClientHome' }],
                               ~~~~

  node_modules/@react-navigation/routers/lib/typescript/src/types.d.ts:59:5
    59     name: RouteName;
           ~~~~
    The expected type comes from property 'name' which is declared here on type 'NavigationRoute<RootParamList, keyof RootParamList> | PartialRoute<Route<keyof RootParamList, object | undefined>>'

screens/client/RateDeliveryScreen.tsx:226:21 - error TS2322: Type '{ rating: number; onRatingChange: Dispatch<SetStateAction<number>>; size: number; style: { marginBottom: number; }; }' is not assignable to type 'IntrinsicAttributes & StarRatingProps'.
  Property 'style' does not exist on type 'IntrinsicAttributes & StarRatingProps'.

226                     style={styles.globalRating}
                        ~~~~~

screens/client/RecommendedDeliveriesScreen.tsx:79:25 - error TS2345: Argument of type '["DeliveryDetails", { deliveryId: string; }]' is not assignable to parameter of type '[screen: "Login"] | [screen: "Login", params: undefined] | [screen: "Register"] | [screen: "Register", params: undefined] | [screen: "ForgotPassword"] | [screen: "ForgotPassword", params: undefined] | [screen: "VerifyOTP", params: { phoneNumber: string; isRegistration?: boolean | undefined; }] | ... 21 more ... | [s...'.
  Type '["DeliveryDetails", { deliveryId: string; }]' is not assignable to type '[screen: "TrackDelivery", params: { deliveryId: string; }] | [screen: "BidScreen", params: { deliveryId: string; }] | [screen: "CourierTrackDelivery", params: { deliveryId: string; }]'.
    Type '["DeliveryDetails", { deliveryId: string; }]' is not assignable to type '[screen: "CourierTrackDelivery", params: { deliveryId: string; }]'.
      Type at position 0 in source is not compatible with type at position 0 in target.
        Type '"DeliveryDetails"' is not assignable to type '"CourierTrackDelivery"'.

79     navigation.navigate("DeliveryDetails", { deliveryId: delivery.id.toString() })
                           ~~~~~~~~~~~~~~~~~~~~~~~~~~~~~~~~~~~~~~~~~~~~~~~~~~~~~~~~~

screens/client/RecommendedDeliveriesScreen.tsx:87:25 - error TS2345: Argument of type '["Bid", { deliveryId: string; }]' is not assignable to parameter of type '[screen: "Login"] | [screen: "Login", params: undefined] | [screen: "Register"] | [screen: "Register", params: undefined] | [screen: "ForgotPassword"] | [screen: "ForgotPassword", params: undefined] | [screen: "VerifyOTP", params: { phoneNumber: string; isRegistration?: boolean | undefined; }] | ... 21 more ... | [s...'.
  Type '["Bid", { deliveryId: string; }]' is not assignable to type '[screen: "TrackDelivery", params: { deliveryId: string; }] | [screen: "BidScreen", params: { deliveryId: string; }] | [screen: "CourierTrackDelivery", params: { deliveryId: string; }]'.
    Type '["Bid", { deliveryId: string; }]' is not assignable to type '[screen: "CourierTrackDelivery", params: { deliveryId: string; }]'.
      Type at position 0 in source is not compatible with type at position 0 in target.
        Type '"Bid"' is not assignable to type '"CourierTrackDelivery"'.

87     navigation.navigate("Bid", { deliveryId: delivery.id.toString() })
                           ~~~~~~~~~~~~~~~~~~~~~~~~~~~~~~~~~~~~~~~~~~~~~

screens/client/SmartMatchingScreen.tsx:16:10 - error TS2614: Module '"../../services/DeliveryService"' has no exported member 'DeliveryService'. Did you mean to use 'import DeliveryService from "../../services/DeliveryService"' instead?

16 import { DeliveryService } from '../../services/DeliveryService'
            ~~~~~~~~~~~~~~~

screens/client/TrackDeliveryScreen.tsx:9:10 - error TS2305: Module '"../../components"' has no exported member 'CustomMapView'.

9 import { CustomMapView } from "../../components"
           ~~~~~~~~~~~~~

screens/client/TrackDeliveryScreen.tsx:10:15 - error TS2305: Module '"../../components"' has no exported member 'Route'.

10 import type { Route as MapRoute } from "../../components"
                 ~~~~~

screens/client/TrackDeliveryScreen.tsx:56:11 - error TS2339: Property 'getDeliveryDetails' does not exist on type 'UseDeliveryReturn'.

56   const { getDeliveryDetails } = useDelivery()
             ~~~~~~~~~~~~~~~~~~

screens/client/TrackDeliveryScreen.tsx:105:48 - error TS2345: Argument of type '["RateDelivery", { deliveryId: string; }]' is not assignable to parameter of type '[screen: "Login"] | [screen: "Login", params: undefined] | [screen: "Register"] | [screen: "Register", params: undefined] | [screen: "ForgotPassword"] | [screen: "ForgotPassword", params: undefined] | [screen: "VerifyOTP", params: { phoneNumber: string; isRegistration?: boolean | undefined; }] | ... 21 more ... | [s...'.
  Type '["RateDelivery", { deliveryId: string; }]' is not assignable to type '[screen: "TrackDelivery", params: { deliveryId: string; }] | [screen: "BidScreen", params: { deliveryId: string; }] | [screen: "CourierTrackDelivery", params: { deliveryId: string; }]'.
    Type '["RateDelivery", { deliveryId: string; }]' is not assignable to type '[screen: "CourierTrackDelivery", params: { deliveryId: string; }]'.
      Type at position 0 in source is not compatible with type at position 0 in target.
        Type '"RateDelivery"' is not assignable to type '"CourierTrackDelivery"'.

105             onPress: () => navigation.navigate("RateDelivery", { deliveryId }),
                                                   ~~~~~~~~~~~~~~~~~~~~~~~~~~~~~~

screens/client/TrackDeliveryScreen.tsx:409:60 - error TS2339: Property 'pickup_commune' does not exist on type 'Delivery'.

409                 <Text style={styles.communeText}>{delivery.pickup_commune}</Text>
                                                               ~~~~~~~~~~~~~~

screens/client/TrackDeliveryScreen.tsx:422:60 - error TS2339: Property 'delivery_commune' does not exist on type 'Delivery'.

422                 <Text style={styles.communeText}>{delivery.delivery_commune}</Text>
                                                               ~~~~~~~~~~~~~~~~

screens/client/TransactionHistoryScreen.tsx:13:61 - error TS2344: Type '"TransactionHistory"' does not satisfy the constraint 'keyof RootStackParamList'.

13   navigation: NativeStackNavigationProp<RootStackParamList, 'TransactionHistory'>
                                                               ~~~~~~~~~~~~~~~~~~~~

screens/client/TransactionHistoryScreen.tsx:49:46 - error TS2339: Property 'token' does not exist on type 'User'.

49             'Authorization': `Bearer ${user?.token}`,
                                                ~~~~~

screens/client/TransactionHistoryScreen.tsx:142:33 - error TS2345: Argument of type '["DeliveryDetails", { deliveryId: string; }]' is not assignable to parameter of type '[screen: "Login"] | [screen: "Login", params: undefined] | [screen: "Register"] | [screen: "Register", params: undefined] | [screen: "ForgotPassword"] | [screen: "ForgotPassword", params: undefined] | [screen: "VerifyOTP", params: { phoneNumber: string; isRegistration?: boolean | undefined; }] | ... 21 more ... | [s...'.
  Type '["DeliveryDetails", { deliveryId: string; }]' is not assignable to type '[screen: "TrackDelivery", params: { deliveryId: string; }] | [screen: "BidScreen", params: { deliveryId: string; }] | [screen: "CourierTrackDelivery", params: { deliveryId: string; }]'.
    Type '["DeliveryDetails", { deliveryId: string; }]' is not assignable to type '[screen: "CourierTrackDelivery", params: { deliveryId: string; }]'.
      Type at position 0 in source is not compatible with type at position 0 in target.
        Type '"DeliveryDetails"' is not assignable to type '"CourierTrackDelivery"'.

142             navigation.navigate('DeliveryDetails', {
                                    ~~~~~~~~~~~~~~~~~~~~
143               deliveryId: item.delivery_id.toString()
    ~~~~~~~~~~~~~~~~~~~~~~~~~~~~~~~~~~~~~~~~~~~~~~~~~~~~~
144             })
    ~~~~~~~~~~~~~

screens/client/TransactionHistoryScreen.tsx:210:10 - error TS2552: Cannot find name 'SearchBar'. Did you mean 'Searchbar'?

210         <SearchBar
             ~~~~~~~~~

screens/client/UserPreferencesScreen.fixed.tsx:220:41 - error TS2551: Property 'bid_notifications' does not exist on type 'NotificationSettings'. Did you mean 'email_notifications'?

220                   value={notifications?.bid_notifications || false}
                                            ~~~~~~~~~~~~~~~~~

  types/models.ts:847:3
    847   email_notifications: boolean
          ~~~~~~~~~~~~~~~~~~~
    'email_notifications' is declared here.

screens/client/UserPreferencesScreen.fixed.tsx:221:70 - error TS2345: Argument of type '"bid_notifications"' is not assignable to parameter of type 'keyof NotificationSettings'.

221                   onValueChange={(value) => handleNotificationUpdate('bid_notifications', value)}
                                                                         ~~~~~~~~~~~~~~~~~~~

screens/client/UserPreferencesScreen.fixed.tsx:235:41 - error TS2339: Property 'delivery_notifications' does not exist on type 'NotificationSettings'.

235                   value={notifications?.delivery_notifications || false}
                                            ~~~~~~~~~~~~~~~~~~~~~~

screens/client/UserPreferencesScreen.fixed.tsx:236:70 - error TS2345: Argument of type '"delivery_notifications"' is not assignable to parameter of type 'keyof NotificationSettings'.

236                   onValueChange={(value) => handleNotificationUpdate('delivery_notifications', value)}
                                                                         ~~~~~~~~~~~~~~~~~~~~~~~~

screens/client/UserPreferencesScreen.fixed.tsx:265:50 - error TS2769: No overload matches this call.
  Argument of type '["KYCVerification"]' is not assignable to parameter of type '[screen: "Login"] | [screen: "Login", params: undefined] | [screen: "Register"] | [screen: "Register", params: undefined] | [screen: "ForgotPassword"] | [screen: "ForgotPassword", params: undefined] | [screen: "VerifyOTP", params: { phoneNumber: string; isRegistration?: boolean | undefined; }] | ... 21 more ... | [s...'.
    Type '["KYCVerification"]' is not assignable to type '[screen: "Login"] | [screen: "Register"] | [screen: "ForgotPassword"] | [screen: "OTPLogin"] | [screen: "Onboarding"] | [screen: "ClientMain"] | [screen: "CourierMain"] | [screen: "Settings"] | [screen: "CreateDelivery"] | [screen: "PaymentMethods"] | [screen: ...] | [screen: ...]'.
      Type '["KYCVerification"]' is not assignable to type '[screen: "CommunityWallet"]'.
        Type '"KYCVerification"' is not assignable to type '"CommunityWallet"'.
  Overload 2 of 2, '(options: { key: string; params?: undefined; merge?: boolean | undefined; } | { name: "Login"; key?: string | undefined; params: undefined; merge?: boolean | undefined; } | { key: string; params?: undefined; merge?: boolean | undefined; } | ... 30 more ... | { ...; }): void', gave the following error.
    Argument of type 'string' is not assignable to parameter of type '{ key: string; params?: undefined; merge?: boolean | undefined; } | { name: "Login"; key?: string | undefined; params: undefined; merge?: boolean | undefined; } | { key: string; params?: undefined; merge?: boolean | undefined; } | ... 30 more ... | { ...; }'.

265               onPress={() => navigation.navigate('KYCVerification')}
                                                     ~~~~~~~~~~~~~~~~~


screens/client/UserPreferencesScreen.fixed.tsx:283:50 - error TS2769: No overload matches this call.
  Argument of type '["PrivacySettings"]' is not assignable to parameter of type '[screen: "Login"] | [screen: "Login", params: undefined] | [screen: "Register"] | [screen: "Register", params: undefined] | [screen: "ForgotPassword"] | [screen: "ForgotPassword", params: undefined] | [screen: "VerifyOTP", params: { phoneNumber: string; isRegistration?: boolean | undefined; }] | ... 21 more ... | [s...'.
    Type '["PrivacySettings"]' is not assignable to type '[screen: "Login"] | [screen: "Register"] | [screen: "ForgotPassword"] | [screen: "OTPLogin"] | [screen: "Onboarding"] | [screen: "ClientMain"] | [screen: "CourierMain"] | [screen: "Settings"] | [screen: "CreateDelivery"] | [screen: "PaymentMethods"] | [screen: ...] | [screen: ...]'.
      Type '["PrivacySettings"]' is not assignable to type '[screen: "CommunityWallet"]'.
        Type '"PrivacySettings"' is not assignable to type '"CommunityWallet"'.
  Overload 2 of 2, '(options: { key: string; params?: undefined; merge?: boolean | undefined; } | { name: "Login"; key?: string | undefined; params: undefined; merge?: boolean | undefined; } | { key: string; params?: undefined; merge?: boolean | undefined; } | ... 30 more ... | { ...; }): void', gave the following error.
    Argument of type 'string' is not assignable to parameter of type '{ key: string; params?: undefined; merge?: boolean | undefined; } | { name: "Login"; key?: string | undefined; params: undefined; merge?: boolean | undefined; } | { key: string; params?: undefined; merge?: boolean | undefined; } | ... 30 more ... | { ...; }'.

283               onPress={() => navigation.navigate('PrivacySettings')}
                                                     ~~~~~~~~~~~~~~~~~


screens/client/UserPreferencesScreen.tsx:219:41 - error TS2551: Property 'bid_notifications' does not exist on type 'NotificationSettings'. Did you mean 'email_notifications'?

219                   value={notifications?.bid_notifications || false}
                                            ~~~~~~~~~~~~~~~~~

  types/models.ts:847:3
    847   email_notifications: boolean
          ~~~~~~~~~~~~~~~~~~~
    'email_notifications' is declared here.

screens/client/UserPreferencesScreen.tsx:220:70 - error TS2345: Argument of type '"bid_notifications"' is not assignable to parameter of type 'keyof NotificationSettings'.

220                   onValueChange={(value) => handleNotificationUpdate('bid_notifications', value)}
                                                                         ~~~~~~~~~~~~~~~~~~~

screens/client/UserPreferencesScreen.tsx:234:41 - error TS2339: Property 'delivery_notifications' does not exist on type 'NotificationSettings'.

234                   value={notifications?.delivery_notifications || false}
                                            ~~~~~~~~~~~~~~~~~~~~~~

screens/client/UserPreferencesScreen.tsx:235:70 - error TS2345: Argument of type '"delivery_notifications"' is not assignable to parameter of type 'keyof NotificationSettings'.

235                   onValueChange={(value) => handleNotificationUpdate('delivery_notifications', value)}
                                                                         ~~~~~~~~~~~~~~~~~~~~~~~~

screens/client/UserPreferencesScreen.tsx:264:50 - error TS2769: No overload matches this call.
  Argument of type '["KYCVerification"]' is not assignable to parameter of type '[screen: "Login"] | [screen: "Login", params: undefined] | [screen: "Register"] | [screen: "Register", params: undefined] | [screen: "ForgotPassword"] | [screen: "ForgotPassword", params: undefined] | [screen: "VerifyOTP", params: { phoneNumber: string; isRegistration?: boolean | undefined; }] | ... 21 more ... | [s...'.
    Type '["KYCVerification"]' is not assignable to type '[screen: "Login"] | [screen: "Register"] | [screen: "ForgotPassword"] | [screen: "OTPLogin"] | [screen: "Onboarding"] | [screen: "ClientMain"] | [screen: "CourierMain"] | [screen: "Settings"] | [screen: "CreateDelivery"] | [screen: "PaymentMethods"] | [screen: ...] | [screen: ...]'.
      Type '["KYCVerification"]' is not assignable to type '[screen: "CommunityWallet"]'.
        Type '"KYCVerification"' is not assignable to type '"CommunityWallet"'.
  Overload 2 of 2, '(options: { key: string; params?: undefined; merge?: boolean | undefined; } | { name: "Login"; key?: string | undefined; params: undefined; merge?: boolean | undefined; } | { key: string; params?: undefined; merge?: boolean | undefined; } | ... 30 more ... | { ...; }): void', gave the following error.
    Argument of type 'string' is not assignable to parameter of type '{ key: string; params?: undefined; merge?: boolean | undefined; } | { name: "Login"; key?: string | undefined; params: undefined; merge?: boolean | undefined; } | { key: string; params?: undefined; merge?: boolean | undefined; } | ... 30 more ... | { ...; }'.

264               onPress={() => navigation.navigate('KYCVerification')}
                                                     ~~~~~~~~~~~~~~~~~


screens/client/UserPreferencesScreen.tsx:282:50 - error TS2769: No overload matches this call.
  Argument of type '["PrivacySettings"]' is not assignable to parameter of type '[screen: "Login"] | [screen: "Login", params: undefined] | [screen: "Register"] | [screen: "Register", params: undefined] | [screen: "ForgotPassword"] | [screen: "ForgotPassword", params: undefined] | [screen: "VerifyOTP", params: { phoneNumber: string; isRegistration?: boolean | undefined; }] | ... 21 more ... | [s...'.
    Type '["PrivacySettings"]' is not assignable to type '[screen: "Login"] | [screen: "Register"] | [screen: "ForgotPassword"] | [screen: "OTPLogin"] | [screen: "Onboarding"] | [screen: "ClientMain"] | [screen: "CourierMain"] | [screen: "Settings"] | [screen: "CreateDelivery"] | [screen: "PaymentMethods"] | [screen: ...] | [screen: ...]'.
      Type '["PrivacySettings"]' is not assignable to type '[screen: "CommunityWallet"]'.
        Type '"PrivacySettings"' is not assignable to type '"CommunityWallet"'.
  Overload 2 of 2, '(options: { key: string; params?: undefined; merge?: boolean | undefined; } | { name: "Login"; key?: string | undefined; params: undefined; merge?: boolean | undefined; } | { key: string; params?: undefined; merge?: boolean | undefined; } | ... 30 more ... | { ...; }): void', gave the following error.
    Argument of type 'string' is not assignable to parameter of type '{ key: string; params?: undefined; merge?: boolean | undefined; } | { name: "Login"; key?: string | undefined; params: undefined; merge?: boolean | undefined; } | { key: string; params?: undefined; merge?: boolean | undefined; } | ... 30 more ... | { ...; }'.

282               onPress={() => navigation.navigate('PrivacySettings')}
                                                     ~~~~~~~~~~~~~~~~~


screens/client/WalletScreen.tsx:14:61 - error TS2344: Type '"Wallet"' does not satisfy the constraint 'keyof RootStackParamList'.

14   navigation: NativeStackNavigationProp<RootStackParamList, 'Wallet'>
                                                               ~~~~~~~~

screens/client/WalletScreen.tsx:46:44 - error TS2339: Property 'token' does not exist on type 'User'.

46           'Authorization': `Bearer ${user?.token}`,
                                              ~~~~~

screens/client/WalletScreen.tsx:56:44 - error TS2339: Property 'token' does not exist on type 'User'.

56           'Authorization': `Bearer ${user?.token}`,
                                              ~~~~~

screens/client/WalletScreen.tsx:81:25 - error TS2769: No overload matches this call.
  Argument of type '["AddFunds"]' is not assignable to parameter of type '[screen: "Login"] | [screen: "Login", params: undefined] | [screen: "Register"] | [screen: "Register", params: undefined] | [screen: "ForgotPassword"] | [screen: "ForgotPassword", params: undefined] | [screen: "VerifyOTP", params: { phoneNumber: string; isRegistration?: boolean | undefined; }] | ... 21 more ... | [s...'.
    Type '["AddFunds"]' is not assignable to type '[screen: "Login"] | [screen: "Register"] | [screen: "ForgotPassword"] | [screen: "OTPLogin"] | [screen: "Onboarding"] | [screen: "ClientMain"] | [screen: "CourierMain"] | [screen: "Settings"] | [screen: "CreateDelivery"] | [screen: "PaymentMethods"] | [screen: ...] | [screen: ...]'.
      Type '["AddFunds"]' is not assignable to type '[screen: "CommunityWallet"]'.
        Type '"AddFunds"' is not assignable to type '"CommunityWallet"'.
  Overload 2 of 2, '(options: { key: string; params?: undefined; merge?: boolean | undefined; } | { name: "Login"; key?: string | undefined; params: undefined; merge?: boolean | undefined; } | { key: string; params?: undefined; merge?: boolean | undefined; } | ... 30 more ... | { ...; }): void', gave the following error.
    Argument of type 'string' is not assignable to parameter of type '{ key: string; params?: undefined; merge?: boolean | undefined; } | { name: "Login"; key?: string | undefined; params: undefined; merge?: boolean | undefined; } | { key: string; params?: undefined; merge?: boolean | undefined; } | ... 30 more ... | { ...; }'.

81     navigation.navigate('AddFunds')
                           ~~~~~~~~~~


screens/client/WalletScreen.tsx:182:50 - error TS2769: No overload matches this call.
  Argument of type '["TransactionHistory"]' is not assignable to parameter of type '[screen: "Login"] | [screen: "Login", params: undefined] | [screen: "Register"] | [screen: "Register", params: undefined] | [screen: "ForgotPassword"] | [screen: "ForgotPassword", params: undefined] | [screen: "VerifyOTP", params: { phoneNumber: string; isRegistration?: boolean | undefined; }] | ... 21 more ... | [s...'.
    Type '["TransactionHistory"]' is not assignable to type '[screen: "Login"] | [screen: "Register"] | [screen: "ForgotPassword"] | [screen: "OTPLogin"] | [screen: "Onboarding"] | [screen: "ClientMain"] | [screen: "CourierMain"] | [screen: "Settings"] | [screen: "CreateDelivery"] | [screen: "PaymentMethods"] | [screen: ...] | [screen: ...]'.
      Type '["TransactionHistory"]' is not assignable to type '[screen: "CommunityWallet"]'.
        Type '"TransactionHistory"' is not assignable to type '"CommunityWallet"'.
  Overload 2 of 2, '(options: { key: string; params?: undefined; merge?: boolean | undefined; } | { name: "Login"; key?: string | undefined; params: undefined; merge?: boolean | undefined; } | { key: string; params?: undefined; merge?: boolean | undefined; } | ... 30 more ... | { ...; }): void', gave the following error.
    Argument of type 'string' is not assignable to parameter of type '{ key: string; params?: undefined; merge?: boolean | undefined; } | { name: "Login"; key?: string | undefined; params: undefined; merge?: boolean | undefined; } | { key: string; params?: undefined; merge?: boolean | undefined; } | ... 30 more ... | { ...; }'.

182               onPress={() => navigation.navigate('TransactionHistory')}
                                                     ~~~~~~~~~~~~~~~~~~~~


screens/client/WalletScreen.tsx:196:66 - error TS2769: No overload matches this call.
  Argument of type '["TransactionHistory"]' is not assignable to parameter of type '[screen: "Login"] | [screen: "Login", params: undefined] | [screen: "Register"] | [screen: "Register", params: undefined] | [screen: "ForgotPassword"] | [screen: "ForgotPassword", params: undefined] | [screen: "VerifyOTP", params: { phoneNumber: string; isRegistration?: boolean | undefined; }] | ... 21 more ... | [s...'.
    Type '["TransactionHistory"]' is not assignable to type '[screen: "Login"] | [screen: "Register"] | [screen: "ForgotPassword"] | [screen: "OTPLogin"] | [screen: "Onboarding"] | [screen: "ClientMain"] | [screen: "CourierMain"] | [screen: "Settings"] | [screen: "CreateDelivery"] | [screen: "PaymentMethods"] | [screen: ...] | [screen: ...]'.
      Type '["TransactionHistory"]' is not assignable to type '[screen: "CommunityWallet"]'.
        Type '"TransactionHistory"' is not assignable to type '"CommunityWallet"'.
  Overload 2 of 2, '(options: { key: string; params?: undefined; merge?: boolean | undefined; } | { name: "Login"; key?: string | undefined; params: undefined; merge?: boolean | undefined; } | { key: string; params?: undefined; merge?: boolean | undefined; } | ... 30 more ... | { ...; }): void', gave the following error.
    Argument of type 'string' is not assignable to parameter of type '{ key: string; params?: undefined; merge?: boolean | undefined; } | { name: "Login"; key?: string | undefined; params: undefined; merge?: boolean | undefined; } | { key: string; params?: undefined; merge?: boolean | undefined; } | ... 30 more ... | { ...; }'.

196             <TouchableOpacity onPress={() => navigation.navigate('TransactionHistory')}>
                                                                     ~~~~~~~~~~~~~~~~~~~~


screens/client/WalletScreen.tsx:241:45 - error TS2345: Argument of type '["DeliveryDetails", { deliveryId: string; }]' is not assignable to parameter of type '[screen: "Login"] | [screen: "Login", params: undefined] | [screen: "Register"] | [screen: "Register", params: undefined] | [screen: "ForgotPassword"] | [screen: "ForgotPassword", params: undefined] | [screen: "VerifyOTP", params: { phoneNumber: string; isRegistration?: boolean | undefined; }] | ... 21 more ... | [s...'.
  Type '["DeliveryDetails", { deliveryId: string; }]' is not assignable to type '[screen: "TrackDelivery", params: { deliveryId: string; }] | [screen: "BidScreen", params: { deliveryId: string; }] | [screen: "CourierTrackDelivery", params: { deliveryId: string; }]'.
    Type '["DeliveryDetails", { deliveryId: string; }]' is not assignable to type '[screen: "CourierTrackDelivery", params: { deliveryId: string; }]'.
      Type at position 0 in source is not compatible with type at position 0 in target.
        Type '"DeliveryDetails"' is not assignable to type '"CourierTrackDelivery"'.

241                         navigation.navigate('DeliveryDetails', {
                                                ~~~~~~~~~~~~~~~~~~~~
242                           deliveryId: transaction.delivery_id.toString()
    ~~~~~~~~~~~~~~~~~~~~~~~~~~~~~~~~~~~~~~~~~~~~~~~~~~~~~~~~~~~~~~~~~~~~~~~~
243                         })
    ~~~~~~~~~~~~~~~~~~~~~~~~~

screens/courier/AddVehicleScreen.tsx:22:11 - error TS2693: 'VehicleType' only refers to a type, but is being used as a value here.

22     type: VehicleType.MOTORCYCLE,
             ~~~~~~~~~~~

screens/courier/AddVehicleScreen.tsx:53:9 - error TS2353: Object literal may only specify known properties, and 'maxDistance' does not exist in type 'VehicleCreateRequest'.

53         maxDistance: formData.maxDistance ? parseFloat(formData.maxDistance) : undefined,
           ~~~~~~~~~~~

screens/courier/AddVehicleScreen.tsx:94:50 - error TS2693: 'VehicleType' only refers to a type, but is being used as a value here.

94                 <Picker.Item label="Moto" value={VehicleType.MOTORCYCLE} />                <Picker.Item label="Voiture" value={VehicleType.PICKUP} />
                                                    ~~~~~~~~~~~

screens/courier/AddVehicleScreen.tsx:94:128 - error TS2693: 'VehicleType' only refers to a type, but is being used as a value here.

94                 <Picker.Item label="Moto" value={VehicleType.MOTORCYCLE} />                <Picker.Item label="Voiture" value={VehicleType.PICKUP} />
                                                                                                                                  ~~~~~~~~~~~

screens/courier/AddVehicleScreen.tsx:95:50 - error TS2693: 'VehicleType' only refers to a type, but is being used as a value here.

95                 <Picker.Item label="Vlo" value={VehicleType.BICYCLE} />
                                                    ~~~~~~~~~~~

screens/courier/AddVehicleScreen.tsx:96:52 - error TS2693: 'VehicleType' only refers to a type, but is being used as a value here.

96                 <Picker.Item label="Camion" value={VehicleType.VAN} />
                                                      ~~~~~~~~~~~

screens/courier/AddVehicleScreen.tsx:97:51 - error TS2693: 'VehicleType' only refers to a type, but is being used as a value here.

97                 <Picker.Item label="Autre" value={VehicleType.CUSTOM} />
                                                     ~~~~~~~~~~~

screens/courier/AddVehicleScreen.tsx:102:30 - error TS2693: 'VehicleType' only refers to a type, but is being used as a value here.

102           {formData.type === VehicleType.CUSTOM && (
                                 ~~~~~~~~~~~

screens/courier/AvailableDeliveriesScreen.tsx:17:10 - error TS2614: Module '"../../services/DeliveryService"' has no exported member 'DeliveryService'. Did you mean to use 'import DeliveryService from "../../services/DeliveryService"' instead?

17 import { DeliveryService } from '../../services/DeliveryService'
            ~~~~~~~~~~~~~~~

screens/courier/AvailableDeliveriesScreen.tsx:121:50 - error TS2339: Property 'estimated_distance' does not exist on type 'Delivery'.

121           <Text style={styles.detailText}>~{item.estimated_distance || 0} km</Text>
                                                     ~~~~~~~~~~~~~~~~~~

screens/courier/BidScreen.tsx:21:40 - error TS2344: Type '"Bid"' does not satisfy the constraint 'keyof RootStackParamList'.

21   route: RouteProp<RootStackParamList, "Bid">
                                          ~~~~~

screens/courier/BidScreen.tsx:22:61 - error TS2344: Type '"Bid"' does not satisfy the constraint 'keyof RootStackParamList'.

22   navigation: NativeStackNavigationProp<RootStackParamList, "Bid">
                                                               ~~~~~

screens/courier/BidScreen.tsx:31:11 - error TS2339: Property 'deliveryId' does not exist on type 'Readonly<unknown> | undefined'.

31   const { deliveryId } = route.params
             ~~~~~~~~~~

screens/courier/BidScreen.tsx:33:11 - error TS2339: Property 'getDeliveryDetails' does not exist on type 'UseDeliveryReturn'.

33   const { getDeliveryDetails, placeBid } = useDelivery()
             ~~~~~~~~~~~~~~~~~~

screens/courier/BidScreen.tsx:33:31 - error TS2339: Property 'placeBid' does not exist on type 'UseDeliveryReturn'.

33   const { getDeliveryDetails, placeBid } = useDelivery()
                                 ~~~~~~~~

screens/courier/BidScreen.tsx:213:26 - error TS2345: Argument of type '{ type: "bid"; data: { delivery_id: number; proposed_price: number; estimated_duration: number | undefined; }; }' is not assignable to parameter of type 'Omit<PendingOperation, "id" | "timestamp">'.
  Property 'retries' is missing in type '{ type: "bid"; data: { delivery_id: number; proposed_price: number; estimated_duration: number | undefined; }; }' but required in type 'Omit<PendingOperation, "id" | "timestamp">'.

213         addPendingUpload({
                             ~
214           type: "bid",
    ~~~~~~~~~~~~~~~~~~~~~~
... 
219           },
    ~~~~~~~~~~~~
220         })
    ~~~~~~~~~

  types/models.ts:175:3
    175   retries: number
          ~~~~~~~
    'retries' is declared here.

screens/courier/BidScreen.tsx:284:63 - error TS2345: Argument of type 'number | undefined' is not assignable to parameter of type 'number'.
  Type 'undefined' is not assignable to type 'number'.

284               <Text style={styles.deliveryPrice}>{formatPrice(delivery.final_price)} FCFA</Text>
                                                                  ~~~~~~~~~~~~~~~~~~~~

screens/courier/BidScreen.tsx:295:62 - error TS2551: Property 'pickup_location' does not exist on type 'Delivery'. Did you mean 'pickup_lat'?

295                   <Text style={styles.communeText}>{delivery.pickup_location}</Text>
                                                                 ~~~~~~~~~~~~~~~

  types/models.ts:69:3
    69   pickup_lat: number
         ~~~~~~~~~~
    'pickup_lat' is declared here.

screens/courier/BidScreen.tsx:306:62 - error TS2551: Property 'delivery_location' does not exist on type 'Delivery'. Did you mean 'delivery_lat'?

306                   <Text style={styles.communeText}>{delivery.delivery_location}</Text>
                                                                 ~~~~~~~~~~~~~~~~~

  types/models.ts:71:3
    71   delivery_lat: number
         ~~~~~~~~~~~~
    'delivery_lat' is declared here.

screens/courier/BidScreen.tsx:311:23 - error TS2339: Property 'notes' does not exist on type 'Delivery'.

311             {delivery.notes && (
                          ~~~~~

screens/courier/BidScreen.tsx:314:64 - error TS2339: Property 'notes' does not exist on type 'Delivery'.

314                 <Text style={styles.descriptionText}>{delivery.notes}</Text>
                                                                   ~~~~~

screens/courier/CollaborativeDeliveriesScreen.tsx:61:25 - error TS2345: Argument of type '["CollaborativeDeliveryDetails", { deliveryId: string; clientName: string; finalPrice: number; }]' is not assignable to parameter of type '[screen: "Login"] | [screen: "Login", params: undefined] | [screen: "Register"] | [screen: "Register", params: undefined] | [screen: "ForgotPassword"] | [screen: "ForgotPassword", params: undefined] | [screen: "VerifyOTP", params: { phoneNumber: string; isRegistration?: boolean | undefined; }] | ... 21 more ... | [s...'.
  Type '["CollaborativeDeliveryDetails", { deliveryId: string; clientName: string; finalPrice: number; }]' is not assignable to type '[screen: "Login", params: undefined] | [screen: "Register", params: undefined] | [screen: "ForgotPassword", params: undefined] | [screen: "VerifyOTP", params: { phoneNumber: string; isRegistration?: boolean | undefined; }] | [screen: "OTPLogin", params: undefined] | ... 11 more ... | [screen: ...]'.
    Type '["CollaborativeDeliveryDetails", { deliveryId: string; clientName: string; finalPrice: number; }]' is not assignable to type '[screen: "CommunityWallet", params: undefined]'.
      Type at position 0 in source is not compatible with type at position 0 in target.
        Type '"CollaborativeDeliveryDetails"' is not assignable to type '"CommunityWallet"'.

 61     navigation.navigate("CollaborativeDeliveryDetails", {
                            ~~~~~~~~~~~~~~~~~~~~~~~~~~~~~~~~~
 62       deliveryId: delivery.id.toString(),
    ~~~~~~~~~~~~~~~~~~~~~~~~~~~~~~~~~~~~~~~~~
... 
 64       finalPrice: delivery.finalPrice || 0, // Default to 0 if finalPrice is undefined
    ~~~~~~~~~~~~~~~~~~~~~~~~~~~~~~~~~~~~~~~~~~~~~~~~~~~~~~~~~~~~~~~~~~~~~~~~~~~~~~~~~~~~~~
 65     })
    ~~~~~

screens/courier/CollaborativeDeliveriesScreen.tsx:69:25 - error TS2345: Argument of type '["JoinCollaborativeDelivery", { deliveryId: string; }]' is not assignable to parameter of type '[screen: "Login"] | [screen: "Login", params: undefined] | [screen: "Register"] | [screen: "Register", params: undefined] | [screen: "ForgotPassword"] | [screen: "ForgotPassword", params: undefined] | [screen: "VerifyOTP", params: { phoneNumber: string; isRegistration?: boolean | undefined; }] | ... 21 more ... | [s...'.
  Type '["JoinCollaborativeDelivery", { deliveryId: string; }]' is not assignable to type '[screen: "TrackDelivery", params: { deliveryId: string; }] | [screen: "BidScreen", params: { deliveryId: string; }] | [screen: "CourierTrackDelivery", params: { deliveryId: string; }]'.
    Type '["JoinCollaborativeDelivery", { deliveryId: string; }]' is not assignable to type '[screen: "CourierTrackDelivery", params: { deliveryId: string; }]'.
      Type at position 0 in source is not compatible with type at position 0 in target.
        Type '"JoinCollaborativeDelivery"' is not assignable to type '"CourierTrackDelivery"'.

69     navigation.navigate("JoinCollaborativeDelivery", { deliveryId: delivery.id.toString() })
                           ~~~~~~~~~~~~~~~~~~~~~~~~~~~~~~~~~~~~~~~~~~~~~~~~~~~~~~~~~~~~~~~~~~~

screens/courier/CollaborativeDeliveriesScreen.tsx:73:25 - error TS2345: Argument of type '["CollaborativeChat", { deliveryId: string; }]' is not assignable to parameter of type '[screen: "Login"] | [screen: "Login", params: undefined] | [screen: "Register"] | [screen: "Register", params: undefined] | [screen: "ForgotPassword"] | [screen: "ForgotPassword", params: undefined] | [screen: "VerifyOTP", params: { phoneNumber: string; isRegistration?: boolean | undefined; }] | ... 21 more ... | [s...'.
  Type '["CollaborativeChat", { deliveryId: string; }]' is not assignable to type '[screen: "TrackDelivery", params: { deliveryId: string; }] | [screen: "BidScreen", params: { deliveryId: string; }] | [screen: "CourierTrackDelivery", params: { deliveryId: string; }]'.
    Type '["CollaborativeChat", { deliveryId: string; }]' is not assignable to type '[screen: "CourierTrackDelivery", params: { deliveryId: string; }]'.
      Type at position 0 in source is not compatible with type at position 0 in target.
        Type '"CollaborativeChat"' is not assignable to type '"CourierTrackDelivery"'.

73     navigation.navigate("CollaborativeChat", { deliveryId: delivery.id.toString() })
                           ~~~~~~~~~~~~~~~~~~~~~~~~~~~~~~~~~~~~~~~~~~~~~~~~~~~~~~~~~~~

screens/courier/CollaborativeDeliveryDetailsScreen.tsx:25:76 - error TS2344: Type '"CollaborativeDeliveryDetails"' does not satisfy the constraint 'keyof RootStackParamList'.

25   const navigation = useNavigation<StackNavigationProp<RootStackParamList, "CollaborativeDeliveryDetails">>()
                                                                              ~~~~~~~~~~~~~~~~~~~~~~~~~~~~~~

screens/courier/CollaborativeDeliveryDetailsScreen.tsx:52:25 - error TS2345: Argument of type '["JoinCollaborativeDelivery", { deliveryId: string; }]' is not assignable to parameter of type '[screen: "Login"] | [screen: "Login", params: undefined] | [screen: "Register"] | [screen: "Register", params: undefined] | [screen: "ForgotPassword"] | [screen: "ForgotPassword", params: undefined] | [screen: "VerifyOTP", params: { phoneNumber: string; isRegistration?: boolean | undefined; }] | ... 21 more ... | [s...'.
  Type '["JoinCollaborativeDelivery", { deliveryId: string; }]' is not assignable to type '[screen: "TrackDelivery", params: { deliveryId: string; }] | [screen: "BidScreen", params: { deliveryId: string; }] | [screen: "CourierTrackDelivery", params: { deliveryId: string; }]'.
    Type '["JoinCollaborativeDelivery", { deliveryId: string; }]' is not assignable to type '[screen: "CourierTrackDelivery", params: { deliveryId: string; }]'.
      Type at position 0 in source is not compatible with type at position 0 in target.
        Type '"JoinCollaborativeDelivery"' is not assignable to type '"CourierTrackDelivery"'.

52     navigation.navigate("JoinCollaborativeDelivery", { deliveryId })
                           ~~~~~~~~~~~~~~~~~~~~~~~~~~~~~~~~~~~~~~~~~~~

screens/courier/CollaborativeDeliveryDetailsScreen.tsx:129:25 - error TS2345: Argument of type '["CollaborativeChat", { deliveryId: string; }]' is not assignable to parameter of type '[screen: "Login"] | [screen: "Login", params: undefined] | [screen: "Register"] | [screen: "Register", params: undefined] | [screen: "ForgotPassword"] | [screen: "ForgotPassword", params: undefined] | [screen: "VerifyOTP", params: { phoneNumber: string; isRegistration?: boolean | undefined; }] | ... 21 more ... | [s...'.
  Type '["CollaborativeChat", { deliveryId: string; }]' is not assignable to type '[screen: "TrackDelivery", params: { deliveryId: string; }] | [screen: "BidScreen", params: { deliveryId: string; }] | [screen: "CourierTrackDelivery", params: { deliveryId: string; }]'.
    Type '["CollaborativeChat", { deliveryId: string; }]' is not assignable to type '[screen: "CourierTrackDelivery", params: { deliveryId: string; }]'.
      Type at position 0 in source is not compatible with type at position 0 in target.
        Type '"CollaborativeChat"' is not assignable to type '"CourierTrackDelivery"'.

129     navigation.navigate("CollaborativeChat", { deliveryId })
                            ~~~~~~~~~~~~~~~~~~~~~~~~~~~~~~~~~~~

screens/courier/CourierDashboardScreen.tsx:139:25 - error TS2345: Argument of type '["DeliveryDetails", { deliveryId: string; }]' is not assignable to parameter of type '[screen: "Login"] | [screen: "Login", params: undefined] | [screen: "Register"] | [screen: "Register", params: undefined] | [screen: "ForgotPassword"] | [screen: "ForgotPassword", params: undefined] | [screen: "VerifyOTP", params: { phoneNumber: string; isRegistration?: boolean | undefined; }] | ... 21 more ... | [s...'.
  Type '["DeliveryDetails", { deliveryId: string; }]' is not assignable to type '[screen: "TrackDelivery", params: { deliveryId: string; }] | [screen: "BidScreen", params: { deliveryId: string; }] | [screen: "CourierTrackDelivery", params: { deliveryId: string; }]'.
    Type '["DeliveryDetails", { deliveryId: string; }]' is not assignable to type '[screen: "CourierTrackDelivery", params: { deliveryId: string; }]'.
      Type at position 0 in source is not compatible with type at position 0 in target.
        Type '"DeliveryDetails"' is not assignable to type '"CourierTrackDelivery"'.

139     navigation.navigate("DeliveryDetails", { deliveryId });
                            ~~~~~~~~~~~~~~~~~~~~~~~~~~~~~~~~~

screens/courier/CourierDashboardScreen.tsx:143:25 - error TS2345: Argument of type '["CourierEarnings", undefined]' is not assignable to parameter of type '[screen: "Login"] | [screen: "Login", params: undefined] | [screen: "Register"] | [screen: "Register", params: undefined] | [screen: "ForgotPassword"] | [screen: "ForgotPassword", params: undefined] | [screen: "VerifyOTP", params: { phoneNumber: string; isRegistration?: boolean | undefined; }] | ... 21 more ... | [s...'.
  Type '["CourierEarnings", undefined]' is not assignable to type '[screen: "Login", params: undefined] | [screen: "Register", params: undefined] | [screen: "ForgotPassword", params: undefined] | [screen: "OTPLogin", params: undefined] | [screen: "Onboarding", params: undefined] | [screen: "ClientMain", params: undefined] | [screen: "CourierMain", params: undefined] | ... 4 more .....'.
    Type '["CourierEarnings", undefined]' is not assignable to type '[screen: "CommunityWallet", params: undefined]'.
      Type at position 0 in source is not compatible with type at position 0 in target.
        Type '"CourierEarnings"' is not assignable to type '"CommunityWallet"'.

143     navigation.navigate("CourierEarnings", undefined);
                            ~~~~~~~~~~~~~~~~~~~~~~~~~~~~

screens/courier/CourierDashboardScreen.tsx:147:25 - error TS2769: No overload matches this call.
  Argument of type '["GamificationScreen"]' is not assignable to parameter of type '[screen: "Login"] | [screen: "Login", params: undefined] | [screen: "Register"] | [screen: "Register", params: undefined] | [screen: "ForgotPassword"] | [screen: "ForgotPassword", params: undefined] | [screen: "VerifyOTP", params: { phoneNumber: string; isRegistration?: boolean | undefined; }] | ... 21 more ... | [s...'.
    Type '["GamificationScreen"]' is not assignable to type '[screen: "Login"] | [screen: "Register"] | [screen: "ForgotPassword"] | [screen: "OTPLogin"] | [screen: "Onboarding"] | [screen: "ClientMain"] | [screen: "CourierMain"] | [screen: "Settings"] | [screen: "CreateDelivery"] | [screen: "PaymentMethods"] | [screen: ...] | [screen: ...]'.
      Type '["GamificationScreen"]' is not assignable to type '[screen: "CommunityWallet"]'.
        Type '"GamificationScreen"' is not assignable to type '"CommunityWallet"'.
  Overload 2 of 2, '(options: { key: string; params?: undefined; merge?: boolean | undefined; } | { name: "Login"; key?: string | undefined; params: undefined; merge?: boolean | undefined; } | { key: string; params?: undefined; merge?: boolean | undefined; } | ... 30 more ... | { ...; }): void', gave the following error.
    Argument of type 'string' is not assignable to parameter of type '{ key: string; params?: undefined; merge?: boolean | undefined; } | { name: "Login"; key?: string | undefined; params: undefined; merge?: boolean | undefined; } | { key: string; params?: undefined; merge?: boolean | undefined; } | ... 30 more ... | { ...; }'.

147     navigation.navigate("GamificationScreen");
                            ~~~~~~~~~~~~~~~~~~~~


screens/courier/CourierDashboardScreen.tsx:151:25 - error TS2769: No overload matches this call.
  Argument of type '["AvailableDeliveries"]' is not assignable to parameter of type '[screen: "Login"] | [screen: "Login", params: undefined] | [screen: "Register"] | [screen: "Register", params: undefined] | [screen: "ForgotPassword"] | [screen: "ForgotPassword", params: undefined] | [screen: "VerifyOTP", params: { phoneNumber: string; isRegistration?: boolean | undefined; }] | ... 21 more ... | [s...'.
    Type '["AvailableDeliveries"]' is not assignable to type '[screen: "Login"] | [screen: "Register"] | [screen: "ForgotPassword"] | [screen: "OTPLogin"] | [screen: "Onboarding"] | [screen: "ClientMain"] | [screen: "CourierMain"] | [screen: "Settings"] | [screen: "CreateDelivery"] | [screen: "PaymentMethods"] | [screen: ...] | [screen: ...]'.
      Type '["AvailableDeliveries"]' is not assignable to type '[screen: "CommunityWallet"]'.
        Type '"AvailableDeliveries"' is not assignable to type '"CommunityWallet"'.
  Overload 2 of 2, '(options: { key: string; params?: undefined; merge?: boolean | undefined; } | { name: "Login"; key?: string | undefined; params: undefined; merge?: boolean | undefined; } | { key: string; params?: undefined; merge?: boolean | undefined; } | ... 30 more ... | { ...; }): void', gave the following error.
    Argument of type 'string' is not assignable to parameter of type '{ key: string; params?: undefined; merge?: boolean | undefined; } | { name: "Login"; key?: string | undefined; params: undefined; merge?: boolean | undefined; } | { key: string; params?: undefined; merge?: boolean | undefined; } | ... 30 more ... | { ...; }'.

151     navigation.navigate("AvailableDeliveries");
                            ~~~~~~~~~~~~~~~~~~~~~


screens/courier/CourierDashboardScreen.tsx:178:108 - error TS2769: No overload matches this call.
  Argument of type '["Notifications"]' is not assignable to parameter of type '[screen: "Login"] | [screen: "Login", params: undefined] | [screen: "Register"] | [screen: "Register", params: undefined] | [screen: "ForgotPassword"] | [screen: "ForgotPassword", params: undefined] | [screen: "VerifyOTP", params: { phoneNumber: string; isRegistration?: boolean | undefined; }] | ... 21 more ... | [s...'.
    Type '["Notifications"]' is not assignable to type '[screen: "Login"] | [screen: "Register"] | [screen: "ForgotPassword"] | [screen: "OTPLogin"] | [screen: "Onboarding"] | [screen: "ClientMain"] | [screen: "CourierMain"] | [screen: "Settings"] | [screen: "CreateDelivery"] | [screen: "PaymentMethods"] | [screen: ...] | [screen: ...]'.
      Type '["Notifications"]' is not assignable to type '[screen: "CommunityWallet"]'.
        Type '"Notifications"' is not assignable to type '"CommunityWallet"'.
  Overload 2 of 2, '(options: { key: string; params?: undefined; merge?: boolean | undefined; } | { name: "Login"; key?: string | undefined; params: undefined; merge?: boolean | undefined; } | { key: string; params?: undefined; merge?: boolean | undefined; } | ... 30 more ... | { ...; }): void', gave the following error.
    Argument of type 'string' is not assignable to parameter of type '{ key: string; params?: undefined; merge?: boolean | undefined; } | { name: "Login"; key?: string | undefined; params: undefined; merge?: boolean | undefined; } | { key: string; params?: undefined; merge?: boolean | undefined; } | ... 30 more ... | { ...; }'.

178           <IconButton icon="bell-outline" iconColor="#212121" size={24} onPress={() => navigation.navigate("Notifications")} />
                                                                                                               ~~~~~~~~~~~~~~~


screens/courier/CourierDashboardScreen.tsx:285:39 - error TS2339: Property 'pickup_commune' does not exist on type 'Delivery'.

285                             {delivery.pickup_commune}  {delivery.delivery_commune}
                                          ~~~~~~~~~~~~~~

screens/courier/CourierDashboardScreen.tsx:285:67 - error TS2339: Property 'delivery_commune' does not exist on type 'Delivery'.

285                             {delivery.pickup_commune}  {delivery.delivery_commune}
                                                                      ~~~~~~~~~~~~~~~~

screens/courier/CourierDashboardScreen.tsx:315:48 - error TS2769: No overload matches this call.
  Argument of type '["CourierStatus"]' is not assignable to parameter of type '[screen: "Login"] | [screen: "Login", params: undefined] | [screen: "Register"] | [screen: "Register", params: undefined] | [screen: "ForgotPassword"] | [screen: "ForgotPassword", params: undefined] | [screen: "VerifyOTP", params: { phoneNumber: string; isRegistration?: boolean | undefined; }] | ... 21 more ... | [s...'.
    Type '["CourierStatus"]' is not assignable to type '[screen: "Login"] | [screen: "Register"] | [screen: "ForgotPassword"] | [screen: "OTPLogin"] | [screen: "Onboarding"] | [screen: "ClientMain"] | [screen: "CourierMain"] | [screen: "Settings"] | [screen: "CreateDelivery"] | [screen: "PaymentMethods"] | [screen: ...] | [screen: ...]'.
      Type '["CourierStatus"]' is not assignable to type '[screen: "CommunityWallet"]'.
        Type '"CourierStatus"' is not assignable to type '"CommunityWallet"'.
  Overload 2 of 2, '(options: { key: string; params?: undefined; merge?: boolean | undefined; } | { name: "Login"; key?: string | undefined; params: undefined; merge?: boolean | undefined; } | { key: string; params?: undefined; merge?: boolean | undefined; } | ... 30 more ... | { ...; }): void', gave the following error.
    Argument of type 'string' is not assignable to parameter of type '{ key: string; params?: undefined; merge?: boolean | undefined; } | { name: "Login"; key?: string | undefined; params: undefined; merge?: boolean | undefined; } | { key: string; params?: undefined; merge?: boolean | undefined; } | ... 30 more ... | { ...; }'.

315             onPress={() => navigation.navigate("CourierStatus")}
                                                   ~~~~~~~~~~~~~~~


screens/courier/CourierDashboardScreen.tsx:324:48 - error TS2769: No overload matches this call.
  Argument of type '["AvailableDeliveries"]' is not assignable to parameter of type '[screen: "Login"] | [screen: "Login", params: undefined] | [screen: "Register"] | [screen: "Register", params: undefined] | [screen: "ForgotPassword"] | [screen: "ForgotPassword", params: undefined] | [screen: "VerifyOTP", params: { phoneNumber: string; isRegistration?: boolean | undefined; }] | ... 21 more ... | [s...'.
    Type '["AvailableDeliveries"]' is not assignable to type '[screen: "Login"] | [screen: "Register"] | [screen: "ForgotPassword"] | [screen: "OTPLogin"] | [screen: "Onboarding"] | [screen: "ClientMain"] | [screen: "CourierMain"] | [screen: "Settings"] | [screen: "CreateDelivery"] | [screen: "PaymentMethods"] | [screen: ...] | [screen: ...]'.
      Type '["AvailableDeliveries"]' is not assignable to type '[screen: "CommunityWallet"]'.
        Type '"AvailableDeliveries"' is not assignable to type '"CommunityWallet"'.
  Overload 2 of 2, '(options: { key: string; params?: undefined; merge?: boolean | undefined; } | { name: "Login"; key?: string | undefined; params: undefined; merge?: boolean | undefined; } | { key: string; params?: undefined; merge?: boolean | undefined; } | ... 30 more ... | { ...; }): void', gave the following error.
    Argument of type 'string' is not assignable to parameter of type '{ key: string; params?: undefined; merge?: boolean | undefined; } | { name: "Login"; key?: string | undefined; params: undefined; merge?: boolean | undefined; } | { key: string; params?: undefined; merge?: boolean | undefined; } | ... 30 more ... | { ...; }'.

324             onPress={() => navigation.navigate("AvailableDeliveries")}
                                                   ~~~~~~~~~~~~~~~~~~~~~


screens/courier/CourierDeliveryHistoryScreen.tsx:31:5 - error TS2339: Property 'getCourierDeliveryHistory' does not exist on type 'UseDeliveryReturn'.

31     getCourierDeliveryHistory  } = useDelivery()
       ~~~~~~~~~~~~~~~~~~~~~~~~~

screens/courier/CourierDeliveryHistoryScreen.tsx:104:64 - error TS2339: Property 'actual_price' does not exist on type 'Delivery'.

104           <Text style={styles.deliveryPrice}>{formatPrice(item.actual_price || item.proposed_price)} FCFA</Text>
                                                                   ~~~~~~~~~~~~

screens/courier/CourierEarningsScreen.tsx:18:61 - error TS2344: Type '"CourierEarnings"' does not satisfy the constraint 'keyof RootStackParamList'.

18   navigation: NativeStackNavigationProp<RootStackParamList, "CourierEarnings">
                                                               ~~~~~~~~~~~~~~~~~

screens/courier/CourierProfileScreen.tsx:14:15 - error TS2305: Module '"../../types/navigation"' has no exported member 'CourierStatsScreenNavigationProp'.

14 import type { CourierStatsScreenNavigationProp } from "../../types/navigation"
                 ~~~~~~~~~~~~~~~~~~~~~~~~~~~~~~~~

screens/courier/CourierProfileScreen.tsx:83:54 - error TS2339: Property 'total_earnings' does not exist on type 'CourierStats'.

83               <Text style={styles.statValue}>{(stats.total_earnings || 0).toLocaleString()} XOF</Text>
                                                        ~~~~~~~~~~~~~~

screens/courier/CourierProfileScreen.tsx:88:55 - error TS2339: Property 'total_distance' does not exist on type 'CourierStats'.

88               <Text style={styles.statValue}>{((stats.total_distance || 0) / 1000).toFixed(1)} km</Text>
                                                         ~~~~~~~~~~~~~~

screens/courier/CourierProfileScreen.tsx:99:58 - error TS2339: Property 'level' does not exist on type 'CourierStats'.

99             <Text style={styles.levelText}>Niveau {stats.level || 1}</Text>
                                                            ~~~~~

screens/courier/CourierProfileScreen.tsx:102:65 - error TS2339: Property 'experience' does not exist on type 'CourierStats'.

102                 style={[styles.progressBar, { width: `${((stats.experience || 0) / (stats.nextLevelExperience || 100)) * 100}%` }]}
                                                                    ~~~~~~~~~~

screens/courier/CourierProfileScreen.tsx:102:91 - error TS2339: Property 'nextLevelExperience' does not exist on type 'CourierStats'.

102                 style={[styles.progressBar, { width: `${((stats.experience || 0) / (stats.nextLevelExperience || 100)) * 100}%` }]}
                                                                                              ~~~~~~~~~~~~~~~~~~~

screens/courier/CourierProfileScreen.tsx:106:22 - error TS2339: Property 'experience' does not exist on type 'CourierStats'.

106               {stats.experience || 0} / {stats.nextLevelExperience || 100} XP
                         ~~~~~~~~~~

screens/courier/CourierProfileScreen.tsx:106:48 - error TS2339: Property 'nextLevelExperience' does not exist on type 'CourierStats'.

106               {stats.experience || 0} / {stats.nextLevelExperience || 100} XP
                                                   ~~~~~~~~~~~~~~~~~~~

screens/courier/CourierProfileScreen.tsx:116:20 - error TS2339: Property 'badges' does not exist on type 'CourierStats'.

116             {stats.badges.map((badge: any) => (
                       ~~~~~~

screens/courier/CourierStatsScreen.tsx:20:61 - error TS2344: Type '"CourierStats"' does not satisfy the constraint 'keyof RootStackParamList'.

20   navigation: NativeStackNavigationProp<RootStackParamList, "CourierStats">
                                                               ~~~~~~~~~~~~~~

screens/courier/CourierStatusScreen.tsx:10:28 - error TS2724: '"../../components/FeatherIcon"' has no exported member named 'FeatherIconName'. Did you mean 'FeatherIcon'?

10 import FeatherIcon, { type FeatherIconName } from "../../components/FeatherIcon"
                              ~~~~~~~~~~~~~~~

  components/FeatherIcon.tsx:104:14
    104 export const FeatherIcon: React.FC<FeatherIconProps> = ({
                     ~~~~~~~~~~~
    'FeatherIcon' is declared here.

screens/courier/CourierStatusScreen.tsx:20:61 - error TS2344: Type '"CourierStatus"' does not satisfy the constraint 'keyof RootStackParamList'.

20   navigation: NativeStackNavigationProp<RootStackParamList, "CourierStatus">
                                                               ~~~~~~~~~~~~~~~

screens/courier/CourierStatusScreen.tsx:52:25 - error TS2345: Argument of type 'CourierProfile' is not assignable to parameter of type 'SetStateAction<UserProfile | null>'.
  Type 'CourierProfile' is missing the following properties from type 'UserProfile': user_id, address, city, country, role

52       setCourierProfile(profileData)
                           ~~~~~~~~~~~

screens/courier/CourierStatusScreen.tsx:276:53 - error TS18048: 'weather.current' is possibly 'undefined'.

276                   <FeatherIcon name={getWeatherIcon(weather.current.condition)} size={48} color="#FF6B00" />
                                                        ~~~~~~~~~~~~~~~

screens/courier/CourierStatusScreen.tsx:279:53 - error TS18048: 'weather.current' is possibly 'undefined'.

279                   <Text style={styles.temperature}>{weather.current.temperature}C</Text>
                                                        ~~~~~~~~~~~~~~~

screens/courier/CourierStatusScreen.tsx:280:58 - error TS18048: 'weather.current' is possibly 'undefined'.

280                   <Text style={styles.weatherCondition}>{weather.current.condition}</Text>
                                                             ~~~~~~~~~~~~~~~

screens/courier/CourierStatusScreen.tsx:286:61 - error TS18048: 'weather.current' is possibly 'undefined'.

286                     <Text style={styles.weatherDetailText}>{weather.current.humidity}%</Text>
                                                                ~~~~~~~~~~~~~~~

screens/courier/CourierStatusScreen.tsx:290:61 - error TS18048: 'weather.current' is possibly 'undefined'.

290                     <Text style={styles.weatherDetailText}>{weather.current.wind_speed} km/h</Text>
                                                                ~~~~~~~~~~~~~~~

screens/courier/CourierStatusScreen.tsx:346:96 - error TS2769: No overload matches this call.
  Argument of type '["AvailableDeliveries"]' is not assignable to parameter of type '[screen: "Login"] | [screen: "Login", params: undefined] | [screen: "Register"] | [screen: "Register", params: undefined] | [screen: "ForgotPassword"] | [screen: "ForgotPassword", params: undefined] | [screen: "VerifyOTP", params: { phoneNumber: string; isRegistration?: boolean | undefined; }] | ... 21 more ... | [s...'.
    Type '["AvailableDeliveries"]' is not assignable to type '[screen: "Login"] | [screen: "Register"] | [screen: "ForgotPassword"] | [screen: "OTPLogin"] | [screen: "Onboarding"] | [screen: "ClientMain"] | [screen: "CourierMain"] | [screen: "Settings"] | [screen: "CreateDelivery"] | [screen: "PaymentMethods"] | [screen: ...] | [screen: ...]'.
      Type '["AvailableDeliveries"]' is not assignable to type '[screen: "CommunityWallet"]'.
        Type '"AvailableDeliveries"' is not assignable to type '"CommunityWallet"'.
  Overload 2 of 2, '(options: { key: string; params?: undefined; merge?: boolean | undefined; } | { name: "Login"; key?: string | undefined; params: undefined; merge?: boolean | undefined; } | { key: string; params?: undefined; merge?: boolean | undefined; } | ... 30 more ... | { ...; }): void', gave the following error.
    Argument of type 'string' is not assignable to parameter of type '{ key: string; params?: undefined; merge?: boolean | undefined; } | { name: "Login"; key?: string | undefined; params: undefined; merge?: boolean | undefined; } | { key: string; params?: undefined; merge?: boolean | undefined; } | ... 30 more ... | { ...; }'.

346               <TouchableOpacity style={styles.actionButton} onPress={() => navigation.navigate("AvailableDeliveries")}>
                                                                                                   ~~~~~~~~~~~~~~~~~~~~~


screens/courier/CourierStatusScreen.tsx:353:96 - error TS2769: No overload matches this call.
  Argument of type '["CourierHome"]' is not assignable to parameter of type '[screen: "Login"] | [screen: "Login", params: undefined] | [screen: "Register"] | [screen: "Register", params: undefined] | [screen: "ForgotPassword"] | [screen: "ForgotPassword", params: undefined] | [screen: "VerifyOTP", params: { phoneNumber: string; isRegistration?: boolean | undefined; }] | ... 21 more ... | [s...'.
    Type '["CourierHome"]' is not assignable to type '[screen: "Login"] | [screen: "Register"] | [screen: "ForgotPassword"] | [screen: "OTPLogin"] | [screen: "Onboarding"] | [screen: "ClientMain"] | [screen: "CourierMain"] | [screen: "Settings"] | [screen: "CreateDelivery"] | [screen: "PaymentMethods"] | [screen: ...] | [screen: ...]'.
      Type '["CourierHome"]' is not assignable to type '[screen: "CommunityWallet"]'.
        Type '"CourierHome"' is not assignable to type '"CommunityWallet"'.
  Overload 2 of 2, '(options: { key: string; params?: undefined; merge?: boolean | undefined; } | { name: "Login"; key?: string | undefined; params: undefined; merge?: boolean | undefined; } | { key: string; params?: undefined; merge?: boolean | undefined; } | ... 30 more ... | { ...; }): void', gave the following error.
    Argument of type 'string' is not assignable to parameter of type '{ key: string; params?: undefined; merge?: boolean | undefined; } | { name: "Login"; key?: string | undefined; params: undefined; merge?: boolean | undefined; } | { key: string; params?: undefined; merge?: boolean | undefined; } | ... 30 more ... | { ...; }'.

353               <TouchableOpacity style={styles.actionButton} onPress={() => navigation.navigate("CourierHome")}>
                                                                                                   ~~~~~~~~~~~~~


screens/courier/CourierStatusScreen.tsx:360:96 - error TS2769: No overload matches this call.
  Argument of type '["CourierHome"]' is not assignable to parameter of type '[screen: "Login"] | [screen: "Login", params: undefined] | [screen: "Register"] | [screen: "Register", params: undefined] | [screen: "ForgotPassword"] | [screen: "ForgotPassword", params: undefined] | [screen: "VerifyOTP", params: { phoneNumber: string; isRegistration?: boolean | undefined; }] | ... 21 more ... | [s...'.
    Type '["CourierHome"]' is not assignable to type '[screen: "Login"] | [screen: "Register"] | [screen: "ForgotPassword"] | [screen: "OTPLogin"] | [screen: "Onboarding"] | [screen: "ClientMain"] | [screen: "CourierMain"] | [screen: "Settings"] | [screen: "CreateDelivery"] | [screen: "PaymentMethods"] | [screen: ...] | [screen: ...]'.
      Type '["CourierHome"]' is not assignable to type '[screen: "CommunityWallet"]'.
        Type '"CourierHome"' is not assignable to type '"CommunityWallet"'.
  Overload 2 of 2, '(options: { key: string; params?: undefined; merge?: boolean | undefined; } | { name: "Login"; key?: string | undefined; params: undefined; merge?: boolean | undefined; } | { key: string; params?: undefined; merge?: boolean | undefined; } | ... 30 more ... | { ...; }): void', gave the following error.
    Argument of type 'string' is not assignable to parameter of type '{ key: string; params?: undefined; merge?: boolean | undefined; } | { name: "Login"; key?: string | undefined; params: undefined; merge?: boolean | undefined; } | { key: string; params?: undefined; merge?: boolean | undefined; } | ... 30 more ... | { ...; }'.

360               <TouchableOpacity style={styles.actionButton} onPress={() => navigation.navigate("CourierHome")}>
                                                                                                   ~~~~~~~~~~~~~


screens/courier/CourierTrackDeliveryScreen.tsx:362:26 - error TS2345: Argument of type '{ type: "tracking"; data: { delivery_id: string; lat: number; lng: number; accuracy: number; speed: number; timestamp: string; }; }' is not assignable to parameter of type 'Omit<PendingOperation, "id" | "timestamp">'.
  Property 'retries' is missing in type '{ type: "tracking"; data: { delivery_id: string; lat: number; lng: number; accuracy: number; speed: number; timestamp: string; }; }' but required in type 'Omit<PendingOperation, "id" | "timestamp">'.

362         addPendingUpload({
                             ~
363           type: "tracking",
    ~~~~~~~~~~~~~~~~~~~~~~~~~~~
364           data: trackingData,
    ~~~~~~~~~~~~~~~~~~~~~~~~~~~~~
365         })
    ~~~~~~~~~

  types/models.ts:175:3
    175   retries: number
          ~~~~~~~
    'retries' is declared here.

screens/courier/CourierTrackDeliveryScreen.tsx:424:33 - error TS2339: Property 'user_id' does not exist on type 'Delivery'.

424         if (message && delivery.user_id) {
                                    ~~~~~~~

screens/courier/CourierTrackDeliveryScreen.tsx:425:51 - error TS2339: Property 'user_id' does not exist on type 'Delivery'.

425           await sendDeliveryNotification(delivery.user_id.toString(), {
                                                      ~~~~~~~

screens/courier/CourierTrackDeliveryScreen.tsx:645:35 - error TS2339: Property 'user_id' does not exist on type 'Delivery'.

645       {showClientInfo && delivery.user_id && (
                                      ~~~~~~~

screens/courier/CourierTrackDeliveryScreen.tsx:655:57 - error TS2339: Property 'user_id' does not exist on type 'Delivery'.

655               <Text style={styles.clientName}>{delivery.user_id}</Text>
                                                            ~~~~~~~

screens/courier/DeliveryDetailsScreen.tsx:16:10 - error TS2614: Module '"../../services/DeliveryService"' has no exported member 'DeliveryService'. Did you mean to use 'import DeliveryService from "../../services/DeliveryService"' instead?

16 import { DeliveryService } from '../../services/DeliveryService'
            ~~~~~~~~~~~~~~~

screens/courier/DeliveryDetailsScreen.tsx:171:61 - error TS2339: Property 'pickup_commune' does not exist on type 'Delivery'.

171                 <Text style={styles.pointCommune}>{delivery.pickup_commune}</Text>
                                                                ~~~~~~~~~~~~~~

screens/courier/DeliveryDetailsScreen.tsx:190:61 - error TS2339: Property 'delivery_commune' does not exist on type 'Delivery'.

190                 <Text style={styles.pointCommune}>{delivery.delivery_commune}</Text>
                                                                ~~~~~~~~~~~~~~~~

screens/courier/DeliveryDetailsScreen.tsx:204:56 - error TS2339: Property 'estimated_distance' does not exist on type 'Delivery'.

204               <Text style={styles.statText}>~{delivery.estimated_distance || 0} km</Text>
                                                           ~~~~~~~~~~~~~~~~~~

screens/courier/DeliveryDetailsScreen.tsx:218:15 - error TS2322: Type '{ initialRegion: { latitude: number; longitude: number; latitudeDelta: number; longitudeDelta: number; }; deliveries: Delivery[]; }' is not assignable to type 'IntrinsicAttributes & VTCStyleMapProps'.
  Property 'initialRegion' does not exist on type 'IntrinsicAttributes & VTCStyleMapProps'.

218               initialRegion={{
                  ~~~~~~~~~~~~~

screens/courier/DeliveryHistoryScreen.tsx:45:61 - error TS2344: Type '"DeliveryHistory"' does not satisfy the constraint 'keyof RootStackParamList'.

45   navigation: NativeStackNavigationProp<RootStackParamList, "DeliveryHistory">
                                                               ~~~~~~~~~~~~~~~~~

screens/courier/DeliveryHistoryScreen.tsx:183:25 - error TS2345: Argument of type '["DeliveryDetails", { deliveryId: number; }]' is not assignable to parameter of type '[screen: "Login"] | [screen: "Login", params: undefined] | [screen: "Register"] | [screen: "Register", params: undefined] | [screen: "ForgotPassword"] | [screen: "ForgotPassword", params: undefined] | [screen: "VerifyOTP", params: { phoneNumber: string; isRegistration?: boolean | undefined; }] | ... 21 more ... | [s...'.
  Type '["DeliveryDetails", { deliveryId: number; }]' is not assignable to type '[screen: "Login", params: undefined] | [screen: "Register", params: undefined] | [screen: "ForgotPassword", params: undefined] | [screen: "VerifyOTP", params: { phoneNumber: string; isRegistration?: boolean | undefined; }] | [screen: "OTPLogin", params: undefined] | ... 11 more ... | [screen: ...]'.
    Type '["DeliveryDetails", { deliveryId: number; }]' is not assignable to type '[screen: "CommunityWallet", params: undefined]'.
      Type at position 0 in source is not compatible with type at position 0 in target.
        Type '"DeliveryDetails"' is not assignable to type '"CommunityWallet"'.

183     navigation.navigate("DeliveryDetails", { deliveryId })
                            ~~~~~~~~~~~~~~~~~~~~~~~~~~~~~~~~~

screens/courier/DeliveryHistoryScreen.tsx:187:100 - error TS2322: Type 'number' is not assignable to type 'string'.

187     <Card style={styles.deliveryCard} onPress={() => navigation.navigate("CourierTrackDelivery", { deliveryId: item.id })}>
                                                                                                       ~~~~~~~~~~

  types/navigation.ts:28:27
    28   CourierTrackDelivery: { deliveryId: string };
                                 ~~~~~~~~~~
    The expected type comes from property 'deliveryId' which is declared here on type '{ deliveryId: string; }'

screens/courier/DeliveryHistoryScreen.tsx:190:31 - error TS2551: Property 'deliveryTitle' does not exist on type '{ container: { flex: number; backgroundColor: string; }; header: { flexDirection: "row"; justifyContent: "space-between"; alignItems: "center"; padding: number; backgroundColor: string; borderBottomWidth: number; borderBottomColor: string; }; ... 52 more ...; showStatsButton: { ...; }; }'. Did you mean 'deliveryDate'?

190           <Text style={styles.deliveryTitle}>#{item.id}</Text>
                                  ~~~~~~~~~~~~~

  screens/courier/DeliveryHistoryScreen.tsx:722:3
    722   deliveryDate: {
          ~~~~~~~~~~~~~~~
    723     fontSize: 12,
        ~~~~~~~~~~~~~~~~~
    ... 
    725     marginTop: 2,
        ~~~~~~~~~~~~~~~~~
    726   },
        ~~~
    'deliveryDate' is declared here.

screens/courier/DeliveryHistoryScreen.tsx:194:29 - error TS2339: Property 'routeContainer' does not exist on type '{ container: { flex: number; backgroundColor: string; }; header: { flexDirection: "row"; justifyContent: "space-between"; alignItems: "center"; padding: number; backgroundColor: string; borderBottomWidth: number; borderBottomColor: string; }; ... 52 more ...; showStatsButton: { ...; }; }'.

194         <View style={styles.routeContainer}>
                                ~~~~~~~~~~~~~~

screens/courier/DeliveryHistoryScreen.tsx:195:31 - error TS2339: Property 'routePoint' does not exist on type '{ container: { flex: number; backgroundColor: string; }; header: { flexDirection: "row"; justifyContent: "space-between"; alignItems: "center"; padding: number; backgroundColor: string; borderBottomWidth: number; borderBottomColor: string; }; ... 52 more ...; showStatsButton: { ...; }; }'.

195           <View style={styles.routePoint}>
                                  ~~~~~~~~~~

screens/courier/DeliveryHistoryScreen.tsx:196:14 - error TS2304: Cannot find name 'Ionicons'.

196             <Ionicons name="radio-button-on" size={12} color="#4CAF50" />
                 ~~~~~~~~

screens/courier/DeliveryHistoryScreen.tsx:197:33 - error TS2339: Property 'pointInfo' does not exist on type '{ container: { flex: number; backgroundColor: string; }; header: { flexDirection: "row"; justifyContent: "space-between"; alignItems: "center"; padding: number; backgroundColor: string; borderBottomWidth: number; borderBottomColor: string; }; ... 52 more ...; showStatsButton: { ...; }; }'.

197             <View style={styles.pointInfo}>
                                    ~~~~~~~~~

screens/courier/DeliveryHistoryScreen.tsx:198:35 - error TS2339: Property 'pointAddress' does not exist on type '{ container: { flex: number; backgroundColor: string; }; header: { flexDirection: "row"; justifyContent: "space-between"; alignItems: "center"; padding: number; backgroundColor: string; borderBottomWidth: number; borderBottomColor: string; }; ... 52 more ...; showStatsButton: { ...; }; }'.

198               <Text style={styles.pointAddress}>{item.pickup_address}</Text>
                                      ~~~~~~~~~~~~

screens/courier/DeliveryHistoryScreen.tsx:203:31 - error TS2339: Property 'routeLine' does not exist on type '{ container: { flex: number; backgroundColor: string; }; header: { flexDirection: "row"; justifyContent: "space-between"; alignItems: "center"; padding: number; backgroundColor: string; borderBottomWidth: number; borderBottomColor: string; }; ... 52 more ...; showStatsButton: { ...; }; }'.

203           <View style={styles.routeLine} />
                                  ~~~~~~~~~

screens/courier/DeliveryHistoryScreen.tsx:205:31 - error TS2339: Property 'routePoint' does not exist on type '{ container: { flex: number; backgroundColor: string; }; header: { flexDirection: "row"; justifyContent: "space-between"; alignItems: "center"; padding: number; backgroundColor: string; borderBottomWidth: number; borderBottomColor: string; }; ... 52 more ...; showStatsButton: { ...; }; }'.

205           <View style={styles.routePoint}>
                                  ~~~~~~~~~~

screens/courier/DeliveryHistoryScreen.tsx:206:14 - error TS2304: Cannot find name 'Ionicons'.

206             <Ionicons name="location" size={12} color="#FF6B00" />
                 ~~~~~~~~

screens/courier/DeliveryHistoryScreen.tsx:207:33 - error TS2339: Property 'pointInfo' does not exist on type '{ container: { flex: number; backgroundColor: string; }; header: { flexDirection: "row"; justifyContent: "space-between"; alignItems: "center"; padding: number; backgroundColor: string; borderBottomWidth: number; borderBottomColor: string; }; ... 52 more ...; showStatsButton: { ...; }; }'.

207             <View style={styles.pointInfo}>
                                    ~~~~~~~~~

screens/courier/DeliveryHistoryScreen.tsx:208:35 - error TS2339: Property 'pointAddress' does not exist on type '{ container: { flex: number; backgroundColor: string; }; header: { flexDirection: "row"; justifyContent: "space-between"; alignItems: "center"; padding: number; backgroundColor: string; borderBottomWidth: number; borderBottomColor: string; }; ... 52 more ...; showStatsButton: { ...; }; }'.

208               <Text style={styles.pointAddress}>{item.delivery_address}</Text>
                                      ~~~~~~~~~~~~

screens/courier/DeliveryHistoryScreen.tsx:217:27 - error TS2339: Property 'detailsButton' does not exist on type '{ container: { flex: number; backgroundColor: string; }; header: { flexDirection: "row"; justifyContent: "space-between"; alignItems: "center"; padding: number; backgroundColor: string; borderBottomWidth: number; borderBottomColor: string; }; ... 52 more ...; showStatsButton: { ...; }; }'.

217             style={styles.detailsButton}
                              ~~~~~~~~~~~~~

screens/courier/DeliveryHistoryScreen.tsx:218:74 - error TS2322: Type 'number' is not assignable to type 'string'.

218             onPress={() => navigation.navigate("CourierTrackDelivery", { deliveryId: item.id })}
                                                                             ~~~~~~~~~~

  types/navigation.ts:28:27
    28   CourierTrackDelivery: { deliveryId: string };
                                 ~~~~~~~~~~
    The expected type comes from property 'deliveryId' which is declared here on type '{ deliveryId: string; }'

screens/courier/DeliveryHistoryScreen.tsx:224:31 - error TS2339: Property 'ratingText' does not exist on type '{ container: { flex: number; backgroundColor: string; }; header: { flexDirection: "row"; justifyContent: "space-between"; alignItems: "center"; padding: number; backgroundColor: string; borderBottomWidth: number; borderBottomColor: string; }; ... 52 more ...; showStatsButton: { ...; }; }'.

224           <Text style={styles.ratingText}>Livraison termine</Text>
                                  ~~~~~~~~~~

screens/courier/DeliveryHistoryScreen.tsx:232:25 - error TS2345: Argument of type '["DeliveryDetails", { deliveryId: string; }]' is not assignable to parameter of type '[screen: "Login"] | [screen: "Login", params: undefined] | [screen: "Register"] | [screen: "Register", params: undefined] | [screen: "ForgotPassword"] | [screen: "ForgotPassword", params: undefined] | [screen: "VerifyOTP", params: { phoneNumber: string; isRegistration?: boolean | undefined; }] | ... 21 more ... | [s...'.
  Type '["DeliveryDetails", { deliveryId: string; }]' is not assignable to type '[screen: "TrackDelivery", params: { deliveryId: string; }] | [screen: "BidScreen", params: { deliveryId: string; }] | [screen: "CourierTrackDelivery", params: { deliveryId: string; }]'.
    Type '["DeliveryDetails", { deliveryId: string; }]' is not assignable to type '[screen: "CourierTrackDelivery", params: { deliveryId: string; }]'.
      Type at position 0 in source is not compatible with type at position 0 in target.
        Type '"DeliveryDetails"' is not assignable to type '"CourierTrackDelivery"'.

232     navigation.navigate("DeliveryDetails", { deliveryId })
                            ~~~~~~~~~~~~~~~~~~~~~~~~~~~~~~~~~

screens/courier/DeliveryHistoryScreen.tsx:256:56 - error TS2339: Property 'pickup_commune' does not exist on type 'Delivery'.

256                 <Text style={styles.communeText}>{item.pickup_commune}</Text>
                                                           ~~~~~~~~~~~~~~

screens/courier/DeliveryHistoryScreen.tsx:267:56 - error TS2339: Property 'delivery_commune' does not exist on type 'Delivery'.

267                 <Text style={styles.communeText}>{item.delivery_commune}</Text>
                                                           ~~~~~~~~~~~~~~~~

screens/courier/DeliveryHistoryScreen.tsx:282:17 - error TS2339: Property 'rating' does not exist on type 'Delivery'.

282           {item.rating && (
                    ~~~~~~

screens/courier/DeliveryHistoryScreen.tsx:287:51 - error TS2339: Property 'rating' does not exist on type 'Delivery'.

287                   const ratingValue = typeof item.rating === 'number' ? item.rating : item.rating?.rating ?? 0;
                                                      ~~~~~~

screens/courier/DeliveryHistoryScreen.tsx:287:78 - error TS2339: Property 'rating' does not exist on type 'Delivery'.

287                   const ratingValue = typeof item.rating === 'number' ? item.rating : item.rating?.rating ?? 0;
                                                                                 ~~~~~~

screens/courier/DeliveryHistoryScreen.tsx:287:92 - error TS2339: Property 'rating' does not exist on type 'Delivery'.

287                   const ratingValue = typeof item.rating === 'number' ? item.rating : item.rating?.rating ?? 0;
                                                                                               ~~~~~~

screens/courier/DeliveryHistoryScreen.tsx:299:33 - error TS2339: Property 'rating' does not exist on type 'Delivery'.

299                   ({typeof item.rating === 'number' ? item.rating.toFixed(1) : item.rating?.rating?.toFixed(1) ?? 'N/A'})
                                    ~~~~~~

screens/courier/DeliveryHistoryScreen.tsx:299:60 - error TS2339: Property 'rating' does not exist on type 'Delivery'.

299                   ({typeof item.rating === 'number' ? item.rating.toFixed(1) : item.rating?.rating?.toFixed(1) ?? 'N/A'})
                                                               ~~~~~~

screens/courier/DeliveryHistoryScreen.tsx:299:85 - error TS2339: Property 'rating' does not exist on type 'Delivery'.

299                   ({typeof item.rating === 'number' ? item.rating.toFixed(1) : item.rating?.rating?.toFixed(1) ?? 'N/A'})
                                                                                        ~~~~~~

screens/courier/ExpressDeliveriesScreen.tsx:24:5 - error TS2339: Property 'loading' does not exist on type 'UseDeliveryReturn'.

24     loading,
       ~~~~~~~

screens/courier/ExpressDeliveriesScreen.tsx:52:28 - error TS2345: Argument of type 'number' is not assignable to parameter of type 'string'.

52       await acceptDelivery(deliveryId)
                              ~~~~~~~~~~

screens/courier/ExpressDeliveriesScreen.tsx:61:27 - error TS2345: Argument of type 'number' is not assignable to parameter of type 'string'.

61       await startDelivery(deliveryId)
                             ~~~~~~~~~~

screens/courier/ExpressDeliveriesScreen.tsx:82:54 - error TS2339: Property 'estimated_distance' does not exist on type 'Delivery'.

82     const distanceScore = Math.max(0, 10 - (delivery.estimated_distance || 0))
                                                        ~~~~~~~~~~~~~~~~~~

screens/courier/ExpressDeliveriesScreen.tsx:156:19 - error TS2339: Property 'estimated_distance' does not exist on type 'Delivery'.

156             {item.estimated_distance && (
                      ~~~~~~~~~~~~~~~~~~

screens/courier/ExpressDeliveriesScreen.tsx:160:40 - error TS2339: Property 'estimated_distance' does not exist on type 'Delivery'.

160                   {formatDistance(item.estimated_distance)}
                                           ~~~~~~~~~~~~~~~~~~

screens/courier/ExpressDeliveriesScreen.tsx:171:17 - error TS2339: Property 'description' does not exist on type 'Delivery'.

171           {item.description && (
                    ~~~~~~~~~~~

screens/courier/ExpressDeliveriesScreen.tsx:177:23 - error TS2339: Property 'description' does not exist on type 'Delivery'.

177                 {item.description}
                          ~~~~~~~~~~~

screens/courier/ExpressDeliveriesScreen.tsx:187:54 - error TS2345: Argument of type '["DeliveryDetails", { deliveryId: string; }]' is not assignable to parameter of type '[screen: "Login"] | [screen: "Login", params: undefined] | [screen: "Register"] | [screen: "Register", params: undefined] | [screen: "ForgotPassword"] | [screen: "ForgotPassword", params: undefined] | [screen: "VerifyOTP", params: { phoneNumber: string; isRegistration?: boolean | undefined; }] | ... 21 more ... | [s...'.
  Type '["DeliveryDetails", { deliveryId: string; }]' is not assignable to type '[screen: "TrackDelivery", params: { deliveryId: string; }] | [screen: "BidScreen", params: { deliveryId: string; }] | [screen: "CourierTrackDelivery", params: { deliveryId: string; }]'.
    Type '["DeliveryDetails", { deliveryId: string; }]' is not assignable to type '[screen: "CourierTrackDelivery", params: { deliveryId: string; }]'.
      Type at position 0 in source is not compatible with type at position 0 in target.
        Type '"DeliveryDetails"' is not assignable to type '"CourierTrackDelivery"'.

187                   onPress={() => navigation.navigate("DeliveryDetails", { deliveryId: item.id.toString() })}
                                                         ~~~~~~~~~~~~~~~~~~~~~~~~~~~~~~~~~~~~~~~~~~~~~~~~~~~~~

screens/courier/ExpressDeliveriesScreen.tsx:205:54 - error TS2345: Argument of type '["DeliveryDetails", { deliveryId: string; }]' is not assignable to parameter of type '[screen: "Login"] | [screen: "Login", params: undefined] | [screen: "Register"] | [screen: "Register", params: undefined] | [screen: "ForgotPassword"] | [screen: "ForgotPassword", params: undefined] | [screen: "VerifyOTP", params: { phoneNumber: string; isRegistration?: boolean | undefined; }] | ... 21 more ... | [s...'.
  Type '["DeliveryDetails", { deliveryId: string; }]' is not assignable to type '[screen: "TrackDelivery", params: { deliveryId: string; }] | [screen: "BidScreen", params: { deliveryId: string; }] | [screen: "CourierTrackDelivery", params: { deliveryId: string; }]'.
    Type '["DeliveryDetails", { deliveryId: string; }]' is not assignable to type '[screen: "CourierTrackDelivery", params: { deliveryId: string; }]'.
      Type at position 0 in source is not compatible with type at position 0 in target.
        Type '"DeliveryDetails"' is not assignable to type '"CourierTrackDelivery"'.

205                   onPress={() => navigation.navigate("DeliveryDetails", { deliveryId: item.id.toString() })}
                                                         ~~~~~~~~~~~~~~~~~~~~~~~~~~~~~~~~~~~~~~~~~~~~~~~~~~~~~

screens/courier/GamificationScreen.tsx:43:9 - error TS2353: Object literal may only specify known properties, and 'totalEarnings' does not exist in type 'CourierStats | ((prevState: CourierStats | null) => CourierStats | null)'.

43         totalEarnings: 0,
           ~~~~~~~~~~~~~

screens/courier/GamificationScreen.tsx:286:40 - error TS18048: 'stats.daily_deliveries' is possibly 'undefined'.

286                     progress={Math.min(stats.daily_deliveries / 5, 1)}
                                           ~~~~~~~~~~~~~~~~~~~~~~

screens/courier/HomeScreen.tsx:15:10 - error TS2614: Module '"../../services/DeliveryService"' has no exported member 'DeliveryService'. Did you mean to use 'import DeliveryService from "../../services/DeliveryService"' instead?

15 import { DeliveryService } from '../../services/DeliveryService'
            ~~~~~~~~~~~~~~~

screens/courier/HomeScreen.tsx:194:68 - error TS2322: Type 'number' is not assignable to type 'string'.

194       onPress={() => navigation.navigate('CourierTrackDelivery', { deliveryId: item.id })}
                                                                       ~~~~~~~~~~

  types/navigation.ts:28:27
    28   CourierTrackDelivery: { deliveryId: string };
                                 ~~~~~~~~~~
    The expected type comes from property 'deliveryId' which is declared here on type '{ deliveryId: string; }'

screens/courier/HomeScreen.tsx:224:72 - error TS2322: Type 'number' is not assignable to type 'string'.

224           onPress={() => navigation.navigate('CourierTrackDelivery', { deliveryId: item.id })}
                                                                           ~~~~~~~~~~

  types/navigation.ts:28:27
    28   CourierTrackDelivery: { deliveryId: string };
                                 ~~~~~~~~~~
    The expected type comes from property 'deliveryId' which is declared here on type '{ deliveryId: string; }'

screens/courier/HomeScreen.tsx:280:61 - error TS2561: Object literal may only specify known properties, but 'delivery' does not exist in type '{ deliveryId: string; }'. Did you mean to write 'deliveryId'?

280           onPress={() => navigation.navigate('BidScreen', { delivery: item })}
                                                                ~~~~~~~~

screens/courier/JoinCollaborativeDeliveryScreen.tsx:16:20 - error TS2307: Cannot find module '@react-native-community/slider' or its corresponding type declarations.

16 import Slider from "@react-native-community/slider"
                      ~~~~~~~~~~~~~~~~~~~~~~~~~~~~~~~~

screens/courier/VehicleManagementScreen.tsx:17:61 - error TS2344: Type '"VehicleManagement"' does not satisfy the constraint 'keyof RootStackParamList'.

17   navigation: NativeStackNavigationProp<RootStackParamList, "VehicleManagement">
                                                               ~~~~~~~~~~~~~~~~~~~

screens/courier/VehicleManagementScreen.tsx:22:54 - error TS2339: Property 'setActiveVehicle' does not exist on type 'UseVehicleReturn'.

22   const { vehicles, isLoading, error, deleteVehicle, setActiveVehicle } = useVehicle()
                                                        ~~~~~~~~~~~~~~~~

screens/courier/VehicleManagementScreen.tsx:93:14 - error TS2339: Property 'insurance_expiry' does not exist on type 'Vehicle'.

93       if (!v.insurance_expiry) return false
                ~~~~~~~~~~~~~~~~

screens/courier/VehicleManagementScreen.tsx:94:42 - error TS2339: Property 'insurance_expiry' does not exist on type 'Vehicle'.

94       const days = Math.ceil((new Date(v.insurance_expiry).getTime() - new Date().getTime()) / (1000 * 60 * 60 * 24))
                                            ~~~~~~~~~~~~~~~~

screens/courier/VehicleManagementScreen.tsx:122:34 - error TS2339: Property 'insurance_expiry' does not exist on type 'Vehicle'.

122     const insuranceStatus = item.insurance_expiry ? getInsuranceStatus(item.insurance_expiry) : null
                                     ~~~~~~~~~~~~~~~~

screens/courier/VehicleManagementScreen.tsx:122:77 - error TS2339: Property 'insurance_expiry' does not exist on type 'Vehicle'.

122     const insuranceStatus = item.insurance_expiry ? getInsuranceStatus(item.insurance_expiry) : null
                                                                                ~~~~~~~~~~~~~~~~

screens/courier/VehicleManagementScreen.tsx:155:52 - error TS2345: Argument of type '["AddVehicleScreen", { vehicleId: number; }]' is not assignable to parameter of type '[screen: "Login"] | [screen: "Login", params: undefined] | [screen: "Register"] | [screen: "Register", params: undefined] | [screen: "ForgotPassword"] | [screen: "ForgotPassword", params: undefined] | [screen: "VerifyOTP", params: { phoneNumber: string; isRegistration?: boolean | undefined; }] | ... 21 more ... | [s...'.
  Type '["AddVehicleScreen", { vehicleId: number; }]' is not assignable to type '[screen: "Login", params: undefined] | [screen: "Register", params: undefined] | [screen: "ForgotPassword", params: undefined] | [screen: "VerifyOTP", params: { phoneNumber: string; isRegistration?: boolean | undefined; }] | [screen: "OTPLogin", params: undefined] | ... 11 more ... | [screen: ...]'.
    Type '["AddVehicleScreen", { vehicleId: number; }]' is not assignable to type '[screen: "CommunityWallet", params: undefined]'.
      Type at position 0 in source is not compatible with type at position 0 in target.
        Type '"AddVehicleScreen"' is not assignable to type '"CommunityWallet"'.

155                 onPress={() => navigation.navigate("AddVehicleScreen", { vehicleId: item.id })}
                                                       ~~~~~~~~~~~~~~~~~~~~~~~~~~~~~~~~~~~~~~~~~~

screens/courier/VehicleManagementScreen.tsx:237:50 - error TS2345: Argument of type '["AddVehicleScreen", {}]' is not assignable to parameter of type '[screen: "Login"] | [screen: "Login", params: undefined] | [screen: "Register"] | [screen: "Register", params: undefined] | [screen: "ForgotPassword"] | [screen: "ForgotPassword", params: undefined] | [screen: "VerifyOTP", params: { phoneNumber: string; isRegistration?: boolean | undefined; }] | ... 21 more ... | [s...'.
  Type '["AddVehicleScreen", {}]' is not assignable to type '[screen: "Login", params: undefined] | [screen: "Register", params: undefined] | [screen: "ForgotPassword", params: undefined] | [screen: "VerifyOTP", params: { phoneNumber: string; isRegistration?: boolean | undefined; }] | [screen: "OTPLogin", params: undefined] | ... 11 more ... | [screen: ...]'.
    Type '["AddVehicleScreen", {}]' is not assignable to type '[screen: "CommunityWallet", params: undefined]'.
      Type at position 0 in source is not compatible with type at position 0 in target.
        Type '"AddVehicleScreen"' is not assignable to type '"CommunityWallet"'.

237               onPress={() => navigation.navigate("AddVehicleScreen", {})}
                                                     ~~~~~~~~~~~~~~~~~~~~~~

screens/courier/VehicleManagementScreen.tsx:246:13 - error TS2769: No overload matches this call.
  Overload 1 of 2, '(props: FlatListProps<Vehicle> | Readonly<FlatListProps<Vehicle>>): FlatList<Vehicle>', gave the following error.
    Type '(item: Vehicle) => number' is not assignable to type '(item: Vehicle, index: number) => string'.
      Type 'number' is not assignable to type 'string'.
  Overload 2 of 2, '(props: FlatListProps<Vehicle>, context: any): FlatList<Vehicle>', gave the following error.
    Type '(item: Vehicle) => number' is not assignable to type '(item: Vehicle, index: number) => string'.
      Type 'number' is not assignable to type 'string'.

246             keyExtractor={(item) => item.id}
                ~~~~~~~~~~~~

  node_modules/react-native/Libraries/Lists/FlatList.d.ts:94:3
    94   keyExtractor?: ((item: ItemT, index: number) => string) | undefined;
         ~~~~~~~~~~~~
    The expected type comes from property 'keyExtractor' which is declared here on type 'IntrinsicAttributes & IntrinsicClassAttributes<FlatList<Vehicle>> & Readonly<FlatListProps<Vehicle>>'
  node_modules/react-native/Libraries/Lists/FlatList.d.ts:94:3
    94   keyExtractor?: ((item: ItemT, index: number) => string) | undefined;
         ~~~~~~~~~~~~
    The expected type comes from property 'keyExtractor' which is declared here on type 'IntrinsicAttributes & IntrinsicClassAttributes<FlatList<Vehicle>> & Readonly<FlatListProps<Vehicle>>'

screens/courier/VehicleManagementScreen.tsx:257:46 - error TS2345: Argument of type '["AddVehicleScreen", {}]' is not assignable to parameter of type '[screen: "Login"] | [screen: "Login", params: undefined] | [screen: "Register"] | [screen: "Register", params: undefined] | [screen: "ForgotPassword"] | [screen: "ForgotPassword", params: undefined] | [screen: "VerifyOTP", params: { phoneNumber: string; isRegistration?: boolean | undefined; }] | ... 21 more ... | [s...'.
  Type '["AddVehicleScreen", {}]' is not assignable to type '[screen: "Login", params: undefined] | [screen: "Register", params: undefined] | [screen: "ForgotPassword", params: undefined] | [screen: "VerifyOTP", params: { phoneNumber: string; isRegistration?: boolean | undefined; }] | [screen: "OTPLogin", params: undefined] | ... 11 more ... | [screen: ...]'.
    Type '["AddVehicleScreen", {}]' is not assignable to type '[screen: "CommunityWallet", params: undefined]'.
      Type at position 0 in source is not compatible with type at position 0 in target.
        Type '"AddVehicleScreen"' is not assignable to type '"CommunityWallet"'.

257           onPress={() => navigation.navigate("AddVehicleScreen", {})}
                                                 ~~~~~~~~~~~~~~~~~~~~~~

screens/profile/ProfileScreen.tsx:18:61 - error TS2344: Type '"Profile"' does not satisfy the constraint 'keyof RootStackParamList'.

18   navigation: NativeStackNavigationProp<RootStackParamList, "Profile">
                                                               ~~~~~~~~~

screens/profile/ProfileScreen.tsx:54:9 - error TS2353: Object literal may only specify known properties, and 'created_at' does not exist in type 'UserProfile'.

54         created_at: profileData.created_at,
           ~~~~~~~~~~

screens/profile/ProfileScreen.tsx:62:15 - error TS2741: Property 'role' is missing in type '{ user_id: number; address: string; city: string; country: string; phone: string; email: string; vehicle_type: string | undefined; license_plate: string | undefined; business_name: string | undefined; business_address: string | undefined; profile_picture: string | undefined; full_name: string; }' but required in type 'UserProfile'.

62         const userProfile: UserProfile = {
                 ~~~~~~~~~~~

  types/models.ts:271:3
    271   role: string
          ~~~~
    'role' is declared here.

screens/profile/ProfileScreen.tsx:190:78 - error TS2304: Cannot find name 'User'.

190         const updatedUser = await updateUserProfile(editedProfile as Partial<User>)
                                                                                 ~~~~

screens/profile/ProfileScreen.tsx:207:11 - error TS2353: Object literal may only specify known properties, and 'created_at' does not exist in type 'UserProfile'.

207           created_at: updatedUser.created_at,
              ~~~~~~~~~~

screens/profile/ProfileScreen.tsx:221:49 - error TS2304: Cannot find name 'User'.

221         updateUserData(editedProfile as Partial<User>)
                                                    ~~~~

services/DeliveryService.ts:8:3 - error TS2440: Import declaration conflicts with local declaration of 'DeliveryCreateRequest'.

8   DeliveryCreateRequest,
    ~~~~~~~~~~~~~~~~~~~~~

services/DeliveryService.ts:9:3 - error TS2440: Import declaration conflicts with local declaration of 'BidCreateRequest'.

9   BidCreateRequest,
    ~~~~~~~~~~~~~~~~

services/DeliveryService.ts:435:3 - error TS2484: Export declaration conflicts with exported declaration of 'DeliveryUpdateRequest'.

435   DeliveryUpdateRequest,
      ~~~~~~~~~~~~~~~~~~~~~

services/DeliveryService.ts:436:3 - error TS2484: Export declaration conflicts with exported declaration of 'DeliveryFilters'.

436   DeliveryFilters,
      ~~~~~~~~~~~~~~~

services/DeliveryService.ts:437:3 - error TS2484: Export declaration conflicts with exported declaration of 'ExpressDeliveryRequest'.

437   ExpressDeliveryRequest,
      ~~~~~~~~~~~~~~~~~~~~~~

services/DeliveryService.ts:438:3 - error TS2484: Export declaration conflicts with exported declaration of 'CollaborativeDeliveryRequest'.

438   CollaborativeDeliveryRequest
      ~~~~~~~~~~~~~~~~~~~~~~~~~~~~

services/LocationService.ts:243:3 - error TS2393: Duplicate function implementation.

243   calculateDistance(
      ~~~~~~~~~~~~~~~~~

services/LocationService.ts:561:11 - error TS2393: Duplicate function implementation.

561   private calculateDistance(from: LocationCoords, to: LocationCoords): number {
              ~~~~~~~~~~~~~~~~~

services/LocationService.ts:602:28 - error TS2575: No overload expects 3 arguments, but overloads do exist that expect either 2 or 4 arguments.

602             distance: this.calculateDistance(userLocation, address.coords.latitude, address.coords.longitude)
                               ~~~~~~~~~~~~~~~~~

types/models.ts:13:3 - error TS2687: All declarations of 'email' must have identical modifiers.

13   email?: string;
     ~~~~~

types/models.ts:15:3 - error TS2687: All declarations of 'password' must have identical modifiers.

15   password?: string;
     ~~~~~~~~

types/models.ts:22:3 - error TS2687: All declarations of 'email' must have identical modifiers.

22   email?: string;
     ~~~~~

types/models.ts:24:3 - error TS2687: All declarations of 'password' must have identical modifiers.

24   password?: string;
     ~~~~~~~~

types/models.ts:207:3 - error TS2687: All declarations of 'message' must have identical modifiers.

207   message?: string
      ~~~~~~~

types/models.ts:437:3 - error TS2687: All declarations of 'message' must have identical modifiers.

437   message: string
      ~~~~~~~

types/models.ts:437:3 - error TS2717: Subsequent property declarations must have the same type.  Property 'message' must be of type 'string | undefined', but here has type 'string'.

437   message: string
      ~~~~~~~

  types/models.ts:207:3
    207   message?: string
          ~~~~~~~
    'message' was also declared here.

types/models.ts:749:3 - error TS2687: All declarations of 'email' must have identical modifiers.

749   email: string;
      ~~~~~

types/models.ts:749:3 - error TS2717: Subsequent property declarations must have the same type.  Property 'email' must be of type 'string | undefined', but here has type 'string'.

749   email: string;
      ~~~~~

  types/models.ts:13:3
    13   email?: string;
         ~~~~~
    'email' was also declared here.

types/models.ts:750:3 - error TS2687: All declarations of 'password' must have identical modifiers.

750   password: string;
      ~~~~~~~~

types/models.ts:750:3 - error TS2717: Subsequent property declarations must have the same type.  Property 'password' must be of type 'string | undefined', but here has type 'string'.

750   password: string;
      ~~~~~~~~

  types/models.ts:15:3
    15   password?: string;
         ~~~~~~~~
    'password' was also declared here.

types/models.ts:755:3 - error TS2687: All declarations of 'email' must have identical modifiers.

755   email: string;
      ~~~~~

types/models.ts:755:3 - error TS2717: Subsequent property declarations must have the same type.  Property 'email' must be of type 'string | undefined', but here has type 'string'.

755   email: string;
      ~~~~~

  types/models.ts:22:3
    22   email?: string;
         ~~~~~
    'email' was also declared here.

types/models.ts:756:3 - error TS2687: All declarations of 'password' must have identical modifiers.

756   password: string;
      ~~~~~~~~

types/models.ts:756:3 - error TS2717: Subsequent property declarations must have the same type.  Property 'password' must be of type 'string | undefined', but here has type 'string'.

756   password: string;
      ~~~~~~~~

  types/models.ts:24:3
    24   password?: string;
         ~~~~~~~~
    'password' was also declared here.

types/models.ts:758:3 - error TS2717: Subsequent property declarations must have the same type.  Property 'role' must be of type '"client" | "courier"', but here has type 'UserRole'.

758   role: UserRole;
      ~~~~

  types/models.ts:25:3
    25   role: 'client' | 'courier';
         ~~~~
    'role' was also declared here.


Found 482 errors in 74 files.

Errors  Files
    11  __tests__/components/VoiceAssistant.test.tsx:9
    15  __tests__/contexts/NetworkContext.test.tsx:8
     1  components/AddressAutocomplete.tsx:342
     1  components/DeliveryStatusBadge.tsx:4
     1  components/EnhancedMap.tsx:11
     1  components/EnhancedWeatherInfo.tsx:13
     3  components/FeatherIcon.tsx:14
     1  components/VTCStyleMap.tsx:442
     5  components/VoiceAssistant.tsx:134
     1  components/WeatherAlertModal.tsx:77
     1  components/WeatherInfo.tsx:64
     1  contexts/NotificationContext.tsx:57
     2  hooks/useAuth.ts:3
     9  hooks/useDelivery.ts:111
     8  hooks/useUser.ts:333
    12  screens/NotificationSettingsScreen.tsx:16
     6  screens/NotificationsScreen.tsx:16
     3  screens/OfflineManagerScreen.tsx:253
     1  screens/SettingsScreen.tsx:13
     4  screens/SupportScreen.tsx:35
    85  screens/VoiceAssistantScreen.tsx:178
     1  screens/auth/ClassicLoginScreen.tsx:18
     1  screens/auth/ForgotPasswordScreen.tsx:55
     1  screens/auth/LoginScreen.tsx:111
     2  screens/auth/OTPLoginScreen.tsx:148
    10  screens/auth/RegisterScreen.tsx:157
     2  screens/auth/VerifyOTPScreen.tsx:39
     8  screens/client/ActiveOrderTrackingScreen.tsx:70
     5  screens/client/AddFundsScreen.tsx:13
     3  screens/client/BidsScreen.tsx:57
     6  screens/client/ComplaintsScreen.tsx:12
     7  screens/client/CreateDeliveryScreen.tsx:35
     1  screens/client/DeliveryDetailsScreen.tsx:20
     1  screens/client/DeliveryHistoryScreen.tsx:240
    11  screens/client/EnhancedRateDeliveryScreen.tsx:24
     4  screens/client/EnhancedTrackDeliveryScreen.tsx:27
    17  screens/client/HomeScreen.tsx:29
     1  screens/client/KYCVerificationScreen.tsx:37
     9  screens/client/MarketplaceScreen.tsx:30
     8  screens/client/MerchantDetailsScreen.tsx:33
    12  screens/client/NotificationsScreen.tsx:38
     7  screens/client/OrdersScreen.tsx:160
     2  screens/client/PaymentScreen.tsx:65
     4  screens/client/RateDeliveryScreen.tsx:59
     2  screens/client/RecommendedDeliveriesScreen.tsx:79
     1  screens/client/SmartMatchingScreen.tsx:16
     6  screens/client/TrackDeliveryScreen.tsx:9
     4  screens/client/TransactionHistoryScreen.tsx:13
     6  screens/client/UserPreferencesScreen.fixed.tsx:220
     6  screens/client/UserPreferencesScreen.tsx:219
     7  screens/client/WalletScreen.tsx:14
     8  screens/courier/AddVehicleScreen.tsx:22
     2  screens/courier/AvailableDeliveriesScreen.tsx:17
    11  screens/courier/BidScreen.tsx:21
     3  screens/courier/CollaborativeDeliveriesScreen.tsx:61
     3  screens/courier/CollaborativeDeliveryDetailsScreen.tsx:25
     9  screens/courier/CourierDashboardScreen.tsx:139
     2  screens/courier/CourierDeliveryHistoryScreen.tsx:31
     1  screens/courier/CourierEarningsScreen.tsx:18
     9  screens/courier/CourierProfileScreen.tsx:14
     1  screens/courier/CourierStatsScreen.tsx:20
    11  screens/courier/CourierStatusScreen.tsx:10
     5  screens/courier/CourierTrackDeliveryScreen.tsx:362
     5  screens/courier/DeliveryDetailsScreen.tsx:16
    27  screens/courier/DeliveryHistoryScreen.tsx:45
    10  screens/courier/ExpressDeliveriesScreen.tsx:24
     2  screens/courier/GamificationScreen.tsx:43
     4  screens/courier/HomeScreen.tsx:15
     1  screens/courier/JoinCollaborativeDeliveryScreen.tsx:16
    10  screens/courier/VehicleManagementScreen.tsx:17
     6  screens/profile/ProfileScreen.tsx:18
     6  services/DeliveryService.ts:8
     3  services/LocationService.ts:243
    16  types/models.ts:13