ode_modules/@react-navigation/native-stack/lib/typescript/src/navigators/createNativeStackNavigator.d.ts:4:52 - error TS1139: Type parameter declaration expected.

4 export declare function createNativeStackNavigator<const ParamList extends ParamListBase, const NavigatorID extends string | undefined = undefined, const TypeBag extends NavigatorTypeBagBase = {
                                                     ~~~~~

node_modules/@react-navigation/native-stack/lib/typescript/src/navigators/createNativeStackNavigator.d.ts:4:68 - error TS1005: ',' expected.

4 export declare function createNativeStackNavigator<const ParamList extends ParamListBase, const NavigatorID extends string | undefined = undefined, const TypeBag extends NavigatorTypeBagBase = {
                                                                     ~~~~~~~

node_modules/@react-navigation/native-stack/lib/typescript/src/navigators/createNativeStackNavigator.d.ts:4:91 - error TS1389: 'const' is not allowed as a variable declaration name.

4 export declare function createNativeStackNavigator<const ParamList extends ParamListBase, const NavigatorID extends string | undefined = undefined, const TypeBag extends NavigatorTypeBagBase = {
                                                                                            ~~~~~

node_modules/@react-navigation/native-stack/lib/typescript/src/navigators/createNativeStackNavigator.d.ts:4:109 - error TS1005: ',' expected.

4 export declare function createNativeStackNavigator<const ParamList extends ParamListBase, const NavigatorID extends string | undefined = undefined, const TypeBag extends NavigatorTypeBagBase = {
                                                                                                              ~~~~~~~

node_modules/@react-navigation/native-stack/lib/typescript/src/navigators/createNativeStackNavigator.d.ts:4:124 - error TS1005: ',' expected.

4 export declare function createNativeStackNavigator<const ParamList extends ParamListBase, const NavigatorID extends string | undefined = undefined, const TypeBag extends NavigatorTypeBagBase = {
                                                                                                                             ~

node_modules/@react-navigation/native-stack/lib/typescript/src/navigators/createNativeStackNavigator.d.ts:4:136 - error TS1005: ';' expected.

4 export declare function createNativeStackNavigator<const ParamList extends ParamListBase, const NavigatorID extends string | undefined = undefined, const TypeBag extends NavigatorTypeBagBase = {
                                                                                                                                         ~

node_modules/@react-navigation/native-stack/lib/typescript/src/navigators/createNativeStackNavigator.d.ts:4:149 - error TS1109: Expression expected.

4 export declare function createNativeStackNavigator<const ParamList extends ParamListBase, const NavigatorID extends string | undefined = undefined, const TypeBag extends NavigatorTypeBagBase = {
                                                                                                                                                      ~~~~~

node_modules/@react-navigation/native-stack/lib/typescript/src/navigators/createNativeStackNavigator.d.ts:4:163 - error TS1005: ',' expected.

4 export declare function createNativeStackNavigator<const ParamList extends ParamListBase, const NavigatorID extends string | undefined = undefined, const TypeBag extends NavigatorTypeBagBase = {
                                                                                                                                                                    ~~~~~~~

node_modules/@react-navigation/native-stack/lib/typescript/src/navigators/createNativeStackNavigator.d.ts:5:25 - error TS1005: ',' expected.

5     ParamList: ParamList;
                          ~

node_modules/@react-navigation/native-stack/lib/typescript/src/navigators/createNativeStackNavigator.d.ts:6:29 - error TS1005: ',' expected.

6     NavigatorID: NavigatorID;
                              ~

node_modules/@react-navigation/native-stack/lib/typescript/src/navigators/createNativeStackNavigator.d.ts:7:43 - error TS1005: ',' expected.

7     State: StackNavigationState<ParamList>;
                                            ~

node_modules/@react-navigation/native-stack/lib/typescript/src/navigators/createNativeStackNavigator.d.ts:8:48 - error TS1005: ',' expected.

8     ScreenOptions: NativeStackNavigationOptions;
                                                 ~

node_modules/@react-navigation/native-stack/lib/typescript/src/navigators/createNativeStackNavigator.d.ts:9:44 - error TS1005: ',' expected.

9     EventMap: NativeStackNavigationEventMap;
                                             ~

node_modules/@react-navigation/native-stack/lib/typescript/src/navigators/createNativeStackNavigator.d.ts:11:29 - error TS1005: ']' expected.

11         [RouteName in keyof ParamList]: NativeStackNavigationProp<ParamList, RouteName, NavigatorID>;
                               ~~~~~~~~~

node_modules/@react-navigation/native-stack/lib/typescript/src/navigators/createNativeStackNavigator.d.ts:11:38 - error TS1005: ',' expected.

11         [RouteName in keyof ParamList]: NativeStackNavigationProp<ParamList, RouteName, NavigatorID>;
                                        ~

node_modules/@react-navigation/native-stack/lib/typescript/src/navigators/createNativeStackNavigator.d.ts:11:39 - error TS1136: Property assignment expected.

11         [RouteName in keyof ParamList]: NativeStackNavigationProp<ParamList, RouteName, NavigatorID>;
                                         ~

node_modules/@react-navigation/native-stack/lib/typescript/src/navigators/createNativeStackNavigator.d.ts:11:101 - error TS1005: '(' expected.

11         [RouteName in keyof ParamList]: NativeStackNavigationProp<ParamList, RouteName, NavigatorID>;
                                                                                                       ~

node_modules/@react-navigation/native-stack/lib/typescript/src/navigators/createNativeStackNavigator.d.ts:12:6 - error TS1005: ',' expected.

12     };
        ~

node_modules/@react-navigation/native-stack/lib/typescript/src/navigators/createNativeStackNavigator.d.ts:13:43 - error TS1005: ',' expected.

13     Navigator: typeof NativeStackNavigator;
                                             ~

node_modules/@react-navigation/native-stack/lib/typescript/src/navigators/createNativeStackNavigator.d.ts:14:4 - error TS1389: 'const' is not allowed as a variable declaration name.

14 }, const Config extends StaticConfig<TypeBag> = StaticConfig<TypeBag>>(config?: Config): TypedNavigator<TypeBag, Config>;
      ~~~~~

node_modules/@react-navigation/native-stack/lib/typescript/src/navigators/createNativeStackNavigator.d.ts:14:17 - error TS1005: ',' expected.

14 }, const Config extends StaticConfig<TypeBag> = StaticConfig<TypeBag>>(config?: Config): TypedNavigator<TypeBag, Config>;
                   ~~~~~~~

node_modules/@react-navigation/native-stack/lib/typescript/src/navigators/createNativeStackNavigator.d.ts:14:37 - error TS1005: ',' expected.

14 }, const Config extends StaticConfig<TypeBag> = StaticConfig<TypeBag>>(config?: Config): TypedNavigator<TypeBag, Config>;
                                       ~

node_modules/@react-navigation/native-stack/lib/typescript/src/navigators/createNativeStackNavigator.d.ts:14:47 - error TS1109: Expression expected.

14 }, const Config extends StaticConfig<TypeBag> = StaticConfig<TypeBag>>(config?: Config): TypedNavigator<TypeBag, Config>;
                                                 ~

node_modules/@react-navigation/native-stack/lib/typescript/src/navigators/createNativeStackNavigator.d.ts:14:79 - error TS1109: Expression expected.

14 }, const Config extends StaticConfig<TypeBag> = StaticConfig<TypeBag>>(config?: Config): TypedNavigator<TypeBag, Config>;
                                                                                 ~

node_modules/@react-navigation/native-stack/lib/typescript/src/navigators/createNativeStackNavigator.d.ts:14:88 - error TS1005: ';' expected.

14 }, const Config extends StaticConfig<TypeBag> = StaticConfig<TypeBag>>(config?: Config): TypedNavigator<TypeBag, Config>;
                                                                                          ~


Found 25 errors in the same file, starting at: node_modules/@react-navigation/native-stack/lib/typescript/src/navigators/createNativeStackNavigator.d.ts:4