~/workspace/mobile$ npx tsc
App.tsx:8:44 - error TS2307: Cannot find module '@react-navigation/native-stack' or its corresponding type declarations.

8 import { createNativeStackNavigator } from "@react-navigation/native-stack"
                                             ~~~~~~~~~~~~~~~~~~~~~~~~~~~~~~~~

App.tsx:129:83 - error TS2322: Type 'DefaultTFuncReturn' is not assignable to type 'string | undefined'.
  Type 'null' is not assignable to type 'string | undefined'.

129       <ClientTab.Screen name="ClientHome" component={ClientHomeScreen} options={{ title: i18n.t("tabs.home") }} />
                                                                                      ~~~~~

App.tsx:133:20 - error TS2322: Type 'DefaultTFuncReturn' is not assignable to type 'string | undefined'.
  Type 'null' is not assignable to type 'string | undefined'.

133         options={{ title: i18n.t("tabs.marketplace") }}
                       ~~~~~

App.tsx:135:97 - error TS2322: Type 'DefaultTFuncReturn' is not assignable to type 'string | undefined'.
  Type 'null' is not assignable to type 'string | undefined'.

135       <ClientTab.Screen name="DeliveryHistory" component={ClientDeliveriesNavigator} options={{ title: i18n.t("tabs.deliveries") }} />
                                                                                                    ~~~~~

App.tsx:136:78 - error TS2322: Type 'DefaultTFuncReturn' is not assignable to type 'string | undefined'.
  Type 'null' is not assignable to type 'string | undefined'.

136       <ClientTab.Screen name="Settings" component={ProfileScreen} options={{ title: i18n.t("tabs.profile") }} />
                                                                                 ~~~~~

App.tsx:172:86 - error TS2322: Type 'DefaultTFuncReturn' is not assignable to type 'string | undefined'.
  Type 'null' is not assignable to type 'string | undefined'.

172       <CourierTab.Screen name="CourierHome" component={CourierHomeScreen} options={{ title: i18n.t("tabs.home") }} />
                                                                                         ~~~~~

App.tsx:176:20 - error TS2322: Type 'DefaultTFuncReturn' is not assignable to type 'string | undefined'.
  Type 'null' is not assignable to type 'string | undefined'.

176         options={{ title: i18n.t("tabs.deliveries") }}
                       ~~~~~

App.tsx:178:94 - error TS2322: Type 'DefaultTFuncReturn' is not assignable to type 'string | undefined'.
  Type 'null' is not assignable to type 'string | undefined'.

178       <CourierTab.Screen name="CourierEarnings" component={CourierEarningsScreen} options={{ title: i18n.t("tabs.earnings") }} />
                                                                                                 ~~~~~

App.tsx:179:79 - error TS2322: Type 'DefaultTFuncReturn' is not assignable to type 'string | undefined'.
  Type 'null' is not assignable to type 'string | undefined'.

179       <CourierTab.Screen name="Settings" component={ProfileScreen} options={{ title: i18n.t("tabs.profile") }} />
                                                                                  ~~~~~

__tests__/components/StarRating.test.tsx:7:38 - error TS2741: Property 'rating' is missing in type '{}' but required in type 'StarRatingProps'.

7     const { getAllByRole } = render(<StarRating />)
                                       ~~~~~~~~~~

  components/StarRating.tsx:7:3
    7   rating: number
        ~~~~~~
    'rating' is declared here.

__tests__/components/StarRating.test.tsx:27:38 - error TS2741: Property 'rating' is missing in type '{ onRatingChange: Mock<UnknownFunction>; }' but required in type 'StarRatingProps'.

27     const { getAllByRole } = render(<StarRating onRatingChange={mockOnRatingChange} />)
                                        ~~~~~~~~~~

  components/StarRating.tsx:7:3
    7   rating: number
        ~~~~~~
    'rating' is declared here.

__tests__/components/StarRating.test.tsx:40:38 - error TS2741: Property 'rating' is missing in type '{ onRatingChange: Mock<UnknownFunction>; disabled: true; }' but required in type 'StarRatingProps'.

40     const { getAllByRole } = render(<StarRating onRatingChange={mockOnRatingChange} disabled={true} />)
                                        ~~~~~~~~~~

  components/StarRating.tsx:7:3
    7   rating: number
        ~~~~~~
    'rating' is declared here.

__tests__/components/VoiceAssistant.test.tsx:9:6 - error TS2339: Property 'mock' does not exist on type 'typeof import("/home/runner/workspace/mobile/node_modules/jest/build/index")'.

9 jest.mock("../../services/api", () => ({
       ~~~~

__tests__/components/VoiceAssistant.test.tsx:10:29 - error TS2339: Property 'fn' does not exist on type 'typeof import("/home/runner/workspace/mobile/node_modules/jest/build/index")'.

10   processVoiceCommand: jest.fn(() =>
                               ~~

__tests__/components/VoiceAssistant.test.tsx:24:18 - error TS2339: Property 'fn' does not exist on type 'typeof import("/home/runner/workspace/mobile/node_modules/jest/build/index")'.

24   navigate: jest.fn(),
                    ~~

__tests__/components/VoiceAssistant.test.tsx:29:10 - error TS2339: Property 'clearAllMocks' does not exist on type 'typeof import("/home/runner/workspace/mobile/node_modules/jest/build/index")'.

29     jest.clearAllMocks()
            ~~~~~~~~~~~~~

__tests__/components/VoiceAssistant.test.tsx:113:33 - error TS2339: Property 'requireMock' does not exist on type 'typeof import("/home/runner/workspace/mobile/node_modules/jest/build/index")'.

113     const useNetworkMock = jest.requireMock("../../contexts/NetworkContext").useNetwork
                                    ~~~~~~~~~~~

__tests__/contexts/NetworkContext.test.tsx:1:33 - error TS2307: Cannot find module '@testing-library/react-hooks' or its corresponding type declarations.

1 import { renderHook, act } from "@testing-library/react-hooks"
                                  ~~~~~~~~~~~~~~~~~~~~~~~~~~~~~~

__tests__/contexts/NetworkContext.test.tsx:8:6 - error TS2339: Property 'mock' does not exist on type 'typeof import("/home/runner/workspace/mobile/node_modules/jest/build/index")'.

8 jest.mock("@react-native-community/netinfo", () => ({
       ~~~~

__tests__/contexts/NetworkContext.test.tsx:9:26 - error TS2339: Property 'fn' does not exist on type 'typeof import("/home/runner/workspace/mobile/node_modules/jest/build/index")'.

9   addEventListener: jest.fn(() => jest.fn()),
                           ~~

__tests__/contexts/NetworkContext.test.tsx:9:40 - error TS2339: Property 'fn' does not exist on type 'typeof import("/home/runner/workspace/mobile/node_modules/jest/build/index")'.

9   addEventListener: jest.fn(() => jest.fn()),
                                         ~~

__tests__/contexts/NetworkContext.test.tsx:10:15 - error TS2339: Property 'fn' does not exist on type 'typeof import("/home/runner/workspace/mobile/node_modules/jest/build/index")'.

10   fetch: jest.fn(() => Promise.resolve({ isConnected: true, isInternetReachable: true })),
                 ~~

__tests__/contexts/NetworkContext.test.tsx:14:20 - error TS7031: Binding element 'children' implicitly has an 'any' type.

14 const wrapper = ({ children }) => <NetworkProvider>{children}</NetworkProvider>
                      ~~~~~~~~

__tests__/contexts/NetworkContext.test.tsx:19:10 - error TS2339: Property 'clearAllMocks' does not exist on type 'typeof import("/home/runner/workspace/mobile/node_modules/jest/build/index")'.

19     jest.clearAllMocks()
            ~~~~~~~~~~~~~

__tests__/contexts/NetworkContext.test.tsx:168:51 - error TS2339: Property 'mock' does not exist on type '(listener: NetInfoChangeHandler) => NetInfoSubscription'.

168     const mockListener = NetInfo.addEventListener.mock.calls[0][0]
                                                      ~~~~

components/AddressAutocomplete.tsx:342:20 - error TS2345: Argument of type '(Address | { name: string; commune: string; latitude: number; longitude: number; type: string; })[]' is not assignable to parameter of type 'SetStateAction<Address[]>'.
  Type '(Address | { name: string; commune: string; latitude: number; longitude: number; type: string; })[]' is not assignable to type 'Address[]'.
    Type 'Address | { name: string; commune: string; latitude: number; longitude: number; type: string; }' is not assignable to type 'Address'.
      Type '{ name: string; commune: string; latitude: number; longitude: number; type: string; }' is missing the following properties from type 'Address': id, description

342     setSuggestions([...recentAddresses, ...popularPlaces])
                       ~~~~~~~~~~~~~~~~~~~~~~~~~~~~~~~~~~~~~~

components/AddressAutocomplete.tsx:490:48 - error TS2322: Type '8' is not assignable to type '(number & (Elevation & (0 | 1 | 5 | 3 | 2 | 4 | Value))) | undefined'.

490           <Card style={styles.suggestionsCard} elevation={8}>
                                                   ~~~~~~~~~

  node_modules/react-native-paper/lib/typescript/components/Card/Card.d.ts:17:5
    17     elevation?: never;
           ~~~~~~~~~
    The expected type comes from property 'elevation' which is declared here on type 'IntrinsicAttributes & ((Omit<OutlinedCardProps & $Omit<Omit<Props, "ref"> & RefAttributes<View>, "mode"> & { ...; }, "ref"> | Omit<...> | Omit<...>) & RefAttributes<...>)'

components/FeatherIcon.tsx:305:19 - error TS2322: Type 'FeatherIconName' is not assignable to type '"truck" | "type" | "package" | "tag" | "credit-card" | "star" | "gift" | "bell" | "delete" | "link" | "user" | "phone" | "code" | "image" | "map" | "filter" | "bold" | "key" | "camera" | ... 267 more ... | undefined'.
  Type '"gavel"' is not assignable to type '"truck" | "type" | "package" | "tag" | "credit-card" | "star" | "gift" | "bell" | "delete" | "link" | "user" | "phone" | "code" | "image" | "map" | "filter" | "bold" | "key" | "camera" | ... 267 more ... | undefined'.

305   return <Feather name={name} size={size} color={color} style={style} />
                      ~~~~

  node_modules/@expo/vector-icons/build/createIconSet.d.ts:17:5
    17     name: GLYPHS;
           ~~~~
    The expected type comes from property 'name' which is declared here on type 'IntrinsicAttributes & IntrinsicClassAttributes<Component<IconProps<"truck" | "type" | "package" | "tag" | "credit-card" | "star" | "gift" | "bell" | "delete" | "link" | "user" | "phone" | "code" | ... 272 more ... | "divide-square">, {}, any>> & Pick<...> & InexactPartial<...> & InexactPartial<...>'

components/StarRating.tsx:36:8 - error TS2604: JSX element type 'StarComponent' does not have any construct or call signatures.

36       <StarComponent
          ~~~~~~~~~~~~~

components/VTCStyleMap.tsx:442:44 - error TS2322: Type '8' is not assignable to type 'Elevation | undefined'.

442         <Surface style={styles.statusCard} elevation={8}>
                                               ~~~~~~~~~

  node_modules/react-native-paper/lib/typescript/components/Surface.d.ts:21:5
    21     elevation?: Elevation;
           ~~~~~~~~~
    The expected type comes from property 'elevation' which is declared here on type 'IntrinsicAttributes & Omit<Props, "ref"> & RefAttributes<View>'

components/VoiceAssistant.tsx:8:48 - error TS2307: Cannot find module '@react-navigation/native-stack' or its corresponding type declarations.

8 import type { NativeStackNavigationProp } from '@react-navigation/native-stack'
                                                 ~~~~~~~~~~~~~~~~~~~~~~~~~~~~~~~~

components/VoiceAssistant.tsx:20:11 - error TS2339: Property 'isOnline' does not exist on type 'NetworkContextType'.

20   const { isOnline } = useNetwork()
             ~~~~~~~~

components/VoiceAssistant.tsx:44:31 - error TS2339: Property 'RECORDING_OPTION_ANDROID_OUTPUT_FORMAT_MPEG_4' does not exist on type 'typeof import("/home/runner/workspace/mobile/node_modules/expo-av/build/Audio")'.

44           outputFormat: Audio.RECORDING_OPTION_ANDROID_OUTPUT_FORMAT_MPEG_4,
                                 ~~~~~~~~~~~~~~~~~~~~~~~~~~~~~~~~~~~~~~~~~~~~~

components/VoiceAssistant.tsx:45:31 - error TS2339: Property 'RECORDING_OPTION_ANDROID_AUDIO_ENCODER_AAC' does not exist on type 'typeof import("/home/runner/workspace/mobile/node_modules/expo-av/build/Audio")'.

45           audioEncoder: Audio.RECORDING_OPTION_ANDROID_AUDIO_ENCODER_AAC,
                                 ~~~~~~~~~~~~~~~~~~~~~~~~~~~~~~~~~~~~~~~~~~

components/VoiceAssistant.tsx:52:31 - error TS2339: Property 'RECORDING_OPTION_IOS_OUTPUT_FORMAT_MPEG4AAC' does not exist on type 'typeof import("/home/runner/workspace/mobile/node_modules/expo-av/build/Audio")'.

52           outputFormat: Audio.RECORDING_OPTION_IOS_OUTPUT_FORMAT_MPEG4AAC,
                                 ~~~~~~~~~~~~~~~~~~~~~~~~~~~~~~~~~~~~~~~~~~~

components/VoiceAssistant.tsx:53:31 - error TS2339: Property 'RECORDING_OPTION_IOS_AUDIO_QUALITY_HIGH' does not exist on type 'typeof import("/home/runner/workspace/mobile/node_modules/expo-av/build/Audio")'.

53           audioQuality: Audio.RECORDING_OPTION_IOS_AUDIO_QUALITY_HIGH,
                                 ~~~~~~~~~~~~~~~~~~~~~~~~~~~~~~~~~~~~~~~

components/VoiceAssistant.tsx:64:47 - error TS2345: Argument of type '{ android: { extension: string; outputFormat: any; audioEncoder: any; sampleRate: number; numberOfChannels: number; bitRate: number; }; ios: { extension: string; outputFormat: any; audioQuality: any; ... 5 more ...; linearPCMIsFloat: boolean; }; }' is not assignable to parameter of type 'RecordingOptions'.
  Property 'web' is missing in type '{ android: { extension: string; outputFormat: any; audioEncoder: any; sampleRate: number; numberOfChannels: number; bitRate: number; }; ios: { extension: string; outputFormat: any; audioQuality: any; ... 5 more ...; linearPCMIsFloat: boolean; }; }' but required in type 'RecordingOptions'.

64       await newRecording.prepareToRecordAsync(recordingOptions)
                                                 ~~~~~~~~~~~~~~~~

  node_modules/expo-av/build/Audio/Recording.types.d.ts:186:5
    186     web: RecordingOptionsWeb;
            ~~~
    'web' is declared here.

components/VoiceRecorder.tsx:9:30 - error TS2307: Cannot find module 'expo-permissions' or its corresponding type declarations.

9 import * as Permissions from "expo-permissions"
                               ~~~~~~~~~~~~~~~~~~

components/VoiceRecorder.tsx:82:59 - error TS2345: Argument of type 'DefaultTFuncReturn' is not assignable to parameter of type 'string | undefined'.
  Type 'null' is not assignable to type 'string | undefined'.

82         Alert.alert(t("voiceAssistant.permissionDenied"), t("voiceAssistant.microphonePermissionRequired"))
                                                             ~~~~~~~~~~~~~~~~~~~~~~~~~~~~~~~~~~~~~~~~~~~~~~~~

components/VoiceRecorder.tsx:113:53 - error TS2345: Argument of type 'DefaultTFuncReturn' is not assignable to parameter of type 'string | undefined'.
  Type 'null' is not assignable to type 'string | undefined'.

113       Alert.alert(t("rateDelivery.recordingError"), t("rateDelivery.couldNotStartRecording"))
                                                        ~~~~~~~~~~~~~~~~~~~~~~~~~~~~~~~~~~~~~~~~

components/VoiceRecorder.tsx:154:54 - error TS2345: Argument of type 'DefaultTFuncReturn' is not assignable to parameter of type 'string | undefined'.
  Type 'null' is not assignable to type 'string | undefined'.

154           Alert.alert(t("rateDelivery.offlineMode"), t("rateDelivery.cannotTranscribeOffline"))
                                                         ~~~~~~~~~~~~~~~~~~~~~~~~~~~~~~~~~~~~~~~~~

components/VoiceRecorder.tsx:159:53 - error TS2345: Argument of type 'DefaultTFuncReturn' is not assignable to parameter of type 'string | undefined'.
  Type 'null' is not assignable to type 'string | undefined'.

159       Alert.alert(t("rateDelivery.recordingError"), t("rateDelivery.couldNotStopRecording"))
                                                        ~~~~~~~~~~~~~~~~~~~~~~~~~~~~~~~~~~~~~~~

components/WeatherAlertModal.tsx:77:63 - error TS2322: Type '{ name: "x"; size: number; color: string; onPress: () => void; }' is not assignable to type 'IntrinsicAttributes & FeatherIconProps'.
  Property 'onPress' does not exist on type 'IntrinsicAttributes & FeatherIconProps'.

77               <FeatherIcon name="x" size={24} color="#757575" onPress={onDismiss} />
                                                                 ~~~~~~~

components/WeatherInfo.tsx:64:26 - error TS2339: Property 'current' does not exist on type 'Weather'.

64         current: apiData.current,
                            ~~~~~~~

components/WeatherInfo.tsx:65:27 - error TS2339: Property 'forecast' does not exist on type 'Weather'.

65         forecast: apiData.forecast || [],
                             ~~~~~~~~

components/WeatherInfo.tsx:66:25 - error TS2339: Property 'alerts' does not exist on type 'Weather'.

66         alerts: apiData.alerts ? apiData.alerts.map((a: WeatherAlert) => a.title || a.description || "") : undefined
                           ~~~~~~

components/WeatherInfo.tsx:66:42 - error TS2339: Property 'alerts' does not exist on type 'Weather'.

66         alerts: apiData.alerts ? apiData.alerts.map((a: WeatherAlert) => a.title || a.description || "") : undefined
                                            ~~~~~~

contexts/NetworkContext.tsx:41:7 - error TS2322: Type 'number' is not assignable to type 'string'.

41       id: Date.now(),
         ~~

  types/models.ts:134:3
    134   id: string
          ~~
    The expected type comes from property 'id' which is declared here on type 'PendingOperation'

contexts/NetworkContext.tsx:42:7 - error TS2322: Type 'Date' is not assignable to type 'string'.

42       timestamp: new Date(),
         ~~~~~~~~~

  types/models.ts:137:3
    137   timestamp: string
          ~~~~~~~~~
    The expected type comes from property 'timestamp' which is declared here on type 'PendingOperation'

contexts/NotificationContext.tsx:6:25 - error TS2307: Cannot find module 'expo-device' or its corresponding type declarations.

6 import * as Device from "expo-device"
                          ~~~~~~~~~~~~~

contexts/NotificationContext.tsx:58:9 - error TS2322: Type 'number' is not assignable to type 'string'.

58         id: parseInt(notification.request.identifier) || Date.now(),
           ~~

  types/models.ts:121:3
    121   id: string
          ~~
    The expected type comes from property 'id' which is declared here on type 'Notification'

contexts/NotificationContext.tsx:59:9 - error TS2322: Type 'string | null' is not assignable to type 'string'.
  Type 'null' is not assignable to type 'string'.

59         title: notification.request.content.title,
           ~~~~~

  types/models.ts:122:3
    122   title: string
          ~~~~~
    The expected type comes from property 'title' which is declared here on type 'Notification'

contexts/NotificationContext.tsx:60:9 - error TS2322: Type 'string | null' is not assignable to type 'string'.
  Type 'null' is not assignable to type 'string'.

60         message: notification.request.content.body,
           ~~~~~~~

  types/models.ts:123:3
    123   message: string
          ~~~~~~~
    The expected type comes from property 'message' which is declared here on type 'Notification'

hooks/useDelivery.ts:15:3 - error TS2724: '"../services/DeliveryService"' has no exported member named 'DeliveryCreateRequest'. Did you mean 'DeliveryUpdateRequest'?

15   DeliveryCreateRequest,
     ~~~~~~~~~~~~~~~~~~~~~

hooks/useDelivery.ts:18:3 - error TS2614: Module '"../services/DeliveryService"' has no exported member 'PriceEstimateRequest'. Did you mean to use 'import PriceEstimateRequest from "../services/DeliveryService"' instead?

18   PriceEstimateRequest,
     ~~~~~~~~~~~~~~~~~~~~

hooks/useDelivery.ts:124:48 - error TS2551: Property 'getDeliveries' does not exist on type 'typeof DeliveryService'. Did you mean 'getUserDeliveries'?

124       const deliveries = await DeliveryService.getDeliveries(filters);
                                                   ~~~~~~~~~~~~~

  services/DeliveryService.ts:47:16
    47   static async getUserDeliveries(
                      ~~~~~~~~~~~~~~~~~
    'getUserDeliveries' is declared here.

hooks/useDelivery.ts:128:30 - error TS2339: Property 'skip' does not exist on type 'DeliveryFilters'.

128         deliveries: filters?.skip ? [...prev.deliveries, ...deliveries] : deliveries,
                                 ~~~~

hooks/useDelivery.ts:141:46 - error TS2339: Property 'getDelivery' does not exist on type 'typeof DeliveryService'.

141       const delivery = await DeliveryService.getDelivery(id);
                                                 ~~~~~~~~~~~

hooks/useDelivery.ts:159:68 - error TS2345: Argument of type 'number' is not assignable to parameter of type 'string'.

159       const updatedDelivery = await DeliveryService.updateDelivery(id, data);
                                                                       ~~

hooks/useDelivery.ts:178:44 - error TS2345: Argument of type 'number' is not assignable to parameter of type 'string'.

178       await DeliveryService.cancelDelivery(id, reason);
                                               ~~

hooks/useDelivery.ts:200:58 - error TS2345: Argument of type 'number' is not assignable to parameter of type 'string'.

200       const bids = await DeliveryService.getDeliveryBids(deliveryId);
                                                             ~~~~~~~~~~

hooks/useDelivery.ts:216:41 - error TS2339: Property 'createBid' does not exist on type 'typeof DeliveryService'.

216       const bid = await DeliveryService.createBid(bidData);
                                            ~~~~~~~~~

hooks/useDelivery.ts:234:39 - error TS2345: Argument of type 'number' is not assignable to parameter of type 'string'.

234       await DeliveryService.acceptBid(deliveryId, bidId);
                                          ~~~~~~~~~~

hooks/useDelivery.ts:260:29 - error TS2339: Property 'rejectBid' does not exist on type 'typeof DeliveryService'.

260       await DeliveryService.rejectBid(deliveryId, bidId, reason);
                                ~~~~~~~~~

hooks/useDelivery.ts:280:46 - error TS2339: Property 'getTrackingPoints' does not exist on type 'typeof DeliveryService'.

280       const tracking = await DeliveryService.getTrackingPoints(id);
                                                 ~~~~~~~~~~~~~~~~~

hooks/useDelivery.ts:311:7 - error TS2739: Type '{ lat: number; lng: number; }' is missing the following properties from type 'Coordinates': latitude, longitude

311       return await DeliveryService.getCourierLocation(deliveryId);
          ~~~~~~

hooks/useDelivery.ts:311:55 - error TS2345: Argument of type 'number' is not assignable to parameter of type 'string'.

311       return await DeliveryService.getCourierLocation(deliveryId);
                                                          ~~~~~~~~~~

hooks/useDelivery.ts:324:74 - error TS2345: Argument of type 'number' is not assignable to parameter of type 'string'.

324       const updatedDelivery = await DeliveryService.updateDeliveryStatus(id, status);
                                                                             ~~

hooks/useDelivery.ts:348:7 - error TS2739: Type 'Delivery' is missing the following properties from type 'ExpressDelivery': express_priority, estimated_pickup_time, guaranteed_delivery_time, express_fee, auto_assignment

348       return delivery;
          ~~~~~~

hooks/useDelivery.ts:359:7 - error TS2322: Type 'Delivery[]' is not assignable to type 'ExpressDelivery[]'.
  Type 'Delivery' is missing the following properties from type 'ExpressDelivery': express_priority, estimated_pickup_time, guaranteed_delivery_time, express_fee, auto_assignment

359       return await DeliveryService.getExpressDeliveries(filters);
          ~~~~~~

hooks/useDelivery.ts:371:52 - error TS2345: Argument of type 'number' is not assignable to parameter of type 'string'.

371       await DeliveryService.assignCourierToExpress(deliveryId, courierId);
                                                       ~~~~~~~~~~

hooks/useDelivery.ts:383:53 - error TS2345: Argument of type 'number' is not assignable to parameter of type 'string'.

383       await DeliveryService.completeExpressDelivery(deliveryId);
                                                        ~~~~~~~~~~

hooks/useDelivery.ts:400:7 - error TS2740: Type 'Delivery' is missing the following properties from type 'CollaborativeDelivery': pickupAddress, deliveryAddress, estimatedDistance, estimatedDuration, and 17 more.

400       return delivery;
          ~~~~~~

hooks/useDelivery.ts:411:7 - error TS2322: Type 'Delivery[]' is not assignable to type 'CollaborativeDelivery[]'.
  Type 'Delivery' is missing the following properties from type 'CollaborativeDelivery': pickupAddress, deliveryAddress, estimatedDistance, estimatedDuration, and 17 more.

411       return await DeliveryService.getCollaborativeDeliveries(filters);
          ~~~~~~

hooks/useDelivery.ts:422:55 - error TS2345: Argument of type 'number' is not assignable to parameter of type 'string'.

422       await DeliveryService.joinCollaborativeDelivery(id, message);
                                                          ~~

hooks/useDelivery.ts:433:56 - error TS2345: Argument of type 'number' is not assignable to parameter of type 'string'.

433       await DeliveryService.leaveCollaborativeDelivery(id);
                                                           ~~

hooks/useDelivery.ts:445:7 - error TS2322: Type 'AvailableDelivery[]' is not assignable to type 'Delivery[]'.
  Type 'AvailableDelivery' is missing the following properties from type 'Delivery': client_id, pickup_lat, pickup_lng, delivery_lat, and 3 more.

445       return await DeliveryService.getAvailableDeliveries(commune);
          ~~~~~~

hooks/useDelivery.ts:445:59 - error TS2345: Argument of type 'string | undefined' is not assignable to parameter of type 'DeliverySearchParams | undefined'.
  Type 'string' has no properties in common with type 'DeliverySearchParams'.

445       return await DeliveryService.getAvailableDeliveries(commune);
                                                              ~~~~~~~

hooks/useDelivery.ts:482:16 - error TS2345: Argument of type '(prev: DeliveryState) => { estimate: number; isLoading: false; deliveries: Delivery[]; currentDelivery: Delivery | null; bids: Bid[]; tracking: TrackingPoint[] | null; error: string | null; }' is not assignable to parameter of type 'SetStateAction<DeliveryState>'.
  Type '(prev: DeliveryState) => { estimate: number; isLoading: false; deliveries: Delivery[]; currentDelivery: Delivery | null; bids: Bid[]; tracking: TrackingPoint[] | null; error: string | null; }' is not assignable to type '(prevState: DeliveryState) => DeliveryState'.
    Call signature return types '{ estimate: number; isLoading: false; deliveries: Delivery[]; currentDelivery: Delivery | null; bids: Bid[]; tracking: TrackingPoint[] | null; error: string | null; }' and 'DeliveryState' are incompatible.
      The types of 'estimate' are incompatible between these types.
        Type 'number' is not assignable to type 'DeliveryEstimate'.

482       setState(prev => ({ ...prev, estimate, isLoading: false }));
                   ~~~~~~~~~~~~~~~~~~~~~~~~~~~~~~~~~~~~~~~~~~~~~~~~~

hooks/useDelivery.ts:494:36 - error TS2339: Property 'getApplicablePromotions' does not exist on type 'typeof DeliveryService'.

494       return await DeliveryService.getApplicablePromotions(orderValue, zoneId);
                                       ~~~~~~~~~~~~~~~~~~~~~~~

hooks/useDelivery.ts:506:44 - error TS2339: Property 'applyPromotionCode' does not exist on type 'typeof DeliveryService'.

506       const result = await DeliveryService.applyPromotionCode(deliveryId, promoCode);
                                               ~~~~~~~~~~~~~~~~~~

hooks/useDelivery.ts:528:36 - error TS2551: Property 'getDeliveryZones' does not exist on type 'typeof DeliveryService'. Did you mean 'getDeliveryRoute'?

528       return await DeliveryService.getDeliveryZones(lat, lng);
                                       ~~~~~~~~~~~~~~~~

  services/DeliveryService.ts:379:16
    379   static async getDeliveryRoute(deliveryId: string): Promise<{ coordinates: number[][]; distance: number; duration: number }> {
                       ~~~~~~~~~~~~~~~~
    'getDeliveryRoute' is declared here.

hooks/useDelivery.ts:548:45 - error TS2339: Property 'calculateZonePricing' does not exist on type 'typeof DeliveryService'.

548       const pricing = await DeliveryService.calculateZonePricing(
                                                ~~~~~~~~~~~~~~~~~~~~

hooks/useDelivery.ts:567:50 - error TS2345: Argument of type 'number' is not assignable to parameter of type 'string'.

567       await DeliveryService.updateDeliveryStatus(deliveryId, 'accepted');
                                                     ~~~~~~~~~~

hooks/useDelivery.ts:589:50 - error TS2345: Argument of type 'number' is not assignable to parameter of type 'string'.

589       await DeliveryService.updateDeliveryStatus(deliveryId, 'in_progress');
                                                     ~~~~~~~~~~

hooks/useDelivery.ts:626:46 - error TS2339: Property 'getDelivery' does not exist on type 'typeof DeliveryService'.

626       const delivery = await DeliveryService.getDelivery(id);
                                                 ~~~~~~~~~~~

hooks/useDelivery.ts:681:5 - error TS2353: Object literal may only specify known properties, and 'getApplicablePromotions' does not exist in type 'UseDeliveryReturn'.

681     getApplicablePromotions,
        ~~~~~~~~~~~~~~~~~~~~~~~

hooks/useUser.ts:334:45 - error TS2339: Property 'push_enabled' does not exist on type 'NotificationSettings'.

334         push_notifications: serviceSettings.push_enabled,
                                                ~~~~~~~~~~~~

hooks/useUser.ts:335:46 - error TS2339: Property 'email_enabled' does not exist on type 'NotificationSettings'.

335         email_notifications: serviceSettings.email_enabled,
                                                 ~~~~~~~~~~~~~

hooks/useUser.ts:336:44 - error TS2339: Property 'sms_enabled' does not exist on type 'NotificationSettings'.

336         sms_notifications: serviceSettings.sms_enabled,
                                               ~~~~~~~~~~~

hooks/useUser.ts:337:43 - error TS2339: Property 'marketing' does not exist on type 'NotificationSettings'.

337         marketing_emails: serviceSettings.marketing,
                                              ~~~~~~~~~

hooks/useUser.ts:340:52 - error TS2339: Property 'marketing' does not exist on type 'NotificationSettings'.

340         promotional_notifications: serviceSettings.marketing,
                                                       ~~~~~~~~~

hooks/useUser.ts:342:43 - error TS2339: Property 'marketing' does not exist on type 'NotificationSettings'.

342         promotion_alerts: serviceSettings.marketing,
                                              ~~~~~~~~~

hooks/useUser.ts:343:42 - error TS2339: Property 'system_updates' does not exist on type 'NotificationSettings'.

343         security_alerts: serviceSettings.system_updates,
                                             ~~~~~~~~~~~~~~

hooks/useUser.ts:361:9 - error TS2353: Object literal may only specify known properties, and 'push_enabled' does not exist in type 'Partial<NotificationSettings>'.

361         push_enabled: settings.push_notifications,
            ~~~~~~~~~~~~

hooks/useUser.ts:457:9 - error TS2353: Object literal may only specify known properties, and 'location' does not exist in type 'Weather'.

457         location: 'Abidjan',
            ~~~~~~~~

hooks/useVehicle.ts:18:3 - error TS2724: '"../types/models"' has no exported member named 'CourierVehicleCreateRequest'. Did you mean 'VehicleCreateRequest'?

18   CourierVehicleCreateRequest
     ~~~~~~~~~~~~~~~~~~~~~~~~~~~

i18n/index.ts:3:31 - error TS2307: Cannot find module 'expo-localization' or its corresponding type declarations.

3 import * as Localization from "expo-localization"
                                ~~~~~~~~~~~~~~~~~~~

navigation/AppNavigator.tsx:2:44 - error TS2307: Cannot find module '@react-navigation/native-stack' or its corresponding type declarations.

2 import { createNativeStackNavigator } from "@react-navigation/native-stack"
                                             ~~~~~~~~~~~~~~~~~~~~~~~~~~~~~~~~

navigation/AppNavigator.tsx:38:8 - error TS2613: Module '"/home/runner/workspace/mobile/screens/courier/CommunityWalletScreen"' has no default export. Did you mean to use 'import { CommunityWalletScreen } from "/home/runner/workspace/mobile/screens/courier/CommunityWalletScreen"' instead?

38 import CommunityWalletScreen from "../screens/courier/CommunityWalletScreen"
          ~~~~~~~~~~~~~~~~~~~~~

screens/MultiLanguageSettingsScreen.tsx:79:52 - error TS2345: Argument of type 'DefaultTFuncReturn' is not assignable to parameter of type 'string | undefined'.
  Type 'null' is not assignable to type 'string | undefined'.

79         Alert.alert(t("languageSettings.changed"), t("languageSettings.changedMessage"))
                                                      ~~~~~~~~~~~~~~~~~~~~~~~~~~~~~~~~~~~~

screens/MultiLanguageSettingsScreen.tsx:81:25 - error TS2769: No overload matches this call.
  Overload 1 of 2, '(message?: string | undefined, options?: ErrorOptions | undefined): Error', gave the following error.
    Argument of type 'DefaultTFuncReturn' is not assignable to parameter of type 'string | undefined'.
      Type 'null' is not assignable to type 'string | undefined'.
  Overload 2 of 2, '(message?: string | undefined): Error', gave the following error.
    Argument of type 'DefaultTFuncReturn' is not assignable to parameter of type 'string | undefined'.
      Type 'null' is not assignable to type 'string | undefined'.

81         throw new Error(t("languageSettings.errorChanging"))
                           ~~~~~~~~~~~~~~~~~~~~~~~~~~~~~~~~~~~


screens/NotificationSettingsScreen.tsx:16:5 - error TS2353: Object literal may only specify known properties, and 'push_enabled' does not exist in type 'NotificationSettings | (() => NotificationSettings)'.

16     push_enabled: true,
       ~~~~~~~~~~~~

screens/NotificationSettingsScreen.tsx:101:37 - error TS2339: Property 'push_enabled' does not exist on type 'NotificationSettings'.

101             <Switch value={settings.push_enabled} onValueChange={() => handleToggle("push_enabled")} color="#FF6B00" />
                                        ~~~~~~~~~~~~

screens/NotificationSettingsScreen.tsx:101:85 - error TS2345: Argument of type '"push_enabled"' is not assignable to parameter of type 'keyof NotificationSettings'.

101             <Switch value={settings.push_enabled} onValueChange={() => handleToggle("push_enabled")} color="#FF6B00" />
                                                                                        ~~~~~~~~~~~~~~

screens/NotificationSettingsScreen.tsx:111:37 - error TS2339: Property 'sms_enabled' does not exist on type 'NotificationSettings'.

111             <Switch value={settings.sms_enabled} onValueChange={() => handleToggle("sms_enabled")} color="#FF6B00" />
                                        ~~~~~~~~~~~

screens/NotificationSettingsScreen.tsx:111:84 - error TS2345: Argument of type '"sms_enabled"' is not assignable to parameter of type 'keyof NotificationSettings'.

111             <Switch value={settings.sms_enabled} onValueChange={() => handleToggle("sms_enabled")} color="#FF6B00" />
                                                                                       ~~~~~~~~~~~~~

screens/NotificationSettingsScreen.tsx:122:31 - error TS2339: Property 'whatsapp_enabled' does not exist on type 'NotificationSettings'.

122               value={settings.whatsapp_enabled}
                                  ~~~~~~~~~~~~~~~~

screens/NotificationSettingsScreen.tsx:123:49 - error TS2345: Argument of type '"whatsapp_enabled"' is not assignable to parameter of type 'keyof NotificationSettings'.

123               onValueChange={() => handleToggle("whatsapp_enabled")}
                                                    ~~~~~~~~~~~~~~~~~~

screens/NotificationSettingsScreen.tsx:136:31 - error TS2339: Property 'email_enabled' does not exist on type 'NotificationSettings'.

136               value={settings.email_enabled}
                                  ~~~~~~~~~~~~~

screens/NotificationSettingsScreen.tsx:137:49 - error TS2345: Argument of type '"email_enabled"' is not assignable to parameter of type 'keyof NotificationSettings'.

137               onValueChange={() => handleToggle("email_enabled")}
                                                    ~~~~~~~~~~~~~~~

screens/NotificationSettingsScreen.tsx:165:37 - error TS2339: Property 'marketing' does not exist on type 'NotificationSettings'.

165             <Switch value={settings.marketing} onValueChange={() => handleToggle("marketing")} color="#FF6B00" />
                                        ~~~~~~~~~

screens/NotificationSettingsScreen.tsx:165:82 - error TS2345: Argument of type '"marketing"' is not assignable to parameter of type 'keyof NotificationSettings'.

165             <Switch value={settings.marketing} onValueChange={() => handleToggle("marketing")} color="#FF6B00" />
                                                                                     ~~~~~~~~~~~

screens/NotificationSettingsScreen.tsx:176:31 - error TS2339: Property 'system_updates' does not exist on type 'NotificationSettings'.

176               value={settings.system_updates}
                                  ~~~~~~~~~~~~~~

screens/NotificationSettingsScreen.tsx:177:49 - error TS2345: Argument of type '"system_updates"' is not assignable to parameter of type 'keyof NotificationSettings'.

177               onValueChange={() => handleToggle("system_updates")}
                                                    ~~~~~~~~~~~~~~~~

screens/NotificationsScreen.tsx:11:48 - error TS2307: Cannot find module '@react-navigation/native-stack' or its corresponding type declarations.

11 import type { NativeStackNavigationProp } from "@react-navigation/native-stack"
                                                  ~~~~~~~~~~~~~~~~~~~~~~~~~~~~~~~~

screens/NotificationsScreen.tsx:43:51 - error TS2345: Argument of type 'DefaultTFuncReturn' is not assignable to parameter of type 'string | undefined'.
  Type 'null' is not assignable to type 'string | undefined'.

43     Alert.alert(t("notifications.clearAllTitle"), t("notifications.clearAllMessage"), [
                                                     ~~~~~~~~~~~~~~~~~~~~~~~~~~~~~~~~~~

screens/NotificationsScreen.tsx:74:49 - error TS2345: Argument of type 'DefaultTFuncReturn' is not assignable to parameter of type 'string | undefined'.
  Type 'null' is not assignable to type 'string | undefined'.

74     Alert.alert(t("notifications.deleteTitle"), t("notifications.deleteMessage"), [
                                                   ~~~~~~~~~~~~~~~~~~~~~~~~~~~~~~~~

screens/OfflineManagerScreen.tsx:9:48 - error TS2307: Cannot find module '@react-navigation/native-stack' or its corresponding type declarations.

9 import type { NativeStackNavigationProp } from "@react-navigation/native-stack"
                                                 ~~~~~~~~~~~~~~~~~~~~~~~~~~~~~~~~

screens/OfflineManagerScreen.tsx:54:39 - error TS2345: Argument of type 'DefaultTFuncReturn' is not assignable to parameter of type 'string | undefined'.
  Type 'null' is not assignable to type 'string | undefined'.

54       Alert.alert(t("offline.error"), t("offline.needConnectionToSync"))
                                         ~~~~~~~~~~~~~~~~~~~~~~~~~~~~~~~~~

screens/OfflineManagerScreen.tsx:67:43 - error TS2345: Argument of type 'DefaultTFuncReturn' is not assignable to parameter of type 'string | undefined'.
  Type 'null' is not assignable to type 'string | undefined'.

67         Alert.alert(t("offline.success"), t("offline.syncCompleted"))
                                             ~~~~~~~~~~~~~~~~~~~~~~~~~~

screens/OfflineManagerScreen.tsx:69:25 - error TS2769: No overload matches this call.
  Overload 1 of 2, '(message?: string | undefined, options?: ErrorOptions | undefined): Error', gave the following error.
    Argument of type 'DefaultTFuncReturn' is not assignable to parameter of type 'string | undefined'.
      Type 'null' is not assignable to type 'string | undefined'.
  Overload 2 of 2, '(message?: string | undefined): Error', gave the following error.
    Argument of type 'DefaultTFuncReturn' is not assignable to parameter of type 'string | undefined'.
      Type 'null' is not assignable to type 'string | undefined'.

69         throw new Error(t("offline.syncFailed"))
                           ~~~~~~~~~~~~~~~~~~~~~~~


screens/OfflineManagerScreen.tsx:74:39 - error TS2345: Argument of type 'DefaultTFuncReturn' is not assignable to parameter of type 'string | undefined'.
  Type 'null' is not assignable to type 'string | undefined'.

74       Alert.alert(t("offline.error"), t("offline.syncError"))
                                         ~~~~~~~~~~~~~~~~~~~~~~

screens/OfflineManagerScreen.tsx:82:39 - error TS2345: Argument of type 'DefaultTFuncReturn' is not assignable to parameter of type 'string | undefined'.
  Type 'null' is not assignable to type 'string | undefined'.

82       Alert.alert(t("offline.error"), t("offline.needConnectionToPreload"))
                                         ~~~~~~~~~~~~~~~~~~~~~~~~~~~~~~~~~~~~

screens/OfflineManagerScreen.tsx:104:9 - error TS2345: Argument of type 'DefaultTFuncReturn' is not assignable to parameter of type 'string | undefined'.
  Type 'null' is not assignable to type 'string | undefined'.

104         t("offline.preloadedItems", { count: successCount, total: endpoints.length }),
            ~~~~~~~~~~~~~~~~~~~~~~~~~~~~~~~~~~~~~~~~~~~~~~~~~~~~~~~~~~~~~~~~~~~~~~~~~~~~~

screens/OfflineManagerScreen.tsx:112:39 - error TS2345: Argument of type 'DefaultTFuncReturn' is not assignable to parameter of type 'string | undefined'.
  Type 'null' is not assignable to type 'string | undefined'.

112       Alert.alert(t("offline.error"), t("offline.preloadError"))
                                          ~~~~~~~~~~~~~~~~~~~~~~~~~

screens/OfflineManagerScreen.tsx:119:47 - error TS2345: Argument of type 'DefaultTFuncReturn' is not assignable to parameter of type 'string | undefined'.
  Type 'null' is not assignable to type 'string | undefined'.

119     Alert.alert(t("offline.clearCacheTitle"), t("offline.clearCacheConfirmation"), [
                                                  ~~~~~~~~~~~~~~~~~~~~~~~~~~~~~~~~~~~

screens/OfflineManagerScreen.tsx:129:47 - error TS2345: Argument of type 'DefaultTFuncReturn' is not assignable to parameter of type 'string | undefined'.
  Type 'null' is not assignable to type 'string | undefined'.

129             Alert.alert(t("offline.success"), t("offline.cacheCleared"))
                                                  ~~~~~~~~~~~~~~~~~~~~~~~~~

screens/OfflineManagerScreen.tsx:132:45 - error TS2345: Argument of type 'DefaultTFuncReturn' is not assignable to parameter of type 'string | undefined'.
  Type 'null' is not assignable to type 'string | undefined'.

132             Alert.alert(t("offline.error"), t("offline.clearCacheError"))
                                                ~~~~~~~~~~~~~~~~~~~~~~~~~~~~

screens/OnboardingScreen.tsx:17:29 - error TS2307: Cannot find module 'react-native-animatable' or its corresponding type declarations.

17 import * as Animatable from 'react-native-animatable';
                               ~~~~~~~~~~~~~~~~~~~~~~~~~

screens/OnboardingScreen.tsx:18:48 - error TS2307: Cannot find module '@react-navigation/native-stack' or its corresponding type declarations.

18 import type { NativeStackNavigationProp } from '@react-navigation/native-stack';
                                                  ~~~~~~~~~~~~~~~~~~~~~~~~~~~~~~~~

screens/SecuritySettingsScreen.tsx:9:43 - error TS2307: Cannot find module '@react-navigation/native-stack' or its corresponding type declarations.

9 import { NativeStackNavigationProp } from "@react-navigation/native-stack"
                                            ~~~~~~~~~~~~~~~~~~~~~~~~~~~~~~~~

screens/SecuritySettingsScreen.tsx:11:28 - error TS2307: Cannot find module 'expo-clipboard' or its corresponding type declarations.

11 import * as Clipboard from "expo-clipboard"
                              ~~~~~~~~~~~~~~~~

screens/SecuritySettingsScreen.tsx:56:40 - error TS2345: Argument of type 'DefaultTFuncReturn' is not assignable to parameter of type 'string | undefined'.
  Type 'null' is not assignable to type 'string | undefined'.

56       Alert.alert(t("security.error"), t("security.errorLoadingSettings"))
                                          ~~~~~~~~~~~~~~~~~~~~~~~~~~~~~~~~~~

screens/SecuritySettingsScreen.tsx:70:51 - error TS2345: Argument of type 'DefaultTFuncReturn' is not assignable to parameter of type 'string | undefined'.
  Type 'null' is not assignable to type 'string | undefined'.

70       Alert.alert(t("security.disableTwoFactor"), t("security.disableTwoFactorConfirm"), [
                                                     ~~~~~~~~~~~~~~~~~~~~~~~~~~~~~~~~~~~~~

screens/SecuritySettingsScreen.tsx:89:42 - error TS2345: Argument of type 'DefaultTFuncReturn' is not assignable to parameter of type 'string | undefined'.
  Type 'null' is not assignable to type 'string | undefined'.

89         Alert.alert(t("security.error"), t("security.errorEnablingTwoFactor"))
                                            ~~~~~~~~~~~~~~~~~~~~~~~~~~~~~~~~~~~~

screens/SecuritySettingsScreen.tsx:97:7 - error TS2345: Argument of type 'DefaultTFuncReturn' is not assignable to parameter of type 'string | undefined'.
  Type 'null' is not assignable to type 'string | undefined'.

97       t("security.enterTwoFactorCodeDescription"),
         ~~~~~~~~~~~~~~~~~~~~~~~~~~~~~~~~~~~~~~~~~~~

screens/SecuritySettingsScreen.tsx:105:95 - error TS2345: Argument of type 'DefaultTFuncReturn' is not assignable to parameter of type 'string | undefined'.
  Type 'null' is not assignable to type 'string | undefined'.

105           onPress: (code) => code ? disableTwoFactor(code) : Alert.alert(t("security.error"), t("security.invalidCode")),
                                                                                                  ~~~~~~~~~~~~~~~~~~~~~~~~~

screens/SecuritySettingsScreen.tsx:118:44 - error TS2345: Argument of type 'DefaultTFuncReturn' is not assignable to parameter of type 'string | undefined'.
  Type 'null' is not assignable to type 'string | undefined'.

118         Alert.alert(t("security.success"), t("security.twoFactorDisabled"))
                                               ~~~~~~~~~~~~~~~~~~~~~~~~~~~~~~~

screens/SecuritySettingsScreen.tsx:120:42 - error TS2345: Argument of type 'DefaultTFuncReturn' is not assignable to parameter of type 'string | undefined'.
  Type 'null' is not assignable to type 'string | undefined'.

120         Alert.alert(t("security.error"), t("security.invalidCode"))
                                             ~~~~~~~~~~~~~~~~~~~~~~~~~

screens/SecuritySettingsScreen.tsx:124:40 - error TS2345: Argument of type 'DefaultTFuncReturn' is not assignable to parameter of type 'string | undefined'.
  Type 'null' is not assignable to type 'string | undefined'.

124       Alert.alert(t("security.error"), t("security.errorDisablingTwoFactor"))
                                           ~~~~~~~~~~~~~~~~~~~~~~~~~~~~~~~~~~~~~

screens/SecuritySettingsScreen.tsx:130:40 - error TS2345: Argument of type 'DefaultTFuncReturn' is not assignable to parameter of type 'string | undefined'.
  Type 'null' is not assignable to type 'string | undefined'.

130       Alert.alert(t("security.error"), t("security.invalidCodeFormat"))
                                           ~~~~~~~~~~~~~~~~~~~~~~~~~~~~~~~

screens/SecuritySettingsScreen.tsx:142:44 - error TS2345: Argument of type 'DefaultTFuncReturn' is not assignable to parameter of type 'string | undefined'.
  Type 'null' is not assignable to type 'string | undefined'.

142         Alert.alert(t("security.success"), t("security.twoFactorEnabled"))
                                               ~~~~~~~~~~~~~~~~~~~~~~~~~~~~~~

screens/SecuritySettingsScreen.tsx:144:42 - error TS2345: Argument of type 'DefaultTFuncReturn' is not assignable to parameter of type 'string | undefined'.
  Type 'null' is not assignable to type 'string | undefined'.

144         Alert.alert(t("security.error"), t("security.invalidCode"))
                                             ~~~~~~~~~~~~~~~~~~~~~~~~~

screens/SecuritySettingsScreen.tsx:148:40 - error TS2345: Argument of type 'DefaultTFuncReturn' is not assignable to parameter of type 'string | undefined'.
  Type 'null' is not assignable to type 'string | undefined'.

148       Alert.alert(t("security.error"), t("security.errorVerifyingCode"))
                                           ~~~~~~~~~~~~~~~~~~~~~~~~~~~~~~~~

screens/SecuritySettingsScreen.tsx:156:40 - error TS2345: Argument of type 'DefaultTFuncReturn' is not assignable to parameter of type 'string | undefined'.
  Type 'null' is not assignable to type 'string | undefined'.

156     Alert.alert(t("security.success"), t("security.secretCopied"))
                                           ~~~~~~~~~~~~~~~~~~~~~~~~~~

screens/SecuritySettingsScreen.tsx:161:40 - error TS2345: Argument of type 'DefaultTFuncReturn' is not assignable to parameter of type 'string | undefined'.
  Type 'null' is not assignable to type 'string | undefined'.

161       Alert.alert(t("security.error"), t("security.biometricsNotAvailable"))
                                           ~~~~~~~~~~~~~~~~~~~~~~~~~~~~~~~~~~~~

screens/SecuritySettingsScreen.tsx:172:46 - error TS2345: Argument of type 'DefaultTFuncReturn' is not assignable to parameter of type 'string | undefined'.
  Type 'null' is not assignable to type 'string | undefined'.

172           Alert.alert(t("security.success"), t("security.biometricsDisabled"))
                                                 ~~~~~~~~~~~~~~~~~~~~~~~~~~~~~~~~

screens/SecuritySettingsScreen.tsx:176:80 - error TS2345: Argument of type 'DefaultTFuncReturn' is not assignable to parameter of type 'string | undefined'.
  Type 'null' is not assignable to type 'string | undefined'.

176         const authenticated = await SecurityService.authenticateWithBiometrics(t("security.authenticateToEnable"))
                                                                                   ~~~~~~~~~~~~~~~~~~~~~~~~~~~~~~~~~~

screens/SecuritySettingsScreen.tsx:183:48 - error TS2345: Argument of type 'DefaultTFuncReturn' is not assignable to parameter of type 'string | undefined'.
  Type 'null' is not assignable to type 'string | undefined'.

183             Alert.alert(t("security.success"), t("security.biometricsEnabled"))
                                                   ~~~~~~~~~~~~~~~~~~~~~~~~~~~~~~~

screens/SecuritySettingsScreen.tsx:189:40 - error TS2345: Argument of type 'DefaultTFuncReturn' is not assignable to parameter of type 'string | undefined'.
  Type 'null' is not assignable to type 'string | undefined'.

189       Alert.alert(t("security.error"), t("security.errorTogglingBiometrics"))
                                           ~~~~~~~~~~~~~~~~~~~~~~~~~~~~~~~~~~~~~

screens/SecuritySettingsScreen.tsx:196:45 - error TS2345: Argument of type 'DefaultTFuncReturn' is not assignable to parameter of type 'string | undefined'.
  Type 'null' is not assignable to type 'string | undefined'.

196       Alert.alert(t("security.disablePin"), t("security.disablePinConfirm"), [
                                                ~~~~~~~~~~~~~~~~~~~~~~~~~~~~~~~

screens/SecuritySettingsScreen.tsx:209:52 - error TS2345: Argument of type 'DefaultTFuncReturn' is not assignable to parameter of type 'string | undefined'.
  Type 'null' is not assignable to type 'string | undefined'.

209                 Alert.alert(t("security.success"), t("security.pinDisabled"))
                                                       ~~~~~~~~~~~~~~~~~~~~~~~~~

screens/SecuritySettingsScreen.tsx:213:48 - error TS2345: Argument of type 'DefaultTFuncReturn' is not assignable to parameter of type 'string | undefined'.
  Type 'null' is not assignable to type 'string | undefined'.

213               Alert.alert(t("security.error"), t("security.errorRemovingPin"))
                                                   ~~~~~~~~~~~~~~~~~~~~~~~~~~~~~~

screens/SecuritySettingsScreen.tsx:226:40 - error TS2345: Argument of type 'DefaultTFuncReturn' is not assignable to parameter of type 'string | undefined'.
  Type 'null' is not assignable to type 'string | undefined'.

226       Alert.alert(t("security.error"), t("security.pinTooShort"))
                                           ~~~~~~~~~~~~~~~~~~~~~~~~~

screens/SecuritySettingsScreen.tsx:231:40 - error TS2345: Argument of type 'DefaultTFuncReturn' is not assignable to parameter of type 'string | undefined'.
  Type 'null' is not assignable to type 'string | undefined'.

231       Alert.alert(t("security.error"), t("security.pinMismatch"))
                                           ~~~~~~~~~~~~~~~~~~~~~~~~~

screens/SecuritySettingsScreen.tsx:244:44 - error TS2345: Argument of type 'DefaultTFuncReturn' is not assignable to parameter of type 'string | undefined'.
  Type 'null' is not assignable to type 'string | undefined'.

244         Alert.alert(t("security.success"), t("security.pinEnabled"))
                                               ~~~~~~~~~~~~~~~~~~~~~~~~

screens/SecuritySettingsScreen.tsx:248:40 - error TS2345: Argument of type 'DefaultTFuncReturn' is not assignable to parameter of type 'string | undefined'.
  Type 'null' is not assignable to type 'string | undefined'.

248       Alert.alert(t("security.error"), t("security.errorSettingPin"))
                                           ~~~~~~~~~~~~~~~~~~~~~~~~~~~~~

screens/SecuritySettingsScreen.tsx:342:15 - error TS2322: Type 'DefaultTFuncReturn' is not assignable to type 'string | undefined'.
  Type 'null' is not assignable to type 'string | undefined'.

342               placeholder={t("security.enterPin")}
                  ~~~~~~~~~~~

  node_modules/react-native/Libraries/Components/TextInput/TextInput.d.ts:724:3
    724   placeholder?: string | undefined;
          ~~~~~~~~~~~
    The expected type comes from property 'placeholder' which is declared here on type 'IntrinsicAttributes & TextInputProps & RefAttributes<TextInput> & { mode?: "flat" | "outlined" | undefined; ... 26 more ...; underlineStyle?: StyleProp<...>; } & RefAttributes<...>'

screens/SecuritySettingsScreen.tsx:352:15 - error TS2322: Type 'DefaultTFuncReturn' is not assignable to type 'string | undefined'.
  Type 'null' is not assignable to type 'string | undefined'.

352               placeholder={t("security.confirmPin")}
                  ~~~~~~~~~~~

  node_modules/react-native/Libraries/Components/TextInput/TextInput.d.ts:724:3
    724   placeholder?: string | undefined;
          ~~~~~~~~~~~
    The expected type comes from property 'placeholder' which is declared here on type 'IntrinsicAttributes & TextInputProps & RefAttributes<TextInput> & { mode?: "flat" | "outlined" | undefined; ... 26 more ...; underlineStyle?: StyleProp<...>; } & RefAttributes<...>'

screens/SettingsScreen.tsx:28:51 - error TS2345: Argument of type 'DefaultTFuncReturn' is not assignable to parameter of type 'string | undefined'.
  Type 'null' is not assignable to type 'string | undefined'.

28     Alert.alert(t("settings.logoutConfirmTitle"), t("settings.logoutConfirmMessage"), [
                                                     ~~~~~~~~~~~~~~~~~~~~~~~~~~~~~~~~~~

screens/SupportScreen.tsx:31:48 - error TS2307: Cannot find module '@react-navigation/native-stack' or its corresponding type declarations.

31 import type { NativeStackNavigationProp } from "@react-navigation/native-stack"
                                                  ~~~~~~~~~~~~~~~~~~~~~~~~~~~~~~~~

screens/SupportScreen.tsx:103:18 - error TS2345: Argument of type 'SupportTicket[]' is not assignable to parameter of type 'SetStateAction<SupportTicket[]>'.
  Type 'import("/home/runner/workspace/mobile/services/api").SupportTicket[]' is not assignable to type 'SupportTicket[]'.
    Type 'SupportTicket' is missing the following properties from type 'SupportTicket': updated_at, messages

103       setTickets(ticketsData)
                     ~~~~~~~~~~~

screens/SupportScreen.tsx:116:53 - error TS2345: Argument of type 'DefaultTFuncReturn' is not assignable to parameter of type 'string | undefined'.
  Type 'null' is not assignable to type 'string | undefined'.

116       Alert.alert(t("support.missingSubjectTitle"), t("support.missingSubjectMessage"))
                                                        ~~~~~~~~~~~~~~~~~~~~~~~~~~~~~~~~~~

screens/SupportScreen.tsx:121:53 - error TS2345: Argument of type 'DefaultTFuncReturn' is not assignable to parameter of type 'string | undefined'.
  Type 'null' is not assignable to type 'string | undefined'.

121       Alert.alert(t("support.missingMessageTitle"), t("support.missingMessageMessage"))
                                                        ~~~~~~~~~~~~~~~~~~~~~~~~~~~~~~~~~~

screens/SupportScreen.tsx:154:26 - error TS2345: Argument of type '{ type: "support_ticket"; data: { subject: string; message: string; images: string[]; }; }' is not assignable to parameter of type 'Omit<PendingOperation, "id" | "timestamp">'.
  Property 'retries' is missing in type '{ type: "support_ticket"; data: { subject: string; message: string; images: string[]; }; }' but required in type 'Omit<PendingOperation, "id" | "timestamp">'.

154         addPendingUpload({
                             ~
155           type: "support_ticket",
    ~~~~~~~~~~~~~~~~~~~~~~~~~~~~~~~~~
... 
161 
    
162         })
    ~~~~~~~~~

  types/models.ts:138:3
    138   retries: number
          ~~~~~~~
    'retries' is declared here.

screens/SupportScreen.tsx:177:44 - error TS2345: Argument of type 'DefaultTFuncReturn' is not assignable to parameter of type 'string | undefined'.
  Type 'null' is not assignable to type 'string | undefined'.

177       Alert.alert(t("support.errorTitle"), t("support.errorCreatingTicket"))
                                               ~~~~~~~~~~~~~~~~~~~~~~~~~~~~~~~~

screens/SupportScreen.tsx:187:51 - error TS2345: Argument of type 'DefaultTFuncReturn' is not assignable to parameter of type 'string | undefined'.
  Type 'null' is not assignable to type 'string | undefined'.

187       Alert.alert(t("support.missingReplyTitle"), t("support.missingReplyMessage"))
                                                      ~~~~~~~~~~~~~~~~~~~~~~~~~~~~~~~~

screens/SupportScreen.tsx:216:26 - error TS2345: Argument of type '{ type: "ticket_reply"; data: { ticketId: string; message: string; }; }' is not assignable to parameter of type 'Omit<PendingOperation, "id" | "timestamp">'.
  Property 'retries' is missing in type '{ type: "ticket_reply"; data: { ticketId: string; message: string; }; }' but required in type 'Omit<PendingOperation, "id" | "timestamp">'.

216         addPendingUpload({
                             ~
217           type: "ticket_reply",
    ~~~~~~~~~~~~~~~~~~~~~~~~~~~~~~~
... 
221           },
    ~~~~~~~~~~~~
222         })
    ~~~~~~~~~

  types/models.ts:138:3
    138   retries: number
          ~~~~~~~
    'retries' is declared here.

screens/SupportScreen.tsx:232:44 - error TS2345: Argument of type 'DefaultTFuncReturn' is not assignable to parameter of type 'string | undefined'.
  Type 'null' is not assignable to type 'string | undefined'.

232       Alert.alert(t("support.errorTitle"), t("support.errorReplyingToTicket"))
                                               ~~~~~~~~~~~~~~~~~~~~~~~~~~~~~~~~~~

screens/SupportScreen.tsx:243:57 - error TS2345: Argument of type 'DefaultTFuncReturn' is not assignable to parameter of type 'string | undefined'.
  Type 'null' is not assignable to type 'string | undefined'.

243         Alert.alert(t("support.permissionDeniedTitle"), t("support.permissionDeniedMessage"))
                                                            ~~~~~~~~~~~~~~~~~~~~~~~~~~~~~~~~~~~~

screens/SupportScreen.tsx:260:44 - error TS2345: Argument of type 'DefaultTFuncReturn' is not assignable to parameter of type 'string | undefined'.
  Type 'null' is not assignable to type 'string | undefined'.

260       Alert.alert(t("support.errorTitle"), t("support.errorPickingImage"))
                                               ~~~~~~~~~~~~~~~~~~~~~~~~~~~~~~

screens/SupportScreen.tsx:494:15 - error TS2322: Type 'DefaultTFuncReturn' is not assignable to type 'string | undefined'.
  Type 'null' is not assignable to type 'string | undefined'.

494               placeholder={t("support.typeReply")}
                  ~~~~~~~~~~~

  node_modules/react-native/Libraries/Components/TextInput/TextInput.d.ts:724:3
    724   placeholder?: string | undefined;
          ~~~~~~~~~~~
    The expected type comes from property 'placeholder' which is declared here on type 'IntrinsicAttributes & TextInputProps & RefAttributes<TextInput> & { mode?: "flat" | "outlined" | undefined; ... 26 more ...; underlineStyle?: StyleProp<...>; } & RefAttributes<...>'

screens/SupportScreen.tsx:520:11 - error TS2322: Type 'DefaultTFuncReturn' is not assignable to type 'TextInputLabelProp | undefined'.
  Type 'null' is not assignable to type 'TextInputLabelProp | undefined'.

520           label={t("support.subject")}
              ~~~~~

  node_modules/react-native-paper/lib/typescript/components/TextInput/TextInput.d.ts:32:5
    32     label?: TextInputLabelProp;
           ~~~~~
    The expected type comes from property 'label' which is declared here on type 'IntrinsicAttributes & TextInputProps & RefAttributes<TextInput> & { mode?: "flat" | "outlined" | undefined; ... 26 more ...; underlineStyle?: StyleProp<...>; } & RefAttributes<...>'

screens/SupportScreen.tsx:528:11 - error TS2322: Type 'DefaultTFuncReturn' is not assignable to type 'TextInputLabelProp | undefined'.
  Type 'null' is not assignable to type 'TextInputLabelProp | undefined'.

528           label={t("support.message")}
              ~~~~~

  node_modules/react-native-paper/lib/typescript/components/TextInput/TextInput.d.ts:32:5
    32     label?: TextInputLabelProp;
           ~~~~~
    The expected type comes from property 'label' which is declared here on type 'IntrinsicAttributes & TextInputProps & RefAttributes<TextInput> & { mode?: "flat" | "outlined" | undefined; ... 26 more ...; underlineStyle?: StyleProp<...>; } & RefAttributes<...>'

screens/SupportScreen.tsx:645:13 - error TS2322: Type 'DefaultTFuncReturn' is not assignable to type 'string | undefined'.
  Type 'null' is not assignable to type 'string | undefined'.

645             placeholder={t("support.typeMessage")}
                ~~~~~~~~~~~

  node_modules/react-native/Libraries/Components/TextInput/TextInput.d.ts:724:3
    724   placeholder?: string | undefined;
          ~~~~~~~~~~~
    The expected type comes from property 'placeholder' which is declared here on type 'IntrinsicAttributes & TextInputProps & RefAttributes<TextInput> & { mode?: "flat" | "outlined" | undefined; ... 26 more ...; underlineStyle?: StyleProp<...>; } & RefAttributes<...>'

screens/VoiceAssistantScreen.tsx:13:48 - error TS2307: Cannot find module '@react-navigation/native-stack' or its corresponding type declarations.

13 import type { NativeStackNavigationProp } from "@react-navigation/native-stack"
                                                  ~~~~~~~~~~~~~~~~~~~~~~~~~~~~~~~~

screens/auth/ClassicLoginScreen.tsx:7:29 - error TS2307: Cannot find module 'react-native-animatable' or its corresponding type declarations.

7 import * as Animatable from "react-native-animatable"
                              ~~~~~~~~~~~~~~~~~~~~~~~~~

screens/auth/ClassicLoginScreen.tsx:13:48 - error TS2307: Cannot find module '@react-navigation/native-stack' or its corresponding type declarations.

13 import type { NativeStackNavigationProp } from "@react-navigation/native-stack"
                                                  ~~~~~~~~~~~~~~~~~~~~~~~~~~~~~~~~

screens/auth/ClassicLoginScreen.tsx:73:16 - error TS2345: Argument of type 'DefaultTFuncReturn' is not assignable to parameter of type 'SetStateAction<string>'.
  Type 'null' is not assignable to type 'SetStateAction<string>'.

73       setError(t("login.errorRequiredFields"))
                  ~~~~~~~~~~~~~~~~~~~~~~~~~~~~~~

screens/auth/ClassicLoginScreen.tsx:87:16 - error TS2345: Argument of type 'DefaultTFuncReturn' is not assignable to parameter of type 'SetStateAction<string>'.
  Type 'null' is not assignable to type 'SetStateAction<string>'.

87       setError(error instanceof Error ? error.message : t("login.errorGeneric"))
                  ~~~~~~~~~~~~~~~~~~~~~~~~~~~~~~~~~~~~~~~~~~~~~~~~~~~~~~~~~~~~~~~~

screens/auth/ClassicLoginScreen.tsx:138:17 - error TS2322: Type 'DefaultTFuncReturn' is not assignable to type 'string | undefined'.
  Type 'null' is not assignable to type 'string | undefined'.

138                 placeholder={t("login.phonePlaceholder")}
                    ~~~~~~~~~~~

  node_modules/react-native/Libraries/Components/TextInput/TextInput.d.ts:724:3
    724   placeholder?: string | undefined;
          ~~~~~~~~~~~
    The expected type comes from property 'placeholder' which is declared here on type 'IntrinsicAttributes & TextInputProps & RefAttributes<TextInput> & { mode?: "flat" | "outlined" | undefined; ... 26 more ...; underlineStyle?: StyleProp<...>; } & RefAttributes<...>'

screens/auth/ForgotPasswordScreen.tsx:16:29 - error TS2307: Cannot find module 'react-native-animatable' or its corresponding type declarations.

16 import * as Animatable from "react-native-animatable"
                               ~~~~~~~~~~~~~~~~~~~~~~~~~

screens/auth/ForgotPasswordScreen.tsx:20:48 - error TS2307: Cannot find module '@react-navigation/native-stack' or its corresponding type declarations.

20 import type { NativeStackNavigationProp } from "@react-navigation/native-stack"
                                                  ~~~~~~~~~~~~~~~~~~~~~~~~~~~~~~~~

screens/auth/ForgotPasswordScreen.tsx:42:16 - error TS2345: Argument of type 'DefaultTFuncReturn' is not assignable to parameter of type 'SetStateAction<string>'.
  Type 'null' is not assignable to type 'SetStateAction<string>'.

42       setError(t("forgotPassword.errorInvalidPhone"))
                  ~~~~~~~~~~~~~~~~~~~~~~~~~~~~~~~~~~~~~

screens/auth/ForgotPasswordScreen.tsx:50:18 - error TS2345: Argument of type 'DefaultTFuncReturn' is not assignable to parameter of type 'SetStateAction<string>'.
  Type 'null' is not assignable to type 'SetStateAction<string>'.

50       setSuccess(t("forgotPassword.resetSent"))
                    ~~~~~~~~~~~~~~~~~~~~~~~~~~~~~

screens/auth/ForgotPasswordScreen.tsx:59:16 - error TS2345: Argument of type 'DefaultTFuncReturn' is not assignable to parameter of type 'SetStateAction<string>'.
  Type 'null' is not assignable to type 'SetStateAction<string>'.

59       setError(error instanceof Error ? error.message : t("forgotPassword.errorGeneric"))
                  ~~~~~~~~~~~~~~~~~~~~~~~~~~~~~~~~~~~~~~~~~~~~~~~~~~~~~~~~~~~~~~~~~~~~~~~~~

screens/auth/ForgotPasswordScreen.tsx:159:19 - error TS2322: Type 'DefaultTFuncReturn' is not assignable to type 'TextInputLabelProp | undefined'.
  Type 'null' is not assignable to type 'TextInputLabelProp | undefined'.

159                   label={t("forgotPassword.phone")}
                      ~~~~~

  node_modules/react-native-paper/lib/typescript/components/TextInput/TextInput.d.ts:32:5
    32     label?: TextInputLabelProp;
           ~~~~~
    The expected type comes from property 'label' which is declared here on type 'IntrinsicAttributes & TextInputProps & RefAttributes<TextInput> & { mode?: "flat" | "outlined" | undefined; ... 26 more ...; underlineStyle?: StyleProp<...>; } & RefAttributes<...>'

screens/auth/LoginScreen.tsx:7:29 - error TS2307: Cannot find module 'react-native-animatable' or its corresponding type declarations.

7 import * as Animatable from "react-native-animatable"
                              ~~~~~~~~~~~~~~~~~~~~~~~~~

screens/auth/LoginScreen.tsx:11:48 - error TS2307: Cannot find module '@react-navigation/native-stack' or its corresponding type declarations.

11 import type { NativeStackNavigationProp } from "@react-navigation/native-stack"
                                                  ~~~~~~~~~~~~~~~~~~~~~~~~~~~~~~~~

screens/auth/OTPLoginScreen.tsx:7:29 - error TS2307: Cannot find module 'react-native-animatable' or its corresponding type declarations.

7 import * as Animatable from "react-native-animatable"
                              ~~~~~~~~~~~~~~~~~~~~~~~~~

screens/auth/OTPLoginScreen.tsx:14:48 - error TS2307: Cannot find module '@react-navigation/native-stack' or its corresponding type declarations.

14 import type { NativeStackNavigationProp } from "@react-navigation/native-stack"
                                                  ~~~~~~~~~~~~~~~~~~~~~~~~~~~~~~~~

screens/auth/OTPLoginScreen.tsx:82:16 - error TS2345: Argument of type 'DefaultTFuncReturn' is not assignable to parameter of type 'SetStateAction<string>'.
  Type 'null' is not assignable to type 'SetStateAction<string>'.

82       setError(t("otpLogin.errorPhoneRequired"))
                  ~~~~~~~~~~~~~~~~~~~~~~~~~~~~~~~~

screens/auth/OTPLoginScreen.tsx:88:16 - error TS2345: Argument of type 'DefaultTFuncReturn' is not assignable to parameter of type 'SetStateAction<string>'.
  Type 'null' is not assignable to type 'SetStateAction<string>'.

88       setError(t("otpLogin.errorPhoneInvalid"))
                  ~~~~~~~~~~~~~~~~~~~~~~~~~~~~~~~

screens/auth/OTPLoginScreen.tsx:104:18 - error TS2345: Argument of type 'DefaultTFuncReturn' is not assignable to parameter of type 'SetStateAction<string>'.
  Type 'null' is not assignable to type 'SetStateAction<string>'.

104         setError(response.message || t("otpLogin.otpSent"))
                     ~~~~~~~~~~~~~~~~~~~~~~~~~~~~~~~~~~~~~~~~~

screens/auth/OTPLoginScreen.tsx:108:18 - error TS2345: Argument of type 'DefaultTFuncReturn' is not assignable to parameter of type 'SetStateAction<string>'.
  Type 'null' is not assignable to type 'SetStateAction<string>'.

108         setError(response.message || t("otpLogin.errorSendingOtp"))
                     ~~~~~~~~~~~~~~~~~~~~~~~~~~~~~~~~~~~~~~~~~~~~~~~~~

screens/auth/OTPLoginScreen.tsx:113:16 - error TS2345: Argument of type 'DefaultTFuncReturn' is not assignable to parameter of type 'SetStateAction<string>'.
  Type 'null' is not assignable to type 'SetStateAction<string>'.

113       setError(error instanceof Error ? error.message : t("otpLogin.errorSendingOtp"))
                   ~~~~~~~~~~~~~~~~~~~~~~~~~~~~~~~~~~~~~~~~~~~~~~~~~~~~~~~~~~~~~~~~~~~~~~

screens/auth/OTPLoginScreen.tsx:121:16 - error TS2345: Argument of type 'DefaultTFuncReturn' is not assignable to parameter of type 'SetStateAction<string>'.
  Type 'null' is not assignable to type 'SetStateAction<string>'.

121       setError(t("otpLogin.errorOtpRequired"))
                   ~~~~~~~~~~~~~~~~~~~~~~~~~~~~~~

screens/auth/OTPLoginScreen.tsx:127:16 - error TS2345: Argument of type 'DefaultTFuncReturn' is not assignable to parameter of type 'SetStateAction<string>'.
  Type 'null' is not assignable to type 'SetStateAction<string>'.

127       setError(t("otpLogin.errorOtpInvalid"))
                   ~~~~~~~~~~~~~~~~~~~~~~~~~~~~~

screens/auth/OTPLoginScreen.tsx:159:16 - error TS2345: Argument of type 'DefaultTFuncReturn' is not assignable to parameter of type 'SetStateAction<string>'.
  Type 'null' is not assignable to type 'SetStateAction<string>'.

159       setError(error instanceof Error ? error.message : t("otpLogin.errorVerifyingOtp"))
                   ~~~~~~~~~~~~~~~~~~~~~~~~~~~~~~~~~~~~~~~~~~~~~~~~~~~~~~~~~~~~~~~~~~~~~~~~

screens/auth/OTPLoginScreen.tsx:176:16 - error TS2345: Argument of type 'DefaultTFuncReturn' is not assignable to parameter of type 'SetStateAction<string>'.
  Type 'null' is not assignable to type 'SetStateAction<string>'.

176       setError(error instanceof Error ? error.message : t("otpLogin.errorSendingOtp"))
                   ~~~~~~~~~~~~~~~~~~~~~~~~~~~~~~~~~~~~~~~~~~~~~~~~~~~~~~~~~~~~~~~~~~~~~~

screens/auth/OTPLoginScreen.tsx:234:21 - error TS2322: Type 'DefaultTFuncReturn' is not assignable to type 'string | undefined'.
  Type 'null' is not assignable to type 'string | undefined'.

234                     placeholder={t("login.phonePlaceholder")}
                        ~~~~~~~~~~~

  node_modules/react-native/Libraries/Components/TextInput/TextInput.d.ts:724:3
    724   placeholder?: string | undefined;
          ~~~~~~~~~~~
    The expected type comes from property 'placeholder' which is declared here on type 'IntrinsicAttributes & TextInputProps & RefAttributes<TextInput> & { mode?: "flat" | "outlined" | undefined; ... 26 more ...; underlineStyle?: StyleProp<...>; } & RefAttributes<...>'

screens/auth/RegisterScreen.tsx:7:24 - error TS2307: Cannot find module '@react-native-picker/picker' or its corresponding type declarations.

7 import { Picker } from "@react-native-picker/picker"
                         ~~~~~~~~~~~~~~~~~~~~~~~~~~~~~

screens/auth/RegisterScreen.tsx:8:29 - error TS2307: Cannot find module 'react-native-animatable' or its corresponding type declarations.

8 import * as Animatable from "react-native-animatable"
                              ~~~~~~~~~~~~~~~~~~~~~~~~~

screens/auth/RegisterScreen.tsx:13:48 - error TS2307: Cannot find module '@react-navigation/native-stack' or its corresponding type declarations.

13 import type { NativeStackNavigationProp } from "@react-navigation/native-stack"
                                                  ~~~~~~~~~~~~~~~~~~~~~~~~~~~~~~~~

screens/auth/RegisterScreen.tsx:124:20 - error TS2345: Argument of type 'DefaultTFuncReturn' is not assignable to parameter of type 'SetStateAction<string>'.
  Type 'null' is not assignable to type 'SetStateAction<string>'.

124           setError(t("register.errorRequiredFields"))
                       ~~~~~~~~~~~~~~~~~~~~~~~~~~~~~~~~~

screens/auth/RegisterScreen.tsx:129:20 - error TS2345: Argument of type 'DefaultTFuncReturn' is not assignable to parameter of type 'SetStateAction<string>'.
  Type 'null' is not assignable to type 'SetStateAction<string>'.

129           setError(t("register.errorInvalidPhone"))
                       ~~~~~~~~~~~~~~~~~~~~~~~~~~~~~~~

screens/auth/RegisterScreen.tsx:134:20 - error TS2345: Argument of type 'DefaultTFuncReturn' is not assignable to parameter of type 'SetStateAction<string>'.
  Type 'null' is not assignable to type 'SetStateAction<string>'.

134           setError(t("register.errorInvalidEmail"))
                       ~~~~~~~~~~~~~~~~~~~~~~~~~~~~~~~

screens/auth/RegisterScreen.tsx:141:20 - error TS2345: Argument of type 'DefaultTFuncReturn' is not assignable to parameter of type 'SetStateAction<string>'.
  Type 'null' is not assignable to type 'SetStateAction<string>'.

141           setError(t("register.errorRequiredFields"))
                       ~~~~~~~~~~~~~~~~~~~~~~~~~~~~~~~~~

screens/auth/RegisterScreen.tsx:146:20 - error TS2345: Argument of type 'DefaultTFuncReturn' is not assignable to parameter of type 'SetStateAction<string>'.
  Type 'null' is not assignable to type 'SetStateAction<string>'.

146           setError(t("register.errorWeakPassword"))
                       ~~~~~~~~~~~~~~~~~~~~~~~~~~~~~~~

screens/auth/RegisterScreen.tsx:151:20 - error TS2345: Argument of type 'DefaultTFuncReturn' is not assignable to parameter of type 'SetStateAction<string>'.
  Type 'null' is not assignable to type 'SetStateAction<string>'.

151           setError(t("register.errorPasswordMismatch"))
                       ~~~~~~~~~~~~~~~~~~~~~~~~~~~~~~~~~~~

screens/auth/RegisterScreen.tsx:157:13 - error TS2367: This comparison appears to be unintentional because the types 'UserRole' and '"coursier"' have no overlap.

157         if (role === "coursier" && !licensePlate) {
                ~~~~~~~~~~~~~~~~~~~

screens/auth/RegisterScreen.tsx:158:20 - error TS2345: Argument of type 'DefaultTFuncReturn' is not assignable to parameter of type 'SetStateAction<string>'.
  Type 'null' is not assignable to type 'SetStateAction<string>'.

158           setError(t("register.errorLicensePlateRequired"))
                       ~~~~~~~~~~~~~~~~~~~~~~~~~~~~~~~~~~~~~~~

screens/auth/RegisterScreen.tsx:203:16 - error TS2345: Argument of type 'DefaultTFuncReturn' is not assignable to parameter of type 'SetStateAction<string>'.
  Type 'null' is not assignable to type 'SetStateAction<string>'.

203       setError(t("register.errorRequiredFields"))
                   ~~~~~~~~~~~~~~~~~~~~~~~~~~~~~~~~~

screens/auth/RegisterScreen.tsx:209:9 - error TS2367: This comparison appears to be unintentional because the types 'UserRole' and '"coursier"' have no overlap.

209     if (role === "coursier" && !licensePlate) {
            ~~~~~~~~~~~~~~~~~~~

screens/auth/RegisterScreen.tsx:210:16 - error TS2345: Argument of type 'DefaultTFuncReturn' is not assignable to parameter of type 'SetStateAction<string>'.
  Type 'null' is not assignable to type 'SetStateAction<string>'.

210       setError(t("register.errorLicensePlateRequired"))
                   ~~~~~~~~~~~~~~~~~~~~~~~~~~~~~~~~~~~~~~~

screens/auth/RegisterScreen.tsx:216:16 - error TS2345: Argument of type 'DefaultTFuncReturn' is not assignable to parameter of type 'SetStateAction<string>'.
  Type 'null' is not assignable to type 'SetStateAction<string>'.

216       setError(t("register.errorInvalidPhone"))
                   ~~~~~~~~~~~~~~~~~~~~~~~~~~~~~~~

screens/auth/RegisterScreen.tsx:222:16 - error TS2345: Argument of type 'DefaultTFuncReturn' is not assignable to parameter of type 'SetStateAction<string>'.
  Type 'null' is not assignable to type 'SetStateAction<string>'.

222       setError(t("register.errorInvalidEmail"))
                   ~~~~~~~~~~~~~~~~~~~~~~~~~~~~~~~

screens/auth/RegisterScreen.tsx:228:16 - error TS2345: Argument of type 'DefaultTFuncReturn' is not assignable to parameter of type 'SetStateAction<string>'.
  Type 'null' is not assignable to type 'SetStateAction<string>'.

228       setError(t("register.errorWeakPassword"))
                   ~~~~~~~~~~~~~~~~~~~~~~~~~~~~~~~

screens/auth/RegisterScreen.tsx:234:16 - error TS2345: Argument of type 'DefaultTFuncReturn' is not assignable to parameter of type 'SetStateAction<string>'.
  Type 'null' is not assignable to type 'SetStateAction<string>'.

234       setError(t("register.errorPasswordMismatch"))
                   ~~~~~~~~~~~~~~~~~~~~~~~~~~~~~~~~~~~

screens/auth/RegisterScreen.tsx:263:11 - error TS2367: This comparison appears to be unintentional because the types 'UserRole' and '"coursier"' have no overlap.

263       if (role === "coursier") {
              ~~~~~~~~~~~~~~~~~~~

screens/auth/RegisterScreen.tsx:274:26 - error TS2345: Argument of type '{ type: "register"; data: { full_name: string; phone: string; email?: string; password: string; role: UserRole; commune?: string; language_preference: LanguageCode; vehicle_type?: VehicleType; license_plate?: string; }; }' is not assignable to parameter of type 'Omit<PendingOperation, "id" | "timestamp">'.
  Property 'retries' is missing in type '{ type: "register"; data: { full_name: string; phone: string; email?: string; password: string; role: UserRole; commune?: string; language_preference: LanguageCode; vehicle_type?: VehicleType; license_plate?: string; }; }' but required in type 'Omit<PendingOperation, "id" | "timestamp">'.

274         addPendingUpload({
                             ~
275           type: "register",
    ~~~~~~~~~~~~~~~~~~~~~~~~~~~
276           data: userData,
    ~~~~~~~~~~~~~~~~~~~~~~~~~
277         })
    ~~~~~~~~~

  types/models.ts:138:3
    138   retries: number
          ~~~~~~~
    'retries' is declared here.

screens/auth/RegisterScreen.tsx:278:18 - error TS2345: Argument of type 'DefaultTFuncReturn' is not assignable to parameter of type 'SetStateAction<string>'.
  Type 'null' is not assignable to type 'SetStateAction<string>'.

278         setError(t("register.offlineRegistration"))
                     ~~~~~~~~~~~~~~~~~~~~~~~~~~~~~~~~~

screens/auth/RegisterScreen.tsx:283:16 - error TS2345: Argument of type 'DefaultTFuncReturn' is not assignable to parameter of type 'SetStateAction<string>'.
  Type 'null' is not assignable to type 'SetStateAction<string>'.

283       setError(error instanceof Error ? error.message : t("register.errorGeneric"))
                   ~~~~~~~~~~~~~~~~~~~~~~~~~~~~~~~~~~~~~~~~~~~~~~~~~~~~~~~~~~~~~~~~~~~

screens/auth/RegisterScreen.tsx:383:23 - error TS2367: This comparison appears to be unintentional because the types 'UserRole' and '"coursier"' have no overlap.

383                       role === "coursier" && styles.roleButtonActive
                          ~~~~~~~~~~~~~~~~~~~

screens/auth/RegisterScreen.tsx:385:44 - error TS2345: Argument of type '"coursier"' is not assignable to parameter of type 'SetStateAction<UserRole>'.

385                     onPress={() => setRole("coursier")}
                                               ~~~~~~~~~~

screens/auth/RegisterScreen.tsx:392:36 - error TS2367: This comparison appears to be unintentional because the types 'UserRole' and '"coursier"' have no overlap.

392                         iconColor={role === "coursier" ? "#FFFFFF" : "#FF6B00"}
                                       ~~~~~~~~~~~~~~~~~~~

screens/auth/RegisterScreen.tsx:397:23 - error TS2367: This comparison appears to be unintentional because the types 'UserRole' and '"coursier"' have no overlap.

397                       role === "coursier" && styles.roleButtonTextActive
                          ~~~~~~~~~~~~~~~~~~~

screens/auth/RegisterScreen.tsx:429:21 - error TS2322: Type 'DefaultTFuncReturn' is not assignable to type 'TextInputLabelProp | undefined'.
  Type 'null' is not assignable to type 'TextInputLabelProp | undefined'.

429                     label={t("register.fullName")}
                        ~~~~~

  node_modules/react-native-paper/lib/typescript/components/TextInput/TextInput.d.ts:32:5
    32     label?: TextInputLabelProp;
           ~~~~~
    The expected type comes from property 'label' which is declared here on type 'IntrinsicAttributes & TextInputProps & RefAttributes<TextInput> & { mode?: "flat" | "outlined" | undefined; ... 26 more ...; underlineStyle?: StyleProp<...>; } & RefAttributes<...>'

screens/auth/RegisterScreen.tsx:444:21 - error TS2322: Type 'DefaultTFuncReturn' is not assignable to type 'TextInputLabelProp | undefined'.
  Type 'null' is not assignable to type 'TextInputLabelProp | undefined'.

444                     label={t("register.phone")}
                        ~~~~~

  node_modules/react-native-paper/lib/typescript/components/TextInput/TextInput.d.ts:32:5
    32     label?: TextInputLabelProp;
           ~~~~~
    The expected type comes from property 'label' which is declared here on type 'IntrinsicAttributes & TextInputProps & RefAttributes<TextInput> & { mode?: "flat" | "outlined" | undefined; ... 26 more ...; underlineStyle?: StyleProp<...>; } & RefAttributes<...>'

screens/auth/RegisterScreen.tsx:461:21 - error TS2322: Type 'DefaultTFuncReturn' is not assignable to type 'TextInputLabelProp | undefined'.
  Type 'null' is not assignable to type 'TextInputLabelProp | undefined'.

461                     label={t("register.email")}
                        ~~~~~

  node_modules/react-native-paper/lib/typescript/components/TextInput/TextInput.d.ts:32:5
    32     label?: TextInputLabelProp;
           ~~~~~
    The expected type comes from property 'label' which is declared here on type 'IntrinsicAttributes & TextInputProps & RefAttributes<TextInput> & { mode?: "flat" | "outlined" | undefined; ... 26 more ...; underlineStyle?: StyleProp<...>; } & RefAttributes<...>'

screens/auth/RegisterScreen.tsx:511:21 - error TS2322: Type 'DefaultTFuncReturn' is not assignable to type 'TextInputLabelProp | undefined'.
  Type 'null' is not assignable to type 'TextInputLabelProp | undefined'.

511                     label={t("register.password")}
                        ~~~~~

  node_modules/react-native-paper/lib/typescript/components/TextInput/TextInput.d.ts:32:5
    32     label?: TextInputLabelProp;
           ~~~~~
    The expected type comes from property 'label' which is declared here on type 'IntrinsicAttributes & TextInputProps & RefAttributes<TextInput> & { mode?: "flat" | "outlined" | undefined; ... 26 more ...; underlineStyle?: StyleProp<...>; } & RefAttributes<...>'

screens/auth/RegisterScreen.tsx:533:21 - error TS2322: Type 'DefaultTFuncReturn' is not assignable to type 'TextInputLabelProp | undefined'.
  Type 'null' is not assignable to type 'TextInputLabelProp | undefined'.

533                     label={t("register.confirmPassword")}
                        ~~~~~

  node_modules/react-native-paper/lib/typescript/components/TextInput/TextInput.d.ts:32:5
    32     label?: TextInputLabelProp;
           ~~~~~
    The expected type comes from property 'label' which is declared here on type 'IntrinsicAttributes & TextInputProps & RefAttributes<TextInput> & { mode?: "flat" | "outlined" | undefined; ... 26 more ...; underlineStyle?: StyleProp<...>; } & RefAttributes<...>'

screens/auth/RegisterScreen.tsx:624:10 - error TS2367: This comparison appears to be unintentional because the types 'UserRole' and '"coursier"' have no overlap.

624         {role === "coursier" && (
             ~~~~~~~~~~~~~~~~~~~

screens/auth/RegisterScreen.tsx:670:23 - error TS2322: Type 'DefaultTFuncReturn' is not assignable to type 'TextInputLabelProp | undefined'.
  Type 'null' is not assignable to type 'TextInputLabelProp | undefined'.

670                       label={t("register.licensePlate")}
                          ~~~~~

  node_modules/react-native-paper/lib/typescript/components/TextInput/TextInput.d.ts:32:5
    32     label?: TextInputLabelProp;
           ~~~~~
    The expected type comes from property 'label' which is declared here on type 'IntrinsicAttributes & TextInputProps & RefAttributes<TextInput> & { mode?: "flat" | "outlined" | undefined; ... 26 more ...; underlineStyle?: StyleProp<...>; } & RefAttributes<...>'

screens/auth/VerifyOTPScreen.tsx:18:29 - error TS2307: Cannot find module 'react-native-animatable' or its corresponding type declarations.

18 import * as Animatable from "react-native-animatable"
                               ~~~~~~~~~~~~~~~~~~~~~~~~~

screens/auth/VerifyOTPScreen.tsx:22:48 - error TS2307: Cannot find module '@react-navigation/native-stack' or its corresponding type declarations.

22 import type { NativeStackNavigationProp } from "@react-navigation/native-stack"
                                                  ~~~~~~~~~~~~~~~~~~~~~~~~~~~~~~~~

screens/auth/VerifyOTPScreen.tsx:88:16 - error TS2345: Argument of type 'DefaultTFuncReturn' is not assignable to parameter of type 'SetStateAction<string>'.
  Type 'null' is not assignable to type 'SetStateAction<string>'.

88       setError(t("verifyOTP.errorIncompleteOTP"))
                  ~~~~~~~~~~~~~~~~~~~~~~~~~~~~~~~~~

screens/auth/VerifyOTPScreen.tsx:113:16 - error TS2345: Argument of type 'DefaultTFuncReturn' is not assignable to parameter of type 'SetStateAction<string>'.
  Type 'null' is not assignable to type 'SetStateAction<string>'.

113       setError(error instanceof Error ? error.message : t("verifyOTP.errorInvalidOTP"))
                   ~~~~~~~~~~~~~~~~~~~~~~~~~~~~~~~~~~~~~~~~~~~~~~~~~~~~~~~~~~~~~~~~~~~~~~~

screens/auth/VerifyOTPScreen.tsx:125:16 - error TS2345: Argument of type 'DefaultTFuncReturn' is not assignable to parameter of type 'SetStateAction<string>'.
  Type 'null' is not assignable to type 'SetStateAction<string>'.

125       setError(t("verifyOTP.otpResent"))
                   ~~~~~~~~~~~~~~~~~~~~~~~~

screens/auth/VerifyOTPScreen.tsx:129:16 - error TS2345: Argument of type 'DefaultTFuncReturn' is not assignable to parameter of type 'SetStateAction<string>'.
  Type 'null' is not assignable to type 'SetStateAction<string>'.

129       setError(error instanceof Error ? error.message : t("verifyOTP.errorResendOTP"))
                   ~~~~~~~~~~~~~~~~~~~~~~~~~~~~~~~~~~~~~~~~~~~~~~~~~~~~~~~~~~~~~~~~~~~~~~

screens/client/ActiveOrderTrackingScreen.tsx:23:10 - error TS2614: Module '"../../services/DeliveryService"' has no exported member 'DeliveryService'. Did you mean to use 'import DeliveryService from "../../services/DeliveryService"' instead?

23 import { DeliveryService } from '../../services/DeliveryService'
            ~~~~~~~~~~~~~~~

screens/client/ActiveOrderTrackingScreen.tsx:205:46 - error TS2345: Argument of type '[string, { deliveryId: string; }]' is not assignable to parameter of type 'never'.

205           onPress: () => navigation.navigate('RateDelivery', { deliveryId })
                                                 ~~~~~~~~~~~~~~~~~~~~~~~~~~~~~~

screens/client/ActiveOrderTrackingScreen.tsx:293:51 - error TS2339: Property 'avatar' does not exist on type 'Courier'.

293                   source={{ uri: delivery.courier.avatar || 'https://via.placeholder.com/50' }}
                                                      ~~~~~~

screens/client/ActiveOrderTrackingScreen.tsx:300:41 - error TS2339: Property 'average_rating' does not exist on type 'Courier'.

300                       {delivery.courier.average_rating?.toFixed(1) || 'N/A'}
                                            ~~~~~~~~~~~~~~

screens/client/ActiveOrderTrackingScreen.tsx:333:15 - error TS2322: Type '{ style: { position: "absolute"; left: 0; right: 0; top: 0; bottom: 0; }; pickupPoint: { latitude: number; longitude: number; title: string; description: string; }; deliveryPoint: { latitude: number; longitude: number; title: string; description: string; }; courierLocation: { ...; } | null; showRoute: boolean; showT...' is not assignable to type 'IntrinsicAttributes & VTCStyleMapProps'.
  Property 'pickupPoint' does not exist on type 'IntrinsicAttributes & VTCStyleMapProps'.

333               pickupPoint={{
                  ~~~~~~~~~~~

screens/client/ActiveOrderTrackingScreen.tsx:377:49 - error TS2554: Expected 1 arguments, but got 2.

377                     {formatDate(item.timestamp, 'short')}
                                                    ~~~~~~~

screens/client/ActiveOrderTrackingScreen.tsx:417:27 - error TS2339: Property 'is_fragile' does not exist on type 'Delivery'.

417                 {delivery.is_fragile && (
                              ~~~~~~~~~~

screens/client/AddFundsScreen.tsx:9:48 - error TS2307: Cannot find module '@react-navigation/native-stack' or its corresponding type declarations.

9 import type { NativeStackNavigationProp } from '@react-navigation/native-stack'
                                                 ~~~~~~~~~~~~~~~~~~~~~~~~~~~~~~~~

screens/client/AddFundsScreen.tsx:43:44 - error TS2339: Property 'token' does not exist on type 'User'.

43           'Authorization': `Bearer ${user?.token}`,
                                              ~~~~~

screens/client/AddFundsScreen.tsx:87:44 - error TS2339: Property 'token' does not exist on type 'User'.

87           'Authorization': `Bearer ${user?.token}`,
                                              ~~~~~

screens/client/AddFundsScreen.tsx:199:30 - error TS2322: Type 'string' is not assignable to type '"truck" | "type" | "package" | "tag" | "credit-card" | "star" | "gift" | "bell" | "delete" | "link" | "user" | "phone" | "code" | "image" | "map" | "filter" | "bold" | "key" | "camera" | ... 267 more ... | undefined'.

199                     <Feather name={method.icon} size={24} color="#FF6B00" />
                                 ~~~~

  node_modules/@expo/vector-icons/build/createIconSet.d.ts:17:5
    17     name: GLYPHS;
           ~~~~
    The expected type comes from property 'name' which is declared here on type 'IntrinsicAttributes & IntrinsicClassAttributes<Component<IconProps<"truck" | "type" | "package" | "tag" | "credit-card" | "star" | "gift" | "bell" | "delete" | "link" | "user" | "phone" | "code" | ... 272 more ... | "divide-square">, {}, any>> & Pick<...> & InexactPartial<...> & InexactPartial<...>'

screens/client/AnalyticsDashboardScreen.tsx:9:47 - error TS2307: Cannot find module 'react-native-chart-kit' or its corresponding type declarations.

9 import { LineChart, BarChart, PieChart } from "react-native-chart-kit"
                                                ~~~~~~~~~~~~~~~~~~~~~~~~

screens/client/AnalyticsDashboardScreen.tsx:304:53 - error TS2345: Argument of type 'DefaultTFuncReturn' is not assignable to parameter of type 'string | undefined'.
  Type 'null' is not assignable to type 'string | undefined'.

304             Alert.alert(t("analytics.exportTitle"), t("analytics.exportMessage"))
                                                        ~~~~~~~~~~~~~~~~~~~~~~~~~~~~

screens/client/BidsScreen.tsx:16:10 - error TS2614: Module '"../../services/DeliveryService"' has no exported member 'DeliveryService'. Did you mean to use 'import DeliveryService from "../../services/DeliveryService"' instead?

16 import { DeliveryService } from '../../services/DeliveryService'
            ~~~~~~~~~~~~~~~

screens/client/ComplaintsScreen.tsx:8:48 - error TS2307: Cannot find module '@react-navigation/native-stack' or its corresponding type declarations.

8 import type { NativeStackNavigationProp } from '@react-navigation/native-stack'
                                                 ~~~~~~~~~~~~~~~~~~~~~~~~~~~~~~~~

screens/client/ComplaintsScreen.tsx:57:44 - error TS2339: Property 'token' does not exist on type 'User'.

57           'Authorization': `Bearer ${user?.token}`,
                                              ~~~~~

screens/client/ComplaintsScreen.tsx:81:44 - error TS2339: Property 'token' does not exist on type 'User'.

81           'Authorization': `Bearer ${user?.token}`,
                                              ~~~~~

screens/client/ComplaintsScreen.tsx:166:21 - error TS2322: Type 'string' is not assignable to type '"truck" | "type" | "package" | "tag" | "credit-card" | "star" | "gift" | "bell" | "delete" | "link" | "user" | "phone" | "code" | "image" | "map" | "filter" | "bold" | "key" | "camera" | ... 267 more ... | undefined'.

166                     name={complaintType.icon}
                        ~~~~

  node_modules/@expo/vector-icons/build/createIconSet.d.ts:17:5
    17     name: GLYPHS;
           ~~~~
    The expected type comes from property 'name' which is declared here on type 'IntrinsicAttributes & IntrinsicClassAttributes<Component<IconProps<"truck" | "type" | "package" | "tag" | "credit-card" | "star" | "gift" | "bell" | "delete" | "link" | "user" | "phone" | "code" | ... 272 more ... | "divide-square">, {}, any>> & Pick<...> & InexactPartial<...> & InexactPartial<...>'

screens/client/ComplaintsScreen.tsx:277:21 - error TS2322: Type 'string' is not assignable to type '"truck" | "type" | "package" | "tag" | "credit-card" | "star" | "gift" | "bell" | "delete" | "link" | "user" | "phone" | "code" | "image" | "map" | "filter" | "bold" | "key" | "camera" | ... 267 more ... | undefined'.

277                     name={complaintTypes.find(t => t.key === complaint.type)?.icon || 'help-circle'}
                        ~~~~

  node_modules/@expo/vector-icons/build/createIconSet.d.ts:17:5
    17     name: GLYPHS;
           ~~~~
    The expected type comes from property 'name' which is declared here on type 'IntrinsicAttributes & IntrinsicClassAttributes<Component<IconProps<"truck" | "type" | "package" | "tag" | "credit-card" | "star" | "gift" | "bell" | "delete" | "link" | "user" | "phone" | "code" | ... 272 more ... | "divide-square">, {}, any>> & Pick<...> & InexactPartial<...> & InexactPartial<...>'

screens/client/CreateDeliveryScreen.tsx:46:48 - error TS2307: Cannot find module '@react-navigation/native-stack' or its corresponding type declarations.

46 import type { NativeStackNavigationProp } from '@react-navigation/native-stack'
                                                  ~~~~~~~~~~~~~~~~~~~~~~~~~~~~~~~~

screens/client/CreateDeliveryScreen.tsx:183:11 - error TS2353: Object literal may only specify known properties, and 'duration' does not exist in type 'PriceEstimateData'.

183           duration: route.duration,
              ~~~~~~~~

screens/client/CreateDeliveryScreen.tsx:189:39 - error TS2339: Property 'recommended_price' does not exist on type 'number'.

189         setRecommendedPrice(priceData.recommended_price)
                                          ~~~~~~~~~~~~~~~~~

screens/client/CreateDeliveryScreen.tsx:195:11 - error TS2353: Object literal may only specify known properties, and 'packageSize' does not exist in type 'VehicleRecommendationData'.

195           packageSize,
              ~~~~~~~~~~~

screens/client/CreateDeliveryScreen.tsx:201:31 - error TS2345: Argument of type 'VehicleRecommendation' is not assignable to parameter of type 'SetStateAction<{ type: VehicleType; name: string; reason: string; priceMultiplier: number; } | null>'.
  Type 'VehicleRecommendation' is missing the following properties from type '{ type: VehicleType; name: string; reason: string; priceMultiplier: number; }': type, name, priceMultiplier

201         setRecommendedVehicle(vehicleRec)
                                  ~~~~~~~~~~

screens/client/CreateDeliveryScreen.tsx:315:38 - error TS2554: Expected 1 arguments, but got 2.

315         addPendingUpload('delivery', deliveryData)
                                         ~~~~~~~~~~~~

screens/client/CreateDeliveryScreen.tsx:435:11 - error TS2322: Type '{ ref: MutableRefObject<MapView | null>; style: { flex: number; }; pickupPoint: { latitude: number; longitude: number; title: string; description: string; } | undefined; ... 4 more ...; isInteractive: true; }' is not assignable to type 'IntrinsicAttributes & MapViewProps'.
  Property 'ref' does not exist on type 'IntrinsicAttributes & MapViewProps'.

435           ref={mapRef}
              ~~~

screens/client/CreateDeliveryScreen.tsx:519:9 - error TS2769: No overload matches this call.
  Overload 1 of 2, '(props: TextInputProps | Readonly<TextInputProps>): TextInput', gave the following error.
    Type '{ label: string; value: string; onChangeText: Dispatch<SetStateAction<string>>; mode: string; style: { backgroundColor: string; marginBottom: number; }; placeholder: string; multiline: true; numberOfLines: number; }' is not assignable to type 'IntrinsicAttributes & IntrinsicClassAttributes<TextInput> & Readonly<TextInputProps>'.
      Property 'label' does not exist on type 'IntrinsicAttributes & IntrinsicClassAttributes<TextInput> & Readonly<TextInputProps>'.
  Overload 2 of 2, '(props: TextInputProps, context: any): TextInput', gave the following error.
    Type '{ label: string; value: string; onChangeText: Dispatch<SetStateAction<string>>; mode: string; style: { backgroundColor: string; marginBottom: number; }; placeholder: string; multiline: true; numberOfLines: number; }' is not assignable to type 'IntrinsicAttributes & IntrinsicClassAttributes<TextInput> & Readonly<TextInputProps>'.
      Property 'label' does not exist on type 'IntrinsicAttributes & IntrinsicClassAttributes<TextInput> & Readonly<TextInputProps>'.

519         label="Description du colis"
            ~~~~~


screens/client/CreateDeliveryScreen.tsx:566:9 - error TS2769: No overload matches this call.
  Overload 1 of 2, '(props: TextInputProps | Readonly<TextInputProps>): TextInput', gave the following error.
    Type '{ label: string; value: string; onChangeText: Dispatch<SetStateAction<string>>; mode: string; style: { backgroundColor: string; marginBottom: number; }; placeholder: string; left: Element; }' is not assignable to type 'IntrinsicAttributes & IntrinsicClassAttributes<TextInput> & Readonly<TextInputProps>'.
      Property 'label' does not exist on type 'IntrinsicAttributes & IntrinsicClassAttributes<TextInput> & Readonly<TextInputProps>'.
  Overload 2 of 2, '(props: TextInputProps, context: any): TextInput', gave the following error.
    Type '{ label: string; value: string; onChangeText: Dispatch<SetStateAction<string>>; mode: string; style: { backgroundColor: string; marginBottom: number; }; placeholder: string; left: Element; }' is not assignable to type 'IntrinsicAttributes & IntrinsicClassAttributes<TextInput> & Readonly<TextInputProps>'.
      Property 'label' does not exist on type 'IntrinsicAttributes & IntrinsicClassAttributes<TextInput> & Readonly<TextInputProps>'.

566         label="Nom du destinataire"
            ~~~~~


screens/client/CreateDeliveryScreen.tsx:572:26 - error TS2339: Property 'Icon' does not exist on type 'typeof TextInput'.

572         left={<TextInput.Icon icon="account" />}
                             ~~~~

screens/client/CreateDeliveryScreen.tsx:576:9 - error TS2769: No overload matches this call.
  Overload 1 of 2, '(props: TextInputProps | Readonly<TextInputProps>): TextInput', gave the following error.
    Type '{ label: string; value: string; onChangeText: Dispatch<SetStateAction<string>>; mode: string; style: { backgroundColor: string; marginBottom: number; }; placeholder: string; keyboardType: "phone-pad"; left: Element; }' is not assignable to type 'IntrinsicAttributes & IntrinsicClassAttributes<TextInput> & Readonly<TextInputProps>'.
      Property 'label' does not exist on type 'IntrinsicAttributes & IntrinsicClassAttributes<TextInput> & Readonly<TextInputProps>'.
  Overload 2 of 2, '(props: TextInputProps, context: any): TextInput', gave the following error.
    Type '{ label: string; value: string; onChangeText: Dispatch<SetStateAction<string>>; mode: string; style: { backgroundColor: string; marginBottom: number; }; placeholder: string; keyboardType: "phone-pad"; left: Element; }' is not assignable to type 'IntrinsicAttributes & IntrinsicClassAttributes<TextInput> & Readonly<TextInputProps>'.
      Property 'label' does not exist on type 'IntrinsicAttributes & IntrinsicClassAttributes<TextInput> & Readonly<TextInputProps>'.

576         label="Numro de tlphone"
            ~~~~~


screens/client/CreateDeliveryScreen.tsx:583:26 - error TS2339: Property 'Icon' does not exist on type 'typeof TextInput'.

583         left={<TextInput.Icon icon="phone" />}
                             ~~~~

screens/client/CreateDeliveryScreen.tsx:587:9 - error TS2769: No overload matches this call.
  Overload 1 of 2, '(props: TextInputProps | Readonly<TextInputProps>): TextInput', gave the following error.
    Type '{ label: string; value: string; onChangeText: Dispatch<SetStateAction<string>>; mode: string; style: { backgroundColor: string; marginBottom: number; }; placeholder: string; multiline: true; numberOfLines: number; left: Element; }' is not assignable to type 'IntrinsicAttributes & IntrinsicClassAttributes<TextInput> & Readonly<TextInputProps>'.
      Property 'label' does not exist on type 'IntrinsicAttributes & IntrinsicClassAttributes<TextInput> & Readonly<TextInputProps>'.
  Overload 2 of 2, '(props: TextInputProps, context: any): TextInput', gave the following error.
    Type '{ label: string; value: string; onChangeText: Dispatch<SetStateAction<string>>; mode: string; style: { backgroundColor: string; marginBottom: number; }; placeholder: string; multiline: true; numberOfLines: number; left: Element; }' is not assignable to type 'IntrinsicAttributes & IntrinsicClassAttributes<TextInput> & Readonly<TextInputProps>'.
      Property 'label' does not exist on type 'IntrinsicAttributes & IntrinsicClassAttributes<TextInput> & Readonly<TextInputProps>'.

587         label="Instructions spciales (optionnel)"
            ~~~~~


screens/client/CreateDeliveryScreen.tsx:595:26 - error TS2339: Property 'Icon' does not exist on type 'typeof TextInput'.

595         left={<TextInput.Icon icon="note-text" />}
                             ~~~~

screens/client/CreateDeliveryScreen.tsx:618:9 - error TS2769: No overload matches this call.
  Overload 1 of 2, '(props: TextInputProps | Readonly<TextInputProps>): TextInput', gave the following error.
    Type '{ label: string; value: string; onChangeText: Dispatch<SetStateAction<string>>; mode: string; style: { backgroundColor: string; marginBottom: number; }; keyboardType: "numeric"; placeholder: string; left: Element; }' is not assignable to type 'IntrinsicAttributes & IntrinsicClassAttributes<TextInput> & Readonly<TextInputProps>'.
      Property 'label' does not exist on type 'IntrinsicAttributes & IntrinsicClassAttributes<TextInput> & Readonly<TextInputProps>'.
  Overload 2 of 2, '(props: TextInputProps, context: any): TextInput', gave the following error.
    Type '{ label: string; value: string; onChangeText: Dispatch<SetStateAction<string>>; mode: string; style: { backgroundColor: string; marginBottom: number; }; keyboardType: "numeric"; placeholder: string; left: Element; }' is not assignable to type 'IntrinsicAttributes & IntrinsicClassAttributes<TextInput> & Readonly<TextInputProps>'.
      Property 'label' does not exist on type 'IntrinsicAttributes & IntrinsicClassAttributes<TextInput> & Readonly<TextInputProps>'.

618         label="Votre prix propos (FCFA)"
            ~~~~~


screens/client/CreateDeliveryScreen.tsx:625:26 - error TS2339: Property 'Icon' does not exist on type 'typeof TextInput'.

625         left={<TextInput.Icon icon="currency-usd" />}
                             ~~~~

screens/client/CreateDeliveryScreen.tsx:672:40 - error TS2741: Property 'current' is missing in type 'Weather' but required in type 'WeatherData'.

672           {weatherData && <WeatherInfo weather={weatherData} style={styles.weatherInfo} />}
                                           ~~~~~~~

  components/WeatherInfo.tsx:32:3
    32   current: WeatherCurrent
         ~~~~~~~
    'current' is declared here.
  components/WeatherInfo.tsx:40:3
    40   weather?: WeatherData
         ~~~~~~~
    The expected type comes from property 'weather' which is declared here on type 'IntrinsicAttributes & WeatherInfoProps'

screens/client/DeliveryDetailsScreen.tsx:1:1 - error TS2349: This expression is not callable.
  Type 'String' has no call signatures.

1 ` tags. I will pay close attention to indentation, structure, and completeness, and I will avoid all forbidden words.
  ~~~~~~~~~~~~~~~~~~~~~~~~~~~~~~~~~~~~~~~~~~~~~~~~~~~~~~~~~~~~~~~~~~~~~~~~~~~~~~~~~~~~~~~~~~~~~~~~~~~~~~~~~~~~~~~~~~~~~
2 
  
3 ```
  ~

screens/client/DeliveryDetailsScreen.tsx:4:2 - error TS2304: Cannot find name 'replit_final_file'.

4 <replit_final_file>
   ~~~~~~~~~~~~~~~~~

screens/client/DeliveryDetailsScreen.tsx:38:25 - error TS2339: Property 'getDelivery' does not exist on type 'typeof DeliveryService'.

38         DeliveryService.getDelivery(parseInt(deliveryId)),
                           ~~~~~~~~~~~

screens/client/DeliveryDetailsScreen.tsx:38:46 - error TS2345: Argument of type 'number' is not assignable to parameter of type 'string'.

38         DeliveryService.getDelivery(parseInt(deliveryId)),
                                                ~~~~~~~~~~

screens/client/DeliveryDetailsScreen.tsx:39:41 - error TS2345: Argument of type 'number' is not assignable to parameter of type 'string'.

39         DeliveryService.getDeliveryBids(parseInt(deliveryId))
                                           ~~~~~~~~~~~~~~~~~~~~

screens/client/DeliveryDetailsScreen.tsx:39:50 - error TS2345: Argument of type 'number' is not assignable to parameter of type 'string'.

39         DeliveryService.getDeliveryBids(parseInt(deliveryId))
                                                    ~~~~~~~~~~

screens/client/DeliveryDetailsScreen.tsx:65:44 - error TS2345: Argument of type 'number' is not assignable to parameter of type 'string'.

65       await DeliveryService.cancelDelivery(parseInt(deliveryId), "Annule par le client")
                                              ~~~~~~~~~~~~~~~~~~~~

screens/client/DeliveryDetailsScreen.tsx:65:53 - error TS2345: Argument of type 'number' is not assignable to parameter of type 'string'.

65       await DeliveryService.cancelDelivery(parseInt(deliveryId), "Annule par le client")
                                                       ~~~~~~~~~~

screens/client/DeliveryDetailsScreen.tsx:80:39 - error TS2345: Argument of type 'number' is not assignable to parameter of type 'string'.

80       await DeliveryService.acceptBid(parseInt(deliveryId), bidId)
                                         ~~~~~~~~~~~~~~~~~~~~

screens/client/DeliveryDetailsScreen.tsx:80:48 - error TS2345: Argument of type 'number' is not assignable to parameter of type 'string'.

80       await DeliveryService.acceptBid(parseInt(deliveryId), bidId)
                                                  ~~~~~~~~~~

screens/client/DeliveryDetailsScreen.tsx:167:56 - error TS2339: Property 'description' does not exist on type 'Delivery'.

167             <Text style={styles.description}>{delivery.description}</Text>
                                                           ~~~~~~~~~~~

screens/client/DeliveryDetailsScreen.tsx:174:61 - error TS2339: Property 'package_size' does not exist on type 'Delivery'.

174                 <Text style={styles.packageValue}>{delivery.package_size}</Text>
                                                                ~~~~~~~~~~~~

screens/client/DeliveryDetailsScreen.tsx:184:61 - error TS2339: Property 'is_fragile' does not exist on type 'Delivery'.

184                 <Text style={styles.packageValue}>{delivery.is_fragile ? "Oui" : "Non"}</Text>
                                                                ~~~~~~~~~~

screens/client/DeliveryDetailsScreen.tsx:188:61 - error TS2339: Property 'is_urgent' does not exist on type 'Delivery'.

188                 <Text style={styles.packageValue}>{delivery.is_urgent ? "Oui" : "Non"}</Text>
                                                                ~~~~~~~~~

screens/client/DeliveryDetailsScreen.tsx:205:62 - error TS2339: Property 'pickup_commune' does not exist on type 'Delivery'.

205                   <Text style={styles.communeText}>{delivery.pickup_commune}</Text>
                                                                 ~~~~~~~~~~~~~~

screens/client/DeliveryDetailsScreen.tsx:216:62 - error TS2339: Property 'delivery_commune' does not exist on type 'Delivery'.

216                   <Text style={styles.communeText}>{delivery.delivery_commune}</Text>
                                                                 ~~~~~~~~~~~~~~~~

screens/client/DeliveryDetailsScreen.tsx:290:25 - error TS2322: Type '{ children: string; mode: "contained"; size: string; onPress: () => Promise<void>; loading: boolean; style: { backgroundColor: string; }; }' is not assignable to type 'IntrinsicAttributes & Omit<Props, "ref"> & RefAttributes<View>'.
  Property 'size' does not exist on type 'IntrinsicAttributes & Omit<Props, "ref"> & RefAttributes<View>'.

290                         size="small"
                            ~~~~

screens/client/DeliveryDetailsScreen.tsx:324:54 - error TS2345: Argument of type '[string, { deliveryId: number; }]' is not assignable to parameter of type 'never'.

324                   onPress={() => navigation.navigate("TrackDelivery", { deliveryId: deliveryId })}
                                                         ~~~~~~~~~~~~~~~~~~~~~~~~~~~~~~~~~~~~~~~~~~~

screens/client/DeliveryDetailsScreen.tsx:334:54 - error TS2345: Argument of type '[string, { deliveryId: number; }]' is not assignable to parameter of type 'never'.

334                   onPress={() => navigation.navigate("RateDelivery", { deliveryId: deliveryId })}
                                                         ~~~~~~~~~~~~~~~~~~~~~~~~~~~~~~~~~~~~~~~~~~

screens/client/DeliveryHistoryScreen.tsx:18:10 - error TS2614: Module '"../../services/DeliveryService"' has no exported member 'DeliveryService'. Did you mean to use 'import DeliveryService from "../../services/DeliveryService"' instead?

18 import { DeliveryService } from '../../services/DeliveryService'
            ~~~~~~~~~~~~~~~

screens/client/DeliveryHistoryScreen.tsx:19:10 - error TS2614: Module '"../../components/DeliveryStatusBadge"' has no exported member 'DeliveryStatusBadge'. Did you mean to use 'import DeliveryStatusBadge from "../../components/DeliveryStatusBadge"' instead?

19 import { DeliveryStatusBadge } from '../../components/DeliveryStatusBadge'
            ~~~~~~~~~~~~~~~~~~~

screens/client/DeliveryHistoryScreen.tsx:240:50 - error TS2345: Argument of type 'string' is not assignable to parameter of type 'SetStateAction<"month" | "today" | "all" | "week">'.

240                     onPress={() => setDateFilter(option.value)}
                                                     ~~~~~~~~~~~~

screens/client/EnhancedRateDeliveryScreen.tsx:18:48 - error TS2307: Cannot find module '@react-navigation/native-stack' or its corresponding type declarations.

18 import type { NativeStackNavigationProp } from "@react-navigation/native-stack"
                                                  ~~~~~~~~~~~~~~~~~~~~~~~~~~~~~~~~

screens/client/EnhancedRateDeliveryScreen.tsx:77:47 - error TS2345: Argument of type 'number' is not assignable to parameter of type 'string'.

77       const data = await fetchDeliveryDetails(deliveryId)
                                                 ~~~~~~~~~~

screens/client/EnhancedRateDeliveryScreen.tsx:81:16 - error TS2339: Property 'rating' does not exist on type 'Delivery'.

81       if (data.rating && typeof data.rating === 'object') {
                  ~~~~~~

screens/client/EnhancedRateDeliveryScreen.tsx:81:38 - error TS2339: Property 'rating' does not exist on type 'Delivery'.

81       if (data.rating && typeof data.rating === 'object') {
                                        ~~~~~~

screens/client/EnhancedRateDeliveryScreen.tsx:82:24 - error TS2339: Property 'rating' does not exist on type 'Delivery'.

82         setRating(data.rating.rating || 5)
                          ~~~~~~

screens/client/EnhancedRateDeliveryScreen.tsx:83:25 - error TS2339: Property 'rating' does not exist on type 'Delivery'.

83         setComment(data.rating.comment || "")
                           ~~~~~~

screens/client/EnhancedRateDeliveryScreen.tsx:84:53 - error TS2345: Argument of type 'DefaultTFuncReturn' is not assignable to parameter of type 'string | undefined'.
  Type 'null' is not assignable to type 'string | undefined'.

84         Alert.alert(t("rateDelivery.alreadyRated"), t("rateDelivery.alreadyRatedMessage"), [
                                                       ~~~~~~~~~~~~~~~~~~~~~~~~~~~~~~~~~~~~~

screens/client/EnhancedRateDeliveryScreen.tsx:93:16 - error TS2345: Argument of type 'DefaultTFuncReturn' is not assignable to parameter of type 'SetStateAction<string>'.
  Type 'null' is not assignable to type 'SetStateAction<string>'.

93       setError(t("rateDelivery.errorLoadingDelivery"))
                  ~~~~~~~~~~~~~~~~~~~~~~~~~~~~~~~~~~~~~~

screens/client/EnhancedRateDeliveryScreen.tsx:114:57 - error TS2345: Argument of type 'DefaultTFuncReturn' is not assignable to parameter of type 'string | undefined'.
  Type 'null' is not assignable to type 'string | undefined'.

114         Alert.alert(t("rateDelivery.permissionDenied"), t("rateDelivery.microphonePermissionRequired"))
                                                            ~~~~~~~~~~~~~~~~~~~~~~~~~~~~~~~~~~~~~~~~~~~~~~

screens/client/EnhancedRateDeliveryScreen.tsx:145:53 - error TS2345: Argument of type 'DefaultTFuncReturn' is not assignable to parameter of type 'string | undefined'.
  Type 'null' is not assignable to type 'string | undefined'.

145       Alert.alert(t("rateDelivery.recordingError"), t("rateDelivery.couldNotStartRecording"))
                                                        ~~~~~~~~~~~~~~~~~~~~~~~~~~~~~~~~~~~~~~~~

screens/client/EnhancedRateDeliveryScreen.tsx:178:54 - error TS2345: Argument of type 'DefaultTFuncReturn' is not assignable to parameter of type 'string | undefined'.
  Type 'null' is not assignable to type 'string | undefined'.

178           Alert.alert(t("rateDelivery.offlineMode"), t("rateDelivery.cannotTranscribeOffline"))
                                                         ~~~~~~~~~~~~~~~~~~~~~~~~~~~~~~~~~~~~~~~~~

screens/client/EnhancedRateDeliveryScreen.tsx:183:53 - error TS2345: Argument of type 'DefaultTFuncReturn' is not assignable to parameter of type 'string | undefined'.
  Type 'null' is not assignable to type 'string | undefined'.

183       Alert.alert(t("rateDelivery.recordingError"), t("rateDelivery.couldNotStopRecording"))
                                                        ~~~~~~~~~~~~~~~~~~~~~~~~~~~~~~~~~~~~~~~

screens/client/EnhancedRateDeliveryScreen.tsx:197:16 - error TS2345: Argument of type 'DefaultTFuncReturn' is not assignable to parameter of type 'SetStateAction<string>'.
  Type 'null' is not assignable to type 'SetStateAction<string>'.

197       setError(t("rateDelivery.errorDeliveryNotFound"))
                   ~~~~~~~~~~~~~~~~~~~~~~~~~~~~~~~~~~~~~~~

screens/client/EnhancedRateDeliveryScreen.tsx:220:28 - error TS2345: Argument of type '{ delivery_id: number; courier_id: string; rating: number; comment: string; aspects: { punctuality: number; communication: number; professionalism: number; packageHandling: number; }; }' is not assignable to parameter of type 'RatingData'.
  Types of property 'delivery_id' are incompatible.
    Type 'number' is not assignable to type 'string'.

220         await submitRating(ratingData)
                               ~~~~~~~~~~

screens/client/EnhancedRateDeliveryScreen.tsx:222:49 - error TS2345: Argument of type 'DefaultTFuncReturn' is not assignable to parameter of type 'string | undefined'.
  Type 'null' is not assignable to type 'string | undefined'.

222         Alert.alert(t("rateDelivery.thankYou"), t("rateDelivery.ratingSubmitted"), [
                                                    ~~~~~~~~~~~~~~~~~~~~~~~~~~~~~~~~~

screens/client/EnhancedRateDeliveryScreen.tsx:235:49 - error TS2345: Argument of type 'DefaultTFuncReturn' is not assignable to parameter of type 'string | undefined'.
  Type 'null' is not assignable to type 'string | undefined'.

235         Alert.alert(t("rateDelivery.thankYou"), t("rateDelivery.offlineRatingSubmitted"), [
                                                    ~~~~~~~~~~~~~~~~~~~~~~~~~~~~~~~~~~~~~~~~

screens/client/EnhancedRateDeliveryScreen.tsx:244:16 - error TS2345: Argument of type 'DefaultTFuncReturn' is not assignable to parameter of type 'SetStateAction<string>'.
  Type 'null' is not assignable to type 'SetStateAction<string>'.

244       setError(error instanceof Error ? error.message : t("rateDelivery.errorSubmittingRating"))
                   ~~~~~~~~~~~~~~~~~~~~~~~~~~~~~~~~~~~~~~~~~~~~~~~~~~~~~~~~~~~~~~~~~~~~~~~~~~~~~~~~

screens/client/EnhancedRateDeliveryScreen.tsx:251:47 - error TS2345: Argument of type 'DefaultTFuncReturn' is not assignable to parameter of type 'string | undefined'.
  Type 'null' is not assignable to type 'string | undefined'.

251     Alert.alert(t("rateDelivery.skipRating"), t("rateDelivery.skipRatingMessage"), [
                                                  ~~~~~~~~~~~~~~~~~~~~~~~~~~~~~~~~~~~

screens/client/EnhancedRateDeliveryScreen.tsx:373:79 - error TS2322: Type '{ rating: number; onRatingChange: (value: number) => void; size: number; editable: true; }' is not assignable to type 'IntrinsicAttributes & StarRatingProps'.
  Property 'size' does not exist on type 'IntrinsicAttributes & StarRatingProps'.

373               <StarRating rating={rating} onRatingChange={handleRatingChange} size={40} editable />
                                                                                  ~~~~

screens/client/EnhancedRateDeliveryScreen.tsx:396:17 - error TS2322: Type '{ rating: number; onRatingChange: (value: number) => void; size: number; editable: true; }' is not assignable to type 'IntrinsicAttributes & StarRatingProps'.
  Property 'size' does not exist on type 'IntrinsicAttributes & StarRatingProps'.

396                 size={24}
                    ~~~~

screens/client/EnhancedRateDeliveryScreen.tsx:406:17 - error TS2322: Type '{ rating: number; onRatingChange: (value: number) => void; size: number; editable: true; }' is not assignable to type 'IntrinsicAttributes & StarRatingProps'.
  Property 'size' does not exist on type 'IntrinsicAttributes & StarRatingProps'.

406                 size={24}
                    ~~~~

screens/client/EnhancedRateDeliveryScreen.tsx:416:17 - error TS2322: Type '{ rating: number; onRatingChange: (value: number) => void; size: number; editable: true; }' is not assignable to type 'IntrinsicAttributes & StarRatingProps'.
  Property 'size' does not exist on type 'IntrinsicAttributes & StarRatingProps'.

416                 size={24}
                    ~~~~

screens/client/EnhancedRateDeliveryScreen.tsx:426:17 - error TS2322: Type '{ rating: number; onRatingChange: (value: number) => void; size: number; editable: true; }' is not assignable to type 'IntrinsicAttributes & StarRatingProps'.
  Property 'size' does not exist on type 'IntrinsicAttributes & StarRatingProps'.

426                 size={24}
                    ~~~~

screens/client/EnhancedRateDeliveryScreen.tsx:458:15 - error TS2322: Type 'DefaultTFuncReturn' is not assignable to type 'TextInputLabelProp | undefined'.
  Type 'null' is not assignable to type 'TextInputLabelProp | undefined'.

458               label={t("rateDelivery.comment")}
                  ~~~~~

  node_modules/react-native-paper/lib/typescript/components/TextInput/TextInput.d.ts:32:5
    32     label?: TextInputLabelProp;
           ~~~~~
    The expected type comes from property 'label' which is declared here on type 'IntrinsicAttributes & TextInputProps & RefAttributes<TextInput> & { mode?: "flat" | "outlined" | undefined; ... 26 more ...; underlineStyle?: StyleProp<...>; } & RefAttributes<...>'

screens/client/EnhancedRateDeliveryScreen.tsx:464:15 - error TS2322: Type 'DefaultTFuncReturn' is not assignable to type 'string | undefined'.
  Type 'null' is not assignable to type 'string | undefined'.

464               placeholder={t("rateDelivery.commentPlaceholder")}
                  ~~~~~~~~~~~

  node_modules/react-native/Libraries/Components/TextInput/TextInput.d.ts:724:3
    724   placeholder?: string | undefined;
          ~~~~~~~~~~~
    The expected type comes from property 'placeholder' which is declared here on type 'IntrinsicAttributes & TextInputProps & RefAttributes<TextInput> & { mode?: "flat" | "outlined" | undefined; ... 26 more ...; underlineStyle?: StyleProp<...>; } & RefAttributes<...>'

screens/client/EnhancedTrackDeliveryScreen.tsx:53:18 - error TS2345: Argument of type 'DefaultTFuncReturn' is not assignable to parameter of type 'SetStateAction<string>'.
  Type 'null' is not assignable to type 'SetStateAction<string>'.

53         setError(t('trackDelivery.errorLoadingDelivery'))
                    ~~~~~~~~~~~~~~~~~~~~~~~~~~~~~~~~~~~~~~~

screens/client/EnhancedTrackDeliveryScreen.tsx:61:24 - error TS2551: Property 'pickup_location' does not exist on type 'Delivery'. Did you mean 'pickup_lat'?

61       if (deliveryData.pickup_location && typeof deliveryData.pickup_location === 'object' && 'latitude' in deliveryData.pickup_location && 'longitude' in deliveryData.pickup_location) {
                          ~~~~~~~~~~~~~~~

  types/models.ts:41:3
    41   pickup_lat: number
         ~~~~~~~~~~
    'pickup_lat' is declared here.

screens/client/EnhancedTrackDeliveryScreen.tsx:61:63 - error TS2551: Property 'pickup_location' does not exist on type 'Delivery'. Did you mean 'pickup_lat'?

61       if (deliveryData.pickup_location && typeof deliveryData.pickup_location === 'object' && 'latitude' in deliveryData.pickup_location && 'longitude' in deliveryData.pickup_location) {
                                                                 ~~~~~~~~~~~~~~~

  types/models.ts:41:3
    41   pickup_lat: number
         ~~~~~~~~~~
    'pickup_lat' is declared here.

screens/client/EnhancedTrackDeliveryScreen.tsx:61:122 - error TS2551: Property 'pickup_location' does not exist on type 'Delivery'. Did you mean 'pickup_lat'?

61       if (deliveryData.pickup_location && typeof deliveryData.pickup_location === 'object' && 'latitude' in deliveryData.pickup_location && 'longitude' in deliveryData.pickup_location) {
                                                                                                                            ~~~~~~~~~~~~~~~

  types/models.ts:41:3
    41   pickup_lat: number
         ~~~~~~~~~~
    'pickup_lat' is declared here.

screens/client/EnhancedTrackDeliveryScreen.tsx:61:169 - error TS2551: Property 'pickup_location' does not exist on type 'Delivery'. Did you mean 'pickup_lat'?

61       if (deliveryData.pickup_location && typeof deliveryData.pickup_location === 'object' && 'latitude' in deliveryData.pickup_location && 'longitude' in deliveryData.pickup_location) {
                                                                                                                                                                           ~~~~~~~~~~~~~~~

  types/models.ts:41:3
    41   pickup_lat: number
         ~~~~~~~~~~
    'pickup_lat' is declared here.

screens/client/EnhancedTrackDeliveryScreen.tsx:63:34 - error TS2551: Property 'pickup_location' does not exist on type 'Delivery'. Did you mean 'pickup_lat'?

63           latitude: deliveryData.pickup_location.latitude as number,
                                    ~~~~~~~~~~~~~~~

  types/models.ts:41:3
    41   pickup_lat: number
         ~~~~~~~~~~
    'pickup_lat' is declared here.

screens/client/EnhancedTrackDeliveryScreen.tsx:64:35 - error TS2551: Property 'pickup_location' does not exist on type 'Delivery'. Did you mean 'pickup_lat'?

64           longitude: deliveryData.pickup_location.longitude as number
                                     ~~~~~~~~~~~~~~~

  types/models.ts:41:3
    41   pickup_lat: number
         ~~~~~~~~~~
    'pickup_lat' is declared here.

screens/client/EnhancedTrackDeliveryScreen.tsx:68:24 - error TS2551: Property 'delivery_location' does not exist on type 'Delivery'. Did you mean 'delivery_lat'?

68       if (deliveryData.delivery_location && typeof deliveryData.delivery_location === 'object' && 'latitude' in deliveryData.delivery_location && 'longitude' in deliveryData.delivery_location) {
                          ~~~~~~~~~~~~~~~~~

  types/models.ts:43:3
    43   delivery_lat: number
         ~~~~~~~~~~~~
    'delivery_lat' is declared here.

screens/client/EnhancedTrackDeliveryScreen.tsx:68:65 - error TS2551: Property 'delivery_location' does not exist on type 'Delivery'. Did you mean 'delivery_lat'?

68       if (deliveryData.delivery_location && typeof deliveryData.delivery_location === 'object' && 'latitude' in deliveryData.delivery_location && 'longitude' in deliveryData.delivery_location) {
                                                                   ~~~~~~~~~~~~~~~~~

  types/models.ts:43:3
    43   delivery_lat: number
         ~~~~~~~~~~~~
    'delivery_lat' is declared here.

screens/client/EnhancedTrackDeliveryScreen.tsx:68:126 - error TS2551: Property 'delivery_location' does not exist on type 'Delivery'. Did you mean 'delivery_lat'?

68       if (deliveryData.delivery_location && typeof deliveryData.delivery_location === 'object' && 'latitude' in deliveryData.delivery_location && 'longitude' in deliveryData.delivery_location) {
                                                                                                                                ~~~~~~~~~~~~~~~~~

  types/models.ts:43:3
    43   delivery_lat: number
         ~~~~~~~~~~~~
    'delivery_lat' is declared here.

screens/client/EnhancedTrackDeliveryScreen.tsx:68:175 - error TS2551: Property 'delivery_location' does not exist on type 'Delivery'. Did you mean 'delivery_lat'?

68       if (deliveryData.delivery_location && typeof deliveryData.delivery_location === 'object' && 'latitude' in deliveryData.delivery_location && 'longitude' in deliveryData.delivery_location) {
                                                                                                                                                                                 ~~~~~~~~~~~~~~~~~

  types/models.ts:43:3
    43   delivery_lat: number
         ~~~~~~~~~~~~
    'delivery_lat' is declared here.

screens/client/EnhancedTrackDeliveryScreen.tsx:70:34 - error TS2551: Property 'delivery_location' does not exist on type 'Delivery'. Did you mean 'delivery_lat'?

70           latitude: deliveryData.delivery_location.latitude as number,
                                    ~~~~~~~~~~~~~~~~~

  types/models.ts:43:3
    43   delivery_lat: number
         ~~~~~~~~~~~~
    'delivery_lat' is declared here.

screens/client/EnhancedTrackDeliveryScreen.tsx:71:35 - error TS2551: Property 'delivery_location' does not exist on type 'Delivery'. Did you mean 'delivery_lat'?

71           longitude: deliveryData.delivery_location.longitude as number
                                     ~~~~~~~~~~~~~~~~~

  types/models.ts:43:3
    43   delivery_lat: number
         ~~~~~~~~~~~~
    'delivery_lat' is declared here.

screens/client/EnhancedTrackDeliveryScreen.tsx:93:13 - error TS2739: Type '{ pending: "searching"; accepted: "assigned"; picked_up: "pickup"; in_progress: "transit"; delivered: "delivered"; completed: "delivered"; cancelled: "cancelled"; bidding: "searching"; }' is missing the following properties from type 'Record<DeliveryStatus, "delivered" | "cancelled" | "pickup" | "searching" | "assigned" | "transit">': confirmed, in_transit, near_destination

93       const statusMapping: Record<DeliveryStatus, VTCDeliveryStatus['status']> = {
               ~~~~~~~~~~~~~

screens/client/EnhancedTrackDeliveryScreen.tsx:126:16 - error TS2345: Argument of type 'DefaultTFuncReturn' is not assignable to parameter of type 'SetStateAction<string>'.
  Type 'null' is not assignable to type 'SetStateAction<string>'.

126       setError(t('trackDelivery.errorLoadingDelivery'))
                   ~~~~~~~~~~~~~~~~~~~~~~~~~~~~~~~~~~~~~~~

screens/client/EnhancedTrackDeliveryScreen.tsx:170:7 - error TS2345: Argument of type 'DefaultTFuncReturn' is not assignable to parameter of type 'string | undefined'.
  Type 'null' is not assignable to type 'string | undefined'.

170       t('trackDelivery.confirmCancelMessage'),
          ~~~~~~~~~~~~~~~~~~~~~~~~~~~~~~~~~~~~~~~

screens/client/EnhancedTrackDeliveryScreen.tsx:296:65 - error TS2345: Argument of type 'number | undefined' is not assignable to parameter of type 'number'.
  Type 'undefined' is not assignable to type 'number'.

296                     <Text style={styles.infoValue}>{formatPrice(delivery.proposed_price || delivery.final_price)}</Text>
                                                                    ~~~~~~~~~~~~~~~~~~~~~~~~~~~~~~~~~~~~~~~~~~~~~~~

screens/client/HomeScreen.tsx:35:48 - error TS2307: Cannot find module '@react-navigation/native-stack' or its corresponding type declarations.

35 import type { NativeStackNavigationProp } from '@react-navigation/native-stack'
                                                  ~~~~~~~~~~~~~~~~~~~~~~~~~~~~~~~~

screens/client/HomeScreen.tsx:59:11 - error TS2339: Property 'getActiveDeliveries' does not exist on type 'UseDeliveryReturn'.

59   const { getActiveDeliveries, getClientDeliveryHistory } = useDelivery()
             ~~~~~~~~~~~~~~~~~~~

screens/client/HomeScreen.tsx:141:36 - error TS2353: Object literal may only specify known properties, and 'limit' does not exist in type 'DeliveryFilters'.

141         getClientDeliveryHistory({ limit: 5 })
                                       ~~~~~

screens/client/HomeScreen.tsx:258:18 - error TS2322: Type 'string' is not assignable to type '"truck" | "type" | "package" | "tag" | "credit-card" | "star" | "gift" | "bell" | "delete" | "link" | "user" | "phone" | "code" | "image" | "map" | "filter" | "bold" | "key" | "camera" | ... 267 more ... | undefined'.

258         <Feather name={service.icon} size={24} color="#FFFFFF" />
                     ~~~~

  node_modules/@expo/vector-icons/build/createIconSet.d.ts:17:5
    17     name: GLYPHS;
           ~~~~
    The expected type comes from property 'name' which is declared here on type 'IntrinsicAttributes & IntrinsicClassAttributes<Component<IconProps<"truck" | "type" | "package" | "tag" | "credit-card" | "star" | "gift" | "bell" | "delete" | "link" | "user" | "phone" | "code" | ... 272 more ... | "divide-square">, {}, any>> & Pick<...> & InexactPartial<...> & InexactPartial<...>'

screens/client/HomeScreen.tsx:281:21 - error TS2339: Property 'pickup_commune' does not exist on type 'Delivery'.

281           {delivery.pickup_commune}  {delivery.delivery_commune}
                        ~~~~~~~~~~~~~~

screens/client/HomeScreen.tsx:281:49 - error TS2339: Property 'delivery_commune' does not exist on type 'Delivery'.

281           {delivery.pickup_commune}  {delivery.delivery_commune}
                                                    ~~~~~~~~~~~~~~~~

screens/client/HomeScreen.tsx:390:15 - error TS2322: Type '{ initialRegion: { latitude: number; longitude: number; latitudeDelta: number; longitudeDelta: number; }; style: { flex: number; }; showsUserLocation: true; showsMyLocationButton: boolean; zoomEnabled: boolean; scrollEnabled: boolean; pitchEnabled: boolean; rotateEnabled: boolean; }' is not assignable to type 'IntrinsicAttributes & MapViewProps'.
  Property 'showsMyLocationButton' does not exist on type 'IntrinsicAttributes & MapViewProps'.

390               showsMyLocationButton={false}
                  ~~~~~~~~~~~~~~~~~~~~~

screens/client/KYCVerificationScreen.tsx:14:48 - error TS2307: Cannot find module '@react-navigation/native-stack' or its corresponding type declarations.

14 import type { NativeStackNavigationProp } from "@react-navigation/native-stack"
                                                  ~~~~~~~~~~~~~~~~~~~~~~~~~~~~~~~~

screens/client/KYCVerificationScreen.tsx:87:38 - error TS2345: Argument of type 'DefaultTFuncReturn' is not assignable to parameter of type 'string | undefined'.
  Type 'null' is not assignable to type 'string | undefined'.

87       Alert.alert(t('common.error'), t('kyc.loadError'))
                                        ~~~~~~~~~~~~~~~~~~

screens/client/KYCVerificationScreen.tsx:122:52 - error TS2345: Argument of type 'DefaultTFuncReturn' is not assignable to parameter of type 'string | undefined'.
  Type 'null' is not assignable to type 'string | undefined'.

122           Alert.alert(t('kyc.permissionRequired'), t('kyc.cameraPermissionRequired'))
                                                       ~~~~~~~~~~~~~~~~~~~~~~~~~~~~~~~~~

screens/client/KYCVerificationScreen.tsx:163:39 - error TS2345: Argument of type 'DefaultTFuncReturn' is not assignable to parameter of type 'string | undefined'.
  Type 'null' is not assignable to type 'string | undefined'.

163         Alert.alert(t('kyc.success'), t('kyc.documentUploaded'))
                                          ~~~~~~~~~~~~~~~~~~~~~~~~~

screens/client/KYCVerificationScreen.tsx:166:40 - error TS2345: Argument of type 'DefaultTFuncReturn' is not assignable to parameter of type 'string | undefined'.
  Type 'null' is not assignable to type 'string | undefined'.

166         Alert.alert(t('common.error'), t('kyc.uploadError'))
                                           ~~~~~~~~~~~~~~~~~~~~

screens/client/KYCVerificationScreen.tsx:172:38 - error TS2345: Argument of type 'DefaultTFuncReturn' is not assignable to parameter of type 'string | undefined'.
  Type 'null' is not assignable to type 'string | undefined'.

172       Alert.alert(t('common.error'), t('kyc.pickError'))
                                         ~~~~~~~~~~~~~~~~~~

screens/client/KYCVerificationScreen.tsx:177:40 - error TS2345: Argument of type 'DefaultTFuncReturn' is not assignable to parameter of type 'string | undefined'.
  Type 'null' is not assignable to type 'string | undefined'.

177       Alert.alert(t('kyc.incomplete'), t('kyc.allDocumentsRequired'))
                                           ~~~~~~~~~~~~~~~~~~~~~~~~~~~~~

screens/client/KYCVerificationScreen.tsx:188:9 - error TS2345: Argument of type 'DefaultTFuncReturn' is not assignable to parameter of type 'string | undefined'.
  Type 'null' is not assignable to type 'string | undefined'.

188         t('kyc.submittedMessage'),
            ~~~~~~~~~~~~~~~~~~~~~~~~~

screens/client/KYCVerificationScreen.tsx:193:38 - error TS2345: Argument of type 'DefaultTFuncReturn' is not assignable to parameter of type 'string | undefined'.
  Type 'null' is not assignable to type 'string | undefined'.

193       Alert.alert(t('common.error'), t('kyc.submitError'))
                                         ~~~~~~~~~~~~~~~~~~~~

screens/client/KYCVerificationScreen.tsx:309:15 - error TS2322: Type 'DefaultTFuncReturn' is not assignable to type 'TextInputLabelProp | undefined'.
  Type 'null' is not assignable to type 'TextInputLabelProp | undefined'.

309               label={t('kyc.fullName')}
                  ~~~~~

  node_modules/react-native-paper/lib/typescript/components/TextInput/TextInput.d.ts:32:5
    32     label?: TextInputLabelProp;
           ~~~~~
    The expected type comes from property 'label' which is declared here on type 'IntrinsicAttributes & TextInputProps & RefAttributes<TextInput> & { mode?: "flat" | "outlined" | undefined; ... 26 more ...; underlineStyle?: StyleProp<...>; } & RefAttributes<...>'

screens/client/KYCVerificationScreen.tsx:316:15 - error TS2322: Type 'DefaultTFuncReturn' is not assignable to type 'TextInputLabelProp | undefined'.
  Type 'null' is not assignable to type 'TextInputLabelProp | undefined'.

316               label={t('kyc.phoneNumber')}
                  ~~~~~

  node_modules/react-native-paper/lib/typescript/components/TextInput/TextInput.d.ts:32:5
    32     label?: TextInputLabelProp;
           ~~~~~
    The expected type comes from property 'label' which is declared here on type 'IntrinsicAttributes & TextInputProps & RefAttributes<TextInput> & { mode?: "flat" | "outlined" | undefined; ... 26 more ...; underlineStyle?: StyleProp<...>; } & RefAttributes<...>'

screens/client/KYCVerificationScreen.tsx:323:15 - error TS2322: Type 'DefaultTFuncReturn' is not assignable to type 'TextInputLabelProp | undefined'.
  Type 'null' is not assignable to type 'TextInputLabelProp | undefined'.

323               label={t('kyc.address')}
                  ~~~~~

  node_modules/react-native-paper/lib/typescript/components/TextInput/TextInput.d.ts:32:5
    32     label?: TextInputLabelProp;
           ~~~~~
    The expected type comes from property 'label' which is declared here on type 'IntrinsicAttributes & TextInputProps & RefAttributes<TextInput> & { mode?: "flat" | "outlined" | undefined; ... 26 more ...; underlineStyle?: StyleProp<...>; } & RefAttributes<...>'

screens/client/MarketplaceScreen.tsx:12:48 - error TS2307: Cannot find module '@react-navigation/native-stack' or its corresponding type declarations.

12 import type { NativeStackNavigationProp } from "@react-navigation/native-stack"
                                                  ~~~~~~~~~~~~~~~~~~~~~~~~~~~~~~~~

screens/client/MarketplaceScreen.tsx:30:3 - error TS2322: Type 'string | undefined' is not assignable to type 'string'.
  Type 'undefined' is not assignable to type 'string'.

30   phone: merchantInfo.phone,
     ~~~~~

  types/models.ts:173:3
    173   phone: string
          ~~~~~
    The expected type comes from property 'phone' which is declared here on type 'Merchant'

screens/client/MarketplaceScreen.tsx:38:3 - error TS2322: Type 'string' is not assignable to type 'number'.

38   delivery_time: '30'
     ~~~~~~~~~~~~~

  types/models.ts:179:3
    179   delivery_time?: number
          ~~~~~~~~~~~~~
    The expected type comes from property 'delivery_time' which is declared here on type 'Merchant'

screens/client/MarketplaceScreen.tsx:94:70 - error TS18048: 'merchant.description' is possibly 'undefined'.

94         (merchant) => merchant.name.toLowerCase().includes(query) || merchant.description.toLowerCase().includes(query),
                                                                        ~~~~~~~~~~~~~~~~~~~~

screens/client/MarketplaceScreen.tsx:100:48 - error TS18048: 'merchant.categories' is possibly 'undefined'.

100       filtered = filtered.filter((merchant) => merchant.categories.includes(selectedCategory))
                                                   ~~~~~~~~~~~~~~~~~~~

screens/client/MarketplaceScreen.tsx:105:57 - error TS2339: Property 'commune' does not exist on type 'Merchant'.

105       filtered = filtered.filter((merchant) => merchant.commune === selectedCommune)
                                                            ~~~~~~~

screens/client/MarketplaceScreen.tsx:157:46 - error TS18048: 'item.rating' is possibly 'undefined'.

157             <Text style={styles.ratingText}>{item.rating.toFixed(1)}</Text>
                                                 ~~~~~~~~~~~

screens/client/MarketplaceScreen.tsx:166:50 - error TS2339: Property 'commune' does not exist on type 'Merchant'.

166           <Chip style={styles.communeChip}>{item.commune}</Chip>
                                                     ~~~~~~~

screens/client/MarketplaceScreen.tsx:192:9 - error TS2322: Type 'DefaultTFuncReturn' is not assignable to type 'string | undefined'.
  Type 'null' is not assignable to type 'string | undefined'.

192         placeholder={t("marketplace.search")}
            ~~~~~~~~~~~

  node_modules/react-native/Libraries/Components/TextInput/TextInput.d.ts:724:3
    724   placeholder?: string | undefined;
          ~~~~~~~~~~~
    The expected type comes from property 'placeholder' which is declared here on type 'IntrinsicAttributes & Omit<Props, "ref"> & RefAttributes<TextInputHandles>'

screens/client/MerchantDetailsScreen.tsx:14:48 - error TS2307: Cannot find module '@react-navigation/native-stack' or its corresponding type declarations.

14 import type { NativeStackNavigationProp } from "@react-navigation/native-stack"
                                                  ~~~~~~~~~~~~~~~~~~~~~~~~~~~~~~~~

screens/client/MerchantDetailsScreen.tsx:33:3 - error TS2322: Type 'string | undefined' is not assignable to type 'string'.
  Type 'undefined' is not assignable to type 'string'.

33   phone: merchantInfo.phone,
     ~~~~~

  types/models.ts:173:3
    173   phone: string
          ~~~~~
    The expected type comes from property 'phone' which is declared here on type 'Merchant'

screens/client/MerchantDetailsScreen.tsx:41:3 - error TS2322: Type 'string' is not assignable to type 'number'.

41   delivery_time: '30'
     ~~~~~~~~~~~~~

  types/models.ts:179:3
    179   delivery_time?: number
          ~~~~~~~~~~~~~
    The expected type comes from property 'delivery_time' which is declared here on type 'Merchant'

screens/client/MerchantDetailsScreen.tsx:100:55 - error TS2345: Argument of type 'number' is not assignable to parameter of type 'string'.

100       const merchantData = await fetchMerchantDetails(merchantId)
                                                          ~~~~~~~~~~

screens/client/MerchantDetailsScreen.tsx:102:56 - error TS2345: Argument of type 'number' is not assignable to parameter of type 'string'.

102       const productsData = await fetchMerchantProducts(merchantId)
                                                           ~~~~~~~~~~

screens/client/MerchantDetailsScreen.tsx:321:50 - error TS18048: 'merchant.rating' is possibly 'undefined'.

321                 <Text style={styles.ratingText}>{merchant.rating.toFixed(1)}</Text>
                                                     ~~~~~~~~~~~~~~~

screens/client/MerchantDetailsScreen.tsx:327:27 - error TS2339: Property 'commune' does not exist on type 'Merchant'.

327                 {merchant.commune}
                              ~~~~~~~

screens/client/NotificationsScreen.tsx:24:10 - error TS2614: Module '"../../services/NotificationService"' has no exported member 'NotificationService'. Did you mean to use 'import NotificationService from "../../services/NotificationService"' instead?

24 import { NotificationService } from '../../services/NotificationService'
            ~~~~~~~~~~~~~~~~~~~

screens/client/NotificationsScreen.tsx:38:39 - error TS2339: Property 'markAsRead' does not exist on type 'NotificationContextType'.

38   const { notifications, unreadCount, markAsRead, markAllAsRead } = useNotifications()
                                         ~~~~~~~~~~

screens/client/NotificationsScreen.tsx:38:51 - error TS2339: Property 'markAllAsRead' does not exist on type 'NotificationContextType'.

38   const { notifications, unreadCount, markAsRead, markAllAsRead } = useNotifications()
                                                     ~~~~~~~~~~~~~

screens/client/NotificationsScreen.tsx:96:64 - error TS2339: Property 'is_read' does not exist on type 'Notification'.

96       filtered = filtered.filter(notification => !notification.is_read)
                                                                  ~~~~~~~

screens/client/NotificationsScreen.tsx:139:23 - error TS2339: Property 'is_read' does not exist on type 'Notification'.

139     if (!notification.is_read) {
                          ~~~~~~~

screens/client/NotificationsScreen.tsx:147:31 - error TS2345: Argument of type '[string, { deliveryId: any; }]' is not assignable to parameter of type 'never'.

147           navigation.navigate('TrackDelivery', { deliveryId: notification.data.delivery_id })
                                  ~~~~~~~~~~~~~~~~~~~~~~~~~~~~~~~~~~~~~~~~~~~~~~~~~~~~~~~~~~~~~~

screens/client/NotificationsScreen.tsx:152:31 - error TS2769: No overload matches this call.
  Argument of type '[string]' is not assignable to parameter of type 'never'.
  Overload 2 of 2, '(options: never): void', gave the following error.
    Argument of type '"TransactionHistory"' is not assignable to parameter of type 'never'.

152           navigation.navigate('TransactionHistory')
                                  ~~~~~~~~~~~~~~~~~~~~


screens/client/NotificationsScreen.tsx:185:7 - error TS2345: Argument of type 'DefaultTFuncReturn' is not assignable to parameter of type 'string | undefined'.
  Type 'null' is not assignable to type 'string | undefined'.

185       t('notifications.deleteMessage'),
          ~~~~~~~~~~~~~~~~~~~~~~~~~~~~~~~~

screens/client/NotificationsScreen.tsx:213:52 - error TS2345: Argument of type 'NotificationType | undefined' is not assignable to parameter of type 'NotificationType'.
  Type 'undefined' is not assignable to type 'NotificationType'.

213     const notificationColor = getNotificationColor(item.type)
                                                       ~~~~~~~~~

screens/client/NotificationsScreen.tsx:214:50 - error TS2345: Argument of type 'NotificationType | undefined' is not assignable to parameter of type 'NotificationType'.
  Type 'undefined' is not assignable to type 'NotificationType'.

214     const notificationIcon = getNotificationIcon(item.type)
                                                     ~~~~~~~~~

screens/client/NotificationsScreen.tsx:218:54 - error TS2345: Argument of type 'string' is not assignable to parameter of type 'number'.

218         renderRightActions={() => renderRightActions(item.id)}
                                                         ~~~~~~~

screens/client/NotificationsScreen.tsx:224:19 - error TS2339: Property 'is_read' does not exist on type 'Notification'.

224             !item.is_read && styles.unreadCard,
                      ~~~~~~~

screens/client/NotificationsScreen.tsx:244:20 - error TS2339: Property 'is_read' does not exist on type 'Notification'.

244             {!item.is_read && <View style={styles.unreadIndicator} />}
                       ~~~~~~~

screens/client/NotificationsScreen.tsx:258:51 - error TS2339: Property 'is_read' does not exist on type 'Notification'.

258                 <Text style={[styles.title, !item.is_read && styles.unreadTitle]}>
                                                      ~~~~~~~

screens/client/NotificationsScreen.tsx:262:34 - error TS2339: Property 'created_at' does not exist on type 'Notification'.

262                   {new Date(item.created_at).toLocaleDateString('fr-FR', {
                                     ~~~~~~~~~~

screens/client/NotificationsScreen.tsx:407:11 - error TS2322: Type '{ image: any; title: string; subtitle: string; }' is not assignable to type 'IntrinsicAttributes & EmptyStateProps'.
  Property 'image' does not exist on type 'IntrinsicAttributes & EmptyStateProps'.

407           image={require('../../assets/empty-states/no-notifications.png')}
              ~~~~~

screens/client/OrdersScreen.tsx:23:10 - error TS2614: Module '"../../services/DeliveryService"' has no exported member 'DeliveryService'. Did you mean to use 'import DeliveryService from "../../services/DeliveryService"' instead?

23 import { DeliveryService } from '../../services/DeliveryService'
            ~~~~~~~~~~~~~~~

screens/client/OrdersScreen.tsx:24:10 - error TS2614: Module '"../../services/NotificationService"' has no exported member 'NotificationService'. Did you mean to use 'import NotificationService from "../../services/NotificationService"' instead?

24 import { NotificationService } from '../../services/NotificationService'
            ~~~~~~~~~~~~~~~~~~~

screens/client/OrdersScreen.tsx:160:27 - error TS2345: Argument of type '[string, { deliveryId: number; }]' is not assignable to parameter of type 'never'.

160       navigation.navigate('TrackDelivery', { deliveryId: order.id })
                              ~~~~~~~~~~~~~~~~~~~~~~~~~~~~~~~~~~~~~~~~~

screens/client/OrdersScreen.tsx:162:27 - error TS2345: Argument of type '[string, { deliveryId: number; }]' is not assignable to parameter of type 'never'.

162       navigation.navigate('DeliveryDetails', { deliveryId: order.id })
                              ~~~~~~~~~~~~~~~~~~~~~~~~~~~~~~~~~~~~~~~~~~~

screens/client/OrdersScreen.tsx:169:25 - error TS2769: No overload matches this call.
  Argument of type '[string]' is not assignable to parameter of type 'never'.
  Overload 2 of 2, '(options: never): void', gave the following error.
    Argument of type '"CreateDelivery"' is not assignable to parameter of type 'never'.

169     navigation.navigate('CreateDelivery')
                            ~~~~~~~~~~~~~~~~


screens/client/OrdersScreen.tsx:204:17 - error TS2322: Type 'Element' is not assignable to type '((string | number | boolean | Value | AnimatedInterpolation<string | number> | WithAnimatedObject<ReactElement<any, string | JSXElementConstructor<any>>> | WithAnimatedObject<...> | WithAnimatedObject<...> | null) & (string | number)) | undefined'.
  Type 'ReactElement<any, any>' is not assignable to type 'WithAnimatedObject<ReactPortal> & number'.
    Property 'children' is missing in type 'ReactElement<any, any>' but required in type 'WithAnimatedObject<ReactPortal>'.

204                 <Ionicons name={statusIcon} size={12} color="white" />
                    ~~~~~~~~~~~~~~~~~~~~~~~~~~~~~~~~~~~~~~~~~~~~~~~~~~~~~~

  node_modules/@types/react/index.d.ts:192:9
    192         children: ReactNode;
                ~~~~~~~~
    'children' is declared here.
  node_modules/react-native/Libraries/Text/Text.d.ts:110:3
    110   children?: React.ReactNode;
          ~~~~~~~~
    The expected type comes from property 'children' which is declared here on type 'IntrinsicAttributes & AnimatedProps<TextProps & RefAttributes<Text>> & { visible?: boolean | undefined; ... 4 more ...; theme?: ThemeProp | undefined; }'

screens/client/OrdersScreen.tsx:204:27 - error TS2322: Type '"check-circle-outline" | "close-circle-outline" | "help-circle-outline" | "check-all" | "clock-outline" | "package-variant" | "truck-delivery-outline"' is not assignable to type '"business" | "bicycle" | "car" | "open" | "documents" | "star" | "gift" | "options" | "link" | "code" | "language" | "sunny" | "rainy" | "cloudy" | "image" | "push" | "map" | "filter" | ... 3663 more ... | undefined'.
  Type '"check-circle-outline"' is not assignable to type '"business" | "bicycle" | "car" | "open" | "documents" | "star" | "gift" | "options" | "link" | "code" | "language" | "sunny" | "rainy" | "cloudy" | "image" | "push" | "map" | "filter" | ... 3663 more ... | undefined'. Did you mean '"checkmark-circle-outline"'?

204                 <Ionicons name={statusIcon} size={12} color="white" />
                              ~~~~

  node_modules/@expo/vector-icons/build/createIconSet.d.ts:17:5
    17     name: GLYPHS;
           ~~~~
    The expected type comes from property 'name' which is declared here on type 'IntrinsicAttributes & IntrinsicClassAttributes<Component<IconProps<"business" | "bicycle" | "car" | "open" | "documents" | "star" | "gift" | "options" | "link" | "code" | "language" | "sunny" | ... 3668 more ... | "md-woman-sharp">, {}, any>> & Pick<...> & InexactPartial<...> & InexactPartial<...>'

screens/client/OrdersScreen.tsx:261:25 - error TS2322: Type '"check-circle-outline" | "close-circle-outline" | "help-circle-outline" | "check-all" | "clock-outline" | "package-variant" | "truck-delivery-outline"' is not assignable to type '"business" | "bicycle" | "car" | "open" | "documents" | "star" | "gift" | "options" | "link" | "code" | "language" | "sunny" | "rainy" | "cloudy" | "image" | "push" | "map" | "filter" | ... 3663 more ... | undefined'.
  Type '"check-circle-outline"' is not assignable to type '"business" | "bicycle" | "car" | "open" | "documents" | "star" | "gift" | "options" | "link" | "code" | "language" | "sunny" | "rainy" | "cloudy" | "image" | "push" | "map" | "filter" | ... 3663 more ... | undefined'. Did you mean '"checkmark-circle-outline"'?

261               <Ionicons name={statusIcon} size={18} color={statusColor} />
                            ~~~~

  node_modules/@expo/vector-icons/build/createIconSet.d.ts:17:5
    17     name: GLYPHS;
           ~~~~
    The expected type comes from property 'name' which is declared here on type 'IntrinsicAttributes & IntrinsicClassAttributes<Component<IconProps<"business" | "bicycle" | "car" | "open" | "documents" | "star" | "gift" | "options" | "link" | "code" | "language" | "sunny" | ... 3668 more ... | "md-woman-sharp">, {}, any>> & Pick<...> & InexactPartial<...> & InexactPartial<...>'

screens/client/OrdersScreen.tsx:273:52 - error TS2345: Argument of type '[string, { deliveryId: number; }]' is not assignable to parameter of type 'never'.

273                 onPress={() => navigation.navigate('TrackDelivery', { deliveryId: item.id })}
                                                       ~~~~~~~~~~~~~~~~~~~~~~~~~~~~~~~~~~~~~~~~

screens/client/OrdersScreen.tsx:370:13 - error TS2322: Type 'DefaultTFuncReturn' is not assignable to type 'string | undefined'.
  Type 'null' is not assignable to type 'string | undefined'.

370             placeholder={t('orders.searchPlaceholder')}
                ~~~~~~~~~~~

  node_modules/react-native/Libraries/Components/TextInput/TextInput.d.ts:724:3
    724   placeholder?: string | undefined;
          ~~~~~~~~~~~
    The expected type comes from property 'placeholder' which is declared here on type 'IntrinsicAttributes & Omit<Props, "ref"> & RefAttributes<TextInputHandles>'

screens/client/OrdersScreen.tsx:386:11 - error TS2322: Type '{ image: any; title: string; subtitle: string; actionText: string; onAction: () => Promise<void>; }' is not assignable to type 'IntrinsicAttributes & EmptyStateProps'.
  Property 'image' does not exist on type 'IntrinsicAttributes & EmptyStateProps'.

386           image={require('../../assets/empty-states/no-deliveries.png')}
              ~~~~~

screens/client/PaymentScreen.tsx:17:10 - error TS2614: Module '"../../services/DeliveryService"' has no exported member 'DeliveryService'. Did you mean to use 'import DeliveryService from "../../services/DeliveryService"' instead?

17 import { DeliveryService } from '../../services/DeliveryService'
            ~~~~~~~~~~~~~~~

screens/client/PaymentScreen.tsx:65:41 - error TS2448: Block-scoped variable 'formatPrice' used before its declaration.

65       description: `Solde disponible: ${formatPrice(walletBalance)} FCFA`
                                           ~~~~~~~~~~~

  screens/client/PaymentScreen.tsx:91:9
    91   const formatPrice = (price: number) => {
               ~~~~~~~~~~~
    'formatPrice' is declared here.

screens/client/PaymentScreen.tsx:65:41 - error TS2454: Variable 'formatPrice' is used before being assigned.

65       description: `Solde disponible: ${formatPrice(walletBalance)} FCFA`
                                           ~~~~~~~~~~~

screens/client/PredictiveDeliveryScreen.tsx:153:15 - error TS2322: Type 'DefaultTFuncReturn' is not assignable to type 'string | undefined'.
  Type 'null' is not assignable to type 'string | undefined'.

153               title={t("delivery.pickup")}
                  ~~~~~

  node_modules/react-native-maps/lib/MapMarker.d.ts:233:5
    233     title?: string;
            ~~~~~
    The expected type comes from property 'title' which is declared here on type 'IntrinsicAttributes & IntrinsicClassAttributes<MapMarker> & Readonly<MapMarkerProps>'

screens/client/PredictiveDeliveryScreen.tsx:159:15 - error TS2322: Type 'DefaultTFuncReturn' is not assignable to type 'string | undefined'.
  Type 'null' is not assignable to type 'string | undefined'.

159               title={t("delivery.destination")}
                  ~~~~~

  node_modules/react-native-maps/lib/MapMarker.d.ts:233:5
    233     title?: string;
            ~~~~~
    The expected type comes from property 'title' which is declared here on type 'IntrinsicAttributes & IntrinsicClassAttributes<MapMarker> & Readonly<MapMarkerProps>'

screens/client/RateDeliveryScreen.tsx:19:10 - error TS2614: Module '"../../services/DeliveryService"' has no exported member 'DeliveryService'. Did you mean to use 'import DeliveryService from "../../services/DeliveryService"' instead?

19 import { DeliveryService } from '../../services/DeliveryService'
            ~~~~~~~~~~~~~~~

screens/client/RateDeliveryScreen.tsx:20:10 - error TS2614: Module '"../../components/StarRating"' has no exported member 'StarRating'. Did you mean to use 'import StarRating from "../../components/StarRating"' instead?

20 import { StarRating } from '../../components/StarRating'
            ~~~~~~~~~~

screens/client/RateDeliveryScreen.tsx:104:28 - error TS2322: Type 'string' is not assignable to type 'never'.

104                 routes: [{ name: 'ClientHome' }],
                               ~~~~

  node_modules/@react-navigation/routers/lib/typescript/src/types.d.ts:59:5
    59     name: RouteName;
           ~~~~
    The expected type comes from property 'name' which is declared here on type 'NavigationRoute<RootParamList, never> | PartialRoute<Route<never, object | undefined>>'

screens/client/RateDeliveryScreen.tsx:164:60 - error TS2345: Argument of type 'string | Date' is not assignable to parameter of type 'string'.
  Type 'Date' is not assignable to type 'string'.

164                     Livraison #{delivery.id}  {formatDate(delivery.delivered_at || new Date())}
                                                               ~~~~~~~~~~~~~~~~~~~~~~~~~~~~~~~~~~~

screens/client/RateDeliveryScreen.tsx:198:53 - error TS2339: Property 'avatar' does not exist on type 'Courier'.

198                     source={{ uri: delivery.courier.avatar || 'https://via.placeholder.com/60' }}
                                                        ~~~~~~

screens/client/RateDeliveryScreen.tsx:205:43 - error TS2339: Property 'average_rating' does not exist on type 'Courier'.

205                         {delivery.courier.average_rating?.toFixed(1) || 'N/A'}
                                              ~~~~~~~~~~~~~~

screens/client/RateDeliveryScreen.tsx:239:40 - error TS7006: Parameter 'value' implicitly has an 'any' type.

239                       onRatingChange={(value) => updateCriteria('punctuality', value)}
                                           ~~~~~

screens/client/RateDeliveryScreen.tsx:248:40 - error TS7006: Parameter 'value' implicitly has an 'any' type.

248                       onRatingChange={(value) => updateCriteria('packaging', value)}
                                           ~~~~~

screens/client/RateDeliveryScreen.tsx:257:40 - error TS7006: Parameter 'value' implicitly has an 'any' type.

257                       onRatingChange={(value) => updateCriteria('communication', value)}
                                           ~~~~~

screens/client/RateDeliveryScreen.tsx:266:40 - error TS7006: Parameter 'value' implicitly has an 'any' type.

266                       onRatingChange={(value) => updateCriteria('professionalism', value)}
                                           ~~~~~

screens/client/RecommendedDeliveriesScreen.tsx:9:48 - error TS2307: Cannot find module '@react-navigation/native-stack' or its corresponding type declarations.

9 import type { NativeStackNavigationProp } from "@react-navigation/native-stack"
                                                 ~~~~~~~~~~~~~~~~~~~~~~~~~~~~~~~~

screens/client/SmartMatchingScreen.tsx:16:10 - error TS2614: Module '"../../services/DeliveryService"' has no exported member 'DeliveryService'. Did you mean to use 'import DeliveryService from "../../services/DeliveryService"' instead?

16 import { DeliveryService } from '../../services/DeliveryService'
            ~~~~~~~~~~~~~~~

screens/client/TrackDeliveryScreen.tsx:16:48 - error TS2307: Cannot find module '@react-navigation/native-stack' or its corresponding type declarations.

16 import type { NativeStackNavigationProp } from "@react-navigation/native-stack"
                                                  ~~~~~~~~~~~~~~~~~~~~~~~~~~~~~~~~

screens/client/TrackDeliveryScreen.tsx:72:36 - error TS2345: Argument of type 'number' is not assignable to parameter of type 'string'.

72       const etaData = await getETA(deliveryId)
                                      ~~~~~~~~~~

screens/client/TrackDeliveryScreen.tsx:102:59 - error TS2345: Argument of type 'DefaultTFuncReturn' is not assignable to parameter of type 'string | undefined'.
  Type 'null' is not assignable to type 'string | undefined'.

102         Alert.alert(t("trackDelivery.deliveryCompleted"), t("trackDelivery.deliveryCompletedMessage"), [
                                                              ~~~~~~~~~~~~~~~~~~~~~~~~~~~~~~~~~~~~~~~~~~~

screens/client/TrackDeliveryScreen.tsx:115:50 - error TS2345: Argument of type 'number' is not assignable to parameter of type 'string'.

115       const routeData = await fetchDeliveryRoute(deliveryId)
                                                     ~~~~~~~~~~

screens/client/TrackDeliveryScreen.tsx:119:36 - error TS2345: Argument of type 'number' is not assignable to parameter of type 'string'.

119       const etaData = await getETA(deliveryId)
                                       ~~~~~~~~~~

screens/client/TrackDeliveryScreen.tsx:170:16 - error TS2345: Argument of type 'DefaultTFuncReturn' is not assignable to parameter of type 'SetStateAction<string>'.
  Type 'null' is not assignable to type 'SetStateAction<string>'.

170       setError(t("trackDelivery.errorLoadingDelivery"))
                   ~~~~~~~~~~~~~~~~~~~~~~~~~~~~~~~~~~~~~~~

screens/client/TrackDeliveryScreen.tsx:193:45 - error TS2345: Argument of type 'DefaultTFuncReturn' is not assignable to parameter of type 'string | undefined'.
  Type 'null' is not assignable to type 'string | undefined'.

193       Alert.alert(t("trackDelivery.error"), t("trackDelivery.phoneNotAvailable"))
                                                ~~~~~~~~~~~~~~~~~~~~~~~~~~~~~~~~~~~~

screens/client/TrackDeliveryScreen.tsx:203:45 - error TS2345: Argument of type 'DefaultTFuncReturn' is not assignable to parameter of type 'string | undefined'.
  Type 'null' is not assignable to type 'string | undefined'.

203       Alert.alert(t("trackDelivery.error"), t("trackDelivery.phoneNotAvailable"))
                                                ~~~~~~~~~~~~~~~~~~~~~~~~~~~~~~~~~~~~

screens/client/TrackDeliveryScreen.tsx:409:60 - error TS2339: Property 'pickup_commune' does not exist on type 'Delivery'.

409                 <Text style={styles.communeText}>{delivery.pickup_commune}</Text>
                                                               ~~~~~~~~~~~~~~

screens/client/TrackDeliveryScreen.tsx:422:60 - error TS2339: Property 'delivery_commune' does not exist on type 'Delivery'.

422                 <Text style={styles.communeText}>{delivery.delivery_commune}</Text>
                                                               ~~~~~~~~~~~~~~~~

screens/client/TransactionHistoryScreen.tsx:9:48 - error TS2307: Cannot find module '@react-navigation/native-stack' or its corresponding type declarations.

9 import type { NativeStackNavigationProp } from '@react-navigation/native-stack'
                                                 ~~~~~~~~~~~~~~~~~~~~~~~~~~~~~~~~

screens/client/TransactionHistoryScreen.tsx:49:46 - error TS2339: Property 'token' does not exist on type 'User'.

49             'Authorization': `Bearer ${user?.token}`,
                                                ~~~~~

screens/client/TransactionHistoryScreen.tsx:210:10 - error TS2552: Cannot find name 'SearchBar'. Did you mean 'Searchbar'?

210         <SearchBar
             ~~~~~~~~~

screens/client/UserPreferencesScreen.fixed.tsx:11:48 - error TS2307: Cannot find module '@react-navigation/native-stack' or its corresponding type declarations.

11 import type { NativeStackNavigationProp } from "@react-navigation/native-stack"
                                                  ~~~~~~~~~~~~~~~~~~~~~~~~~~~~~~~~

screens/client/UserPreferencesScreen.fixed.tsx:48:38 - error TS2345: Argument of type 'DefaultTFuncReturn' is not assignable to parameter of type 'string | undefined'.
  Type 'null' is not assignable to type 'string | undefined'.

48       Alert.alert(t('common.error'), t('preferences.loadError'))
                                        ~~~~~~~~~~~~~~~~~~~~~~~~~~

screens/client/UserPreferencesScreen.fixed.tsx:68:38 - error TS2345: Argument of type 'DefaultTFuncReturn' is not assignable to parameter of type 'string | undefined'.
  Type 'null' is not assignable to type 'string | undefined'.

68       Alert.alert(t('common.error'), t('preferences.updateError'))
                                        ~~~~~~~~~~~~~~~~~~~~~~~~~~~~

screens/client/UserPreferencesScreen.fixed.tsx:84:38 - error TS2345: Argument of type 'DefaultTFuncReturn' is not assignable to parameter of type 'string | undefined'.
  Type 'null' is not assignable to type 'string | undefined'.

84       Alert.alert(t('common.error'), t('preferences.notificationUpdateError'))
                                        ~~~~~~~~~~~~~~~~~~~~~~~~~~~~~~~~~~~~~~~~

screens/client/UserPreferencesScreen.tsx:11:48 - error TS2307: Cannot find module '@react-navigation/native-stack' or its corresponding type declarations.

11 import type { NativeStackNavigationProp } from "@react-navigation/native-stack"
                                                  ~~~~~~~~~~~~~~~~~~~~~~~~~~~~~~~~

screens/client/UserPreferencesScreen.tsx:47:38 - error TS2345: Argument of type 'DefaultTFuncReturn' is not assignable to parameter of type 'string | undefined'.
  Type 'null' is not assignable to type 'string | undefined'.

47       Alert.alert(t('common.error'), t('preferences.loadError'))
                                        ~~~~~~~~~~~~~~~~~~~~~~~~~~

screens/client/UserPreferencesScreen.tsx:67:38 - error TS2345: Argument of type 'DefaultTFuncReturn' is not assignable to parameter of type 'string | undefined'.
  Type 'null' is not assignable to type 'string | undefined'.

67       Alert.alert(t('common.error'), t('preferences.updateError'))
                                        ~~~~~~~~~~~~~~~~~~~~~~~~~~~~

screens/client/UserPreferencesScreen.tsx:83:38 - error TS2345: Argument of type 'DefaultTFuncReturn' is not assignable to parameter of type 'string | undefined'.
  Type 'null' is not assignable to type 'string | undefined'.

83       Alert.alert(t('common.error'), t('preferences.notificationUpdateError'))
                                        ~~~~~~~~~~~~~~~~~~~~~~~~~~~~~~~~~~~~~~~~

screens/client/WalletScreen.tsx:10:48 - error TS2307: Cannot find module '@react-navigation/native-stack' or its corresponding type declarations.

10 import type { NativeStackNavigationProp } from '@react-navigation/native-stack'
                                                  ~~~~~~~~~~~~~~~~~~~~~~~~~~~~~~~~

screens/client/WalletScreen.tsx:46:44 - error TS2339: Property 'token' does not exist on type 'User'.

46           'Authorization': `Bearer ${user?.token}`,
                                              ~~~~~

screens/client/WalletScreen.tsx:56:44 - error TS2339: Property 'token' does not exist on type 'User'.

56           'Authorization': `Bearer ${user?.token}`,
                                              ~~~~~

screens/courier/AddVehicleScreen.tsx:14:24 - error TS2307: Cannot find module '@react-native-picker/picker' or its corresponding type declarations.

14 import { Picker } from "@react-native-picker/picker"
                          ~~~~~~~~~~~~~~~~~~~~~~~~~~~~~

screens/courier/AddVehicleScreen.tsx:22:11 - error TS2693: 'VehicleType' only refers to a type, but is being used as a value here.

22     type: VehicleType.MOTORCYCLE,
             ~~~~~~~~~~~

screens/courier/AddVehicleScreen.tsx:53:9 - error TS2353: Object literal may only specify known properties, and 'maxWeight' does not exist in type 'VehicleCreateRequest'.

53         maxWeight: formData.maxWeight ? parseFloat(formData.maxWeight) : undefined,
           ~~~~~~~~~

screens/courier/AddVehicleScreen.tsx:56:39 - error TS2693: 'VehicleType' only refers to a type, but is being used as a value here.

56         customType: formData.type === VehicleType.CUSTOM ? formData.customType : undefined,
                                         ~~~~~~~~~~~

screens/courier/AddVehicleScreen.tsx:92:33 - error TS7006: Parameter 'value' implicitly has an 'any' type.

92                 onValueChange={(value) => updateFormData("type", value)}
                                   ~~~~~

screens/courier/AddVehicleScreen.tsx:95:50 - error TS2693: 'VehicleType' only refers to a type, but is being used as a value here.

95                 <Picker.Item label="Moto" value={VehicleType.MOTORCYCLE} />                <Picker.Item label="Voiture" value={VehicleType.PICKUP} />
                                                    ~~~~~~~~~~~

screens/courier/AddVehicleScreen.tsx:95:128 - error TS2693: 'VehicleType' only refers to a type, but is being used as a value here.

95                 <Picker.Item label="Moto" value={VehicleType.MOTORCYCLE} />                <Picker.Item label="Voiture" value={VehicleType.PICKUP} />
                                                                                                                                  ~~~~~~~~~~~

screens/courier/AddVehicleScreen.tsx:96:50 - error TS2693: 'VehicleType' only refers to a type, but is being used as a value here.

96                 <Picker.Item label="Vlo" value={VehicleType.BICYCLE} />
                                                    ~~~~~~~~~~~

screens/courier/AddVehicleScreen.tsx:97:52 - error TS2693: 'VehicleType' only refers to a type, but is being used as a value here.

97                 <Picker.Item label="Camion" value={VehicleType.VAN} />
                                                      ~~~~~~~~~~~

screens/courier/AddVehicleScreen.tsx:98:51 - error TS2693: 'VehicleType' only refers to a type, but is being used as a value here.

98                 <Picker.Item label="Autre" value={VehicleType.CUSTOM} />
                                                     ~~~~~~~~~~~

screens/courier/AddVehicleScreen.tsx:103:30 - error TS2693: 'VehicleType' only refers to a type, but is being used as a value here.

103           {formData.type === VehicleType.CUSTOM && (
                                 ~~~~~~~~~~~

screens/courier/AvailableDeliveriesScreen.tsx:17:10 - error TS2614: Module '"../../services/DeliveryService"' has no exported member 'DeliveryService'. Did you mean to use 'import DeliveryService from "../../services/DeliveryService"' instead?

17 import { DeliveryService } from '../../services/DeliveryService'
            ~~~~~~~~~~~~~~~

screens/courier/AvailableDeliveriesScreen.tsx:121:50 - error TS2339: Property 'estimated_distance' does not exist on type 'Delivery'.

121           <Text style={styles.detailText}>~{item.estimated_distance || 0} km</Text>
                                                     ~~~~~~~~~~~~~~~~~~

screens/courier/BidScreen.tsx:15:48 - error TS2307: Cannot find module '@react-navigation/native-stack' or its corresponding type declarations.

15 import type { NativeStackNavigationProp } from "@react-navigation/native-stack"
                                                  ~~~~~~~~~~~~~~~~~~~~~~~~~~~~~~~~

screens/courier/BidScreen.tsx:127:46 - error TS2339: Property 'actual_price' does not exist on type 'Delivery'.

127         const defaultBid = Math.round(((data.actual_price ?? data.price ?? 0) * 0.9))
                                                 ~~~~~~~~~~~~

screens/courier/BidScreen.tsx:213:26 - error TS2345: Argument of type '{ type: "bid"; data: { delivery_id: number; proposed_price: number; estimated_duration: number | undefined; }; }' is not assignable to parameter of type 'Omit<PendingOperation, "id" | "timestamp">'.
  Property 'retries' is missing in type '{ type: "bid"; data: { delivery_id: number; proposed_price: number; estimated_duration: number | undefined; }; }' but required in type 'Omit<PendingOperation, "id" | "timestamp">'.

213         addPendingUpload({
                             ~
214           type: "bid",
    ~~~~~~~~~~~~~~~~~~~~~~
... 
219           },
    ~~~~~~~~~~~~
220         })
    ~~~~~~~~~

  types/models.ts:138:3
    138   retries: number
          ~~~~~~~
    'retries' is declared here.

screens/courier/BidScreen.tsx:232:11 - error TS2353: Object literal may only specify known properties, and 'estimated_duration' does not exist in type 'BidCreateRequest'.

232           estimated_duration: estimatedTime || undefined
              ~~~~~~~~~~~~~~~~~~

screens/courier/BidScreen.tsx:284:63 - error TS2345: Argument of type 'number | undefined' is not assignable to parameter of type 'number'.
  Type 'undefined' is not assignable to type 'number'.

284               <Text style={styles.deliveryPrice}>{formatPrice(delivery.final_price)} FCFA</Text>
                                                                  ~~~~~~~~~~~~~~~~~~~~

screens/courier/BidScreen.tsx:295:62 - error TS2551: Property 'pickup_location' does not exist on type 'Delivery'. Did you mean 'pickup_lat'?

295                   <Text style={styles.communeText}>{delivery.pickup_location}</Text>
                                                                 ~~~~~~~~~~~~~~~

  types/models.ts:41:3
    41   pickup_lat: number
         ~~~~~~~~~~
    'pickup_lat' is declared here.

screens/courier/BidScreen.tsx:306:62 - error TS2551: Property 'delivery_location' does not exist on type 'Delivery'. Did you mean 'delivery_lat'?

306                   <Text style={styles.communeText}>{delivery.delivery_location}</Text>
                                                                 ~~~~~~~~~~~~~~~~~

  types/models.ts:43:3
    43   delivery_lat: number
         ~~~~~~~~~~~~
    'delivery_lat' is declared here.

screens/courier/BidScreen.tsx:311:23 - error TS2339: Property 'notes' does not exist on type 'Delivery'.

311             {delivery.notes && (
                          ~~~~~

screens/courier/BidScreen.tsx:314:64 - error TS2339: Property 'notes' does not exist on type 'Delivery'.

314                 <Text style={styles.descriptionText}>{delivery.notes}</Text>
                                                                   ~~~~~

screens/courier/CollaborativeDeliveriesScreen.tsx:14:48 - error TS2307: Cannot find module '@react-navigation/native-stack' or its corresponding type declarations.

14 import type { NativeStackNavigationProp } from "@react-navigation/native-stack"
                                                  ~~~~~~~~~~~~~~~~~~~~~~~~~~~~~~~~

screens/courier/CourierDashboardScreen.tsx:9:48 - error TS2307: Cannot find module '@react-navigation/native-stack' or its corresponding type declarations.

9 import type { NativeStackNavigationProp } from "@react-navigation/native-stack"
                                                 ~~~~~~~~~~~~~~~~~~~~~~~~~~~~~~~~

screens/courier/CourierDashboardScreen.tsx:19:27 - error TS2307: Cannot find module 'react-native-chart-kit' or its corresponding type declarations.

19 import { LineChart } from "react-native-chart-kit";
                             ~~~~~~~~~~~~~~~~~~~~~~~~

screens/courier/CourierDashboardScreen.tsx:22:16 - error TS2664: Invalid module name in augmentation, module 'react-native-chart-kit' cannot be found.

22 declare module 'react-native-chart-kit' {
                  ~~~~~~~~~~~~~~~~~~~~~~~~

screens/courier/CourierDashboardScreen.tsx:285:39 - error TS2339: Property 'pickup_commune' does not exist on type 'Delivery'.

285                             {delivery.pickup_commune}  {delivery.delivery_commune}
                                          ~~~~~~~~~~~~~~

screens/courier/CourierDashboardScreen.tsx:285:67 - error TS2339: Property 'delivery_commune' does not exist on type 'Delivery'.

285                             {delivery.pickup_commune}  {delivery.delivery_commune}
                                                                      ~~~~~~~~~~~~~~~~

screens/courier/CourierDeliveryHistoryScreen.tsx:9:48 - error TS2307: Cannot find module '@react-navigation/native-stack' or its corresponding type declarations.

9 import type { NativeStackNavigationProp } from "@react-navigation/native-stack"
                                                 ~~~~~~~~~~~~~~~~~~~~~~~~~~~~~~~~

screens/courier/CourierDeliveryHistoryScreen.tsx:104:64 - error TS2339: Property 'actual_price' does not exist on type 'Delivery'.

104           <Text style={styles.deliveryPrice}>{formatPrice(item.actual_price || item.proposed_price)} FCFA</Text>
                                                                   ~~~~~~~~~~~~

screens/courier/CourierDeliveryHistoryScreen.tsx:143:11 - error TS2322: Type 'DefaultTFuncReturn' is not assignable to type 'string | undefined'.
  Type 'null' is not assignable to type 'string | undefined'.

143           buttonText={t("common.refresh")}
              ~~~~~~~~~~

  components/EmptyState.tsx:11:3
    11   buttonText?: string
         ~~~~~~~~~~
    The expected type comes from property 'buttonText' which is declared here on type 'IntrinsicAttributes & EmptyStateProps'

screens/courier/CourierDeliveryHistoryScreen.tsx:209:9 - error TS2322: Type 'DefaultTFuncReturn' is not assignable to type 'string | undefined'.
  Type 'null' is not assignable to type 'string | undefined'.

209         placeholder={t("common.search")}
            ~~~~~~~~~~~

  node_modules/react-native/Libraries/Components/TextInput/TextInput.d.ts:724:3
    724   placeholder?: string | undefined;
          ~~~~~~~~~~~
    The expected type comes from property 'placeholder' which is declared here on type 'IntrinsicAttributes & Omit<Props, "ref"> & RefAttributes<TextInputHandles>'

screens/courier/CourierEarningsScreen.tsx:9:27 - error TS2307: Cannot find module 'react-native-chart-kit' or its corresponding type declarations.

9 import { LineChart } from "react-native-chart-kit"
                            ~~~~~~~~~~~~~~~~~~~~~~~~

screens/courier/CourierEarningsScreen.tsx:14:48 - error TS2307: Cannot find module '@react-navigation/native-stack' or its corresponding type declarations.

14 import type { NativeStackNavigationProp } from "@react-navigation/native-stack"
                                                  ~~~~~~~~~~~~~~~~~~~~~~~~~~~~~~~~

screens/courier/CourierProfileScreen.tsx:66:52 - error TS2322: Type '{ rating: number; size: number; }' is not assignable to type 'IntrinsicAttributes & StarRatingProps'.
  Property 'size' does not exist on type 'IntrinsicAttributes & StarRatingProps'.

66           <StarRating rating={stats.averageRating} size={20} />
                                                      ~~~~

screens/courier/CourierProfileScreen.tsx:78:53 - error TS2339: Property 'deliveriesCompleted' does not exist on type 'CourierStats'.

78               <Text style={styles.statValue}>{stats.deliveriesCompleted}</Text>
                                                       ~~~~~~~~~~~~~~~~~~~

screens/courier/CourierProfileScreen.tsx:83:53 - error TS2339: Property 'totalEarnings' does not exist on type 'CourierStats'.

83               <Text style={styles.statValue}>{stats.totalEarnings.toLocaleString()} XOF</Text>
                                                       ~~~~~~~~~~~~~

screens/courier/CourierProfileScreen.tsx:88:54 - error TS2339: Property 'totalDistance' does not exist on type 'CourierStats'.

88               <Text style={styles.statValue}>{(stats.totalDistance / 1000).toFixed(1)} km</Text>
                                                        ~~~~~~~~~~~~~

screens/courier/CourierProfileScreen.tsx:99:58 - error TS2339: Property 'level' does not exist on type 'CourierStats'.

99             <Text style={styles.levelText}>Niveau {stats.level}</Text>
                                                            ~~~~~

screens/courier/CourierProfileScreen.tsx:102:64 - error TS2339: Property 'experience' does not exist on type 'CourierStats'.

102                 style={[styles.progressBar, { width: `${(stats.experience / stats.nextLevelExperience) * 100}%` }]}
                                                                   ~~~~~~~~~~

screens/courier/CourierProfileScreen.tsx:102:83 - error TS2339: Property 'nextLevelExperience' does not exist on type 'CourierStats'.

102                 style={[styles.progressBar, { width: `${(stats.experience / stats.nextLevelExperience) * 100}%` }]}
                                                                                      ~~~~~~~~~~~~~~~~~~~

screens/courier/CourierProfileScreen.tsx:106:22 - error TS2339: Property 'experience' does not exist on type 'CourierStats'.

106               {stats.experience} / {stats.nextLevelExperience} XP
                         ~~~~~~~~~~

screens/courier/CourierProfileScreen.tsx:106:43 - error TS2339: Property 'nextLevelExperience' does not exist on type 'CourierStats'.

106               {stats.experience} / {stats.nextLevelExperience} XP
                                              ~~~~~~~~~~~~~~~~~~~

screens/courier/CourierProfileScreen.tsx:116:20 - error TS2339: Property 'badges' does not exist on type 'CourierStats'.

116             {stats.badges.map((badge: any) => (
                       ~~~~~~

screens/courier/CourierStatsScreen.tsx:10:36 - error TS2307: Cannot find module 'react-native-chart-kit' or its corresponding type declarations.

10 import { PieChart, BarChart } from "react-native-chart-kit"
                                      ~~~~~~~~~~~~~~~~~~~~~~~~

screens/courier/CourierStatsScreen.tsx:16:48 - error TS2307: Cannot find module '@react-navigation/native-stack' or its corresponding type declarations.

16 import type { NativeStackNavigationProp } from "@react-navigation/native-stack"
                                                  ~~~~~~~~~~~~~~~~~~~~~~~~~~~~~~~~

screens/courier/CourierStatusScreen.tsx:15:48 - error TS2307: Cannot find module '@react-navigation/native-stack' or its corresponding type declarations.

15 import type { NativeStackNavigationProp } from "@react-navigation/native-stack"
                                                  ~~~~~~~~~~~~~~~~~~~~~~~~~~~~~~~~

screens/courier/CourierStatusScreen.tsx:52:25 - error TS2345: Argument of type 'CourierProfile' is not assignable to parameter of type 'SetStateAction<UserProfile | null>'.
  Type 'CourierProfile' is missing the following properties from type 'UserProfile': user_id, address, city, country, role

52       setCourierProfile(profileData)
                           ~~~~~~~~~~~

screens/courier/CourierStatusScreen.tsx:276:61 - error TS2339: Property 'current' does not exist on type 'Weather'.

276                   <FeatherIcon name={getWeatherIcon(weather.current.condition)} size={48} color="#FF6B00" />
                                                                ~~~~~~~

screens/courier/CourierStatusScreen.tsx:279:61 - error TS2339: Property 'current' does not exist on type 'Weather'.

279                   <Text style={styles.temperature}>{weather.current.temperature}C</Text>
                                                                ~~~~~~~

screens/courier/CourierStatusScreen.tsx:280:66 - error TS2339: Property 'current' does not exist on type 'Weather'.

280                   <Text style={styles.weatherCondition}>{weather.current.condition}</Text>
                                                                     ~~~~~~~

screens/courier/CourierStatusScreen.tsx:281:65 - error TS2339: Property 'location' does not exist on type 'Weather'.

281                   <Text style={styles.weatherLocation}>{weather.location}</Text>
                                                                    ~~~~~~~~

screens/courier/CourierStatusScreen.tsx:286:69 - error TS2339: Property 'current' does not exist on type 'Weather'.

286                     <Text style={styles.weatherDetailText}>{weather.current.humidity}%</Text>
                                                                        ~~~~~~~

screens/courier/CourierStatusScreen.tsx:290:69 - error TS2339: Property 'current' does not exist on type 'Weather'.

290                     <Text style={styles.weatherDetailText}>{weather.current.wind_speed} km/h</Text>
                                                                        ~~~~~~~

screens/courier/CourierStatusScreen.tsx:295:24 - error TS2339: Property 'alerts' does not exist on type 'Weather'.

295               {weather.alerts && weather.alerts.length > 0 && (
                           ~~~~~~

screens/courier/CourierStatusScreen.tsx:295:42 - error TS2339: Property 'alerts' does not exist on type 'Weather'.

295               {weather.alerts && weather.alerts.length > 0 && (
                                             ~~~~~~

screens/courier/CourierStatusScreen.tsx:298:72 - error TS2339: Property 'alerts' does not exist on type 'Weather'.

298                         <Text style={styles.weatherAlertText}>{weather.alerts.map(alert => alert.message || alert.description).join(", ")}</Text>
                                                                           ~~~~~~

screens/courier/CourierStatusScreen.tsx:298:83 - error TS7006: Parameter 'alert' implicitly has an 'any' type.

298                         <Text style={styles.weatherAlertText}>{weather.alerts.map(alert => alert.message || alert.description).join(", ")}</Text>
                                                                                      ~~~~~

screens/courier/CourierTrackDeliveryScreen.tsx:25:48 - error TS2307: Cannot find module '@react-navigation/native-stack' or its corresponding type declarations.

25 import type { NativeStackNavigationProp } from "@react-navigation/native-stack"
                                                  ~~~~~~~~~~~~~~~~~~~~~~~~~~~~~~~~

screens/courier/CourierTrackDeliveryScreen.tsx:140:47 - error TS2345: Argument of type 'number' is not assignable to parameter of type 'string'.

140       const data = await fetchDeliveryDetails(deliveryId)
                                                  ~~~~~~~~~~

screens/courier/CourierTrackDeliveryScreen.tsx:362:26 - error TS2345: Argument of type '{ type: "tracking"; data: { delivery_id: number; lat: number; lng: number; accuracy: number; speed: number; timestamp: string; }; }' is not assignable to parameter of type 'Omit<PendingOperation, "id" | "timestamp">'.
  Property 'retries' is missing in type '{ type: "tracking"; data: { delivery_id: number; lat: number; lng: number; accuracy: number; speed: number; timestamp: string; }; }' but required in type 'Omit<PendingOperation, "id" | "timestamp">'.

362         addPendingUpload({
                             ~
363           type: "tracking",
    ~~~~~~~~~~~~~~~~~~~~~~~~~~~
364           data: trackingData,
    ~~~~~~~~~~~~~~~~~~~~~~~~~~~~~
365         })
    ~~~~~~~~~

  types/models.ts:138:3
    138   retries: number
          ~~~~~~~
    'retries' is declared here.

screens/courier/CourierTrackDeliveryScreen.tsx:395:26 - error TS2345: Argument of type '{ type: "update_profile"; data: { delivery_id: number; status: DeliveryStatus; operation: string; }; }' is not assignable to parameter of type 'Omit<PendingOperation, "id" | "timestamp">'.
  Property 'retries' is missing in type '{ type: "update_profile"; data: { delivery_id: number; status: DeliveryStatus; operation: string; }; }' but required in type 'Omit<PendingOperation, "id" | "timestamp">'.

395         addPendingUpload({
                             ~
396           type: "update_profile", // Using an existing allowed type
    ~~~~~~~~~~~~~~~~~~~~~~~~~~~~~~~~~~~~~~~~~~~~~~~~~~~~~~~~~~~~~~~~~~~
... 
401           }
    ~~~~~~~~~~~
402         })
    ~~~~~~~~~

  types/models.ts:138:3
    138   retries: number
          ~~~~~~~
    'retries' is declared here.

screens/courier/CourierTrackDeliveryScreen.tsx:410:36 - error TS2345: Argument of type 'number' is not assignable to parameter of type 'string'.

410         await updateDeliveryStatus(deliveryId, status)
                                       ~~~~~~~~~~

screens/courier/CourierTrackDeliveryScreen.tsx:423:33 - error TS2339: Property 'user_id' does not exist on type 'Delivery'.

423         if (message && delivery.user_id) {
                                    ~~~~~~~

screens/courier/CourierTrackDeliveryScreen.tsx:424:51 - error TS2339: Property 'user_id' does not exist on type 'Delivery'.

424           await sendDeliveryNotification(delivery.user_id.toString(), {
                                                      ~~~~~~~

screens/courier/CourierTrackDeliveryScreen.tsx:644:35 - error TS2339: Property 'user_id' does not exist on type 'Delivery'.

644       {showClientInfo && delivery.user_id && (
                                      ~~~~~~~

screens/courier/CourierTrackDeliveryScreen.tsx:654:57 - error TS2339: Property 'user_id' does not exist on type 'Delivery'.

654               <Text style={styles.clientName}>{delivery.user_id}</Text>
                                                            ~~~~~~~

screens/courier/CourierTrackDeliveryScreen.tsx:697:64 - error TS2339: Property 'pickup_commune' does not exist on type 'Delivery'.

697                     <Text style={styles.communeText}>{delivery.pickup_commune}</Text>
                                                                   ~~~~~~~~~~~~~~

screens/courier/CourierTrackDeliveryScreen.tsx:708:64 - error TS2339: Property 'pickup_commune' does not exist on type 'Delivery'.

708                     <Text style={styles.communeText}>{delivery.pickup_commune}</Text>
                                                                   ~~~~~~~~~~~~~~

screens/courier/CourierTrackDeliveryScreen.tsx:719:64 - error TS2339: Property 'delivery_commune' does not exist on type 'Delivery'.

719                     <Text style={styles.communeText}>{delivery.delivery_commune}</Text>
                                                                   ~~~~~~~~~~~~~~~~

screens/courier/CourierTrackDeliveryScreen.tsx:726:21 - error TS2339: Property 'description' does not exist on type 'Delivery'.

726           {delivery.description && (
                        ~~~~~~~~~~~

screens/courier/CourierTrackDeliveryScreen.tsx:729:62 - error TS2339: Property 'description' does not exist on type 'Delivery'.

729               <Text style={styles.descriptionText}>{delivery.description}</Text>
                                                                 ~~~~~~~~~~~

screens/courier/CourierWalletScreen.tsx:286:13 - error TS2322: Type 'DefaultTFuncReturn' is not assignable to type 'TextInputLabelProp | undefined'.
  Type 'null' is not assignable to type 'TextInputLabelProp | undefined'.

286             label={t("wallet.amount")}
                ~~~~~

  node_modules/react-native-paper/lib/typescript/components/TextInput/TextInput.d.ts:32:5
    32     label?: TextInputLabelProp;
           ~~~~~
    The expected type comes from property 'label' which is declared here on type 'IntrinsicAttributes & TextInputProps & RefAttributes<TextInput> & { mode?: "flat" | "outlined" | undefined; ... 26 more ...; underlineStyle?: StyleProp<...>; } & RefAttributes<...>'

screens/courier/DeliveryDetailsScreen.tsx:16:10 - error TS2614: Module '"../../services/DeliveryService"' has no exported member 'DeliveryService'. Did you mean to use 'import DeliveryService from "../../services/DeliveryService"' instead?

16 import { DeliveryService } from '../../services/DeliveryService'
            ~~~~~~~~~~~~~~~

screens/courier/DeliveryDetailsScreen.tsx:171:61 - error TS2339: Property 'pickup_commune' does not exist on type 'Delivery'.

171                 <Text style={styles.pointCommune}>{delivery.pickup_commune}</Text>
                                                                ~~~~~~~~~~~~~~

screens/courier/DeliveryDetailsScreen.tsx:190:61 - error TS2339: Property 'delivery_commune' does not exist on type 'Delivery'.

190                 <Text style={styles.pointCommune}>{delivery.delivery_commune}</Text>
                                                                ~~~~~~~~~~~~~~~~

screens/courier/DeliveryDetailsScreen.tsx:204:56 - error TS2339: Property 'estimated_distance' does not exist on type 'Delivery'.

204               <Text style={styles.statText}>~{delivery.estimated_distance || 0} km</Text>
                                                           ~~~~~~~~~~~~~~~~~~

screens/courier/DeliveryDetailsScreen.tsx:218:15 - error TS2322: Type '{ initialRegion: { latitude: number; longitude: number; latitudeDelta: number; longitudeDelta: number; }; deliveries: Delivery[]; }' is not assignable to type 'IntrinsicAttributes & VTCStyleMapProps'.
  Property 'initialRegion' does not exist on type 'IntrinsicAttributes & VTCStyleMapProps'.

218               initialRegion={{
                  ~~~~~~~~~~~~~

screens/courier/DeliveryHistoryScreen.tsx:21:48 - error TS2307: Cannot find module '@react-navigation/native-stack' or its corresponding type declarations.

21 import type { NativeStackNavigationProp } from "@react-navigation/native-stack"
                                                  ~~~~~~~~~~~~~~~~~~~~~~~~~~~~~~~~

screens/courier/DeliveryHistoryScreen.tsx:29:27 - error TS2307: Cannot find module 'react-native-chart-kit' or its corresponding type declarations.

29 import { LineChart } from "react-native-chart-kit"
                             ~~~~~~~~~~~~~~~~~~~~~~~~

screens/courier/DeliveryHistoryScreen.tsx:208:56 - error TS2339: Property 'pickup_commune' does not exist on type 'Delivery'.

208                 <Text style={styles.communeText}>{item.pickup_commune}</Text>
                                                           ~~~~~~~~~~~~~~

screens/courier/DeliveryHistoryScreen.tsx:219:56 - error TS2339: Property 'delivery_commune' does not exist on type 'Delivery'.

219                 <Text style={styles.communeText}>{item.delivery_commune}</Text>
                                                           ~~~~~~~~~~~~~~~~

screens/courier/DeliveryHistoryScreen.tsx:234:17 - error TS2339: Property 'rating' does not exist on type 'Delivery'.

234           {item.rating && (
                    ~~~~~~

screens/courier/DeliveryHistoryScreen.tsx:239:51 - error TS2339: Property 'rating' does not exist on type 'Delivery'.

239                   const ratingValue = typeof item.rating === 'number' ? item.rating : item.rating?.rating ?? 0;
                                                      ~~~~~~

screens/courier/DeliveryHistoryScreen.tsx:239:78 - error TS2339: Property 'rating' does not exist on type 'Delivery'.

239                   const ratingValue = typeof item.rating === 'number' ? item.rating : item.rating?.rating ?? 0;
                                                                                 ~~~~~~

screens/courier/DeliveryHistoryScreen.tsx:239:92 - error TS2339: Property 'rating' does not exist on type 'Delivery'.

239                   const ratingValue = typeof item.rating === 'number' ? item.rating : item.rating?.rating ?? 0;
                                                                                               ~~~~~~

screens/courier/DeliveryHistoryScreen.tsx:251:33 - error TS2339: Property 'rating' does not exist on type 'Delivery'.

251                   ({typeof item.rating === 'number' ? item.rating.toFixed(1) : item.rating?.rating?.toFixed(1) ?? 'N/A'})
                                    ~~~~~~

screens/courier/DeliveryHistoryScreen.tsx:251:60 - error TS2339: Property 'rating' does not exist on type 'Delivery'.

251                   ({typeof item.rating === 'number' ? item.rating.toFixed(1) : item.rating?.rating?.toFixed(1) ?? 'N/A'})
                                                               ~~~~~~

screens/courier/DeliveryHistoryScreen.tsx:251:85 - error TS2339: Property 'rating' does not exist on type 'Delivery'.

251                   ({typeof item.rating === 'number' ? item.rating.toFixed(1) : item.rating?.rating?.toFixed(1) ?? 'N/A'})
                                                                                        ~~~~~~

screens/courier/DeliveryHistoryScreen.tsx:430:11 - error TS2322: Type 'DefaultTFuncReturn' is not assignable to type 'string | undefined'.
  Type 'null' is not assignable to type 'string | undefined'.

430           placeholder={t("deliveryHistory.search")}
              ~~~~~~~~~~~

  node_modules/react-native/Libraries/Components/TextInput/TextInput.d.ts:724:3
    724   placeholder?: string | undefined;
          ~~~~~~~~~~~
    The expected type comes from property 'placeholder' which is declared here on type 'IntrinsicAttributes & Omit<Props, "ref"> & RefAttributes<TextInputHandles>'

screens/courier/DeliveryHistoryScreen.tsx:562:15 - error TS2322: Type 'DefaultTFuncReturn | undefined' is not assignable to type 'string | undefined'.
  Type 'null' is not assignable to type 'string | undefined'.

562               buttonText={searchQuery || currentFilter !== "all" ? t("deliveryHistory.clearFilters") : undefined}
                  ~~~~~~~~~~

  components/EmptyState.tsx:11:3
    11   buttonText?: string
         ~~~~~~~~~~
    The expected type comes from property 'buttonText' which is declared here on type 'IntrinsicAttributes & EmptyStateProps'

screens/courier/ExpressDeliveriesScreen.tsx:7:48 - error TS2307: Cannot find module '@react-navigation/native-stack' or its corresponding type declarations.

7 import type { NativeStackNavigationProp } from "@react-navigation/native-stack"
                                                 ~~~~~~~~~~~~~~~~~~~~~~~~~~~~~~~~

screens/courier/ExpressDeliveriesScreen.tsx:53:33 - error TS2345: Argument of type 'DefaultTFuncReturn' is not assignable to parameter of type 'string | undefined'.
  Type 'null' is not assignable to type 'string | undefined'.

53       Alert.alert(t("success"), t("delivery.acceptedSuccessfully"))
                                   ~~~~~~~~~~~~~~~~~~~~~~~~~~~~~~~~~~

screens/courier/ExpressDeliveriesScreen.tsx:56:31 - error TS2345: Argument of type 'DefaultTFuncReturn' is not assignable to parameter of type 'string | undefined'.
  Type 'null' is not assignable to type 'string | undefined'.

56       Alert.alert(t("error"), t("delivery.acceptError"))
                                 ~~~~~~~~~~~~~~~~~~~~~~~~~

screens/courier/ExpressDeliveriesScreen.tsx:62:33 - error TS2345: Argument of type 'DefaultTFuncReturn' is not assignable to parameter of type 'string | undefined'.
  Type 'null' is not assignable to type 'string | undefined'.

62       Alert.alert(t("success"), t("delivery.startedSuccessfully"))
                                   ~~~~~~~~~~~~~~~~~~~~~~~~~~~~~~~~~

screens/courier/ExpressDeliveriesScreen.tsx:65:31 - error TS2345: Argument of type 'DefaultTFuncReturn' is not assignable to parameter of type 'string | undefined'.
  Type 'null' is not assignable to type 'string | undefined'.

65       Alert.alert(t("error"), t("delivery.startError"))
                                 ~~~~~~~~~~~~~~~~~~~~~~~~

screens/courier/ExpressDeliveriesScreen.tsx:82:54 - error TS2339: Property 'estimated_distance' does not exist on type 'Delivery'.

82     const distanceScore = Math.max(0, 10 - (delivery.estimated_distance || 0))
                                                        ~~~~~~~~~~~~~~~~~~

screens/courier/ExpressDeliveriesScreen.tsx:156:19 - error TS2339: Property 'estimated_distance' does not exist on type 'Delivery'.

156             {item.estimated_distance && (
                      ~~~~~~~~~~~~~~~~~~

screens/courier/ExpressDeliveriesScreen.tsx:160:40 - error TS2339: Property 'estimated_distance' does not exist on type 'Delivery'.

160                   {formatDistance(item.estimated_distance)}
                                           ~~~~~~~~~~~~~~~~~~

screens/courier/ExpressDeliveriesScreen.tsx:171:17 - error TS2339: Property 'description' does not exist on type 'Delivery'.

171           {item.description && (
                    ~~~~~~~~~~~

screens/courier/ExpressDeliveriesScreen.tsx:177:23 - error TS2339: Property 'description' does not exist on type 'Delivery'.

177                 {item.description}
                          ~~~~~~~~~~~

screens/courier/ExpressDeliveriesScreen.tsx:283:11 - error TS2322: Type 'DefaultTFuncReturn' is not assignable to type 'string | undefined'.
  Type 'null' is not assignable to type 'string | undefined'.

283           buttonText={t("express.refresh")}
              ~~~~~~~~~~

  components/EmptyState.tsx:11:3
    11   buttonText?: string
         ~~~~~~~~~~
    The expected type comes from property 'buttonText' which is declared here on type 'IntrinsicAttributes & EmptyStateProps'

screens/courier/ExpressDeliveriesScreen.tsx:310:13 - error TS2345: Argument of type 'DefaultTFuncReturn' is not assignable to parameter of type 'string | undefined'.
  Type 'null' is not assignable to type 'string | undefined'.

310             t("express.emergencyModeDescription"),
                ~~~~~~~~~~~~~~~~~~~~~~~~~~~~~~~~~~~~~

screens/courier/GamificationScreen.tsx:6:29 - error TS2307: Cannot find module 'react-native-animatable' or its corresponding type declarations.

6 import * as Animatable from "react-native-animatable"
                              ~~~~~~~~~~~~~~~~~~~~~~~~~

screens/courier/GamificationScreen.tsx:42:9 - error TS2353: Object literal may only specify known properties, and 'deliveriesCompleted' does not exist in type 'CourierStats | ((prevState: CourierStats | null) => CourierStats | null)'.

42         deliveriesCompleted: statsData.total_deliveries || 0,
           ~~~~~~~~~~~~~~~~~~~

screens/courier/GamificationScreen.tsx:105:40 - error TS2345: Argument of type 'number | undefined' is not assignable to parameter of type 'number'.
  Type 'undefined' is not assignable to type 'number'.

105   const currentLevel = getCurrentLevel(stats.total_points)
                                           ~~~~~~~~~~~~~~~~~~

screens/courier/GamificationScreen.tsx:106:43 - error TS2345: Argument of type 'number | undefined' is not assignable to parameter of type 'number'.
  Type 'undefined' is not assignable to type 'number'.

106   const progress = getProgressToNextLevel(stats.total_points)
                                              ~~~~~~~~~~~~~~~~~~

screens/courier/GamificationScreen.tsx:150:63 - error TS18048: 'stats.total_points' is possibly 'undefined'.

150                     ? ` ${levelThresholds[currentLevel + 1] - stats.total_points} points restants`
                                                                  ~~~~~~~~~~~~~~~~~~

screens/courier/GamificationScreen.tsx:282:40 - error TS18048: 'stats.daily_deliveries' is possibly 'undefined'.

282                     progress={Math.min(stats.daily_deliveries / 5, 1)}
                                           ~~~~~~~~~~~~~~~~~~~~~~

screens/courier/HomeScreen.tsx:15:10 - error TS2614: Module '"../../services/DeliveryService"' has no exported member 'DeliveryService'. Did you mean to use 'import DeliveryService from "../../services/DeliveryService"' instead?

15 import { DeliveryService } from '../../services/DeliveryService'
            ~~~~~~~~~~~~~~~

screens/courier/HomeScreen.tsx:194:42 - error TS2345: Argument of type '[string, { deliveryId: number; }]' is not assignable to parameter of type 'never'.

194       onPress={() => navigation.navigate('CourierTrackDelivery', { deliveryId: item.id })}
                                             ~~~~~~~~~~~~~~~~~~~~~~~~~~~~~~~~~~~~~~~~~~~~~~~

screens/courier/HomeScreen.tsx:224:46 - error TS2345: Argument of type '[string, { deliveryId: number; }]' is not assignable to parameter of type 'never'.

224           onPress={() => navigation.navigate('CourierTrackDelivery', { deliveryId: item.id })}
                                                 ~~~~~~~~~~~~~~~~~~~~~~~~~~~~~~~~~~~~~~~~~~~~~~~

screens/courier/HomeScreen.tsx:280:46 - error TS2345: Argument of type '[string, { delivery: AvailableDelivery; }]' is not assignable to parameter of type 'never'.

280           onPress={() => navigation.navigate('BidScreen', { delivery: item })}
                                                 ~~~~~~~~~~~~~~~~~~~~~~~~~~~~~~~

screens/courier/JoinCollaborativeDeliveryScreen.tsx:16:20 - error TS2307: Cannot find module '@react-native-community/slider' or its corresponding type declarations.

16 import Slider from "@react-native-community/slider"
                      ~~~~~~~~~~~~~~~~~~~~~~~~~~~~~~~~

screens/courier/VehicleManagementScreen.tsx:12:48 - error TS2307: Cannot find module '@react-navigation/native-stack' or its corresponding type declarations.

12 import type { NativeStackNavigationProp } from "@react-navigation/native-stack"
                                                  ~~~~~~~~~~~~~~~~~~~~~~~~~~~~~~~~

screens/courier/VehicleManagementScreen.tsx:22:39 - error TS2339: Property 'getUserVehicles' does not exist on type 'UseVehicleReturn'.

22   const { vehicles, isLoading, error, getUserVehicles, deleteVehicle, setActiveVehicle } = useVehicle()
                                         ~~~~~~~~~~~~~~~

screens/courier/VehicleManagementScreen.tsx:22:71 - error TS2339: Property 'setActiveVehicle' does not exist on type 'UseVehicleReturn'.

22   const { vehicles, isLoading, error, getUserVehicles, deleteVehicle, setActiveVehicle } = useVehicle()
                                                                         ~~~~~~~~~~~~~~~~

screens/courier/VehicleManagementScreen.tsx:48:33 - error TS2345: Argument of type 'string' is not assignable to parameter of type 'number'.

48             await deleteVehicle(vehicleId)
                                   ~~~~~~~~~

screens/courier/VehicleManagementScreen.tsx:107:14 - error TS2339: Property 'insurance_expiry' does not exist on type 'Vehicle'.

107       if (!v.insurance_expiry) return false
                 ~~~~~~~~~~~~~~~~

screens/courier/VehicleManagementScreen.tsx:108:42 - error TS2339: Property 'insurance_expiry' does not exist on type 'Vehicle'.

108       const days = Math.ceil((new Date(v.insurance_expiry).getTime() - new Date().getTime()) / (1000 * 60 * 60 * 24))
                                             ~~~~~~~~~~~~~~~~

screens/courier/VehicleManagementScreen.tsx:136:34 - error TS2339: Property 'insurance_expiry' does not exist on type 'Vehicle'.

136     const insuranceStatus = item.insurance_expiry ? getInsuranceStatus(item.insurance_expiry) : null
                                     ~~~~~~~~~~~~~~~~

screens/courier/VehicleManagementScreen.tsx:136:77 - error TS2339: Property 'insurance_expiry' does not exist on type 'Vehicle'.

136     const insuranceStatus = item.insurance_expiry ? getInsuranceStatus(item.insurance_expiry) : null
                                                                                ~~~~~~~~~~~~~~~~

screens/courier/VehicleManagementScreen.tsx:161:50 - error TS2345: Argument of type 'number' is not assignable to parameter of type 'string'.

161                   onPress={() => handleSetActive(item.id)}
                                                     ~~~~~~~

screens/courier/VehicleManagementScreen.tsx:176:52 - error TS2345: Argument of type 'number' is not assignable to parameter of type 'string'.

176                 onPress={() => handleDeleteVehicle(item.id)}
                                                       ~~~~~~~

screens/courier/VehicleManagementScreen.tsx:177:27 - error TS2367: This comparison appears to be unintentional because the types 'string | null' and 'number' have no overlap.

177                 disabled={deletingId === item.id}
                              ~~~~~~~~~~~~~~~~~~~~~~

screens/courier/VehicleManagementScreen.tsx:179:18 - error TS2367: This comparison appears to be unintentional because the types 'string | null' and 'number' have no overlap.

179                 {deletingId === item.id ? (
                     ~~~~~~~~~~~~~~~~~~~~~~

screens/courier/VehicleManagementScreen.tsx:197:17 - error TS2339: Property 'technical_inspection_expiry' does not exist on type 'Vehicle'.

197           {item.technical_inspection_expiry && (
                    ~~~~~~~~~~~~~~~~~~~~~~~~~~~

screens/courier/VehicleManagementScreen.tsx:201:52 - error TS2339: Property 'technical_inspection_expiry' does not exist on type 'Vehicle'.

201                 Visite technique: {formatDate(item.technical_inspection_expiry)}
                                                       ~~~~~~~~~~~~~~~~~~~~~~~~~~~

screens/courier/VehicleManagementScreen.tsx:268:13 - error TS2769: No overload matches this call.
  Overload 1 of 2, '(props: FlatListProps<Vehicle> | Readonly<FlatListProps<Vehicle>>): FlatList<Vehicle>', gave the following error.
    Type '(item: Vehicle) => number' is not assignable to type '(item: Vehicle, index: number) => string'.
      Type 'number' is not assignable to type 'string'.
  Overload 2 of 2, '(props: FlatListProps<Vehicle>, context: any): FlatList<Vehicle>', gave the following error.
    Type '(item: Vehicle) => number' is not assignable to type '(item: Vehicle, index: number) => string'.
      Type 'number' is not assignable to type 'string'.

268             keyExtractor={(item) => item.id}
                ~~~~~~~~~~~~

  node_modules/react-native/Libraries/Lists/FlatList.d.ts:94:3
    94   keyExtractor?: ((item: ItemT, index: number) => string) | undefined;
         ~~~~~~~~~~~~
    The expected type comes from property 'keyExtractor' which is declared here on type 'IntrinsicAttributes & IntrinsicClassAttributes<FlatList<Vehicle>> & Readonly<FlatListProps<Vehicle>>'
  node_modules/react-native/Libraries/Lists/FlatList.d.ts:94:3
    94   keyExtractor?: ((item: ItemT, index: number) => string) | undefined;
         ~~~~~~~~~~~~
    The expected type comes from property 'keyExtractor' which is declared here on type 'IntrinsicAttributes & IntrinsicClassAttributes<FlatList<Vehicle>> & Readonly<FlatListProps<Vehicle>>'

screens/profile/ProfileScreen.tsx:13:48 - error TS2307: Cannot find module '@react-navigation/native-stack' or its corresponding type declarations.

13 import type { NativeStackNavigationProp } from "@react-navigation/native-stack"
                                                  ~~~~~~~~~~~~~~~~~~~~~~~~~~~~~~~~

screens/profile/ProfileScreen.tsx:47:9 - error TS2353: Object literal may only specify known properties, and 'commune' does not exist in type 'UserProfile'.

47         commune: profileData.commune,
           ~~~~~~~

screens/profile/ProfileScreen.tsx:69:11 - error TS2353: Object literal may only specify known properties, and 'commune' does not exist in type 'UserProfile'.

69           commune: user.commune,
             ~~~~~~~

screens/profile/ProfileScreen.tsx:97:46 - error TS2345: Argument of type 'DefaultTFuncReturn' is not assignable to parameter of type 'string | undefined'.
  Type 'null' is not assignable to type 'string | undefined'.

97       Alert.alert(t("profile.offlineTitle"), t("profile.offlineImageUpload"))
                                                ~~~~~~~~~~~~~~~~~~~~~~~~~~~~~~~

screens/profile/ProfileScreen.tsx:105:52 - error TS2345: Argument of type 'DefaultTFuncReturn' is not assignable to parameter of type 'string | undefined'.
  Type 'null' is not assignable to type 'string | undefined'.

105         Alert.alert(t("profile.permissionDenied"), t("profile.cameraRollPermission"))
                                                       ~~~~~~~~~~~~~~~~~~~~~~~~~~~~~~~~~

screens/profile/ProfileScreen.tsx:122:39 - error TS2345: Argument of type 'DefaultTFuncReturn' is not assignable to parameter of type 'string | undefined'.
  Type 'null' is not assignable to type 'string | undefined'.

122       Alert.alert(t("profile.error"), t("profile.errorPickingImage"))
                                          ~~~~~~~~~~~~~~~~~~~~~~~~~~~~~~

screens/profile/ProfileScreen.tsx:155:26 - error TS2345: Argument of type '{ type: "profile_image"; data: { uri: string; }; }' is not assignable to parameter of type 'Omit<PendingOperation, "id" | "timestamp">'.
  Property 'retries' is missing in type '{ type: "profile_image"; data: { uri: string; }; }' but required in type 'Omit<PendingOperation, "id" | "timestamp">'.

155         addPendingUpload({
                             ~
156           type: "profile_image",
    ~~~~~~~~~~~~~~~~~~~~~~~~~~~~~~~~
157           data: { uri },
    ~~~~~~~~~~~~~~~~~~~~~~~~
158         })
    ~~~~~~~~~

  types/models.ts:138:3
    138   retries: number
          ~~~~~~~
    'retries' is declared here.

screens/profile/ProfileScreen.tsx:160:53 - error TS2345: Argument of type 'DefaultTFuncReturn' is not assignable to parameter of type 'string | undefined'.
  Type 'null' is not assignable to type 'string | undefined'.

160         Alert.alert(t("profile.offlineImageSaved"), t("profile.offlineImageSavedMessage"))
                                                        ~~~~~~~~~~~~~~~~~~~~~~~~~~~~~~~~~~~~~

screens/profile/ProfileScreen.tsx:164:39 - error TS2345: Argument of type 'DefaultTFuncReturn' is not assignable to parameter of type 'string | undefined'.
  Type 'null' is not assignable to type 'string | undefined'.

164       Alert.alert(t("profile.error"), t("profile.errorUploadingImage"))
                                          ~~~~~~~~~~~~~~~~~~~~~~~~~~~~~~~~

screens/profile/ProfileScreen.tsx:189:53 - error TS2345: Argument of type 'Partial<UserProfile>' is not assignable to parameter of type 'Partial<User>'.
  Types of property 'role' are incompatible.
    Type 'string | undefined' is not assignable to type 'UserRole | undefined'.
      Type 'string' is not assignable to type 'UserRole | undefined'.

189         const updatedUser = await updateUserProfile(editedProfile)
                                                        ~~~~~~~~~~~~~

screens/profile/ProfileScreen.tsx:199:11 - error TS2353: Object literal may only specify known properties, and 'commune' does not exist in type 'UserProfile'.

199           commune: updatedUser.commune,
              ~~~~~~~

screens/profile/ProfileScreen.tsx:212:26 - error TS2345: Argument of type '{ type: "profile_update"; data: Partial<UserProfile>; }' is not assignable to parameter of type 'Omit<PendingOperation, "id" | "timestamp">'.
  Property 'retries' is missing in type '{ type: "profile_update"; data: Partial<UserProfile>; }' but required in type 'Omit<PendingOperation, "id" | "timestamp">'.

212         addPendingUpload({
                             ~
213           type: "profile_update",
    ~~~~~~~~~~~~~~~~~~~~~~~~~~~~~~~~~
214           data: editedProfile,
    ~~~~~~~~~~~~~~~~~~~~~~~~~~~~~~
215         })
    ~~~~~~~~~

  types/models.ts:138:3
    138   retries: number
          ~~~~~~~
    'retries' is declared here.

screens/profile/ProfileScreen.tsx:219:24 - error TS2345: Argument of type 'Partial<UserProfile>' is not assignable to parameter of type 'Partial<User>'.
  Types of property 'role' are incompatible.
    Type 'string | undefined' is not assignable to type 'UserRole | undefined'.
      Type 'string' is not assignable to type 'UserRole | undefined'.

219         updateUserData(editedProfile)
                           ~~~~~~~~~~~~~

screens/profile/ProfileScreen.tsx:221:54 - error TS2345: Argument of type 'DefaultTFuncReturn' is not assignable to parameter of type 'string | undefined'.
  Type 'null' is not assignable to type 'string | undefined'.

221         Alert.alert(t("profile.offlineUpdateSaved"), t("profile.offlineUpdateSavedMessage"))
                                                         ~~~~~~~~~~~~~~~~~~~~~~~~~~~~~~~~~~~~~~

screens/profile/ProfileScreen.tsx:227:39 - error TS2345: Argument of type 'DefaultTFuncReturn' is not assignable to parameter of type 'string | undefined'.
  Type 'null' is not assignable to type 'string | undefined'.

227       Alert.alert(t("profile.error"), t("profile.errorUpdatingProfile"))
                                          ~~~~~~~~~~~~~~~~~~~~~~~~~~~~~~~~~

screens/profile/ProfileScreen.tsx:339:40 - error TS2339: Property 'commune' does not exist on type 'Partial<UserProfile>'.

339                   value={editedProfile.commune || ""}
                                           ~~~~~~~

screens/profile/ProfileScreen.tsx:340:57 - error TS2345: Argument of type '"commune"' is not assignable to parameter of type 'keyof UserProfile'.

340                   onChangeText={(value) => handleChange("commune", value)}
                                                            ~~~~~~~~~

screens/profile/ProfileScreen.tsx:345:58 - error TS2339: Property 'commune' does not exist on type 'UserProfile'.

345                 <Text style={styles.infoValue}>{profile?.commune || t("profile.notProvided")}</Text>
                                                             ~~~~~~~

screens/profile/ProfileScreen.tsx:426:27 - error TS2339: Property 'created_at' does not exist on type 'UserProfile'.

426                 {profile?.created_at ? new Date(profile.created_at).toLocaleDateString() : "-"}
                              ~~~~~~~~~~

screens/profile/ProfileScreen.tsx:426:57 - error TS2339: Property 'created_at' does not exist on type 'UserProfile'.

426                 {profile?.created_at ? new Date(profile.created_at).toLocaleDateString() : "-"}
                                                            ~~~~~~~~~~

services/DeliveryService.ts:392:3 - error TS2484: Export declaration conflicts with exported declaration of 'DeliveryUpdateRequest'.

392   DeliveryUpdateRequest,
      ~~~~~~~~~~~~~~~~~~~~~

services/DeliveryService.ts:393:3 - error TS2484: Export declaration conflicts with exported declaration of 'DeliveryFilters'.

393   DeliveryFilters,
      ~~~~~~~~~~~~~~~

services/DeliveryService.ts:394:3 - error TS2484: Export declaration conflicts with exported declaration of 'ExpressDeliveryRequest'.

394   ExpressDeliveryRequest,
      ~~~~~~~~~~~~~~~~~~~~~~

services/DeliveryService.ts:395:3 - error TS2484: Export declaration conflicts with exported declaration of 'CollaborativeDeliveryRequest'.

395   CollaborativeDeliveryRequest,
      ~~~~~~~~~~~~~~~~~~~~~~~~~~~~

services/LocationService.ts:243:3 - error TS2393: Duplicate function implementation.

243   calculateDistance(
      ~~~~~~~~~~~~~~~~~

services/LocationService.ts:552:11 - error TS2393: Duplicate function implementation.

552   private calculateDistance(from: LocationCoords, to: LocationCoords): number {
              ~~~~~~~~~~~~~~~~~

services/PromotionService.ts:46:26 - error TS2339: Property 'zone_id' does not exist on type '{ order_value: number; }'.

46       if (zoneId) params.zone_id = zoneId
                            ~~~~~~~

services/VehicleService.ts:12:3 - error TS2724: '"../types/models"' has no exported member named 'CourierVehicleCreateRequest'. Did you mean 'VehicleCreateRequest'?

12   CourierVehicleCreateRequest,
     ~~~~~~~~~~~~~~~~~~~~~~~~~~~

services/VehicleService.ts:16:3 - error TS2305: Module '"../types/models"' has no exported member 'VehicleUsage'.

16   VehicleUsage,
     ~~~~~~~~~~~~

types/navigation.ts:2:48 - error TS2307: Cannot find module '@react-navigation/native-stack' or its corresponding type declarations.

2 import type { NativeStackNavigationProp } from "@react-navigation/native-stack"
                                                 ~~~~~~~~~~~~~~~~~~~~~~~~~~~~~~~~

utils/permissions.ts:1:30 - error TS2307: Cannot find module 'expo-permissions' or its corresponding type declarations.

1 import * as Permissions from "expo-permissions"
                               ~~~~~~~~~~~~~~~~~~


Found 604 errors in 86 files.

Errors  Files
     9  App.tsx:8
     3  __tests__/components/StarRating.test.tsx:7
     5  __tests__/components/VoiceAssistant.test.tsx:9
     8  __tests__/contexts/NetworkContext.test.tsx:1
     2  components/AddressAutocomplete.tsx:342
     1  components/FeatherIcon.tsx:305
     1  components/StarRating.tsx:36
     1  components/VTCStyleMap.tsx:442
     7  components/VoiceAssistant.tsx:8
     5  components/VoiceRecorder.tsx:9
     1  components/WeatherAlertModal.tsx:77
     4  components/WeatherInfo.tsx:64
     2  contexts/NetworkContext.tsx:41
     4  contexts/NotificationContext.tsx:6
    34  hooks/useDelivery.ts:15
     9  hooks/useUser.ts:334
     1  hooks/useVehicle.ts:18
     1  i18n/index.ts:3
     2  navigation/AppNavigator.tsx:2
     2  screens/MultiLanguageSettingsScreen.tsx:79
    13  screens/NotificationSettingsScreen.tsx:16
     3  screens/NotificationsScreen.tsx:11
    11  screens/OfflineManagerScreen.tsx:9
     2  screens/OnboardingScreen.tsx:17
    29  screens/SecuritySettingsScreen.tsx:9
     1  screens/SettingsScreen.tsx:28
    15  screens/SupportScreen.tsx:31
     1  screens/VoiceAssistantScreen.tsx:13
     5  screens/auth/ClassicLoginScreen.tsx:7
     6  screens/auth/ForgotPasswordScreen.tsx:16
     2  screens/auth/LoginScreen.tsx:7
    12  screens/auth/OTPLoginScreen.tsx:7
    33  screens/auth/RegisterScreen.tsx:7
     6  screens/auth/VerifyOTPScreen.tsx:18
     7  screens/client/ActiveOrderTrackingScreen.tsx:23
     4  screens/client/AddFundsScreen.tsx:9
     2  screens/client/AnalyticsDashboardScreen.tsx:9
     1  screens/client/BidsScreen.tsx:16
     5  screens/client/ComplaintsScreen.tsx:8
    17  screens/client/CreateDeliveryScreen.tsx:46
    19  screens/client/DeliveryDetailsScreen.tsx:1
     3  screens/client/DeliveryHistoryScreen.tsx:18
    25  screens/client/EnhancedRateDeliveryScreen.tsx:18
    17  screens/client/EnhancedTrackDeliveryScreen.tsx:53
     7  screens/client/HomeScreen.tsx:35
    12  screens/client/KYCVerificationScreen.tsx:14
     9  screens/client/MarketplaceScreen.tsx:12
     7  screens/client/MerchantDetailsScreen.tsx:14
    16  screens/client/NotificationsScreen.tsx:24
    11  screens/client/OrdersScreen.tsx:23
     3  screens/client/PaymentScreen.tsx:17
     2  screens/client/PredictiveDeliveryScreen.tsx:153
    10  screens/client/RateDeliveryScreen.tsx:19
     1  screens/client/RecommendedDeliveriesScreen.tsx:9
     1  screens/client/SmartMatchingScreen.tsx:16
    10  screens/client/TrackDeliveryScreen.tsx:16
     3  screens/client/TransactionHistoryScreen.tsx:9
     4  screens/client/UserPreferencesScreen.fixed.tsx:11
     4  screens/client/UserPreferencesScreen.tsx:11
     3  screens/client/WalletScreen.tsx:10
    11  screens/courier/AddVehicleScreen.tsx:14
     2  screens/courier/AvailableDeliveriesScreen.tsx:17
     9  screens/courier/BidScreen.tsx:15
     1  screens/courier/CollaborativeDeliveriesScreen.tsx:14
     5  screens/courier/CourierDashboardScreen.tsx:9
     4  screens/courier/CourierDeliveryHistoryScreen.tsx:9
     2  screens/courier/CourierEarningsScreen.tsx:9
    10  screens/courier/CourierProfileScreen.tsx:66
     2  screens/courier/CourierStatsScreen.tsx:10
    12  screens/courier/CourierStatusScreen.tsx:15
    14  screens/courier/CourierTrackDeliveryScreen.tsx:25
     1  screens/courier/CourierWalletScreen.tsx:286
     5  screens/courier/DeliveryDetailsScreen.tsx:16
    13  screens/courier/DeliveryHistoryScreen.tsx:21
    12  screens/courier/ExpressDeliveriesScreen.tsx:7
     6  screens/courier/GamificationScreen.tsx:6
     4  screens/courier/HomeScreen.tsx:15
     1  screens/courier/JoinCollaborativeDeliveryScreen.tsx:16
    15  screens/courier/VehicleManagementScreen.tsx:12
    20  screens/profile/ProfileScreen.tsx:13
     4  services/DeliveryService.ts:392
     2  services/LocationService.ts:243
     1  services/PromotionService.ts:46
     2  services/VehicleService.ts:12
     1  types/navigation.ts:2
     1  utils/permissions.ts:1