hooks/useDelivery.ts:505:77 - error TS2345: Argument of type 'import("/home/runner/workspace/mobile/hooks/useDelivery").VehicleRecommendationData' is not assignable to parameter of type 'import("/home/runner/workspace/mobile/types/models").VehicleRecommendationData'.
  Property 'package_type' is missing in type 'import("/home/runner/workspace/mobile/hooks/useDelivery").VehicleRecommendationData' but required in type 'import("/home/runner/workspace/mobile/types/models").VehicleRecommendationData'.

505       const recommendation = await DeliveryService.getVehicleRecommendation(data)
                                                                                ~~~~

  types/models.ts:394:3
    394   package_type: string;
          ~~~~~~~~~~~~
    'package_type' is declared here.

screens/NotificationsScreen.tsx:29:5 - error TS2339: Property 'markAsRead' does not exist on type 'NotificationContextType'.

29     markAsRead,
       ~~~~~~~~~~

screens/NotificationsScreen.tsx:130:99 - error TS2339: Property 'type' does not exist on type 'NotificationData'.

130         <View style={[styles.notificationIcon, { backgroundColor: getNotificationColor(item.data?.type as string) }]}>
                                                                                                      ~~~~

screens/NotificationsScreen.tsx:131:61 - error TS2339: Property 'type' does not exist on type 'NotificationData'.

131           <FeatherIcon name={getNotificationIcon(item.data?.type)} size={20} color="#000000" style={styles.iconStyle} />
                                                                ~~~~

screens/client/MarketplaceScreen.tsx:20:3 - error TS2353: Object literal may only specify known properties, and 'description' does not exist in type 'Merchant'.

20   description: merchantInfo.description || '',
     ~~~~~~~~~~~

screens/client/MarketplaceScreen.tsx:93:79 - error TS2339: Property 'category' does not exist on type 'Merchant'.

93         (merchant) => merchant.name.toLowerCase().includes(query) || merchant.category.toLowerCase().includes(query),
                                                                                 ~~~~~~~~

screens/client/MarketplaceScreen.tsx:99:57 - error TS2339: Property 'category' does not exist on type 'Merchant'.

99       filtered = filtered.filter((merchant) => merchant.category === selectedCategory)
                                                           ~~~~~~~~

screens/client/MarketplaceScreen.tsx:147:29 - error TS2339: Property 'cover_image' does not exist on type 'Merchant'.

147         source={{ uri: item.cover_image || "https://via.placeholder.com/300x150?text=Boutique" }}
                                ~~~~~~~~~~~

screens/client/MerchantDetailsScreen.tsx:24:3 - error TS2353: Object literal may only specify known properties, and 'description' does not exist in type 'Merchant'.

24   description: merchantInfo.description || '',
     ~~~~~~~~~~~

screens/client/MerchantDetailsScreen.tsx:312:35 - error TS2339: Property 'image_url' does not exist on type 'Merchant'.

312           source={{ uri: merchant.image_url || "https://via.placeholder.com/500x200?text=Boutique" }}
                                      ~~~~~~~~~

screens/client/OrdersScreen.tsx:204:17 - error TS2322: Type 'Element' is not assignable to type '((string | number | boolean | Value | AnimatedInterpolation<string | number> | WithAnimatedObject<ReactElement<any, string | JSXElementConstructor<any>>> | WithAnimatedObject<...> | WithAnimatedObject<...> | null) & (string | number)) | undefined'.
  Type 'ReactElement<any, any>' is not assignable to type 'WithAnimatedObject<ReactPortal> & number'.
    Property 'children' is missing in type 'ReactElement<any, any>' but required in type 'WithAnimatedObject<ReactPortal>'.

204                 <Animated.Text style={{ color: 'white', fontSize: 12 }}>●</Animated.Text>
                    ~~~~~~~~~~~~~~~~~~~~~~~~~~~~~~~~~~~~~~~~~~~~~~~~~~~~~~~~~~~~~~~~~~~~~~~~~

  node_modules/@types/react/index.d.ts:192:9
    192         children: ReactNode;
                ~~~~~~~~
    'children' is declared here.
  node_modules/react-native/Libraries/Text/Text.d.ts:110:3
    110   children?: React.ReactNode;
          ~~~~~~~~
    The expected type comes from property 'children' which is declared here on type 'IntrinsicAttributes & AnimatedProps<TextProps & RefAttributes<Text>> & { visible?: boolean | undefined; ... 4 more ...; theme?: ThemeProp | undefined; }'

screens/client/TrackDeliveryScreen.tsx:29:5 - error TS2353: Object literal may only specify known properties, and 'instructions' does not exist in type 'MapRoute'.

29     instructions: []
       ~~~~~~~~~~~~

screens/client/TrackDeliveryScreen.tsx:105:66 - error TS2322: Type 'string | number' is not assignable to type 'string'.
  Type 'number' is not assignable to type 'string'.

105             onPress: () => navigation.navigate("RateDelivery", { deliveryId }),
                                                                     ~~~~~~~~~~

  types/navigation.ts:46:19
    46   RateDelivery: { deliveryId: string };
                         ~~~~~~~~~~
    The expected type comes from property 'deliveryId' which is declared here on type '{ deliveryId: string; }'

screens/client/TrackDeliveryScreen.tsx:154:53 - error TS2345: Argument of type 'number' is not assignable to parameter of type 'string'.

154       const deliveryData = await getDeliveryDetails(Number(deliveryId))
                                                        ~~~~~~~~~~~~~~~~~~

screens/client/TrackDeliveryScreen.tsx:356:11 - error TS2322: Type '{ style: { position: "absolute"; left: 0; right: 0; top: 0; bottom: 0; }; initialRegion: { latitude: number; longitude: number; latitudeDelta: number; longitudeDelta: number; }; deliveries: Delivery[]; route: MapRoute | undefined; showsTraffic: boolean; }' is not assignable to type 'IntrinsicAttributes & CustomMapViewProps'.
  Property 'showsTraffic' does not exist on type 'IntrinsicAttributes & CustomMapViewProps'.

356           showsTraffic={true}
              ~~~~~~~~~~~~

screens/courier/AddVehicleScreen.tsx:53:9 - error TS2353: Object literal may only specify known properties, and 'maxDistance' does not exist in type 'VehicleCreateRequest'.

53         maxDistance: formData.maxDistance ? parseFloat(formData.maxDistance) : undefined,
           ~~~~~~~~~~~

screens/courier/AddVehicleScreen.tsx:55:21 - error TS2367: This comparison appears to be unintentional because the types '"motorcycle"' and '"custom"' have no overlap.

55         customType: formData.type === 'custom' ? formData.customType : undefined,
                       ~~~~~~~~~~~~~~~~~~~~~~~~~~

screens/courier/AddVehicleScreen.tsx:102:12 - error TS2367: This comparison appears to be unintentional because the types '"motorcycle"' and '"custom"' have no overlap.

102           {formData.type === VehicleType.CUSTOM && (
               ~~~~~~~~~~~~~~~~~~~~~~~~~~~~~~~~~~~~

screens/courier/BidScreen.tsx:122:45 - error TS2345: Argument of type 'number' is not assignable to parameter of type 'string'.

122       const data = await getDeliveryDetails(Number(deliveryId))
                                                ~~~~~~~~~~~~~~~~~~

screens/courier/BidScreen.tsx:284:63 - error TS2345: Argument of type 'number | undefined' is not assignable to parameter of type 'number'.
  Type 'undefined' is not assignable to type 'number'.

284               <Text style={styles.deliveryPrice}>{formatPrice(delivery.final_price)} FCFA</Text>
                                                                  ~~~~~~~~~~~~~~~~~~~~

screens/courier/CollaborativeDeliveriesScreen.tsx:35:16 - error TS1345: An expression of type 'void' cannot be tested for truthiness.

35         data = result || []
                  ~~~~~~

screens/courier/CollaborativeDeliveriesScreen.tsx:38:16 - error TS1345: An expression of type 'void' cannot be tested for truthiness.

38         data = result || []
                  ~~~~~~

screens/courier/CollaborativeDeliveriesScreen.tsx:41:16 - error TS1345: An expression of type 'void' cannot be tested for truthiness.

41         data = result || []
                  ~~~~~~

screens/courier/CollaborativeDeliveriesScreen.tsx:44:16 - error TS1345: An expression of type 'void' cannot be tested for truthiness.

44         data = result || []
                  ~~~~~~

screens/courier/CourierProfileScreen.tsx:66:37 - error TS2551: Property 'averageRating' does not exist on type 'CourierStats'. Did you mean 'average_rating'?

66           <StarRating rating={stats.averageRating} size={20} />
                                       ~~~~~~~~~~~~~

  types/models.ts:339:3
    339   average_rating: number
          ~~~~~~~~~~~~~~
    'average_rating' is declared here.

screens/courier/CourierProfileScreen.tsx:67:50 - error TS2551: Property 'averageRating' does not exist on type 'CourierStats'. Did you mean 'average_rating'?

67           <Text style={styles.ratingText}>{stats.averageRating.toFixed(1)}</Text>
                                                    ~~~~~~~~~~~~~

  types/models.ts:339:3
    339   average_rating: number
          ~~~~~~~~~~~~~~
    'average_rating' is declared here.

screens/courier/CourierProfileScreen.tsx:116:14 - error TS18048: 'stats.badges' is possibly 'undefined'.

116             {stats.badges.map((badge: any) => (
                 ~~~~~~~~~~~~

screens/courier/CourierStatusScreen.tsx:54:30 - error TS2339: Property 'user_id' does not exist on type 'CourierProfile'.

54         user_id: profileData.user_id || user?.id || 0,
                                ~~~~~~~

screens/courier/CourierStatusScreen.tsx:58:52 - error TS2304: Cannot find name 'VehicleType'.

58         vehicle_type: (profileData.vehicle_type as VehicleType) || 'motorcycle',
                                                      ~~~~~~~~~~~

screens/courier/CourierStatusScreen.tsx:60:35 - error TS2339: Property 'is_available' does not exist on type 'CourierProfile'.

60         is_available: profileData.is_available ?? true,
                                     ~~~~~~~~~~~~

screens/courier/DeliveryDetailsScreen.tsx:41:58 - error TS2345: Argument of type 'number' is not assignable to parameter of type 'string'.

41       const data = await DeliveryService.getDeliveryById(deliveryId)
                                                            ~~~~~~~~~~

screens/courier/DeliveryDetailsScreen.tsx:217:15 - error TS2322: Type '{ showDriverLocation: boolean; showRoute: boolean; initialRegion: { latitude: number; longitude: number; latitudeDelta: number; longitudeDelta: number; }; }' is not assignable to type 'IntrinsicAttributes & VTCStyleMapProps'.
  Property 'showDriverLocation' does not exist on type 'IntrinsicAttributes & VTCStyleMapProps'. Did you mean 'showUserLocation'?

217               showDriverLocation={true}
                  ~~~~~~~~~~~~~~~~~~

screens/courier/ExpressDeliveriesScreen.tsx:34:13 - error TS2304: Cannot find name 'DeliveryService'.

34       await DeliveryService.acceptDelivery(id.toString())
               ~~~~~~~~~~~~~~~

screens/courier/ExpressDeliveriesScreen.tsx:42:13 - error TS2304: Cannot find name 'DeliveryService'.

42       await DeliveryService.startDelivery(id.toString())
               ~~~~~~~~~~~~~~~

screens/courier/GamificationScreen.tsx:43:9 - error TS2353: Object literal may only specify known properties, and 'totalEarnings' does not exist in type 'CourierStats | ((prevState: CourierStats | null) => CourierStats | null)'.

43         totalEarnings: 0,
           ~~~~~~~~~~~~~

screens/courier/GamificationScreen.tsx:55:22 - error TS2345: Argument of type 'Leaderboard[]' is not assignable to parameter of type 'SetStateAction<Leaderboard[]>'.
  Type 'import("/home/runner/workspace/mobile/services/GamificationService").Leaderboard[]' is not assignable to type 'import("/home/runner/workspace/mobile/types/models").Leaderboard[]'.
    Property 'deliveriescount' is missing in type 'import("/home/runner/workspace/mobile/services/GamificationService").Leaderboard' but required in type 'import("/home/runner/workspace/mobile/types/models").Leaderboard'.

55       setLeaderboard(leaderboardData)
                        ~~~~~~~~~~~~~~~

  types/models.ts:1344:3
    1344   deliveriescount: number
           ~~~~~~~~~~~~~~~
    'deliveriescount' is declared here.

screens/courier/GamificationScreen.tsx:176:57 - error TS2551: Property 'averageRating' does not exist on type 'CourierStats'. Did you mean 'average_rating'?

176                   <Text style={styles.statValue}>{stats.averageRating?.toFixed(1) || "N/A"}</Text>
                                                            ~~~~~~~~~~~~~

  types/models.ts:339:3
    339   average_rating: number
          ~~~~~~~~~~~~~~
    'average_rating' is declared here.

screens/courier/GamificationScreen.tsx:263:30 - error TS2551: Property 'deliveries_count' does not exist on type 'Leaderboard'. Did you mean 'deliveriescount'?

263                       {entry.deliveries_count} livraisons • {entry.points} pts
                                 ~~~~~~~~~~~~~~~~

  types/models.ts:1344:3
    1344   deliveriescount: number
           ~~~~~~~~~~~~~~~
    'deliveriescount' is declared here.

screens/courier/HomeScreen.tsx:23:10 - error TS2614: Module '"../../components/WeatherInfo"' has no exported member 'WeatherInfo'. Did you mean to use 'import WeatherInfo from "../../components/WeatherInfo"' instead?

23 import { WeatherInfo } from '../../components/WeatherInfo'
            ~~~~~~~~~~~

screens/courier/HomeScreen.tsx:97:11 - error TS2353: Object literal may only specify known properties, and 'completed_deliveries' does not exist in type 'SetStateAction<CourierStatsLocal>'.

97           completed_deliveries: statsResponse?.completed_deliveries || 0,
             ~~~~~~~~~~~~~~~~~~~~

screens/courier/HomeScreen.tsx:97:48 - error TS2339: Property 'completed_deliveries' does not exist on type 'CourierStats'.

97           completed_deliveries: statsResponse?.completed_deliveries || 0,
                                                  ~~~~~~~~~~~~~~~~~~~~

screens/courier/HomeScreen.tsx:98:42 - error TS2339: Property 'total_earnings' does not exist on type 'CourierStats'.

98           total_earnings: statsResponse?.total_earnings || 0,
                                            ~~~~~~~~~~~~~~

screens/courier/HomeScreen.tsx:101:42 - error TS2339: Property 'total_distance' does not exist on type 'CourierStats'.

101           total_distance: statsResponse?.total_distance || 0,
                                             ~~~~~~~~~~~~~~


Found 43 errors in 15 files.

Errors  Files
     1  hooks/useDelivery.ts:505
     3  screens/NotificationsScreen.tsx:29
     4  screens/client/MarketplaceScreen.tsx:20
     2  screens/client/MerchantDetailsScreen.tsx:24
     1  screens/client/OrdersScreen.tsx:204
     4  screens/client/TrackDeliveryScreen.tsx:29
     3  screens/courier/AddVehicleScreen.tsx:53
     2  screens/courier/BidScreen.tsx:122
     4  screens/courier/CollaborativeDeliveriesScreen.tsx:35
     3  screens/courier/CourierProfileScreen.tsx:66
     3  screens/courier/CourierStatusScreen.tsx:54
     2  screens/courier/DeliveryDetailsScreen.tsx:41
     2  screens/courier/ExpressDeliveriesScreen.tsx:34
     4  screens/courier/GamificationScreen.tsx:43
     5  screens/courier/HomeScreen.tsx:23